[2023-07-24 13:57:22, error] "[Router Error]: /favicon.ico"
[2023-07-24 13:57:34, info] "MySQL Query: SELECT key_string FROM encryption_key_info WHERE activate_yn = 'Y';"
[2023-07-24 13:57:34, info] "MySQL Query Params: "
[2023-07-24 13:57:34, info] "MySQL Query:     SELECT *    from user_hospital    where h_user_code=?;"
[2023-07-24 13:57:34, info] "MySQL Query Params: "
[2023-07-24 13:57:34, error] "[System Error]: Cannot read property 'h_user_name' of undefined"
[2023-07-24 13:57:34, error] "Cannot read property 'h_user_name' of undefined"
TypeError: Cannot read property 'h_user_name' of undefined
    at hospitalService.hospitalInfoLoad (C:\Users\LCG\Desktop\0706 반려견\반려견 0710\server\api\hospital\hospital.service.js:25:87)
    at processTicksAndRejections (internal/process/task_queues.js:93:5)
    at async hospitalInfoLoad (C:\Users\LCG\Desktop\0706 반려견\반려견 0710\server\api\hospital\hospital.controller.js:19:32)
[2023-07-24 13:57:34, info] "MySQL Query: SELECT key_string FROM encryption_key_info WHERE activate_yn = 'Y';"
[2023-07-24 13:57:34, info] "MySQL Query Params: "
[2023-07-24 13:57:34, info] "MySQL Query:     SELECT *    from hp_staff_info    where h_user_code=?;"
[2023-07-24 13:57:34, info] "MySQL Query Params: "
[2023-07-24 13:57:34, error] "[Router Error]: /favicon.ico"
[2023-07-24 13:58:59, error] "[Router Error]: /favicon.ico"
[2023-07-24 13:59:02, error] "[Router Error]: /favicon.ico"
[2023-07-24 13:59:02, error] "[Router Error]: /favicon.ico"
[2023-07-24 13:59:02, error] "[Router Error]: /favicon.ico"
[2023-07-24 13:59:03, error] "[Router Error]: /favicon.ico"
[2023-07-24 13:59:03, error] "[Router Error]: /favicon.ico"
[2023-07-24 13:59:14, error] "[Router Error]: /favicon.ico"
[2023-07-24 13:59:18, error] "[Router Error]: /favicon.ico"
[2023-07-24 13:59:19, error] "[Router Error]: /favicon.ico"
[2023-07-24 13:59:27, error] "[Router Error]: /favicon.ico"
[2023-07-24 14:00:20, info] "MySQL Query: UPDATE user_protector SET p_app_token=? WHERE p_user_code=?;"
[2023-07-24 14:00:20, info] "MySQL Query Params: ,p_2"
[2023-07-24 14:00:21, info] "MySQL Query: SELECT p_user_refresh_token FROM user_protector WHERE p_user_code = ? and p_user_access_token = ?;"
[2023-07-24 14:00:21, info] "MySQL Query Params: p_2,eyJhbGciOiJIUzI1NiIsInR5cCI6IkpXVCJ9.eyJhY2NvdW50SWQiOiJ0ZXN0MTExMTEiLCJpYXQiOjE2ODkyOTMxMTYsImV4cCI6MTY5NzA2OTExNn0.D9vbTjgt3yAFvSxj_Ne6vokSgWxG-v-3brQV0_SrrXE"
[2023-07-24 14:00:21, info] "MySQL Query: SELECT p_user_refresh_token FROM user_protector WHERE p_user_code = ? and p_user_access_token = ?;"
[2023-07-24 14:00:21, info] "MySQL Query Params: p_2,eyJhbGciOiJIUzI1NiIsInR5cCI6IkpXVCJ9.eyJhY2NvdW50SWQiOiJ0ZXN0MTExMTEiLCJpYXQiOjE2ODkyOTMxMTYsImV4cCI6MTY5NzA2OTExNn0.D9vbTjgt3yAFvSxj_Ne6vokSgWxG-v-3brQV0_SrrXE"
[2023-07-24 14:00:21, info] "MySQL Query:     select *    from pet_info    where pet_first_yn = 'Y' and p_user_code = ?;"
[2023-07-24 14:00:21, info] "MySQL Query Params: p_2"
[2023-07-24 14:00:21, info] "MySQL Query:     select pet_id    from pet_info    where pet_first_yn = 'Y' and p_user_code = ?;"
[2023-07-24 14:00:21, info] "MySQL Query Params: p_2"
[2023-07-24 14:00:21, info] "MySQL Query:     select hr_avg, predict_glucose, created_time    from predict_data    where pet_id =?;"
[2023-07-24 14:00:21, info] "MySQL Query Params: 21"
[2023-07-24 14:00:25, error] "[Router Error]: /favicon.ico"
[2023-07-24 14:00:26, error] "[Router Error]: /favicon.ico"
[2023-07-24 14:01:10, error] "[Router Error]: /favicon.ico"
[2023-07-24 14:01:12, error] "[Router Error]: /favicon.ico"
[2023-07-24 14:01:16, error] "[Router Error]: /favicon.ico"
[2023-07-24 14:01:16, error] "[Router Error]: /favicon.ico"
[2023-07-24 14:01:17, error] "[Router Error]: /favicon.ico"
[2023-07-24 14:01:21, error] "[Router Error]: /favicon.ico"
[2023-07-24 14:01:44, error] "[Router Error]: /favicon.ico"
[2023-07-24 14:01:47, error] "[Router Error]: /favicon.ico"
[2023-07-24 14:01:55, error] "[Router Error]: /favicon.ico"
[2023-07-24 14:01:56, error] "[Router Error]: /favicon.ico"
[2023-07-24 14:01:57, error] "[Router Error]: /favicon.ico"
[2023-07-24 14:02:03, error] "[Router Error]: /favicon.ico"
[2023-07-24 14:02:34, error] "[Router Error]: /favicon.ico"
[2023-07-24 14:02:35, error] "[Router Error]: /favicon.ico"
[2023-07-24 14:03:11, error] "[Router Error]: /favicon.ico"
[2023-07-24 14:03:12, error] "[Router Error]: /favicon.ico"
[2023-07-24 14:03:53, error] "[Router Error]: /favicon.ico"
[2023-07-24 14:03:54, error] "[Router Error]: /favicon.ico"
[2023-07-24 14:03:55, error] "[Router Error]: /favicon.ico"
[2023-07-24 14:03:57, error] "[Router Error]: /favicon.ico"
[2023-07-24 14:04:25, info] "MySQL Query: SELECT key_string FROM encryption_key_info WHERE activate_yn = 'Y';"
[2023-07-24 14:04:25, info] "MySQL Query Params: "
[2023-07-24 14:04:25, info] "MySQL Query:     SELECT *    from user_hospital    where h_user_code=?;"
[2023-07-24 14:04:25, info] "MySQL Query Params: "
[2023-07-24 14:04:25, error] "[System Error]: Cannot read property 'h_user_name' of undefined"
[2023-07-24 14:04:25, error] "Cannot read property 'h_user_name' of undefined"
TypeError: Cannot read property 'h_user_name' of undefined
    at hospitalService.hospitalInfoLoad (C:\Users\LCG\Desktop\0706 반려견\반려견 0710\server\api\hospital\hospital.service.js:25:87)
    at processTicksAndRejections (internal/process/task_queues.js:93:5)
    at async hospitalInfoLoad (C:\Users\LCG\Desktop\0706 반려견\반려견 0710\server\api\hospital\hospital.controller.js:19:32)
[2023-07-24 14:04:25, info] "MySQL Query: SELECT key_string FROM encryption_key_info WHERE activate_yn = 'Y';"
[2023-07-24 14:04:25, info] "MySQL Query Params: "
[2023-07-24 14:04:25, info] "MySQL Query:     SELECT *    from hp_staff_info    where h_user_code=?;"
[2023-07-24 14:04:25, info] "MySQL Query Params: "
[2023-07-24 14:04:25, error] "[Router Error]: /favicon.ico"
[2023-07-24 14:04:30, info] "MySQL Query: SELECT key_string FROM encryption_key_info WHERE activate_yn = 'Y';"
[2023-07-24 14:04:30, info] "MySQL Query Params: "
[2023-07-24 14:04:30, info] "MySQL Query:     SELECT *    from user_hospital    where h_user_code=?;"
[2023-07-24 14:04:30, info] "MySQL Query Params: "
[2023-07-24 14:04:30, error] "[System Error]: Cannot read property 'h_user_name' of undefined"
[2023-07-24 14:04:30, error] "Cannot read property 'h_user_name' of undefined"
TypeError: Cannot read property 'h_user_name' of undefined
    at hospitalService.hospitalInfoLoad (C:\Users\LCG\Desktop\0706 반려견\반려견 0710\server\api\hospital\hospital.service.js:25:87)
    at processTicksAndRejections (internal/process/task_queues.js:93:5)
    at async hospitalInfoLoad (C:\Users\LCG\Desktop\0706 반려견\반려견 0710\server\api\hospital\hospital.controller.js:19:32)
[2023-07-24 14:04:30, info] "MySQL Query: SELECT key_string FROM encryption_key_info WHERE activate_yn = 'Y';"
[2023-07-24 14:04:30, info] "MySQL Query Params: "
[2023-07-24 14:04:30, info] "MySQL Query:     SELECT *    from hp_staff_info    where h_user_code=?;"
[2023-07-24 14:04:30, info] "MySQL Query Params: "
[2023-07-24 14:04:30, error] "[Router Error]: /favicon.ico"
[2023-07-24 14:05:11, info] "MySQL Query: SELECT key_string FROM encryption_key_info WHERE activate_yn = 'Y';"
[2023-07-24 14:05:11, info] "MySQL Query Params: "
[2023-07-24 14:05:11, info] "MySQL Query:     SELECT *    from user_hospital    where h_user_code=?;"
[2023-07-24 14:05:11, info] "MySQL Query Params: "
[2023-07-24 14:05:11, error] "[System Error]: Cannot read property 'h_user_name' of undefined"
[2023-07-24 14:05:11, error] "Cannot read property 'h_user_name' of undefined"
TypeError: Cannot read property 'h_user_name' of undefined
    at hospitalService.hospitalInfoLoad (C:\Users\LCG\Desktop\0706 반려견\반려견 0710\server\api\hospital\hospital.service.js:25:87)
    at processTicksAndRejections (internal/process/task_queues.js:93:5)
    at async hospitalInfoLoad (C:\Users\LCG\Desktop\0706 반려견\반려견 0710\server\api\hospital\hospital.controller.js:19:32)
[2023-07-24 14:05:11, info] "MySQL Query: SELECT key_string FROM encryption_key_info WHERE activate_yn = 'Y';"
[2023-07-24 14:05:11, info] "MySQL Query Params: "
[2023-07-24 14:05:11, info] "MySQL Query:     SELECT *    from hp_staff_info    where h_user_code=?;"
[2023-07-24 14:05:11, info] "MySQL Query Params: "
[2023-07-24 14:05:11, error] "[Router Error]: /favicon.ico"
[2023-07-24 14:05:40, error] "[Router Error]: /favicon.ico"
[2023-07-24 14:07:33, info] "MySQL Query: SELECT key_string FROM encryption_key_info WHERE activate_yn = 'Y';"
[2023-07-24 14:07:33, info] "MySQL Query Params: "
[2023-07-24 14:07:33, info] "MySQL Query:     SELECT *    from user_hospital    where h_user_code=?;"
[2023-07-24 14:07:33, info] "MySQL Query Params: "
[2023-07-24 14:07:33, error] "[System Error]: Cannot read property 'h_user_name' of undefined"
[2023-07-24 14:07:33, error] "Cannot read property 'h_user_name' of undefined"
TypeError: Cannot read property 'h_user_name' of undefined
    at hospitalService.hospitalInfoLoad (C:\Users\LCG\Desktop\0706 반려견\반려견 0710\server\api\hospital\hospital.service.js:25:87)
    at processTicksAndRejections (internal/process/task_queues.js:93:5)
    at async hospitalInfoLoad (C:\Users\LCG\Desktop\0706 반려견\반려견 0710\server\api\hospital\hospital.controller.js:19:32)
[2023-07-24 14:07:33, info] "MySQL Query: SELECT key_string FROM encryption_key_info WHERE activate_yn = 'Y';"
[2023-07-24 14:07:33, info] "MySQL Query Params: "
[2023-07-24 14:07:33, info] "MySQL Query:     SELECT *    from hp_staff_info    where h_user_code=?;"
[2023-07-24 14:07:33, info] "MySQL Query Params: "
[2023-07-24 14:07:33, error] "[Router Error]: /favicon.ico"
[2023-07-24 14:07:56, info] "MySQL Query: SELECT key_string FROM encryption_key_info WHERE activate_yn = 'Y';"
[2023-07-24 14:07:56, info] "MySQL Query Params: "
[2023-07-24 14:07:56, info] "MySQL Query:     SELECT *    from user_hospital    where h_user_code=?;"
[2023-07-24 14:07:56, info] "MySQL Query Params: "
[2023-07-24 14:07:56, error] "[System Error]: Cannot read property 'h_user_name' of undefined"
[2023-07-24 14:07:56, error] "Cannot read property 'h_user_name' of undefined"
TypeError: Cannot read property 'h_user_name' of undefined
    at hospitalService.hospitalInfoLoad (C:\Users\LCG\Desktop\0706 반려견\반려견 0710\server\api\hospital\hospital.service.js:25:87)
    at processTicksAndRejections (internal/process/task_queues.js:93:5)
    at async hospitalInfoLoad (C:\Users\LCG\Desktop\0706 반려견\반려견 0710\server\api\hospital\hospital.controller.js:19:32)
[2023-07-24 14:07:56, info] "MySQL Query: SELECT key_string FROM encryption_key_info WHERE activate_yn = 'Y';"
[2023-07-24 14:07:56, info] "MySQL Query Params: "
[2023-07-24 14:07:56, info] "MySQL Query:     SELECT *    from hp_staff_info    where h_user_code=?;"
[2023-07-24 14:07:56, info] "MySQL Query Params: "
[2023-07-24 14:07:56, error] "[Router Error]: /favicon.ico"
[2023-07-24 14:12:53, info] "MySQL Query: SELECT key_string FROM encryption_key_info WHERE activate_yn = 'Y';"
[2023-07-24 14:12:53, info] "MySQL Query Params: "
[2023-07-24 14:12:53, info] "MySQL Query:     SELECT *    from user_hospital    where h_user_code=?;"
[2023-07-24 14:12:53, info] "MySQL Query Params: "
[2023-07-24 14:12:53, error] "[System Error]: Cannot read property 'h_user_name' of undefined"
[2023-07-24 14:12:53, error] "Cannot read property 'h_user_name' of undefined"
TypeError: Cannot read property 'h_user_name' of undefined
    at hospitalService.hospitalInfoLoad (C:\Users\LCG\Desktop\0706 반려견\반려견 0710\server\api\hospital\hospital.service.js:25:87)
    at processTicksAndRejections (internal/process/task_queues.js:93:5)
    at async hospitalInfoLoad (C:\Users\LCG\Desktop\0706 반려견\반려견 0710\server\api\hospital\hospital.controller.js:19:32)
[2023-07-24 14:12:53, info] "MySQL Query: SELECT key_string FROM encryption_key_info WHERE activate_yn = 'Y';"
[2023-07-24 14:12:53, info] "MySQL Query Params: "
[2023-07-24 14:12:53, info] "MySQL Query:     SELECT *    from hp_staff_info    where h_user_code=?;"
[2023-07-24 14:12:53, info] "MySQL Query Params: "
[2023-07-24 14:12:53, error] "[Router Error]: /favicon.ico"
[2023-07-24 14:13:02, info] "MySQL Query: SELECT key_string FROM encryption_key_info WHERE activate_yn = 'Y';"
[2023-07-24 14:13:02, info] "MySQL Query Params: "
[2023-07-24 14:13:02, info] "MySQL Query:     SELECT *    from user_hospital    where h_user_code=?;"
[2023-07-24 14:13:02, info] "MySQL Query Params: "
[2023-07-24 14:13:02, error] "[System Error]: Cannot read property 'h_user_name' of undefined"
[2023-07-24 14:13:02, error] "Cannot read property 'h_user_name' of undefined"
TypeError: Cannot read property 'h_user_name' of undefined
    at hospitalService.hospitalInfoLoad (C:\Users\LCG\Desktop\0706 반려견\반려견 0710\server\api\hospital\hospital.service.js:25:87)
    at processTicksAndRejections (internal/process/task_queues.js:93:5)
    at async hospitalInfoLoad (C:\Users\LCG\Desktop\0706 반려견\반려견 0710\server\api\hospital\hospital.controller.js:19:32)
[2023-07-24 14:13:02, info] "MySQL Query: SELECT key_string FROM encryption_key_info WHERE activate_yn = 'Y';"
[2023-07-24 14:13:02, info] "MySQL Query Params: "
[2023-07-24 14:13:02, info] "MySQL Query:     SELECT *    from hp_staff_info    where h_user_code=?;"
[2023-07-24 14:13:02, info] "MySQL Query Params: "
[2023-07-24 14:13:02, error] "[Router Error]: /favicon.ico"
[2023-07-24 15:30:34, error] "[Router Error]: /favicon.ico"
[2023-07-24 15:30:40, error] "[Router Error]: /favicon.ico"
[2023-07-24 15:35:35, error] "[Router Error]: /favicon.ico"
[2023-07-24 15:35:44, error] "[Router Error]: /favicon.ico"
[2023-07-24 15:36:38, error] "[Router Error]: /favicon.ico"
[2023-07-24 15:36:47, error] "[Router Error]: /favicon.ico"
[2023-07-24 15:39:25, error] "[Router Error]: /favicon.ico"
[2023-07-24 15:39:39, error] "[Router Error]: /favicon.ico"
[2023-07-24 15:43:04, error] "[Router Error]: /favicon.ico"
[2023-07-24 15:44:19, error] "[Router Error]: /favicon.ico"
[2023-07-24 15:44:21, error] "[Router Error]: /favicon.ico"
[2023-07-24 15:45:00, error] "[Router Error]: /favicon.ico"
[2023-07-24 15:45:08, error] "[Router Error]: /favicon.ico"
[2023-07-24 15:45:10, error] "[Router Error]: /favicon.ico"
[2023-07-24 15:45:57, error] "[Router Error]: /favicon.ico"
[2023-07-24 15:47:03, info] "MySQL Query:     update user_hospital    set h_user_delete_check = 'Y', h_user_delete_date = now()    where h_user_code='h_1';"
[2023-07-24 15:47:03, info] "MySQL Query Params: "
[2023-07-24 15:47:31, error] "[Router Error]: /favicon.ico"
[2023-07-24 15:48:05, info] "MySQL Query:     update user_hospital    set h_user_delete_check = 'Y', h_user_delete_date = now()    where h_user_code='h_1';"
[2023-07-24 15:48:05, info] "MySQL Query Params: "
[2023-07-24 15:49:24, error] "[Router Error]: /favicon.ico"
[2023-07-24 15:49:27, info] "MySQL Query:     update user_hospital    set h_user_delete_check = 'Y', h_user_delete_date = now()    where h_user_code='h_1';"
[2023-07-24 15:49:27, info] "MySQL Query Params: "
[2023-07-24 15:49:59, error] "[Router Error]: /favicon.ico"
[2023-07-24 15:50:02, info] "MySQL Query:     update user_hospital    set h_user_delete_check = 'Y', h_user_delete_date = now()    where h_user_code='h_1';"
[2023-07-24 15:50:02, info] "MySQL Query Params: "
[2023-07-24 15:50:09, info] "MySQL Query:     update user_hospital    set h_user_delete_check = 'Y', h_user_delete_date = now()    where h_user_code='h_1';"
[2023-07-24 15:50:09, info] "MySQL Query Params: "
[2023-07-24 15:50:14, info] "MySQL Query:     update user_hospital    set h_user_delete_check = 'Y', h_user_delete_date = now()    where h_user_code='h_1';"
[2023-07-24 15:50:14, info] "MySQL Query Params: "
[2023-07-24 15:50:39, error] "[Router Error]: /favicon.ico"
[2023-07-24 15:50:41, info] "MySQL Query:     update user_hospital    set h_user_delete_check = 'Y', h_user_delete_date = now()    where h_user_code='h_1';"
[2023-07-24 15:50:41, info] "MySQL Query Params: "
[2023-07-24 15:51:16, error] "[Router Error]: /favicon.ico"
[2023-07-24 15:51:18, info] "MySQL Query:     update user_hospital    set h_user_delete_check = 'Y', h_user_delete_date = now()    where h_user_code='h_1';"
[2023-07-24 15:51:18, info] "MySQL Query Params: "
[2023-07-24 15:51:30, error] "[Router Error]: /favicon.ico"
[2023-07-24 15:51:32, info] "MySQL Query:     update user_hospital    set h_user_delete_check = 'Y', h_user_delete_date = now()    where h_user_code='h_1';"
[2023-07-24 15:51:32, info] "MySQL Query Params: "
[2023-07-24 15:51:38, info] "MySQL Query:     update user_hospital    set h_user_delete_check = 'Y', h_user_delete_date = now()    where h_user_code='h_1';"
[2023-07-24 15:51:38, info] "MySQL Query Params: "
[2023-07-24 15:52:59, error] "[Router Error]: /favicon.ico"
[2023-07-24 15:53:01, info] "MySQL Query:     update user_hospital    set h_user_delete_check = 'Y', h_user_delete_date = now()    where h_user_code='h_1';"
[2023-07-24 15:53:01, info] "MySQL Query Params: "
[2023-07-24 15:54:05, error] "[Router Error]: /favicon.ico"
[2023-07-24 15:54:07, info] "MySQL Query:     update user_hospital    set h_user_delete_check = 'Y', h_user_delete_date = now()    where h_user_code='h_1';"
[2023-07-24 15:54:07, info] "MySQL Query Params: "
[2023-07-24 15:54:11, info] "MySQL Query:     update user_hospital    set h_user_delete_check = 'Y', h_user_delete_date = now()    where h_user_code='h_1';"
[2023-07-24 15:54:11, info] "MySQL Query Params: "
[2023-07-24 15:55:18, error] "[Router Error]: /favicon.ico"
[2023-07-24 15:55:22, info] "MySQL Query:     update user_hospital    set h_user_delete_check = 'Y', h_user_delete_date = now()    where h_user_code='h_1';"
[2023-07-24 15:55:22, info] "MySQL Query Params: "
[2023-07-24 15:55:26, info] "MySQL Query:     update user_hospital    set h_user_delete_check = 'Y', h_user_delete_date = now()    where h_user_code='h_1';"
[2023-07-24 15:55:26, info] "MySQL Query Params: "
[2023-07-24 15:55:29, info] "MySQL Query:     update user_hospital    set h_user_delete_check = 'Y', h_user_delete_date = now()    where h_user_code='h_1';"
[2023-07-24 15:55:29, info] "MySQL Query Params: "
[2023-07-24 15:55:32, info] "MySQL Query:     update user_hospital    set h_user_delete_check = 'Y', h_user_delete_date = now()    where h_user_code='h_1';"
[2023-07-24 15:55:32, info] "MySQL Query Params: "
[2023-07-24 15:55:46, error] "[Router Error]: /favicon.ico"
[2023-07-24 15:55:48, info] "MySQL Query:     update user_hospital    set h_user_delete_check = 'Y', h_user_delete_date = now()    where h_user_code='h_1';"
[2023-07-24 15:55:48, info] "MySQL Query Params: "
[2023-07-24 15:55:53, info] "MySQL Query:     update user_hospital    set h_user_delete_check = 'Y', h_user_delete_date = now()    where h_user_code='h_1';"
[2023-07-24 15:55:53, info] "MySQL Query Params: "
[2023-07-24 15:56:01, error] "[Router Error]: /favicon.ico"
[2023-07-24 15:56:03, info] "MySQL Query:     update user_hospital    set h_user_delete_check = 'Y', h_user_delete_date = now()    where h_user_code='h_1';"
[2023-07-24 15:56:03, info] "MySQL Query Params: "
[2023-07-24 15:59:33, info] "MySQL Query:     update user_hospital    set h_user_delete_check = 'Y', h_user_delete_date = now()    where h_user_code='h_1';"
[2023-07-24 15:59:33, info] "MySQL Query Params: "
[2023-07-24 15:59:43, error] "[Router Error]: /favicon.ico"
[2023-07-24 15:59:45, info] "MySQL Query:     update user_hospital    set h_user_delete_check = 'Y', h_user_delete_date = now()    where h_user_code='h_1';"
[2023-07-24 15:59:45, info] "MySQL Query Params: "
[2023-07-24 16:00:17, error] "[Router Error]: /favicon.ico"
[2023-07-24 16:00:19, info] "MySQL Query:     update user_hospital    set h_user_delete_check = 'Y', h_user_delete_date = now()    where h_user_code='h_1';"
[2023-07-24 16:00:19, info] "MySQL Query Params: "
[2023-07-24 16:11:30, error] "[Router Error]: /favicon.ico"
[2023-07-24 16:11:32, info] "MySQL Query:     update user_hospital    set h_user_delete_check = 'Y', h_user_delete_date = now()    where h_user_code='h_1';"
[2023-07-24 16:11:32, info] "MySQL Query Params: "
[2023-07-24 16:11:33, error] "[Router Error]: /assets/node_modules/popper/popper.min.js.map"
[2023-07-24 16:13:38, error] "[Router Error]: /favicon.ico"
[2023-07-24 16:13:41, info] "MySQL Query:     update user_hospital    set h_user_delete_check = 'Y', h_user_delete_date = now()    where h_user_code='h_1';"
[2023-07-24 16:13:41, info] "MySQL Query Params: "
[2023-07-24 16:13:46, error] "[Router Error]: /assets/node_modules/popper/popper.min.js.map"
[2023-07-24 16:13:59, error] "[Router Error]: /favicon.ico"
[2023-07-24 16:14:03, info] "MySQL Query:     update user_hospital    set h_user_delete_check = 'Y', h_user_delete_date = now()    where h_user_code='h_1';"
[2023-07-24 16:14:03, info] "MySQL Query Params: "
[2023-07-24 16:14:05, error] "[Router Error]: /assets/node_modules/popper/popper.min.js.map"
[2023-07-24 16:14:19, info] "MySQL Query: SELECT key_string FROM encryption_key_info WHERE activate_yn = 'Y';"
[2023-07-24 16:14:19, info] "MySQL Query Params: "
[2023-07-24 16:14:19, info] "MySQL Query:    SELECT h_user_code, h_user_name, h_user_login_check,h_name    FROM user_hospital    WHERE h_user_account_id=? AND h_user_account_pw = SHA2(?, 256);"
[2023-07-24 16:14:19, info] "MySQL Query Params: test1111,test1111!"
[2023-07-24 16:17:31, info] "MySQL Query: SELECT key_string FROM encryption_key_info WHERE activate_yn = 'Y';"
[2023-07-24 16:17:31, info] "MySQL Query Params: "
[2023-07-24 16:17:31, info] "MySQL Query:    SELECT h_user_code, h_user_name, h_user_login_check,h_name    FROM user_hospital    WHERE h_user_account_id=? AND h_user_account_pw = SHA2(?, 256);"
[2023-07-24 16:17:31, info] "MySQL Query Params: test1111,test1111!"
[2023-07-24 16:17:33, error] "[Router Error]: /assets/node_modules/popper/popper.min.js.map"
[2023-07-24 16:17:37, error] "[Router Error]: /assets/node_modules/popper/popper.min.js.map"
[2023-07-24 16:17:55, error] "[Router Error]: /assets/node_modules/popper/popper.min.js.map"
[2023-07-24 16:18:12, info] "MySQL Query: SELECT key_string FROM encryption_key_info WHERE activate_yn = 'Y';"
[2023-07-24 16:18:12, info] "MySQL Query Params: "
[2023-07-24 16:18:12, info] "MySQL Query:    SELECT h_user_code, h_user_name, h_user_login_check,h_name    FROM user_hospital    WHERE h_user_account_id=? AND h_user_account_pw = SHA2(?, 256);"
[2023-07-24 16:18:12, info] "MySQL Query Params: hostest11,hostest11!"
[2023-07-24 16:18:12, info] "MySQL Query:    UPDATE user_hospital SET h_user_login_check = 'Y' WHERE h_user_code = ?;"
[2023-07-24 16:18:12, info] "MySQL Query Params: h_1"
[2023-07-24 16:18:12, info] "MySQL Query:    UPDATE user_hospital SET h_user_access_token = ?, h_user_refresh_token = ?    WHERE h_user_code = ?;"
[2023-07-24 16:18:12, info] "MySQL Query Params: eyJhbGciOiJIUzI1NiIsInR5cCI6IkpXVCJ9.eyJhY2NvdW50SWQiOiJob3N0ZXN0MTEiLCJpYXQiOjE2OTAxODMwOTIsImV4cCI6MTY5Nzk1OTA5Mn0.ShYEy9PFr0aaLu9zBft2XGwFohgqsLbUoDaKrmEkdcg,eyJhbGciOiJIUzI1NiIsInR5cCI6IkpXVCJ9.eyJhY2NvdW50SWQiOiJob3N0ZXN0MTEiLCJpYXQiOjE2OTAxODMwOTIsImV4cCI6MTY5Nzk1OTA5Mn0.xIRmH3HCGjW1ePOIcGS6gSQYncyDY_4BZC6nWs06se4,h_1"
[2023-07-24 16:18:12, info] "MySQL Query:    SELECT h_user_refresh_token FROM user_hospital WHERE h_user_code = ? and h_user_access_token = ?;"
[2023-07-24 16:18:12, info] "MySQL Query Params: h_1,eyJhbGciOiJIUzI1NiIsInR5cCI6IkpXVCJ9.eyJhY2NvdW50SWQiOiJob3N0ZXN0MTEiLCJpYXQiOjE2OTAxODMwOTIsImV4cCI6MTY5Nzk1OTA5Mn0.ShYEy9PFr0aaLu9zBft2XGwFohgqsLbUoDaKrmEkdcg"
[2023-07-24 16:18:12, error] "[Router Error]: /favicon.ico"
[2023-07-24 16:18:31, info] "MySQL Query:    SELECT h_user_refresh_token FROM user_hospital WHERE h_user_code = ? and h_user_access_token = ?;"
[2023-07-24 16:18:31, info] "MySQL Query Params: h_1,eyJhbGciOiJIUzI1NiIsInR5cCI6IkpXVCJ9.eyJhY2NvdW50SWQiOiJob3N0ZXN0MTEiLCJpYXQiOjE2OTAxODMwOTIsImV4cCI6MTY5Nzk1OTA5Mn0.ShYEy9PFr0aaLu9zBft2XGwFohgqsLbUoDaKrmEkdcg"
[2023-07-24 16:18:32, error] "[Router Error]: /favicon.ico"
[2023-07-24 16:18:34, info] "MySQL Query:    SELECT h_user_refresh_token FROM user_hospital WHERE h_user_code = ? and h_user_access_token = ?;"
[2023-07-24 16:18:34, info] "MySQL Query Params: h_1,eyJhbGciOiJIUzI1NiIsInR5cCI6IkpXVCJ9.eyJhY2NvdW50SWQiOiJob3N0ZXN0MTEiLCJpYXQiOjE2OTAxODMwOTIsImV4cCI6MTY5Nzk1OTA5Mn0.ShYEy9PFr0aaLu9zBft2XGwFohgqsLbUoDaKrmEkdcg"
[2023-07-24 16:18:35, error] "[Router Error]: /favicon.ico"
[2023-07-24 16:18:42, info] "MySQL Query:     SELECT h_user_code    from user_hospital    where h_user_account_pw = SHA2(?, 256) and h_user_code = ?;"
[2023-07-24 16:18:42, info] "MySQL Query Params: hostest111!,h_1"
[2023-07-24 16:18:42, error] "[System Error]: Cannot read property 'h_user_code' of undefined"
[2023-07-24 16:18:42, error] "Cannot read property 'h_user_code' of undefined"
TypeError: Cannot read property 'h_user_code' of undefined
    at hospitalService.pwCheck (C:\Users\LCG\Desktop\0706 반려견\반려견 0710\server\api\hospital\hospital.service.js:24:23)
    at processTicksAndRejections (internal/process/task_queues.js:93:5)
    at async pwCheck (C:\Users\LCG\Desktop\0706 반려견\반려견 0710\server\api\hospital\hospital.controller.js:20:23)
[2023-07-24 16:18:55, info] "MySQL Query:     SELECT h_user_code    from user_hospital    where h_user_account_pw = SHA2(?, 256) and h_user_code = ?;"
[2023-07-24 16:18:55, info] "MySQL Query Params: hostest11!,h_1"
[2023-07-24 16:18:55, info] "MySQL Query: SELECT key_string FROM encryption_key_info WHERE activate_yn = 'Y';"
[2023-07-24 16:18:55, info] "MySQL Query Params: "
[2023-07-24 16:18:55, info] "MySQL Query:     SELECT *    from user_hospital    where h_user_code=?;"
[2023-07-24 16:18:55, info] "MySQL Query Params: h_1"
[2023-07-24 16:18:55, info] "MySQL Query: SELECT key_string FROM encryption_key_info WHERE activate_yn = 'Y';"
[2023-07-24 16:18:55, info] "MySQL Query Params: "
[2023-07-24 16:18:55, info] "MySQL Query:     SELECT *    from hp_staff_info    where h_user_code=?;"
[2023-07-24 16:18:55, info] "MySQL Query Params: h_1"
[2023-07-24 16:19:02, info] "MySQL Query:     update user_hospital    set h_user_delete_check = 'Y', h_user_delete_date = now()    where h_user_code='h_1';"
[2023-07-24 16:19:02, info] "MySQL Query Params: h_1"
[2023-07-24 16:19:04, error] "[Router Error]: /assets/node_modules/popper/popper.min.js.map"
[2023-07-24 16:19:19, error] "[Router Error]: /favicon.ico"
[2023-07-24 16:19:22, info] "MySQL Query:    SELECT h_user_refresh_token FROM user_hospital WHERE h_user_code = ? and h_user_access_token = ?;"
[2023-07-24 16:19:22, info] "MySQL Query Params: h_1,eyJhbGciOiJIUzI1NiIsInR5cCI6IkpXVCJ9.eyJhY2NvdW50SWQiOiJob3N0ZXN0MTEiLCJpYXQiOjE2OTAxODMwOTIsImV4cCI6MTY5Nzk1OTA5Mn0.ShYEy9PFr0aaLu9zBft2XGwFohgqsLbUoDaKrmEkdcg"
[2023-07-24 16:19:23, error] "[Router Error]: /favicon.ico"
[2023-07-24 16:19:27, error] "[Router Error]: /favicon.ico"
[2023-07-24 16:19:32, info] "MySQL Query:     SELECT h_user_code    from user_hospital    where h_user_account_pw = SHA2(?, 256) and h_user_code = ?;"
[2023-07-24 16:19:32, info] "MySQL Query Params: HOSTET11!,h_1"
[2023-07-24 16:19:32, error] "[System Error]: Cannot read property 'h_user_code' of undefined"
[2023-07-24 16:19:32, error] "Cannot read property 'h_user_code' of undefined"
TypeError: Cannot read property 'h_user_code' of undefined
    at hospitalService.pwCheck (C:\Users\LCG\Desktop\0706 반려견\반려견 0710\server\api\hospital\hospital.service.js:24:23)
    at processTicksAndRejections (internal/process/task_queues.js:93:5)
    at async pwCheck (C:\Users\LCG\Desktop\0706 반려견\반려견 0710\server\api\hospital\hospital.controller.js:20:23)
[2023-07-24 16:19:37, info] "MySQL Query:     SELECT h_user_code    from user_hospital    where h_user_account_pw = SHA2(?, 256) and h_user_code = ?;"
[2023-07-24 16:19:37, info] "MySQL Query Params: HOSTEST11!,h_1"
[2023-07-24 16:19:37, error] "[System Error]: Cannot read property 'h_user_code' of undefined"
[2023-07-24 16:19:37, error] "Cannot read property 'h_user_code' of undefined"
TypeError: Cannot read property 'h_user_code' of undefined
    at hospitalService.pwCheck (C:\Users\LCG\Desktop\0706 반려견\반려견 0710\server\api\hospital\hospital.service.js:24:23)
    at processTicksAndRejections (internal/process/task_queues.js:93:5)
    at async pwCheck (C:\Users\LCG\Desktop\0706 반려견\반려견 0710\server\api\hospital\hospital.controller.js:20:23)
[2023-07-24 16:19:46, info] "MySQL Query:     SELECT h_user_code    from user_hospital    where h_user_account_pw = SHA2(?, 256) and h_user_code = ?;"
[2023-07-24 16:19:46, info] "MySQL Query Params: HOSTEST11!,h_1"
[2023-07-24 16:19:46, error] "[System Error]: Cannot read property 'h_user_code' of undefined"
[2023-07-24 16:19:46, error] "Cannot read property 'h_user_code' of undefined"
TypeError: Cannot read property 'h_user_code' of undefined
    at hospitalService.pwCheck (C:\Users\LCG\Desktop\0706 반려견\반려견 0710\server\api\hospital\hospital.service.js:24:23)
    at processTicksAndRejections (internal/process/task_queues.js:93:5)
    at async pwCheck (C:\Users\LCG\Desktop\0706 반려견\반려견 0710\server\api\hospital\hospital.controller.js:20:23)
[2023-07-24 16:19:51, error] "[Router Error]: /favicon.ico"
[2023-07-24 16:19:59, info] "MySQL Query:     SELECT h_user_code    from user_hospital    where h_user_account_pw = SHA2(?, 256) and h_user_code = ?;"
[2023-07-24 16:19:59, info] "MySQL Query Params: hostest11!,h_1"
[2023-07-24 16:19:59, info] "MySQL Query: SELECT key_string FROM encryption_key_info WHERE activate_yn = 'Y';"
[2023-07-24 16:19:59, info] "MySQL Query Params: "
[2023-07-24 16:19:59, info] "MySQL Query:     SELECT *    from user_hospital    where h_user_code=?;"
[2023-07-24 16:19:59, info] "MySQL Query Params: h_1"
[2023-07-24 16:19:59, info] "MySQL Query: SELECT key_string FROM encryption_key_info WHERE activate_yn = 'Y';"
[2023-07-24 16:19:59, info] "MySQL Query Params: "
[2023-07-24 16:19:59, info] "MySQL Query:     SELECT *    from hp_staff_info    where h_user_code=?;"
[2023-07-24 16:19:59, info] "MySQL Query Params: h_1"
[2023-07-24 16:20:04, error] "[Router Error]: /favicon.ico"
[2023-07-24 16:20:11, info] "MySQL Query:     SELECT h_user_code    from user_hospital    where h_user_account_pw = SHA2(?, 256) and h_user_code = ?;"
[2023-07-24 16:20:11, info] "MySQL Query Params: hostest11!,h_1"
[2023-07-24 16:20:11, info] "MySQL Query: SELECT key_string FROM encryption_key_info WHERE activate_yn = 'Y';"
[2023-07-24 16:20:11, info] "MySQL Query Params: "
[2023-07-24 16:20:11, info] "MySQL Query:     SELECT *    from user_hospital    where h_user_code=?;"
[2023-07-24 16:20:11, info] "MySQL Query Params: h_1"
[2023-07-24 16:20:11, info] "MySQL Query: SELECT key_string FROM encryption_key_info WHERE activate_yn = 'Y';"
[2023-07-24 16:20:11, info] "MySQL Query Params: "
[2023-07-24 16:20:11, info] "MySQL Query:     SELECT *    from hp_staff_info    where h_user_code=?;"
[2023-07-24 16:20:11, info] "MySQL Query Params: h_1"
[2023-07-24 16:20:15, info] "MySQL Query:     update user_hospital    set h_user_delete_check = 'Y', h_user_delete_date = now()    where h_user_code='h_1';"
[2023-07-24 16:20:15, info] "MySQL Query Params: h_1"
[2023-07-24 16:20:16, error] "[Router Error]: /assets/node_modules/popper/popper.min.js.map"
[2023-07-24 16:20:20, error] "[Router Error]: /favicon.ico"
[2023-07-24 16:20:25, info] "MySQL Query:     SELECT h_user_code    from user_hospital    where h_user_account_pw = SHA2(?, 256) and h_user_code = ?;"
[2023-07-24 16:20:25, info] "MySQL Query Params: hostest11!,"
[2023-07-24 16:20:25, error] "[System Error]: Cannot read property 'h_user_code' of undefined"
[2023-07-24 16:20:25, error] "Cannot read property 'h_user_code' of undefined"
TypeError: Cannot read property 'h_user_code' of undefined
    at hospitalService.pwCheck (C:\Users\LCG\Desktop\0706 반려견\반려견 0710\server\api\hospital\hospital.service.js:24:23)
    at processTicksAndRejections (internal/process/task_queues.js:93:5)
    at async pwCheck (C:\Users\LCG\Desktop\0706 반려견\반려견 0710\server\api\hospital\hospital.controller.js:20:23)
[2023-07-24 16:20:32, info] "MySQL Query:     SELECT h_user_code    from user_hospital    where h_user_account_pw = SHA2(?, 256) and h_user_code = ?;"
[2023-07-24 16:20:32, info] "MySQL Query Params: hostest11!,"
[2023-07-24 16:20:32, error] "[System Error]: Cannot read property 'h_user_code' of undefined"
[2023-07-24 16:20:32, error] "Cannot read property 'h_user_code' of undefined"
TypeError: Cannot read property 'h_user_code' of undefined
    at hospitalService.pwCheck (C:\Users\LCG\Desktop\0706 반려견\반려견 0710\server\api\hospital\hospital.service.js:24:23)
    at processTicksAndRejections (internal/process/task_queues.js:93:5)
    at async pwCheck (C:\Users\LCG\Desktop\0706 반려견\반려견 0710\server\api\hospital\hospital.controller.js:20:23)
[2023-07-24 16:20:41, error] "[Router Error]: /assets/node_modules/popper/popper.min.js.map"
