[2023-09-19 10:39:09, info] "MySQL Query: SELECT refresh_token FROM user_account WHERE user_code = ? and access_token = ?;"
[2023-09-19 10:39:09, info] "MySQL Query Params: 1,eyJhbGciOiJIUzI1NiIsInR5cCI6IkpXVCJ9.eyJhY2NvdW50SWQiOiJ0ZXN0MTIzIiwiaWF0IjoxNjk0Njc1MjM3LCJleHAiOjE3MDI0NTEyMzd9.eARpAoExbfI9iFPlNfYAugVyl2qAT14vS1zVKvU-cqU"
[2023-09-19 10:39:09, info] "MySQL Query: SELECT refresh_token FROM user_account WHERE user_code = ? and access_token = ?;"
[2023-09-19 10:39:09, info] "MySQL Query Params: 1,eyJhbGciOiJIUzI1NiIsInR5cCI6IkpXVCJ9.eyJhY2NvdW50SWQiOiJ0ZXN0MTIzIiwiaWF0IjoxNjk0Njc1MjM3LCJleHAiOjE3MDI0NTEyMzd9.eARpAoExbfI9iFPlNfYAugVyl2qAT14vS1zVKvU-cqU"
[2023-09-19 10:39:09, error] "[Router Error]: /app/home/compass/css3"
[2023-09-19 10:39:09, info] "MySQL Query: SELECT key_string FROM encryption_key_info WHERE activate_yn = 'Y';"
[2023-09-19 10:39:09, info] "MySQL Query Params: "
[2023-09-19 10:39:09, info] "MySQL Query: SELECT * FROM predict_data WHERE user_code = ? and DATE(created_time) = ? ORDER BY created_time DESC LIMIT 1;"
[2023-09-19 10:39:09, info] "MySQL Query Params: 1,2023-09-19"
[2023-09-19 10:39:12, info] "MySQL Query: SELECT refresh_token FROM user_account WHERE user_code = ? and access_token = ?;"
[2023-09-19 10:39:12, info] "MySQL Query Params: 1,eyJhbGciOiJIUzI1NiIsInR5cCI6IkpXVCJ9.eyJhY2NvdW50SWQiOiJ0ZXN0MTIzIiwiaWF0IjoxNjk0Njc1MjM3LCJleHAiOjE3MDI0NTEyMzd9.eARpAoExbfI9iFPlNfYAugVyl2qAT14vS1zVKvU-cqU"
[2023-09-19 10:39:12, info] "MySQL Query: SELECT key_string FROM encryption_key_info WHERE activate_yn = 'Y';"
[2023-09-19 10:39:12, info] "MySQL Query Params: "
[2023-09-19 10:39:12, info] "MySQL Query: SELECT t1.*, DATE_FORMAT(t1.created_time, '%m-%d') AS c_time    FROM predict_data t1    WHERE user_code = ? AND created_time BETWEEN ? AND ?      AND created_time = (        SELECT MAX(t2.created_time)        FROM predict_data t2        WHERE t2.user_code = t1.user_code AND DATE(t2.created_time) = DATE(t1.created_time)      )      ORDER BY created_time;      "
[2023-09-19 10:39:12, info] "MySQL Query Params: 1,2023-08-20,2023-09-19"
[2023-09-19 10:42:48, info] "MySQL Query: SELECT refresh_token FROM user_account WHERE user_code = ? and access_token = ?;"
[2023-09-19 10:42:48, info] "MySQL Query Params: 1,eyJhbGciOiJIUzI1NiIsInR5cCI6IkpXVCJ9.eyJhY2NvdW50SWQiOiJ0ZXN0MTIzIiwiaWF0IjoxNjk0Njc1MjM3LCJleHAiOjE3MDI0NTEyMzd9.eARpAoExbfI9iFPlNfYAugVyl2qAT14vS1zVKvU-cqU"
[2023-09-19 10:42:48, info] "MySQL Query: SELECT refresh_token FROM user_account WHERE user_code = ? and access_token = ?;"
[2023-09-19 10:42:48, info] "MySQL Query Params: 1,eyJhbGciOiJIUzI1NiIsInR5cCI6IkpXVCJ9.eyJhY2NvdW50SWQiOiJ0ZXN0MTIzIiwiaWF0IjoxNjk0Njc1MjM3LCJleHAiOjE3MDI0NTEyMzd9.eARpAoExbfI9iFPlNfYAugVyl2qAT14vS1zVKvU-cqU"
[2023-09-19 10:42:48, error] "[Router Error]: /app/home/compass/css3"
[2023-09-19 10:42:48, info] "MySQL Query: SELECT key_string FROM encryption_key_info WHERE activate_yn = 'Y';"
[2023-09-19 10:42:48, info] "MySQL Query Params: "
[2023-09-19 10:42:48, info] "MySQL Query: SELECT * FROM predict_data WHERE user_code = ? and DATE(created_time) = ? ORDER BY created_time DESC LIMIT 1;"
[2023-09-19 10:42:48, info] "MySQL Query Params: 1,2023-09-19"
[2023-09-19 10:42:49, info] "MySQL Query: SELECT refresh_token FROM user_account WHERE user_code = ? and access_token = ?;"
[2023-09-19 10:42:49, info] "MySQL Query Params: 1,eyJhbGciOiJIUzI1NiIsInR5cCI6IkpXVCJ9.eyJhY2NvdW50SWQiOiJ0ZXN0MTIzIiwiaWF0IjoxNjk0Njc1MjM3LCJleHAiOjE3MDI0NTEyMzd9.eARpAoExbfI9iFPlNfYAugVyl2qAT14vS1zVKvU-cqU"
[2023-09-19 10:42:49, info] "MySQL Query: SELECT key_string FROM encryption_key_info WHERE activate_yn = 'Y';"
[2023-09-19 10:42:49, info] "MySQL Query Params: "
[2023-09-19 10:42:49, info] "MySQL Query: SELECT t1.*, DATE_FORMAT(t1.created_time, '%m-%d') AS c_time    FROM predict_data t1    WHERE user_code = ? AND created_time BETWEEN ? AND ?      AND created_time = (        SELECT MAX(t2.created_time)        FROM predict_data t2        WHERE t2.user_code = t1.user_code AND DATE(t2.created_time) = DATE(t1.created_time)      )      ORDER BY created_time;      "
[2023-09-19 10:42:49, info] "MySQL Query Params: 1,2023-08-20,2023-09-19"
[2023-09-19 10:42:51, info] "MySQL Query: SELECT refresh_token FROM user_account WHERE user_code = ? and access_token = ?;"
[2023-09-19 10:42:51, info] "MySQL Query Params: 1,eyJhbGciOiJIUzI1NiIsInR5cCI6IkpXVCJ9.eyJhY2NvdW50SWQiOiJ0ZXN0MTIzIiwiaWF0IjoxNjk0Njc1MjM3LCJleHAiOjE3MDI0NTEyMzd9.eARpAoExbfI9iFPlNfYAugVyl2qAT14vS1zVKvU-cqU"
[2023-09-19 10:42:51, error] "[Router Error]: /app/home/compass/css3"
[2023-09-19 10:42:51, info] "MySQL Query: SELECT key_string FROM encryption_key_info WHERE activate_yn = 'Y';"
[2023-09-19 10:42:51, info] "MySQL Query Params: "
[2023-09-19 10:42:51, info] "MySQL Query: SELECT * FROM predict_data WHERE user_code = ? and DATE(created_time) = ? ORDER BY created_time DESC LIMIT 1;"
[2023-09-19 10:42:51, info] "MySQL Query Params: 1,2023-09-19"
[2023-09-19 10:42:53, info] "MySQL Query: SELECT key_string FROM encryption_key_info WHERE activate_yn = 'Y';"
[2023-09-19 10:42:53, info] "MySQL Query Params: "
[2023-09-19 10:42:53, info] "MySQL Query: SELECT * FROM predict_data WHERE user_code = ? and DATE(created_time) = ? ORDER BY created_time DESC LIMIT 1;"
[2023-09-19 10:42:53, info] "MySQL Query Params: 1,2023-09-05"
[2023-09-19 10:42:54, info] "MySQL Query: SELECT refresh_token FROM user_account WHERE user_code = ? and access_token = ?;"
[2023-09-19 10:42:54, info] "MySQL Query Params: 1,eyJhbGciOiJIUzI1NiIsInR5cCI6IkpXVCJ9.eyJhY2NvdW50SWQiOiJ0ZXN0MTIzIiwiaWF0IjoxNjk0Njc1MjM3LCJleHAiOjE3MDI0NTEyMzd9.eARpAoExbfI9iFPlNfYAugVyl2qAT14vS1zVKvU-cqU"
[2023-09-19 10:42:54, info] "MySQL Query: SELECT key_string FROM encryption_key_info WHERE activate_yn = 'Y';"
[2023-09-19 10:42:54, info] "MySQL Query Params: "
[2023-09-19 10:42:54, info] "MySQL Query: SELECT t1.*, DATE_FORMAT(t1.created_time, '%m-%d') AS c_time    FROM predict_data t1    WHERE user_code = ? AND created_time BETWEEN ? AND ?      AND created_time = (        SELECT MAX(t2.created_time)        FROM predict_data t2        WHERE t2.user_code = t1.user_code AND DATE(t2.created_time) = DATE(t1.created_time)      )      ORDER BY created_time;      "
[2023-09-19 10:42:54, info] "MySQL Query Params: 1,2023-08-20,2023-09-19"
[2023-09-19 10:44:28, info] "MySQL Query: SELECT refresh_token FROM user_account WHERE user_code = ? and access_token = ?;"
[2023-09-19 10:44:28, info] "MySQL Query Params: 1,eyJhbGciOiJIUzI1NiIsInR5cCI6IkpXVCJ9.eyJhY2NvdW50SWQiOiJ0ZXN0MTIzIiwiaWF0IjoxNjk0Njc1MjM3LCJleHAiOjE3MDI0NTEyMzd9.eARpAoExbfI9iFPlNfYAugVyl2qAT14vS1zVKvU-cqU"
[2023-09-19 10:44:28, info] "MySQL Query: SELECT refresh_token FROM user_account WHERE user_code = ? and access_token = ?;"
[2023-09-19 10:44:28, info] "MySQL Query Params: 1,eyJhbGciOiJIUzI1NiIsInR5cCI6IkpXVCJ9.eyJhY2NvdW50SWQiOiJ0ZXN0MTIzIiwiaWF0IjoxNjk0Njc1MjM3LCJleHAiOjE3MDI0NTEyMzd9.eARpAoExbfI9iFPlNfYAugVyl2qAT14vS1zVKvU-cqU"
[2023-09-19 10:44:28, error] "[Router Error]: /app/home/compass/css3"
[2023-09-19 10:44:39, info] "MySQL Query: SELECT refresh_token FROM user_account WHERE user_code = ? and access_token = ?;"
[2023-09-19 10:44:39, info] "MySQL Query Params: 1,eyJhbGciOiJIUzI1NiIsInR5cCI6IkpXVCJ9.eyJhY2NvdW50SWQiOiJ0ZXN0MTIzIiwiaWF0IjoxNjk0Njc1MjM3LCJleHAiOjE3MDI0NTEyMzd9.eARpAoExbfI9iFPlNfYAugVyl2qAT14vS1zVKvU-cqU"
[2023-09-19 10:44:39, info] "MySQL Query: SELECT refresh_token FROM user_account WHERE user_code = ? and access_token = ?;"
[2023-09-19 10:44:39, info] "MySQL Query Params: 1,eyJhbGciOiJIUzI1NiIsInR5cCI6IkpXVCJ9.eyJhY2NvdW50SWQiOiJ0ZXN0MTIzIiwiaWF0IjoxNjk0Njc1MjM3LCJleHAiOjE3MDI0NTEyMzd9.eARpAoExbfI9iFPlNfYAugVyl2qAT14vS1zVKvU-cqU"
[2023-09-19 10:44:39, error] "[Router Error]: /app/home/compass/css3"
[2023-09-19 10:44:39, info] "MySQL Query: SELECT key_string FROM encryption_key_info WHERE activate_yn = 'Y';"
[2023-09-19 10:44:39, info] "MySQL Query Params: "
[2023-09-19 10:44:39, info] "MySQL Query: SELECT * FROM predict_data WHERE user_code = ? and DATE(created_time) = ? ORDER BY created_time DESC LIMIT 1;"
[2023-09-19 10:44:39, info] "MySQL Query Params: 1,2023-09-19"
[2023-09-19 10:44:52, info] "MySQL Query: SELECT refresh_token FROM user_account WHERE user_code = ? and access_token = ?;"
[2023-09-19 10:44:52, info] "MySQL Query Params: 1,eyJhbGciOiJIUzI1NiIsInR5cCI6IkpXVCJ9.eyJhY2NvdW50SWQiOiJ0ZXN0MTIzIiwiaWF0IjoxNjk0Njc1MjM3LCJleHAiOjE3MDI0NTEyMzd9.eARpAoExbfI9iFPlNfYAugVyl2qAT14vS1zVKvU-cqU"
[2023-09-19 10:44:52, info] "MySQL Query: SELECT refresh_token FROM user_account WHERE user_code = ? and access_token = ?;"
[2023-09-19 10:44:52, info] "MySQL Query Params: 1,eyJhbGciOiJIUzI1NiIsInR5cCI6IkpXVCJ9.eyJhY2NvdW50SWQiOiJ0ZXN0MTIzIiwiaWF0IjoxNjk0Njc1MjM3LCJleHAiOjE3MDI0NTEyMzd9.eARpAoExbfI9iFPlNfYAugVyl2qAT14vS1zVKvU-cqU"
[2023-09-19 10:44:52, error] "[Router Error]: /app/home/compass/css3"
[2023-09-19 10:44:52, info] "MySQL Query: SELECT key_string FROM encryption_key_info WHERE activate_yn = 'Y';"
[2023-09-19 10:44:52, info] "MySQL Query Params: "
[2023-09-19 10:44:52, info] "MySQL Query: SELECT * FROM predict_data WHERE user_code = ? and DATE(created_time) = ? ORDER BY created_time DESC LIMIT 1;"
[2023-09-19 10:44:52, info] "MySQL Query Params: 1,2023-09-19"
[2023-09-19 10:44:54, info] "MySQL Query: SELECT key_string FROM encryption_key_info WHERE activate_yn = 'Y';"
[2023-09-19 10:44:54, info] "MySQL Query Params: "
[2023-09-19 10:44:54, info] "MySQL Query: SELECT * FROM predict_data WHERE user_code = ? and DATE(created_time) = ? ORDER BY created_time DESC LIMIT 1;"
[2023-09-19 10:44:54, info] "MySQL Query Params: 1,2023-09-07"
[2023-09-19 10:45:24, info] "MySQL Query: SELECT refresh_token FROM user_account WHERE user_code = ? and access_token = ?;"
[2023-09-19 10:45:24, info] "MySQL Query Params: 1,eyJhbGciOiJIUzI1NiIsInR5cCI6IkpXVCJ9.eyJhY2NvdW50SWQiOiJ0ZXN0MTIzIiwiaWF0IjoxNjk0Njc1MjM3LCJleHAiOjE3MDI0NTEyMzd9.eARpAoExbfI9iFPlNfYAugVyl2qAT14vS1zVKvU-cqU"
[2023-09-19 10:45:24, info] "MySQL Query: SELECT key_string FROM encryption_key_info WHERE activate_yn = 'Y';"
[2023-09-19 10:45:24, info] "MySQL Query Params: "
[2023-09-19 10:45:24, info] "MySQL Query: SELECT t1.*, DATE_FORMAT(t1.created_time, '%m-%d') AS c_time    FROM predict_data t1    WHERE user_code = ? AND created_time BETWEEN ? AND ?      AND created_time = (        SELECT MAX(t2.created_time)        FROM predict_data t2        WHERE t2.user_code = t1.user_code AND DATE(t2.created_time) = DATE(t1.created_time)      )      ORDER BY created_time;      "
[2023-09-19 10:45:24, info] "MySQL Query Params: 1,2023-08-20,2023-09-19"
[2023-09-19 10:45:37, info] "MySQL Query: SELECT refresh_token FROM user_account WHERE user_code = ? and access_token = ?;"
[2023-09-19 10:45:37, info] "MySQL Query Params: 1,eyJhbGciOiJIUzI1NiIsInR5cCI6IkpXVCJ9.eyJhY2NvdW50SWQiOiJ0ZXN0MTIzIiwiaWF0IjoxNjk0Njc1MjM3LCJleHAiOjE3MDI0NTEyMzd9.eARpAoExbfI9iFPlNfYAugVyl2qAT14vS1zVKvU-cqU"
[2023-09-19 10:45:37, error] "[Router Error]: /app/home/compass/css3"
[2023-09-19 10:45:37, info] "MySQL Query: SELECT key_string FROM encryption_key_info WHERE activate_yn = 'Y';"
[2023-09-19 10:45:37, info] "MySQL Query Params: "
[2023-09-19 10:45:37, info] "MySQL Query: SELECT * FROM predict_data WHERE user_code = ? and DATE(created_time) = ? ORDER BY created_time DESC LIMIT 1;"
[2023-09-19 10:45:37, info] "MySQL Query Params: 1,2023-09-19"
[2023-09-19 10:48:23, info] "MySQL Query: SELECT refresh_token FROM user_account WHERE user_code = ? and access_token = ?;"
[2023-09-19 10:48:23, info] "MySQL Query Params: 1,eyJhbGciOiJIUzI1NiIsInR5cCI6IkpXVCJ9.eyJhY2NvdW50SWQiOiJ0ZXN0MTIzIiwiaWF0IjoxNjk0Njc1MjM3LCJleHAiOjE3MDI0NTEyMzd9.eARpAoExbfI9iFPlNfYAugVyl2qAT14vS1zVKvU-cqU"
[2023-09-19 10:48:23, info] "MySQL Query: SELECT refresh_token FROM user_account WHERE user_code = ? and access_token = ?;"
[2023-09-19 10:48:23, info] "MySQL Query Params: 1,eyJhbGciOiJIUzI1NiIsInR5cCI6IkpXVCJ9.eyJhY2NvdW50SWQiOiJ0ZXN0MTIzIiwiaWF0IjoxNjk0Njc1MjM3LCJleHAiOjE3MDI0NTEyMzd9.eARpAoExbfI9iFPlNfYAugVyl2qAT14vS1zVKvU-cqU"
[2023-09-19 10:48:23, error] "[Router Error]: /app/home/compass/css3"
[2023-09-19 10:48:23, info] "MySQL Query: SELECT key_string FROM encryption_key_info WHERE activate_yn = 'Y';"
[2023-09-19 10:48:23, info] "MySQL Query Params: "
[2023-09-19 10:48:23, info] "MySQL Query: SELECT * FROM predict_data WHERE user_code = ? and DATE(created_time) = ? ORDER BY created_time DESC LIMIT 1;"
[2023-09-19 10:48:23, info] "MySQL Query Params: 1,2023-09-19"
[2023-09-19 10:48:25, info] "MySQL Query: SELECT key_string FROM encryption_key_info WHERE activate_yn = 'Y';"
[2023-09-19 10:48:25, info] "MySQL Query Params: "
[2023-09-19 10:48:25, info] "MySQL Query: SELECT * FROM predict_data WHERE user_code = ? and DATE(created_time) = ? ORDER BY created_time DESC LIMIT 1;"
[2023-09-19 10:48:25, info] "MySQL Query Params: 1,2023-09-04"
[2023-09-19 10:48:27, info] "MySQL Query: SELECT refresh_token FROM user_account WHERE user_code = ? and access_token = ?;"
[2023-09-19 10:48:27, info] "MySQL Query Params: 1,eyJhbGciOiJIUzI1NiIsInR5cCI6IkpXVCJ9.eyJhY2NvdW50SWQiOiJ0ZXN0MTIzIiwiaWF0IjoxNjk0Njc1MjM3LCJleHAiOjE3MDI0NTEyMzd9.eARpAoExbfI9iFPlNfYAugVyl2qAT14vS1zVKvU-cqU"
[2023-09-19 10:48:27, info] "MySQL Query: SELECT key_string FROM encryption_key_info WHERE activate_yn = 'Y';"
[2023-09-19 10:48:27, info] "MySQL Query Params: "
[2023-09-19 10:48:27, info] "MySQL Query: SELECT t1.*, DATE_FORMAT(t1.created_time, '%m-%d') AS c_time    FROM predict_data t1    WHERE user_code = ? AND created_time BETWEEN ? AND ?      AND created_time = (        SELECT MAX(t2.created_time)        FROM predict_data t2        WHERE t2.user_code = t1.user_code AND DATE(t2.created_time) = DATE(t1.created_time)      )      ORDER BY created_time;      "
[2023-09-19 10:48:27, info] "MySQL Query Params: 1,2023-08-20,2023-09-19"
[2023-09-19 10:49:31, info] "MySQL Query: SELECT refresh_token FROM user_account WHERE user_code = ? and access_token = ?;"
[2023-09-19 10:49:31, info] "MySQL Query Params: 1,eyJhbGciOiJIUzI1NiIsInR5cCI6IkpXVCJ9.eyJhY2NvdW50SWQiOiJ0ZXN0MTIzIiwiaWF0IjoxNjk0Njc1MjM3LCJleHAiOjE3MDI0NTEyMzd9.eARpAoExbfI9iFPlNfYAugVyl2qAT14vS1zVKvU-cqU"
[2023-09-19 10:49:31, info] "MySQL Query: SELECT refresh_token FROM user_account WHERE user_code = ? and access_token = ?;"
[2023-09-19 10:49:31, info] "MySQL Query Params: 1,eyJhbGciOiJIUzI1NiIsInR5cCI6IkpXVCJ9.eyJhY2NvdW50SWQiOiJ0ZXN0MTIzIiwiaWF0IjoxNjk0Njc1MjM3LCJleHAiOjE3MDI0NTEyMzd9.eARpAoExbfI9iFPlNfYAugVyl2qAT14vS1zVKvU-cqU"
[2023-09-19 10:49:31, error] "[Router Error]: /app/home/compass/css3"
[2023-09-19 10:49:31, info] "MySQL Query: SELECT key_string FROM encryption_key_info WHERE activate_yn = 'Y';"
[2023-09-19 10:49:31, info] "MySQL Query Params: "
[2023-09-19 10:49:31, info] "MySQL Query: SELECT * FROM predict_data WHERE user_code = ? and DATE(created_time) = ? ORDER BY created_time DESC LIMIT 1;"
[2023-09-19 10:49:31, info] "MySQL Query Params: 1,2023-09-19"
[2023-09-19 10:49:34, info] "MySQL Query: SELECT refresh_token FROM user_account WHERE user_code = ? and access_token = ?;"
[2023-09-19 10:49:34, info] "MySQL Query Params: 1,eyJhbGciOiJIUzI1NiIsInR5cCI6IkpXVCJ9.eyJhY2NvdW50SWQiOiJ0ZXN0MTIzIiwiaWF0IjoxNjk0Njc1MjM3LCJleHAiOjE3MDI0NTEyMzd9.eARpAoExbfI9iFPlNfYAugVyl2qAT14vS1zVKvU-cqU"
[2023-09-19 10:49:34, info] "MySQL Query: SELECT key_string FROM encryption_key_info WHERE activate_yn = 'Y';"
[2023-09-19 10:49:34, info] "MySQL Query Params: "
[2023-09-19 10:49:34, info] "MySQL Query: SELECT t1.*, DATE_FORMAT(t1.created_time, '%m-%d') AS c_time    FROM predict_data t1    WHERE user_code = ? AND created_time BETWEEN ? AND ?      AND created_time = (        SELECT MAX(t2.created_time)        FROM predict_data t2        WHERE t2.user_code = t1.user_code AND DATE(t2.created_time) = DATE(t1.created_time)      )      ORDER BY created_time;      "
[2023-09-19 10:49:34, info] "MySQL Query Params: 1,2023-08-20,2023-09-19"
[2023-09-19 10:50:25, info] "MySQL Query: SELECT refresh_token FROM user_account WHERE user_code = ? and access_token = ?;"
[2023-09-19 10:50:25, info] "MySQL Query Params: 1,eyJhbGciOiJIUzI1NiIsInR5cCI6IkpXVCJ9.eyJhY2NvdW50SWQiOiJ0ZXN0MTIzIiwiaWF0IjoxNjk0Njc1MjM3LCJleHAiOjE3MDI0NTEyMzd9.eARpAoExbfI9iFPlNfYAugVyl2qAT14vS1zVKvU-cqU"
[2023-09-19 10:50:25, info] "MySQL Query: SELECT refresh_token FROM user_account WHERE user_code = ? and access_token = ?;"
[2023-09-19 10:50:25, info] "MySQL Query Params: 1,eyJhbGciOiJIUzI1NiIsInR5cCI6IkpXVCJ9.eyJhY2NvdW50SWQiOiJ0ZXN0MTIzIiwiaWF0IjoxNjk0Njc1MjM3LCJleHAiOjE3MDI0NTEyMzd9.eARpAoExbfI9iFPlNfYAugVyl2qAT14vS1zVKvU-cqU"
[2023-09-19 10:50:25, error] "[Router Error]: /app/home/compass/css3"
[2023-09-19 10:50:25, info] "MySQL Query: SELECT key_string FROM encryption_key_info WHERE activate_yn = 'Y';"
[2023-09-19 10:50:25, info] "MySQL Query Params: "
[2023-09-19 10:50:25, info] "MySQL Query: SELECT * FROM predict_data WHERE user_code = ? and DATE(created_time) = ? ORDER BY created_time DESC LIMIT 1;"
[2023-09-19 10:50:25, info] "MySQL Query Params: 1,2023-09-19"
[2023-09-19 10:50:26, info] "MySQL Query: SELECT refresh_token FROM user_account WHERE user_code = ? and access_token = ?;"
[2023-09-19 10:50:26, info] "MySQL Query Params: 1,eyJhbGciOiJIUzI1NiIsInR5cCI6IkpXVCJ9.eyJhY2NvdW50SWQiOiJ0ZXN0MTIzIiwiaWF0IjoxNjk0Njc1MjM3LCJleHAiOjE3MDI0NTEyMzd9.eARpAoExbfI9iFPlNfYAugVyl2qAT14vS1zVKvU-cqU"
[2023-09-19 10:50:26, error] "[Router Error]: /app/home/compass/css3"
[2023-09-19 10:50:26, info] "MySQL Query: SELECT key_string FROM encryption_key_info WHERE activate_yn = 'Y';"
[2023-09-19 10:50:26, info] "MySQL Query Params: "
[2023-09-19 10:50:26, info] "MySQL Query: SELECT * FROM predict_data WHERE user_code = ? and DATE(created_time) = ? ORDER BY created_time DESC LIMIT 1;"
[2023-09-19 10:50:26, info] "MySQL Query Params: 1,2023-09-19"
[2023-09-19 10:50:28, info] "MySQL Query: SELECT key_string FROM encryption_key_info WHERE activate_yn = 'Y';"
[2023-09-19 10:50:28, info] "MySQL Query Params: "
[2023-09-19 10:50:28, info] "MySQL Query: SELECT * FROM predict_data WHERE user_code = ? and DATE(created_time) = ? ORDER BY created_time DESC LIMIT 1;"
[2023-09-19 10:50:28, info] "MySQL Query Params: 1,2023-09-07"
[2023-09-19 10:50:30, info] "MySQL Query: SELECT key_string FROM encryption_key_info WHERE activate_yn = 'Y';"
[2023-09-19 10:50:30, info] "MySQL Query Params: "
[2023-09-19 10:50:30, info] "MySQL Query: SELECT * FROM predict_data WHERE user_code = ? and DATE(created_time) = ? ORDER BY created_time DESC LIMIT 1;"
[2023-09-19 10:50:30, info] "MySQL Query Params: 1,2023-09-04"
[2023-09-19 10:50:32, info] "MySQL Query: SELECT key_string FROM encryption_key_info WHERE activate_yn = 'Y';"
[2023-09-19 10:50:32, info] "MySQL Query Params: "
[2023-09-19 10:50:32, info] "MySQL Query: SELECT * FROM predict_data WHERE user_code = ? and DATE(created_time) = ? ORDER BY created_time DESC LIMIT 1;"
[2023-09-19 10:50:32, info] "MySQL Query Params: 1,2023-09-02"
[2023-09-19 10:50:34, info] "MySQL Query: SELECT key_string FROM encryption_key_info WHERE activate_yn = 'Y';"
[2023-09-19 10:50:34, info] "MySQL Query Params: "
[2023-09-19 10:50:34, info] "MySQL Query: SELECT * FROM predict_data WHERE user_code = ? and DATE(created_time) = ? ORDER BY created_time DESC LIMIT 1;"
[2023-09-19 10:50:34, info] "MySQL Query Params: 1,2023-09-08"
[2023-09-19 10:50:36, info] "MySQL Query: SELECT key_string FROM encryption_key_info WHERE activate_yn = 'Y';"
[2023-09-19 10:50:36, info] "MySQL Query Params: "
[2023-09-19 10:50:36, info] "MySQL Query: SELECT * FROM predict_data WHERE user_code = ? and DATE(created_time) = ? ORDER BY created_time DESC LIMIT 1;"
[2023-09-19 10:50:36, info] "MySQL Query Params: 1,2023-09-12"
[2023-09-19 11:24:47, info] "MySQL Query: SELECT refresh_token FROM user_account WHERE user_code = ? and access_token = ?;"
[2023-09-19 11:24:47, info] "MySQL Query Params: 1,eyJhbGciOiJIUzI1NiIsInR5cCI6IkpXVCJ9.eyJhY2NvdW50SWQiOiJ0ZXN0MTIzIiwiaWF0IjoxNjk0Njc1MjM3LCJleHAiOjE3MDI0NTEyMzd9.eARpAoExbfI9iFPlNfYAugVyl2qAT14vS1zVKvU-cqU"
[2023-09-19 11:24:48, info] "MySQL Query: SELECT refresh_token FROM user_account WHERE user_code = ? and access_token = ?;"
[2023-09-19 11:24:48, info] "MySQL Query Params: 1,eyJhbGciOiJIUzI1NiIsInR5cCI6IkpXVCJ9.eyJhY2NvdW50SWQiOiJ0ZXN0MTIzIiwiaWF0IjoxNjk0Njc1MjM3LCJleHAiOjE3MDI0NTEyMzd9.eARpAoExbfI9iFPlNfYAugVyl2qAT14vS1zVKvU-cqU"
[2023-09-19 11:24:50, info] "MySQL Query: SELECT refresh_token FROM user_account WHERE user_code = ? and access_token = ?;"
[2023-09-19 11:24:50, info] "MySQL Query Params: 1,eyJhbGciOiJIUzI1NiIsInR5cCI6IkpXVCJ9.eyJhY2NvdW50SWQiOiJ0ZXN0MTIzIiwiaWF0IjoxNjk0Njc1MjM3LCJleHAiOjE3MDI0NTEyMzd9.eARpAoExbfI9iFPlNfYAugVyl2qAT14vS1zVKvU-cqU"
[2023-09-19 11:24:50, info] "MySQL Query: SELECT refresh_token FROM user_account WHERE user_code = ? and access_token = ?;"
[2023-09-19 11:24:50, info] "MySQL Query Params: 1,eyJhbGciOiJIUzI1NiIsInR5cCI6IkpXVCJ9.eyJhY2NvdW50SWQiOiJ0ZXN0MTIzIiwiaWF0IjoxNjk0Njc1MjM3LCJleHAiOjE3MDI0NTEyMzd9.eARpAoExbfI9iFPlNfYAugVyl2qAT14vS1zVKvU-cqU"
[2023-09-19 11:24:50, error] "[Router Error]: /app/home/compass/css3"
[2023-09-19 11:24:50, info] "MySQL Query: SELECT key_string FROM encryption_key_info WHERE activate_yn = 'Y';"
[2023-09-19 11:24:50, info] "MySQL Query Params: "
[2023-09-19 11:24:50, info] "MySQL Query: SELECT * FROM predict_data WHERE user_code = ? and DATE(created_time) = ? ORDER BY created_time DESC LIMIT 1;"
[2023-09-19 11:24:50, info] "MySQL Query Params: 1,2023-09-19"
[2023-09-19 11:24:51, info] "MySQL Query: SELECT refresh_token FROM user_account WHERE user_code = ? and access_token = ?;"
[2023-09-19 11:24:51, info] "MySQL Query Params: 1,eyJhbGciOiJIUzI1NiIsInR5cCI6IkpXVCJ9.eyJhY2NvdW50SWQiOiJ0ZXN0MTIzIiwiaWF0IjoxNjk0Njc1MjM3LCJleHAiOjE3MDI0NTEyMzd9.eARpAoExbfI9iFPlNfYAugVyl2qAT14vS1zVKvU-cqU"
[2023-09-19 11:24:51, info] "MySQL Query: SELECT key_string FROM encryption_key_info WHERE activate_yn = 'Y';"
[2023-09-19 11:24:51, info] "MySQL Query Params: "
[2023-09-19 11:24:51, info] "MySQL Query: SELECT t1.*, DATE_FORMAT(t1.created_time, '%m-%d') AS c_time    FROM predict_data t1    WHERE user_code = ? AND created_time BETWEEN ? AND ?      AND created_time = (        SELECT MAX(t2.created_time)        FROM predict_data t2        WHERE t2.user_code = t1.user_code AND DATE(t2.created_time) = DATE(t1.created_time)      )      ORDER BY created_time;      "
[2023-09-19 11:24:51, info] "MySQL Query Params: 1,2023-08-20,2023-09-19"
[2023-09-19 11:24:52, info] "MySQL Query: SELECT refresh_token FROM user_account WHERE user_code = ? and access_token = ?;"
[2023-09-19 11:24:52, info] "MySQL Query Params: 1,eyJhbGciOiJIUzI1NiIsInR5cCI6IkpXVCJ9.eyJhY2NvdW50SWQiOiJ0ZXN0MTIzIiwiaWF0IjoxNjk0Njc1MjM3LCJleHAiOjE3MDI0NTEyMzd9.eARpAoExbfI9iFPlNfYAugVyl2qAT14vS1zVKvU-cqU"
[2023-09-19 11:24:52, info] "MySQL Query:     SELECT user_code, name, account_id, phone_first, phone_middle, phone_last, gender, birth_year, birth_month, birth_day     FROM user_account     WHERE user_code = ? AND activate_yn='Y';"
[2023-09-19 11:24:52, info] "MySQL Query Params: 1"
[2023-09-19 11:24:52, info] "MySQL Query: SELECT key_string FROM encryption_key_info WHERE activate_yn = 'Y';"
[2023-09-19 11:24:52, info] "MySQL Query Params: "
[2023-09-19 11:25:00, info] "MySQL Query: SELECT refresh_token FROM user_account WHERE user_code = ? and access_token = ?;"
[2023-09-19 11:25:00, info] "MySQL Query Params: 1,eyJhbGciOiJIUzI1NiIsInR5cCI6IkpXVCJ9.eyJhY2NvdW50SWQiOiJ0ZXN0MTIzIiwiaWF0IjoxNjk0Njc1MjM3LCJleHAiOjE3MDI0NTEyMzd9.eARpAoExbfI9iFPlNfYAugVyl2qAT14vS1zVKvU-cqU"
[2023-09-19 11:25:00, info] "MySQL Query:     SELECT user_code, name, account_id, phone_first, phone_middle, phone_last, gender, birth_year, birth_month, birth_day     FROM user_account     WHERE user_code = ? AND activate_yn='Y';"
[2023-09-19 11:25:00, info] "MySQL Query Params: 1"
[2023-09-19 11:25:00, info] "MySQL Query: SELECT key_string FROM encryption_key_info WHERE activate_yn = 'Y';"
[2023-09-19 11:25:00, info] "MySQL Query Params: "
[2023-09-19 11:25:03, info] "MySQL Query: SELECT refresh_token FROM user_account WHERE user_code = ? and access_token = ?;"
[2023-09-19 11:25:03, info] "MySQL Query Params: 1,eyJhbGciOiJIUzI1NiIsInR5cCI6IkpXVCJ9.eyJhY2NvdW50SWQiOiJ0ZXN0MTIzIiwiaWF0IjoxNjk0Njc1MjM3LCJleHAiOjE3MDI0NTEyMzd9.eARpAoExbfI9iFPlNfYAugVyl2qAT14vS1zVKvU-cqU"
[2023-09-19 11:25:03, info] "MySQL Query:     SELECT user_code, name, account_id, phone_first, phone_middle, phone_last, gender, birth_year, birth_month, birth_day     FROM user_account     WHERE user_code = ? AND activate_yn='Y';"
[2023-09-19 11:25:03, info] "MySQL Query Params: 1"
[2023-09-19 11:25:03, info] "MySQL Query: SELECT key_string FROM encryption_key_info WHERE activate_yn = 'Y';"
[2023-09-19 11:25:03, info] "MySQL Query Params: "
[2023-09-19 11:25:09, info] "MySQL Query: SELECT refresh_token FROM user_account WHERE user_code = ? and access_token = ?;"
[2023-09-19 11:25:09, info] "MySQL Query Params: 1,eyJhbGciOiJIUzI1NiIsInR5cCI6IkpXVCJ9.eyJhY2NvdW50SWQiOiJ0ZXN0MTIzIiwiaWF0IjoxNjk0Njc1MjM3LCJleHAiOjE3MDI0NTEyMzd9.eARpAoExbfI9iFPlNfYAugVyl2qAT14vS1zVKvU-cqU"
[2023-09-19 11:25:09, error] "[Router Error]: /api/mypage/announcement/1?lang=ko&accessToken=Bearer_eyJhbGciOiJIUzI1NiIsInR5cCI6IkpXVCJ9.eyJhY2NvdW50SWQiOiJ0ZXN0MTIzIiwiaWF0IjoxNjk0Njc1MjM3LCJleHAiOjE3MDI0NTEyMzd9.eARpAoExbfI9iFPlNfYAugVyl2qAT14vS1zVKvU-cqU"
[2023-09-19 11:25:12, info] "MySQL Query: SELECT refresh_token FROM user_account WHERE user_code = ? and access_token = ?;"
[2023-09-19 11:25:12, info] "MySQL Query Params: 1,eyJhbGciOiJIUzI1NiIsInR5cCI6IkpXVCJ9.eyJhY2NvdW50SWQiOiJ0ZXN0MTIzIiwiaWF0IjoxNjk0Njc1MjM3LCJleHAiOjE3MDI0NTEyMzd9.eARpAoExbfI9iFPlNfYAugVyl2qAT14vS1zVKvU-cqU"
[2023-09-19 11:25:12, info] "MySQL Query:     SELECT user_code, name, account_id, phone_first, phone_middle, phone_last, gender, birth_year, birth_month, birth_day     FROM user_account     WHERE user_code = ? AND activate_yn='Y';"
[2023-09-19 11:25:12, info] "MySQL Query Params: 1"
[2023-09-19 11:25:12, info] "MySQL Query: SELECT key_string FROM encryption_key_info WHERE activate_yn = 'Y';"
[2023-09-19 11:25:12, info] "MySQL Query Params: "
[2023-09-19 11:25:13, info] "MySQL Query: SELECT refresh_token FROM user_account WHERE user_code = ? and access_token = ?;"
[2023-09-19 11:25:13, info] "MySQL Query Params: 1,eyJhbGciOiJIUzI1NiIsInR5cCI6IkpXVCJ9.eyJhY2NvdW50SWQiOiJ0ZXN0MTIzIiwiaWF0IjoxNjk0Njc1MjM3LCJleHAiOjE3MDI0NTEyMzd9.eARpAoExbfI9iFPlNfYAugVyl2qAT14vS1zVKvU-cqU"
[2023-09-19 11:25:13, error] "[Router Error]: /api/mypage/announcement/1?lang=ko&accessToken=Bearer_eyJhbGciOiJIUzI1NiIsInR5cCI6IkpXVCJ9.eyJhY2NvdW50SWQiOiJ0ZXN0MTIzIiwiaWF0IjoxNjk0Njc1MjM3LCJleHAiOjE3MDI0NTEyMzd9.eARpAoExbfI9iFPlNfYAugVyl2qAT14vS1zVKvU-cqU"
[2023-09-19 11:25:14, info] "MySQL Query: SELECT refresh_token FROM user_account WHERE user_code = ? and access_token = ?;"
[2023-09-19 11:25:14, info] "MySQL Query Params: 1,eyJhbGciOiJIUzI1NiIsInR5cCI6IkpXVCJ9.eyJhY2NvdW50SWQiOiJ0ZXN0MTIzIiwiaWF0IjoxNjk0Njc1MjM3LCJleHAiOjE3MDI0NTEyMzd9.eARpAoExbfI9iFPlNfYAugVyl2qAT14vS1zVKvU-cqU"
[2023-09-19 11:25:14, info] "MySQL Query:     SELECT user_code, name, account_id, phone_first, phone_middle, phone_last, gender, birth_year, birth_month, birth_day     FROM user_account     WHERE user_code = ? AND activate_yn='Y';"
[2023-09-19 11:25:14, info] "MySQL Query Params: 1"
[2023-09-19 11:25:14, info] "MySQL Query: SELECT key_string FROM encryption_key_info WHERE activate_yn = 'Y';"
[2023-09-19 11:25:14, info] "MySQL Query Params: "
[2023-09-19 11:25:15, info] "MySQL Query: SELECT refresh_token FROM user_account WHERE user_code = ? and access_token = ?;"
[2023-09-19 11:25:15, info] "MySQL Query Params: 1,eyJhbGciOiJIUzI1NiIsInR5cCI6IkpXVCJ9.eyJhY2NvdW50SWQiOiJ0ZXN0MTIzIiwiaWF0IjoxNjk0Njc1MjM3LCJleHAiOjE3MDI0NTEyMzd9.eARpAoExbfI9iFPlNfYAugVyl2qAT14vS1zVKvU-cqU"
[2023-09-19 11:25:15, info] "MySQL Query: SELECT key_string FROM encryption_key_info WHERE activate_yn = 'Y';"
[2023-09-19 11:25:15, info] "MySQL Query Params: "
[2023-09-19 11:25:15, info] "MySQL Query:     SELECT account_id, name, phone_first, phone_middle, phone_last, email_id, email_domain    FROM user_account    WHERE user_code = ?;"
[2023-09-19 11:25:15, info] "MySQL Query Params: 1"
[2023-09-19 11:25:19, info] "MySQL Query: SELECT refresh_token FROM user_account WHERE user_code = ? and access_token = ?;"
[2023-09-19 11:25:19, info] "MySQL Query Params: 1,eyJhbGciOiJIUzI1NiIsInR5cCI6IkpXVCJ9.eyJhY2NvdW50SWQiOiJ0ZXN0MTIzIiwiaWF0IjoxNjk0Njc1MjM3LCJleHAiOjE3MDI0NTEyMzd9.eARpAoExbfI9iFPlNfYAugVyl2qAT14vS1zVKvU-cqU"
[2023-09-19 11:25:19, info] "MySQL Query:     SELECT user_code, name, account_id, phone_first, phone_middle, phone_last, gender, birth_year, birth_month, birth_day     FROM user_account     WHERE user_code = ? AND activate_yn='Y';"
[2023-09-19 11:25:19, info] "MySQL Query Params: 1"
[2023-09-19 11:25:19, info] "MySQL Query: SELECT key_string FROM encryption_key_info WHERE activate_yn = 'Y';"
[2023-09-19 11:25:19, info] "MySQL Query Params: "
[2023-09-19 11:25:20, info] "MySQL Query: SELECT refresh_token FROM user_account WHERE user_code = ? and access_token = ?;"
[2023-09-19 11:25:20, info] "MySQL Query Params: 1,eyJhbGciOiJIUzI1NiIsInR5cCI6IkpXVCJ9.eyJhY2NvdW50SWQiOiJ0ZXN0MTIzIiwiaWF0IjoxNjk0Njc1MjM3LCJleHAiOjE3MDI0NTEyMzd9.eARpAoExbfI9iFPlNfYAugVyl2qAT14vS1zVKvU-cqU"
[2023-09-19 11:25:20, error] "[Router Error]: /api/mypage/announcement/1?lang=ko&accessToken=Bearer_eyJhbGciOiJIUzI1NiIsInR5cCI6IkpXVCJ9.eyJhY2NvdW50SWQiOiJ0ZXN0MTIzIiwiaWF0IjoxNjk0Njc1MjM3LCJleHAiOjE3MDI0NTEyMzd9.eARpAoExbfI9iFPlNfYAugVyl2qAT14vS1zVKvU-cqU"
[2023-09-19 11:25:22, info] "MySQL Query: SELECT refresh_token FROM user_account WHERE user_code = ? and access_token = ?;"
[2023-09-19 11:25:22, info] "MySQL Query Params: 1,eyJhbGciOiJIUzI1NiIsInR5cCI6IkpXVCJ9.eyJhY2NvdW50SWQiOiJ0ZXN0MTIzIiwiaWF0IjoxNjk0Njc1MjM3LCJleHAiOjE3MDI0NTEyMzd9.eARpAoExbfI9iFPlNfYAugVyl2qAT14vS1zVKvU-cqU"
[2023-09-19 11:25:23, info] "MySQL Query:     SELECT user_code, name, account_id, phone_first, phone_middle, phone_last, gender, birth_year, birth_month, birth_day     FROM user_account     WHERE user_code = ? AND activate_yn='Y';"
[2023-09-19 11:25:23, info] "MySQL Query Params: 1"
[2023-09-19 11:25:23, info] "MySQL Query: SELECT key_string FROM encryption_key_info WHERE activate_yn = 'Y';"
[2023-09-19 11:25:23, info] "MySQL Query Params: "
[2023-09-19 11:25:25, info] "MySQL Query: SELECT refresh_token FROM user_account WHERE user_code = ? and access_token = ?;"
[2023-09-19 11:25:25, info] "MySQL Query Params: 1,eyJhbGciOiJIUzI1NiIsInR5cCI6IkpXVCJ9.eyJhY2NvdW50SWQiOiJ0ZXN0MTIzIiwiaWF0IjoxNjk0Njc1MjM3LCJleHAiOjE3MDI0NTEyMzd9.eARpAoExbfI9iFPlNfYAugVyl2qAT14vS1zVKvU-cqU"
[2023-09-19 11:25:25, error] "[Router Error]: /api/mypage/announcement/1?lang=ko&accessToken=Bearer_eyJhbGciOiJIUzI1NiIsInR5cCI6IkpXVCJ9.eyJhY2NvdW50SWQiOiJ0ZXN0MTIzIiwiaWF0IjoxNjk0Njc1MjM3LCJleHAiOjE3MDI0NTEyMzd9.eARpAoExbfI9iFPlNfYAugVyl2qAT14vS1zVKvU-cqU"
[2023-09-19 11:29:10, info] "MySQL Query: SELECT refresh_token FROM user_account WHERE user_code = ? and access_token = ?;"
[2023-09-19 11:29:10, info] "MySQL Query Params: 1,eyJhbGciOiJIUzI1NiIsInR5cCI6IkpXVCJ9.eyJhY2NvdW50SWQiOiJ0ZXN0MTIzIiwiaWF0IjoxNjk0Njc1MjM3LCJleHAiOjE3MDI0NTEyMzd9.eARpAoExbfI9iFPlNfYAugVyl2qAT14vS1zVKvU-cqU"
[2023-09-19 11:29:10, info] "MySQL Query: SELECT key_string FROM encryption_key_info WHERE activate_yn = 'Y';"
[2023-09-19 11:29:10, info] "MySQL Query Params: "
[2023-09-19 11:29:10, info] "MySQL Query: SELECT t1.*, DATE_FORMAT(t1.created_time, '%m-%d') AS c_time    FROM predict_data t1    WHERE user_code = ? AND created_time BETWEEN ? AND ?      AND created_time = (        SELECT MAX(t2.created_time)        FROM predict_data t2        WHERE t2.user_code = t1.user_code AND DATE(t2.created_time) = DATE(t1.created_time)      )      ORDER BY created_time;      "
[2023-09-19 11:29:10, info] "MySQL Query Params: 1,2023-08-20,2023-09-19"
[2023-09-19 11:29:10, info] "MySQL Query: SELECT refresh_token FROM user_account WHERE user_code = ? and access_token = ?;"
[2023-09-19 11:29:10, info] "MySQL Query Params: 1,eyJhbGciOiJIUzI1NiIsInR5cCI6IkpXVCJ9.eyJhY2NvdW50SWQiOiJ0ZXN0MTIzIiwiaWF0IjoxNjk0Njc1MjM3LCJleHAiOjE3MDI0NTEyMzd9.eARpAoExbfI9iFPlNfYAugVyl2qAT14vS1zVKvU-cqU"
[2023-09-19 11:29:10, info] "MySQL Query:     SELECT user_code, name, account_id, phone_first, phone_middle, phone_last, gender, birth_year, birth_month, birth_day     FROM user_account     WHERE user_code = ? AND activate_yn='Y';"
[2023-09-19 11:29:10, info] "MySQL Query Params: 1"
[2023-09-19 11:29:10, info] "MySQL Query: SELECT key_string FROM encryption_key_info WHERE activate_yn = 'Y';"
[2023-09-19 11:29:10, info] "MySQL Query Params: "
[2023-09-19 11:29:12, info] "MySQL Query: SELECT refresh_token FROM user_account WHERE user_code = ? and access_token = ?;"
[2023-09-19 11:29:12, info] "MySQL Query Params: 1,eyJhbGciOiJIUzI1NiIsInR5cCI6IkpXVCJ9.eyJhY2NvdW50SWQiOiJ0ZXN0MTIzIiwiaWF0IjoxNjk0Njc1MjM3LCJleHAiOjE3MDI0NTEyMzd9.eARpAoExbfI9iFPlNfYAugVyl2qAT14vS1zVKvU-cqU"
[2023-09-19 11:29:12, error] "[Router Error]: /api/mypage/announcement/1?lang=ko&accessToken=Bearer_eyJhbGciOiJIUzI1NiIsInR5cCI6IkpXVCJ9.eyJhY2NvdW50SWQiOiJ0ZXN0MTIzIiwiaWF0IjoxNjk0Njc1MjM3LCJleHAiOjE3MDI0NTEyMzd9.eARpAoExbfI9iFPlNfYAugVyl2qAT14vS1zVKvU-cqU"
[2023-09-19 11:34:36, info] "MySQL Query: SELECT refresh_token FROM user_account WHERE user_code = ? and access_token = ?;"
[2023-09-19 11:34:36, info] "MySQL Query Params: 1,eyJhbGciOiJIUzI1NiIsInR5cCI6IkpXVCJ9.eyJhY2NvdW50SWQiOiJ0ZXN0MTIzIiwiaWF0IjoxNjk0Njc1MjM3LCJleHAiOjE3MDI0NTEyMzd9.eARpAoExbfI9iFPlNfYAugVyl2qAT14vS1zVKvU-cqU"
[2023-09-19 11:34:36, info] "MySQL Query:     SELECT user_code, name, account_id, phone_first, phone_middle, phone_last, gender, birth_year, birth_month, birth_day     FROM user_account     WHERE user_code = ? AND activate_yn='Y';"
[2023-09-19 11:34:36, info] "MySQL Query Params: 1"
[2023-09-19 11:34:36, info] "MySQL Query: SELECT key_string FROM encryption_key_info WHERE activate_yn = 'Y';"
[2023-09-19 11:34:36, info] "MySQL Query Params: "
[2023-09-19 11:34:47, info] "MySQL Query: SELECT user_code, name, login_check    FROM user_account    WHERE account_id=? AND account_password = SHA2(?, 256) AND activate_yn='Y';"
[2023-09-19 11:34:47, info] "MySQL Query Params: mhb0598,test123!@#"
[2023-09-19 11:35:05, info] "MySQL Query: SELECT user_code, name, login_check    FROM user_account    WHERE account_id=? AND account_password = SHA2(?, 256) AND activate_yn='Y';"
[2023-09-19 11:35:05, info] "MySQL Query Params: test123,test123!@#"
[2023-09-19 11:35:05, info] "MySQL Query: UPDATE user_account        SET login_check = 'Y'      WHERE user_code = ?;"
[2023-09-19 11:35:05, info] "MySQL Query Params: 1"
[2023-09-19 11:35:05, info] "MySQL Query: UPDATE user_account SET access_token = ?, refresh_token = ? WHERE user_code = ?;"
[2023-09-19 11:35:05, info] "MySQL Query Params: eyJhbGciOiJIUzI1NiIsInR5cCI6IkpXVCJ9.eyJhY2NvdW50SWQiOiJ0ZXN0MTIzIiwiaWF0IjoxNjk1MDkwOTA1LCJleHAiOjE3MDI4NjY5MDV9.Vl95qC6ElhUquZdGMddgkJ4EUKRCHUhu3BcOz_4qwLQ,eyJhbGciOiJIUzI1NiIsInR5cCI6IkpXVCJ9.eyJhY2NvdW50SWQiOiJ0ZXN0MTIzIiwiaWF0IjoxNjk1MDkwOTA1LCJleHAiOjE3MDI4NjY5MDV9.9R1IUMOKAI0WqSnvKw97mta-85C5LKlLeJpjveMj-nk,1"
[2023-09-19 11:35:05, info] "MySQL Query: SELECT key_string FROM encryption_key_info WHERE activate_yn = 'Y';"
[2023-09-19 11:35:05, info] "MySQL Query Params: "
[2023-09-19 11:35:05, info] "MySQL Query: SELECT refresh_token FROM user_account WHERE user_code = ? and access_token = ?;"
[2023-09-19 11:35:05, info] "MySQL Query Params: 1,eyJhbGciOiJIUzI1NiIsInR5cCI6IkpXVCJ9.eyJhY2NvdW50SWQiOiJ0ZXN0MTIzIiwiaWF0IjoxNjk1MDkwOTA1LCJleHAiOjE3MDI4NjY5MDV9.Vl95qC6ElhUquZdGMddgkJ4EUKRCHUhu3BcOz_4qwLQ"
[2023-09-19 11:35:05, info] "MySQL Query: SELECT refresh_token FROM user_account WHERE user_code = ? and access_token = ?;"
[2023-09-19 11:35:05, info] "MySQL Query Params: 1,eyJhbGciOiJIUzI1NiIsInR5cCI6IkpXVCJ9.eyJhY2NvdW50SWQiOiJ0ZXN0MTIzIiwiaWF0IjoxNjk1MDkwOTA1LCJleHAiOjE3MDI4NjY5MDV9.Vl95qC6ElhUquZdGMddgkJ4EUKRCHUhu3BcOz_4qwLQ"
[2023-09-19 11:35:05, error] "[Router Error]: /app/home/compass/css3"
[2023-09-19 11:35:05, info] "MySQL Query: SELECT key_string FROM encryption_key_info WHERE activate_yn = 'Y';"
[2023-09-19 11:35:05, info] "MySQL Query Params: "
[2023-09-19 11:35:05, info] "MySQL Query: SELECT * FROM predict_data WHERE user_code = ? and DATE(created_time) = ? ORDER BY created_time DESC LIMIT 1;"
[2023-09-19 11:35:05, info] "MySQL Query Params: 1,2023-09-19"
[2023-09-19 11:35:07, info] "MySQL Query: SELECT refresh_token FROM user_account WHERE user_code = ? and access_token = ?;"
[2023-09-19 11:35:07, info] "MySQL Query Params: 1,eyJhbGciOiJIUzI1NiIsInR5cCI6IkpXVCJ9.eyJhY2NvdW50SWQiOiJ0ZXN0MTIzIiwiaWF0IjoxNjk1MDkwOTA1LCJleHAiOjE3MDI4NjY5MDV9.Vl95qC6ElhUquZdGMddgkJ4EUKRCHUhu3BcOz_4qwLQ"
[2023-09-19 11:35:07, info] "MySQL Query:     SELECT user_code, name, account_id, phone_first, phone_middle, phone_last, gender, birth_year, birth_month, birth_day     FROM user_account     WHERE user_code = ? AND activate_yn='Y';"
[2023-09-19 11:35:07, info] "MySQL Query Params: 1"
[2023-09-19 11:35:07, info] "MySQL Query: SELECT key_string FROM encryption_key_info WHERE activate_yn = 'Y';"
[2023-09-19 11:35:07, info] "MySQL Query Params: "
[2023-09-19 11:35:08, info] "MySQL Query: SELECT refresh_token FROM user_account WHERE user_code = ? and access_token = ?;"
[2023-09-19 11:35:08, info] "MySQL Query Params: 1,eyJhbGciOiJIUzI1NiIsInR5cCI6IkpXVCJ9.eyJhY2NvdW50SWQiOiJ0ZXN0MTIzIiwiaWF0IjoxNjk1MDkwOTA1LCJleHAiOjE3MDI4NjY5MDV9.Vl95qC6ElhUquZdGMddgkJ4EUKRCHUhu3BcOz_4qwLQ"
[2023-09-19 11:35:08, error] "[Router Error]: /api/mypage/announcement/1?lang=ko&accessToken=Bearer_eyJhbGciOiJIUzI1NiIsInR5cCI6IkpXVCJ9.eyJhY2NvdW50SWQiOiJ0ZXN0MTIzIiwiaWF0IjoxNjk1MDkwOTA1LCJleHAiOjE3MDI4NjY5MDV9.Vl95qC6ElhUquZdGMddgkJ4EUKRCHUhu3BcOz_4qwLQ"
[2023-09-19 11:40:01, info] "MySQL Query: SELECT refresh_token FROM user_account WHERE user_code = ? and access_token = ?;"
[2023-09-19 11:40:01, info] "MySQL Query Params: 1,eyJhbGciOiJIUzI1NiIsInR5cCI6IkpXVCJ9.eyJhY2NvdW50SWQiOiJ0ZXN0MTIzIiwiaWF0IjoxNjk1MDkwOTA1LCJleHAiOjE3MDI4NjY5MDV9.Vl95qC6ElhUquZdGMddgkJ4EUKRCHUhu3BcOz_4qwLQ"
[2023-09-19 11:40:01, info] "MySQL Query: SELECT key_string FROM encryption_key_info WHERE activate_yn = 'Y';"
[2023-09-19 11:40:01, info] "MySQL Query Params: "
[2023-09-19 11:40:01, info] "MySQL Query: SELECT t1.*, DATE_FORMAT(t1.created_time, '%m-%d') AS c_time    FROM predict_data t1    WHERE user_code = ? AND created_time BETWEEN ? AND ?      AND created_time = (        SELECT MAX(t2.created_time)        FROM predict_data t2        WHERE t2.user_code = t1.user_code AND DATE(t2.created_time) = DATE(t1.created_time)      )      ORDER BY created_time;      "
[2023-09-19 11:40:01, info] "MySQL Query Params: 1,2023-08-20,2023-09-19"
[2023-09-19 11:40:05, info] "MySQL Query: SELECT key_string FROM encryption_key_info WHERE activate_yn = 'Y';"
[2023-09-19 11:40:05, info] "MySQL Query Params: "
[2023-09-19 11:40:05, info] "MySQL Query: SELECT t1.* , DATE_FORMAT(t1.created_time, '%m-%d') AS c_time    FROM predict_data t1     WHERE user_code=? AND created_time LIKE ?     AND created_time = (        SELECT MAX(t2.created_time)        FROM predict_data t2        WHERE t2.user_code = t1.user_code AND DATE(t2.created_time) = DATE(t1.created_time)      )      ORDER BY created_time;      "
[2023-09-19 11:40:05, info] "MySQL Query Params: 1,2023-09%"
[2023-09-19 11:40:06, info] "MySQL Query: SELECT refresh_token FROM user_account WHERE user_code = ? and access_token = ?;"
[2023-09-19 11:40:06, info] "MySQL Query Params: 1,eyJhbGciOiJIUzI1NiIsInR5cCI6IkpXVCJ9.eyJhY2NvdW50SWQiOiJ0ZXN0MTIzIiwiaWF0IjoxNjk1MDkwOTA1LCJleHAiOjE3MDI4NjY5MDV9.Vl95qC6ElhUquZdGMddgkJ4EUKRCHUhu3BcOz_4qwLQ"
[2023-09-19 11:40:06, error] "[Router Error]: /app/home/compass/css3"
[2023-09-19 11:40:06, info] "MySQL Query: SELECT key_string FROM encryption_key_info WHERE activate_yn = 'Y';"
[2023-09-19 11:40:06, info] "MySQL Query Params: "
[2023-09-19 11:40:06, info] "MySQL Query: SELECT * FROM predict_data WHERE user_code = ? and DATE(created_time) = ? ORDER BY created_time DESC LIMIT 1;"
[2023-09-19 11:40:06, info] "MySQL Query Params: 1,2023-09-19"
[2023-09-19 11:40:10, info] "MySQL Query: SELECT key_string FROM encryption_key_info WHERE activate_yn = 'Y';"
[2023-09-19 11:40:10, info] "MySQL Query Params: "
[2023-09-19 11:40:10, info] "MySQL Query: SELECT * FROM predict_data WHERE user_code = ? and DATE(created_time) = ? ORDER BY created_time DESC LIMIT 1;"
[2023-09-19 11:40:10, info] "MySQL Query Params: 1,2023-09-06"
[2023-09-19 11:40:14, info] "MySQL Query: SELECT key_string FROM encryption_key_info WHERE activate_yn = 'Y';"
[2023-09-19 11:40:14, info] "MySQL Query Params: "
[2023-09-19 11:40:14, info] "MySQL Query: SELECT * FROM predict_data WHERE user_code = ? and DATE(created_time) = ? ORDER BY created_time DESC LIMIT 1;"
[2023-09-19 11:40:14, info] "MySQL Query Params: 1,2023-09-08"
[2023-09-19 11:40:16, info] "MySQL Query: SELECT refresh_token FROM user_account WHERE user_code = ? and access_token = ?;"
[2023-09-19 11:40:16, info] "MySQL Query Params: 1,eyJhbGciOiJIUzI1NiIsInR5cCI6IkpXVCJ9.eyJhY2NvdW50SWQiOiJ0ZXN0MTIzIiwiaWF0IjoxNjk1MDkwOTA1LCJleHAiOjE3MDI4NjY5MDV9.Vl95qC6ElhUquZdGMddgkJ4EUKRCHUhu3BcOz_4qwLQ"
[2023-09-19 11:40:16, info] "MySQL Query: SELECT key_string FROM encryption_key_info WHERE activate_yn = 'Y';"
[2023-09-19 11:40:16, info] "MySQL Query Params: "
[2023-09-19 11:40:16, info] "MySQL Query: SELECT t1.*, DATE_FORMAT(t1.created_time, '%m-%d') AS c_time    FROM predict_data t1    WHERE user_code = ? AND created_time BETWEEN ? AND ?      AND created_time = (        SELECT MAX(t2.created_time)        FROM predict_data t2        WHERE t2.user_code = t1.user_code AND DATE(t2.created_time) = DATE(t1.created_time)      )      ORDER BY created_time;      "
[2023-09-19 11:40:16, info] "MySQL Query Params: 1,2023-08-20,2023-09-19"
[2023-09-19 11:40:18, info] "MySQL Query: SELECT refresh_token FROM user_account WHERE user_code = ? and access_token = ?;"
[2023-09-19 11:40:18, info] "MySQL Query Params: 1,eyJhbGciOiJIUzI1NiIsInR5cCI6IkpXVCJ9.eyJhY2NvdW50SWQiOiJ0ZXN0MTIzIiwiaWF0IjoxNjk1MDkwOTA1LCJleHAiOjE3MDI4NjY5MDV9.Vl95qC6ElhUquZdGMddgkJ4EUKRCHUhu3BcOz_4qwLQ"
[2023-09-19 11:40:18, info] "MySQL Query:     SELECT user_code, name, account_id, phone_first, phone_middle, phone_last, gender, birth_year, birth_month, birth_day     FROM user_account     WHERE user_code = ? AND activate_yn='Y';"
[2023-09-19 11:40:18, info] "MySQL Query Params: 1"
[2023-09-19 11:40:18, info] "MySQL Query: SELECT key_string FROM encryption_key_info WHERE activate_yn = 'Y';"
[2023-09-19 11:40:18, info] "MySQL Query Params: "
[2023-09-19 11:40:20, info] "MySQL Query: SELECT refresh_token FROM user_account WHERE user_code = ? and access_token = ?;"
[2023-09-19 11:40:20, info] "MySQL Query Params: 1,eyJhbGciOiJIUzI1NiIsInR5cCI6IkpXVCJ9.eyJhY2NvdW50SWQiOiJ0ZXN0MTIzIiwiaWF0IjoxNjk1MDkwOTA1LCJleHAiOjE3MDI4NjY5MDV9.Vl95qC6ElhUquZdGMddgkJ4EUKRCHUhu3BcOz_4qwLQ"
[2023-09-19 11:40:20, info] "MySQL Query: SELECT key_string FROM encryption_key_info WHERE activate_yn = 'Y';"
[2023-09-19 11:40:20, info] "MySQL Query Params: "
[2023-09-19 11:40:20, info] "MySQL Query:     SELECT account_id, name, phone_first, phone_middle, phone_last, email_id, email_domain    FROM user_account    WHERE user_code = ?;"
[2023-09-19 11:40:20, info] "MySQL Query Params: 1"
[2023-09-19 11:40:22, info] "MySQL Query: SELECT refresh_token FROM user_account WHERE user_code = ? and access_token = ?;"
[2023-09-19 11:40:22, info] "MySQL Query Params: 1,eyJhbGciOiJIUzI1NiIsInR5cCI6IkpXVCJ9.eyJhY2NvdW50SWQiOiJ0ZXN0MTIzIiwiaWF0IjoxNjk1MDkwOTA1LCJleHAiOjE3MDI4NjY5MDV9.Vl95qC6ElhUquZdGMddgkJ4EUKRCHUhu3BcOz_4qwLQ"
[2023-09-19 11:40:22, info] "MySQL Query:     SELECT user_code, name, account_id, phone_first, phone_middle, phone_last, gender, birth_year, birth_month, birth_day     FROM user_account     WHERE user_code = ? AND activate_yn='Y';"
[2023-09-19 11:40:22, info] "MySQL Query Params: 1"
[2023-09-19 11:40:22, info] "MySQL Query: SELECT key_string FROM encryption_key_info WHERE activate_yn = 'Y';"
[2023-09-19 11:40:22, info] "MySQL Query Params: "
[2023-09-19 11:40:25, info] "MySQL Query: SELECT refresh_token FROM user_account WHERE user_code = ? and access_token = ?;"
[2023-09-19 11:40:25, info] "MySQL Query Params: 1,eyJhbGciOiJIUzI1NiIsInR5cCI6IkpXVCJ9.eyJhY2NvdW50SWQiOiJ0ZXN0MTIzIiwiaWF0IjoxNjk1MDkwOTA1LCJleHAiOjE3MDI4NjY5MDV9.Vl95qC6ElhUquZdGMddgkJ4EUKRCHUhu3BcOz_4qwLQ"
[2023-09-19 11:40:25, error] "[Router Error]: /api/mypage/announcement/1?lang=ko&accessToken=Bearer_eyJhbGciOiJIUzI1NiIsInR5cCI6IkpXVCJ9.eyJhY2NvdW50SWQiOiJ0ZXN0MTIzIiwiaWF0IjoxNjk1MDkwOTA1LCJleHAiOjE3MDI4NjY5MDV9.Vl95qC6ElhUquZdGMddgkJ4EUKRCHUhu3BcOz_4qwLQ"
[2023-09-19 11:41:06, info] "MySQL Query: SELECT refresh_token FROM user_account WHERE user_code = ? and access_token = ?;"
[2023-09-19 11:41:06, info] "MySQL Query Params: 1,eyJhbGciOiJIUzI1NiIsInR5cCI6IkpXVCJ9.eyJhY2NvdW50SWQiOiJ0ZXN0MTIzIiwiaWF0IjoxNjk1MDkwOTA1LCJleHAiOjE3MDI4NjY5MDV9.Vl95qC6ElhUquZdGMddgkJ4EUKRCHUhu3BcOz_4qwLQ"
[2023-09-19 11:41:07, info] "MySQL Query:     SELECT user_code, name, account_id, phone_first, phone_middle, phone_last, gender, birth_year, birth_month, birth_day     FROM user_account     WHERE user_code = ? AND activate_yn='Y';"
[2023-09-19 11:41:07, info] "MySQL Query Params: 1"
[2023-09-19 11:41:07, info] "MySQL Query: SELECT key_string FROM encryption_key_info WHERE activate_yn = 'Y';"
[2023-09-19 11:41:07, info] "MySQL Query Params: "
[2023-09-19 11:41:43, info] "MySQL Query: SELECT refresh_token FROM user_account WHERE user_code = ? and access_token = ?;"
[2023-09-19 11:41:43, info] "MySQL Query Params: 1,eyJhbGciOiJIUzI1NiIsInR5cCI6IkpXVCJ9.eyJhY2NvdW50SWQiOiJ0ZXN0MTIzIiwiaWF0IjoxNjk1MDkwOTA1LCJleHAiOjE3MDI4NjY5MDV9.Vl95qC6ElhUquZdGMddgkJ4EUKRCHUhu3BcOz_4qwLQ"
[2023-09-19 11:41:43, error] "[Router Error]: /api/mypage/announcement/1?lang=ko&accessToken=Bearer_eyJhbGciOiJIUzI1NiIsInR5cCI6IkpXVCJ9.eyJhY2NvdW50SWQiOiJ0ZXN0MTIzIiwiaWF0IjoxNjk1MDkwOTA1LCJleHAiOjE3MDI4NjY5MDV9.Vl95qC6ElhUquZdGMddgkJ4EUKRCHUhu3BcOz_4qwLQ"
[2023-09-19 11:41:54, info] "MySQL Query: SELECT refresh_token FROM user_account WHERE user_code = ? and access_token = ?;"
[2023-09-19 11:41:54, info] "MySQL Query Params: 1,eyJhbGciOiJIUzI1NiIsInR5cCI6IkpXVCJ9.eyJhY2NvdW50SWQiOiJ0ZXN0MTIzIiwiaWF0IjoxNjk1MDkwOTA1LCJleHAiOjE3MDI4NjY5MDV9.Vl95qC6ElhUquZdGMddgkJ4EUKRCHUhu3BcOz_4qwLQ"
[2023-09-19 11:41:54, info] "MySQL Query:     SELECT user_code, name, account_id, phone_first, phone_middle, phone_last, gender, birth_year, birth_month, birth_day     FROM user_account     WHERE user_code = ? AND activate_yn='Y';"
[2023-09-19 11:41:54, info] "MySQL Query Params: 1"
[2023-09-19 11:41:54, info] "MySQL Query: SELECT key_string FROM encryption_key_info WHERE activate_yn = 'Y';"
[2023-09-19 11:41:54, info] "MySQL Query Params: "
[2023-09-19 11:41:55, info] "MySQL Query: SELECT refresh_token FROM user_account WHERE user_code = ? and access_token = ?;"
[2023-09-19 11:41:55, info] "MySQL Query Params: 1,eyJhbGciOiJIUzI1NiIsInR5cCI6IkpXVCJ9.eyJhY2NvdW50SWQiOiJ0ZXN0MTIzIiwiaWF0IjoxNjk1MDkwOTA1LCJleHAiOjE3MDI4NjY5MDV9.Vl95qC6ElhUquZdGMddgkJ4EUKRCHUhu3BcOz_4qwLQ"
[2023-09-19 11:41:55, error] "[Router Error]: /api/mypage/announcement/1?lang=ko&accessToken=Bearer_eyJhbGciOiJIUzI1NiIsInR5cCI6IkpXVCJ9.eyJhY2NvdW50SWQiOiJ0ZXN0MTIzIiwiaWF0IjoxNjk1MDkwOTA1LCJleHAiOjE3MDI4NjY5MDV9.Vl95qC6ElhUquZdGMddgkJ4EUKRCHUhu3BcOz_4qwLQ"
[2023-09-19 11:50:45, info] "MySQL Query: SELECT refresh_token FROM user_account WHERE user_code = ? and access_token = ?;"
[2023-09-19 11:50:45, info] "MySQL Query Params: 1,eyJhbGciOiJIUzI1NiIsInR5cCI6IkpXVCJ9.eyJhY2NvdW50SWQiOiJ0ZXN0MTIzIiwiaWF0IjoxNjk1MDkwOTA1LCJleHAiOjE3MDI4NjY5MDV9.Vl95qC6ElhUquZdGMddgkJ4EUKRCHUhu3BcOz_4qwLQ"
[2023-09-19 11:50:45, info] "MySQL Query: SELECT refresh_token FROM user_account WHERE user_code = ? and access_token = ?;"
[2023-09-19 11:50:45, info] "MySQL Query Params: 1,eyJhbGciOiJIUzI1NiIsInR5cCI6IkpXVCJ9.eyJhY2NvdW50SWQiOiJ0ZXN0MTIzIiwiaWF0IjoxNjk1MDkwOTA1LCJleHAiOjE3MDI4NjY5MDV9.Vl95qC6ElhUquZdGMddgkJ4EUKRCHUhu3BcOz_4qwLQ"
[2023-09-19 11:50:45, error] "[Router Error]: /app/home/compass/css3"
[2023-09-19 11:50:45, info] "MySQL Query: SELECT key_string FROM encryption_key_info WHERE activate_yn = 'Y';"
[2023-09-19 11:50:45, info] "MySQL Query Params: "
[2023-09-19 11:50:45, info] "MySQL Query: SELECT * FROM predict_data WHERE user_code = ? and DATE(created_time) = ? ORDER BY created_time DESC LIMIT 1;"
[2023-09-19 11:50:45, info] "MySQL Query Params: 1,2023-09-19"
[2023-09-19 11:50:46, info] "MySQL Query: SELECT refresh_token FROM user_account WHERE user_code = ? and access_token = ?;"
[2023-09-19 11:50:46, info] "MySQL Query Params: 1,eyJhbGciOiJIUzI1NiIsInR5cCI6IkpXVCJ9.eyJhY2NvdW50SWQiOiJ0ZXN0MTIzIiwiaWF0IjoxNjk1MDkwOTA1LCJleHAiOjE3MDI4NjY5MDV9.Vl95qC6ElhUquZdGMddgkJ4EUKRCHUhu3BcOz_4qwLQ"
[2023-09-19 11:50:46, info] "MySQL Query:     SELECT user_code, name, account_id, phone_first, phone_middle, phone_last, gender, birth_year, birth_month, birth_day     FROM user_account     WHERE user_code = ? AND activate_yn='Y';"
[2023-09-19 11:50:46, info] "MySQL Query Params: 1"
[2023-09-19 11:50:46, info] "MySQL Query: SELECT key_string FROM encryption_key_info WHERE activate_yn = 'Y';"
[2023-09-19 11:50:46, info] "MySQL Query Params: "
[2023-09-19 11:50:47, info] "MySQL Query: SELECT refresh_token FROM user_account WHERE user_code = ? and access_token = ?;"
[2023-09-19 11:50:47, info] "MySQL Query Params: 1,eyJhbGciOiJIUzI1NiIsInR5cCI6IkpXVCJ9.eyJhY2NvdW50SWQiOiJ0ZXN0MTIzIiwiaWF0IjoxNjk1MDkwOTA1LCJleHAiOjE3MDI4NjY5MDV9.Vl95qC6ElhUquZdGMddgkJ4EUKRCHUhu3BcOz_4qwLQ"
[2023-09-19 11:50:47, error] "[Router Error]: /api/mypage/data"
[2023-09-19 11:52:13, info] "MySQL Query: SELECT refresh_token FROM user_account WHERE user_code = ? and access_token = ?;"
[2023-09-19 11:52:13, info] "MySQL Query Params: 1,eyJhbGciOiJIUzI1NiIsInR5cCI6IkpXVCJ9.eyJhY2NvdW50SWQiOiJ0ZXN0MTIzIiwiaWF0IjoxNjk1MDkwOTA1LCJleHAiOjE3MDI4NjY5MDV9.Vl95qC6ElhUquZdGMddgkJ4EUKRCHUhu3BcOz_4qwLQ"
[2023-09-19 11:52:13, info] "MySQL Query: SELECT refresh_token FROM user_account WHERE user_code = ? and access_token = ?;"
[2023-09-19 11:52:13, info] "MySQL Query Params: 1,eyJhbGciOiJIUzI1NiIsInR5cCI6IkpXVCJ9.eyJhY2NvdW50SWQiOiJ0ZXN0MTIzIiwiaWF0IjoxNjk1MDkwOTA1LCJleHAiOjE3MDI4NjY5MDV9.Vl95qC6ElhUquZdGMddgkJ4EUKRCHUhu3BcOz_4qwLQ"
[2023-09-19 11:52:13, error] "[Router Error]: /app/home/compass/css3"
[2023-09-19 11:52:13, info] "MySQL Query: SELECT key_string FROM encryption_key_info WHERE activate_yn = 'Y';"
[2023-09-19 11:52:13, info] "MySQL Query Params: "
[2023-09-19 11:52:13, info] "MySQL Query: SELECT * FROM predict_data WHERE user_code = ? and DATE(created_time) = ? ORDER BY created_time DESC LIMIT 1;"
[2023-09-19 11:52:13, info] "MySQL Query Params: 1,2023-09-19"
[2023-09-19 11:52:14, info] "MySQL Query: SELECT refresh_token FROM user_account WHERE user_code = ? and access_token = ?;"
[2023-09-19 11:52:14, info] "MySQL Query Params: 1,eyJhbGciOiJIUzI1NiIsInR5cCI6IkpXVCJ9.eyJhY2NvdW50SWQiOiJ0ZXN0MTIzIiwiaWF0IjoxNjk1MDkwOTA1LCJleHAiOjE3MDI4NjY5MDV9.Vl95qC6ElhUquZdGMddgkJ4EUKRCHUhu3BcOz_4qwLQ"
[2023-09-19 11:52:15, info] "MySQL Query:     SELECT user_code, name, account_id, phone_first, phone_middle, phone_last, gender, birth_year, birth_month, birth_day     FROM user_account     WHERE user_code = ? AND activate_yn='Y';"
[2023-09-19 11:52:15, info] "MySQL Query Params: 1"
[2023-09-19 11:52:15, info] "MySQL Query: SELECT key_string FROM encryption_key_info WHERE activate_yn = 'Y';"
[2023-09-19 11:52:15, info] "MySQL Query Params: "
[2023-09-19 11:52:16, info] "MySQL Query: SELECT refresh_token FROM user_account WHERE user_code = ? and access_token = ?;"
[2023-09-19 11:52:16, info] "MySQL Query Params: 1,eyJhbGciOiJIUzI1NiIsInR5cCI6IkpXVCJ9.eyJhY2NvdW50SWQiOiJ0ZXN0MTIzIiwiaWF0IjoxNjk1MDkwOTA1LCJleHAiOjE3MDI4NjY5MDV9.Vl95qC6ElhUquZdGMddgkJ4EUKRCHUhu3BcOz_4qwLQ"
[2023-09-19 11:52:16, error] "[Router Error]: /api/mypage/data"
[2023-09-19 11:52:37, info] "MySQL Query: SELECT refresh_token FROM user_account WHERE user_code = ? and access_token = ?;"
[2023-09-19 11:52:37, info] "MySQL Query Params: 1,eyJhbGciOiJIUzI1NiIsInR5cCI6IkpXVCJ9.eyJhY2NvdW50SWQiOiJ0ZXN0MTIzIiwiaWF0IjoxNjk1MDkwOTA1LCJleHAiOjE3MDI4NjY5MDV9.Vl95qC6ElhUquZdGMddgkJ4EUKRCHUhu3BcOz_4qwLQ"
[2023-09-19 11:52:37, info] "MySQL Query: SELECT refresh_token FROM user_account WHERE user_code = ? and access_token = ?;"
[2023-09-19 11:52:37, info] "MySQL Query Params: 1,eyJhbGciOiJIUzI1NiIsInR5cCI6IkpXVCJ9.eyJhY2NvdW50SWQiOiJ0ZXN0MTIzIiwiaWF0IjoxNjk1MDkwOTA1LCJleHAiOjE3MDI4NjY5MDV9.Vl95qC6ElhUquZdGMddgkJ4EUKRCHUhu3BcOz_4qwLQ"
[2023-09-19 11:52:37, error] "[Router Error]: /app/home/compass/css3"
[2023-09-19 11:52:37, info] "MySQL Query: SELECT key_string FROM encryption_key_info WHERE activate_yn = 'Y';"
[2023-09-19 11:52:37, info] "MySQL Query Params: "
[2023-09-19 11:52:37, info] "MySQL Query: SELECT * FROM predict_data WHERE user_code = ? and DATE(created_time) = ? ORDER BY created_time DESC LIMIT 1;"
[2023-09-19 11:52:37, info] "MySQL Query Params: 1,2023-09-19"
[2023-09-19 11:52:38, info] "MySQL Query: SELECT refresh_token FROM user_account WHERE user_code = ? and access_token = ?;"
[2023-09-19 11:52:38, info] "MySQL Query Params: 1,eyJhbGciOiJIUzI1NiIsInR5cCI6IkpXVCJ9.eyJhY2NvdW50SWQiOiJ0ZXN0MTIzIiwiaWF0IjoxNjk1MDkwOTA1LCJleHAiOjE3MDI4NjY5MDV9.Vl95qC6ElhUquZdGMddgkJ4EUKRCHUhu3BcOz_4qwLQ"
[2023-09-19 11:52:38, info] "MySQL Query:     SELECT user_code, name, account_id, phone_first, phone_middle, phone_last, gender, birth_year, birth_month, birth_day     FROM user_account     WHERE user_code = ? AND activate_yn='Y';"
[2023-09-19 11:52:38, info] "MySQL Query Params: 1"
[2023-09-19 11:52:38, info] "MySQL Query: SELECT key_string FROM encryption_key_info WHERE activate_yn = 'Y';"
[2023-09-19 11:52:38, info] "MySQL Query Params: "
[2023-09-19 11:52:39, info] "MySQL Query: SELECT refresh_token FROM user_account WHERE user_code = ? and access_token = ?;"
[2023-09-19 11:52:39, info] "MySQL Query Params: 1,eyJhbGciOiJIUzI1NiIsInR5cCI6IkpXVCJ9.eyJhY2NvdW50SWQiOiJ0ZXN0MTIzIiwiaWF0IjoxNjk1MDkwOTA1LCJleHAiOjE3MDI4NjY5MDV9.Vl95qC6ElhUquZdGMddgkJ4EUKRCHUhu3BcOz_4qwLQ"
[2023-09-19 11:52:39, error] "[Router Error]: /api/mypage/data"
[2023-09-19 11:53:36, info] "MySQL Query: SELECT refresh_token FROM user_account WHERE user_code = ? and access_token = ?;"
[2023-09-19 11:53:36, info] "MySQL Query Params: 1,eyJhbGciOiJIUzI1NiIsInR5cCI6IkpXVCJ9.eyJhY2NvdW50SWQiOiJ0ZXN0MTIzIiwiaWF0IjoxNjk1MDkwOTA1LCJleHAiOjE3MDI4NjY5MDV9.Vl95qC6ElhUquZdGMddgkJ4EUKRCHUhu3BcOz_4qwLQ"
[2023-09-19 11:53:36, info] "MySQL Query: SELECT refresh_token FROM user_account WHERE user_code = ? and access_token = ?;"
[2023-09-19 11:53:36, info] "MySQL Query Params: 1,eyJhbGciOiJIUzI1NiIsInR5cCI6IkpXVCJ9.eyJhY2NvdW50SWQiOiJ0ZXN0MTIzIiwiaWF0IjoxNjk1MDkwOTA1LCJleHAiOjE3MDI4NjY5MDV9.Vl95qC6ElhUquZdGMddgkJ4EUKRCHUhu3BcOz_4qwLQ"
[2023-09-19 11:53:36, error] "[Router Error]: /app/home/compass/css3"
[2023-09-19 11:53:36, info] "MySQL Query: SELECT key_string FROM encryption_key_info WHERE activate_yn = 'Y';"
[2023-09-19 11:53:36, info] "MySQL Query Params: "
[2023-09-19 11:53:36, info] "MySQL Query: SELECT * FROM predict_data WHERE user_code = ? and DATE(created_time) = ? ORDER BY created_time DESC LIMIT 1;"
[2023-09-19 11:53:36, info] "MySQL Query Params: 1,2023-09-19"
[2023-09-19 11:53:37, info] "MySQL Query: SELECT refresh_token FROM user_account WHERE user_code = ? and access_token = ?;"
[2023-09-19 11:53:37, info] "MySQL Query Params: 1,eyJhbGciOiJIUzI1NiIsInR5cCI6IkpXVCJ9.eyJhY2NvdW50SWQiOiJ0ZXN0MTIzIiwiaWF0IjoxNjk1MDkwOTA1LCJleHAiOjE3MDI4NjY5MDV9.Vl95qC6ElhUquZdGMddgkJ4EUKRCHUhu3BcOz_4qwLQ"
[2023-09-19 11:53:37, info] "MySQL Query:     SELECT user_code, name, account_id, phone_first, phone_middle, phone_last, gender, birth_year, birth_month, birth_day     FROM user_account     WHERE user_code = ? AND activate_yn='Y';"
[2023-09-19 11:53:37, info] "MySQL Query Params: 1"
[2023-09-19 11:53:37, info] "MySQL Query: SELECT key_string FROM encryption_key_info WHERE activate_yn = 'Y';"
[2023-09-19 11:53:37, info] "MySQL Query Params: "
[2023-09-19 11:53:38, info] "MySQL Query: SELECT refresh_token FROM user_account WHERE user_code = ? and access_token = ?;"
[2023-09-19 11:53:38, info] "MySQL Query Params: 1,eyJhbGciOiJIUzI1NiIsInR5cCI6IkpXVCJ9.eyJhY2NvdW50SWQiOiJ0ZXN0MTIzIiwiaWF0IjoxNjk1MDkwOTA1LCJleHAiOjE3MDI4NjY5MDV9.Vl95qC6ElhUquZdGMddgkJ4EUKRCHUhu3BcOz_4qwLQ"
[2023-09-19 11:53:38, error] "[Router Error]: /api/mypage/data"
[2023-09-19 11:53:56, info] "MySQL Query: SELECT refresh_token FROM user_account WHERE user_code = ? and access_token = ?;"
[2023-09-19 11:53:56, info] "MySQL Query Params: 1,eyJhbGciOiJIUzI1NiIsInR5cCI6IkpXVCJ9.eyJhY2NvdW50SWQiOiJ0ZXN0MTIzIiwiaWF0IjoxNjk1MDkwOTA1LCJleHAiOjE3MDI4NjY5MDV9.Vl95qC6ElhUquZdGMddgkJ4EUKRCHUhu3BcOz_4qwLQ"
[2023-09-19 11:53:56, info] "MySQL Query: SELECT key_string FROM encryption_key_info WHERE activate_yn = 'Y';"
[2023-09-19 11:53:56, info] "MySQL Query Params: "
[2023-09-19 11:53:56, info] "MySQL Query: SELECT t1.*, DATE_FORMAT(t1.created_time, '%m-%d') AS c_time    FROM predict_data t1    WHERE user_code = ? AND created_time BETWEEN ? AND ?      AND created_time = (        SELECT MAX(t2.created_time)        FROM predict_data t2        WHERE t2.user_code = t1.user_code AND DATE(t2.created_time) = DATE(t1.created_time)      )      ORDER BY created_time;      "
[2023-09-19 11:53:56, info] "MySQL Query Params: 1,2023-08-20,2023-09-19"
[2023-09-19 11:53:58, info] "MySQL Query: SELECT refresh_token FROM user_account WHERE user_code = ? and access_token = ?;"
[2023-09-19 11:53:58, info] "MySQL Query Params: 1,eyJhbGciOiJIUzI1NiIsInR5cCI6IkpXVCJ9.eyJhY2NvdW50SWQiOiJ0ZXN0MTIzIiwiaWF0IjoxNjk1MDkwOTA1LCJleHAiOjE3MDI4NjY5MDV9.Vl95qC6ElhUquZdGMddgkJ4EUKRCHUhu3BcOz_4qwLQ"
[2023-09-19 11:53:58, info] "MySQL Query:     SELECT user_code, name, account_id, phone_first, phone_middle, phone_last, gender, birth_year, birth_month, birth_day     FROM user_account     WHERE user_code = ? AND activate_yn='Y';"
[2023-09-19 11:53:58, info] "MySQL Query Params: 1"
[2023-09-19 11:53:58, info] "MySQL Query: SELECT key_string FROM encryption_key_info WHERE activate_yn = 'Y';"
[2023-09-19 11:53:58, info] "MySQL Query Params: "
[2023-09-19 11:54:00, info] "MySQL Query: SELECT refresh_token FROM user_account WHERE user_code = ? and access_token = ?;"
[2023-09-19 11:54:00, info] "MySQL Query Params: 1,eyJhbGciOiJIUzI1NiIsInR5cCI6IkpXVCJ9.eyJhY2NvdW50SWQiOiJ0ZXN0MTIzIiwiaWF0IjoxNjk1MDkwOTA1LCJleHAiOjE3MDI4NjY5MDV9.Vl95qC6ElhUquZdGMddgkJ4EUKRCHUhu3BcOz_4qwLQ"
[2023-09-19 11:54:00, error] "[Router Error]: /api/mypage/data"
[2023-09-19 11:56:06, info] "MySQL Query: SELECT refresh_token FROM user_account WHERE user_code = ? and access_token = ?;"
[2023-09-19 11:56:06, info] "MySQL Query Params: 1,eyJhbGciOiJIUzI1NiIsInR5cCI6IkpXVCJ9.eyJhY2NvdW50SWQiOiJ0ZXN0MTIzIiwiaWF0IjoxNjk1MDkwOTA1LCJleHAiOjE3MDI4NjY5MDV9.Vl95qC6ElhUquZdGMddgkJ4EUKRCHUhu3BcOz_4qwLQ"
[2023-09-19 11:56:06, info] "MySQL Query: SELECT refresh_token FROM user_account WHERE user_code = ? and access_token = ?;"
[2023-09-19 11:56:06, info] "MySQL Query Params: 1,eyJhbGciOiJIUzI1NiIsInR5cCI6IkpXVCJ9.eyJhY2NvdW50SWQiOiJ0ZXN0MTIzIiwiaWF0IjoxNjk1MDkwOTA1LCJleHAiOjE3MDI4NjY5MDV9.Vl95qC6ElhUquZdGMddgkJ4EUKRCHUhu3BcOz_4qwLQ"
[2023-09-19 11:56:06, error] "[Router Error]: /app/home/compass/css3"
[2023-09-19 11:56:06, info] "MySQL Query: SELECT key_string FROM encryption_key_info WHERE activate_yn = 'Y';"
[2023-09-19 11:56:06, info] "MySQL Query Params: "
[2023-09-19 11:56:06, info] "MySQL Query: SELECT * FROM predict_data WHERE user_code = ? and DATE(created_time) = ? ORDER BY created_time DESC LIMIT 1;"
[2023-09-19 11:56:06, info] "MySQL Query Params: 1,2023-09-19"
[2023-09-19 11:56:07, info] "MySQL Query: SELECT refresh_token FROM user_account WHERE user_code = ? and access_token = ?;"
[2023-09-19 11:56:07, info] "MySQL Query Params: 1,eyJhbGciOiJIUzI1NiIsInR5cCI6IkpXVCJ9.eyJhY2NvdW50SWQiOiJ0ZXN0MTIzIiwiaWF0IjoxNjk1MDkwOTA1LCJleHAiOjE3MDI4NjY5MDV9.Vl95qC6ElhUquZdGMddgkJ4EUKRCHUhu3BcOz_4qwLQ"
[2023-09-19 11:56:07, info] "MySQL Query:     SELECT user_code, name, account_id, phone_first, phone_middle, phone_last, gender, birth_year, birth_month, birth_day     FROM user_account     WHERE user_code = ? AND activate_yn='Y';"
[2023-09-19 11:56:07, info] "MySQL Query Params: 1"
[2023-09-19 11:56:07, info] "MySQL Query: SELECT key_string FROM encryption_key_info WHERE activate_yn = 'Y';"
[2023-09-19 11:56:07, info] "MySQL Query Params: "
[2023-09-19 11:56:10, info] "MySQL Query: SELECT refresh_token FROM user_account WHERE user_code = ? and access_token = ?;"
[2023-09-19 11:56:10, info] "MySQL Query Params: 1,eyJhbGciOiJIUzI1NiIsInR5cCI6IkpXVCJ9.eyJhY2NvdW50SWQiOiJ0ZXN0MTIzIiwiaWF0IjoxNjk1MDkwOTA1LCJleHAiOjE3MDI4NjY5MDV9.Vl95qC6ElhUquZdGMddgkJ4EUKRCHUhu3BcOz_4qwLQ"
[2023-09-19 11:56:10, info] "MySQL Query:     SELECT user_code, name, account_id, phone_first, phone_middle, phone_last, gender, birth_year, birth_month, birth_day     FROM user_account     WHERE user_code = ? AND activate_yn='Y';"
[2023-09-19 11:56:10, info] "MySQL Query Params: 1"
[2023-09-19 11:56:10, info] "MySQL Query: SELECT key_string FROM encryption_key_info WHERE activate_yn = 'Y';"
[2023-09-19 11:56:10, info] "MySQL Query Params: "
[2023-09-19 11:56:13, info] "MySQL Query: SELECT refresh_token FROM user_account WHERE user_code = ? and access_token = ?;"
[2023-09-19 11:56:13, info] "MySQL Query Params: 1,eyJhbGciOiJIUzI1NiIsInR5cCI6IkpXVCJ9.eyJhY2NvdW50SWQiOiJ0ZXN0MTIzIiwiaWF0IjoxNjk1MDkwOTA1LCJleHAiOjE3MDI4NjY5MDV9.Vl95qC6ElhUquZdGMddgkJ4EUKRCHUhu3BcOz_4qwLQ"
[2023-09-19 11:56:13, info] "MySQL Query:     SELECT user_code, name, account_id, phone_first, phone_middle, phone_last, gender, birth_year, birth_month, birth_day     FROM user_account     WHERE user_code = ? AND activate_yn='Y';"
[2023-09-19 11:56:13, info] "MySQL Query Params: 1"
[2023-09-19 11:56:13, info] "MySQL Query: SELECT key_string FROM encryption_key_info WHERE activate_yn = 'Y';"
[2023-09-19 11:56:13, info] "MySQL Query Params: "
[2023-09-19 11:56:16, info] "MySQL Query: SELECT refresh_token FROM user_account WHERE user_code = ? and access_token = ?;"
[2023-09-19 11:56:16, info] "MySQL Query Params: 1,eyJhbGciOiJIUzI1NiIsInR5cCI6IkpXVCJ9.eyJhY2NvdW50SWQiOiJ0ZXN0MTIzIiwiaWF0IjoxNjk1MDkwOTA1LCJleHAiOjE3MDI4NjY5MDV9.Vl95qC6ElhUquZdGMddgkJ4EUKRCHUhu3BcOz_4qwLQ"
[2023-09-19 11:56:16, info] "MySQL Query:     SELECT user_code, name, account_id, phone_first, phone_middle, phone_last, gender, birth_year, birth_month, birth_day     FROM user_account     WHERE user_code = ? AND activate_yn='Y';"
[2023-09-19 11:56:16, info] "MySQL Query Params: 1"
[2023-09-19 11:56:16, info] "MySQL Query: SELECT key_string FROM encryption_key_info WHERE activate_yn = 'Y';"
[2023-09-19 11:56:16, info] "MySQL Query Params: "
[2023-09-19 13:17:24, info] "MySQL Query: SELECT refresh_token FROM user_account WHERE user_code = ? and access_token = ?;"
[2023-09-19 13:17:24, info] "MySQL Query Params: 1,eyJhbGciOiJIUzI1NiIsInR5cCI6IkpXVCJ9.eyJhY2NvdW50SWQiOiJ0ZXN0MTIzIiwiaWF0IjoxNjk1MDkwOTA1LCJleHAiOjE3MDI4NjY5MDV9.Vl95qC6ElhUquZdGMddgkJ4EUKRCHUhu3BcOz_4qwLQ"
[2023-09-19 13:17:24, error] "[Router Error]: /app/home/compass/css3"
[2023-09-19 13:17:24, info] "MySQL Query: SELECT key_string FROM encryption_key_info WHERE activate_yn = 'Y';"
[2023-09-19 13:17:24, info] "MySQL Query Params: "
[2023-09-19 13:17:24, info] "MySQL Query: SELECT * FROM predict_data WHERE user_code = ? and DATE(created_time) = ? ORDER BY created_time DESC LIMIT 1;"
[2023-09-19 13:17:24, info] "MySQL Query Params: 1,2023-09-19"
[2023-09-19 13:43:09, info] "MySQL Query: SELECT refresh_token FROM user_account WHERE user_code = ? and access_token = ?;"
[2023-09-19 13:43:09, info] "MySQL Query Params: 1,eyJhbGciOiJIUzI1NiIsInR5cCI6IkpXVCJ9.eyJhY2NvdW50SWQiOiJ0ZXN0MTIzIiwiaWF0IjoxNjk1MDkwOTA1LCJleHAiOjE3MDI4NjY5MDV9.Vl95qC6ElhUquZdGMddgkJ4EUKRCHUhu3BcOz_4qwLQ"
[2023-09-19 13:43:09, info] "MySQL Query: SELECT refresh_token FROM user_account WHERE user_code = ? and access_token = ?;"
[2023-09-19 13:43:09, info] "MySQL Query Params: 1,eyJhbGciOiJIUzI1NiIsInR5cCI6IkpXVCJ9.eyJhY2NvdW50SWQiOiJ0ZXN0MTIzIiwiaWF0IjoxNjk1MDkwOTA1LCJleHAiOjE3MDI4NjY5MDV9.Vl95qC6ElhUquZdGMddgkJ4EUKRCHUhu3BcOz_4qwLQ"
[2023-09-19 13:43:10, error] "[Router Error]: /app/home/compass/css3"
[2023-09-19 13:43:10, info] "MySQL Query: SELECT key_string FROM encryption_key_info WHERE activate_yn = 'Y';"
[2023-09-19 13:43:10, info] "MySQL Query Params: "
[2023-09-19 13:43:10, info] "MySQL Query: SELECT * FROM predict_data WHERE user_code = ? and DATE(created_time) = ? ORDER BY created_time DESC LIMIT 1;"
[2023-09-19 13:43:10, info] "MySQL Query Params: 1,2023-09-19"
[2023-09-19 13:43:12, info] "MySQL Query: SELECT key_string FROM encryption_key_info WHERE activate_yn = 'Y';"
[2023-09-19 13:43:12, info] "MySQL Query Params: "
[2023-09-19 13:43:12, info] "MySQL Query: SELECT * FROM predict_data WHERE user_code = ? and DATE(created_time) = ? ORDER BY created_time DESC LIMIT 1;"
[2023-09-19 13:43:12, info] "MySQL Query Params: 1,2023-09-05"
[2023-09-19 13:44:42, info] "MySQL Query: SELECT refresh_token FROM user_account WHERE user_code = ? and access_token = ?;"
[2023-09-19 13:44:42, info] "MySQL Query Params: 1,eyJhbGciOiJIUzI1NiIsInR5cCI6IkpXVCJ9.eyJhY2NvdW50SWQiOiJ0ZXN0MTIzIiwiaWF0IjoxNjk1MDkwOTA1LCJleHAiOjE3MDI4NjY5MDV9.Vl95qC6ElhUquZdGMddgkJ4EUKRCHUhu3BcOz_4qwLQ"
[2023-09-19 13:44:42, info] "MySQL Query: SELECT refresh_token FROM user_account WHERE user_code = ? and access_token = ?;"
[2023-09-19 13:44:42, info] "MySQL Query Params: 1,eyJhbGciOiJIUzI1NiIsInR5cCI6IkpXVCJ9.eyJhY2NvdW50SWQiOiJ0ZXN0MTIzIiwiaWF0IjoxNjk1MDkwOTA1LCJleHAiOjE3MDI4NjY5MDV9.Vl95qC6ElhUquZdGMddgkJ4EUKRCHUhu3BcOz_4qwLQ"
[2023-09-19 13:44:43, error] "[Router Error]: /app/home/compass/css3"
[2023-09-19 13:44:43, info] "MySQL Query: SELECT key_string FROM encryption_key_info WHERE activate_yn = 'Y';"
[2023-09-19 13:44:43, info] "MySQL Query Params: "
[2023-09-19 13:44:43, info] "MySQL Query: SELECT * FROM predict_data WHERE user_code = ? and DATE(created_time) = ? ORDER BY created_time DESC LIMIT 1;"
[2023-09-19 13:44:43, info] "MySQL Query Params: 1,2023-09-19"
[2023-09-19 13:44:44, info] "MySQL Query: SELECT refresh_token FROM user_account WHERE user_code = ? and access_token = ?;"
[2023-09-19 13:44:44, info] "MySQL Query Params: 1,eyJhbGciOiJIUzI1NiIsInR5cCI6IkpXVCJ9.eyJhY2NvdW50SWQiOiJ0ZXN0MTIzIiwiaWF0IjoxNjk1MDkwOTA1LCJleHAiOjE3MDI4NjY5MDV9.Vl95qC6ElhUquZdGMddgkJ4EUKRCHUhu3BcOz_4qwLQ"
[2023-09-19 13:44:44, error] "[Router Error]: /app/home/compass/css3"
[2023-09-19 13:44:44, info] "MySQL Query: SELECT key_string FROM encryption_key_info WHERE activate_yn = 'Y';"
[2023-09-19 13:44:44, info] "MySQL Query Params: "
[2023-09-19 13:44:44, info] "MySQL Query: SELECT * FROM predict_data WHERE user_code = ? and DATE(created_time) = ? ORDER BY created_time DESC LIMIT 1;"
[2023-09-19 13:44:44, info] "MySQL Query Params: 1,2023-09-19"
[2023-09-19 13:44:46, info] "MySQL Query: SELECT key_string FROM encryption_key_info WHERE activate_yn = 'Y';"
[2023-09-19 13:44:46, info] "MySQL Query Params: "
[2023-09-19 13:44:46, info] "MySQL Query: SELECT * FROM predict_data WHERE user_code = ? and DATE(created_time) = ? ORDER BY created_time DESC LIMIT 1;"
[2023-09-19 13:44:46, info] "MySQL Query Params: 1,2023-09-07"
[2023-09-19 13:45:02, info] "MySQL Query: SELECT refresh_token FROM user_account WHERE user_code = ? and access_token = ?;"
[2023-09-19 13:45:02, info] "MySQL Query Params: 1,eyJhbGciOiJIUzI1NiIsInR5cCI6IkpXVCJ9.eyJhY2NvdW50SWQiOiJ0ZXN0MTIzIiwiaWF0IjoxNjk1MDkwOTA1LCJleHAiOjE3MDI4NjY5MDV9.Vl95qC6ElhUquZdGMddgkJ4EUKRCHUhu3BcOz_4qwLQ"
[2023-09-19 13:45:02, info] "MySQL Query: SELECT refresh_token FROM user_account WHERE user_code = ? and access_token = ?;"
[2023-09-19 13:45:02, info] "MySQL Query Params: 1,eyJhbGciOiJIUzI1NiIsInR5cCI6IkpXVCJ9.eyJhY2NvdW50SWQiOiJ0ZXN0MTIzIiwiaWF0IjoxNjk1MDkwOTA1LCJleHAiOjE3MDI4NjY5MDV9.Vl95qC6ElhUquZdGMddgkJ4EUKRCHUhu3BcOz_4qwLQ"
[2023-09-19 13:45:02, error] "[Router Error]: /app/home/compass/css3"
[2023-09-19 13:45:02, info] "MySQL Query: SELECT key_string FROM encryption_key_info WHERE activate_yn = 'Y';"
[2023-09-19 13:45:02, info] "MySQL Query Params: "
[2023-09-19 13:45:02, info] "MySQL Query: SELECT * FROM predict_data WHERE user_code = ? and DATE(created_time) = ? ORDER BY created_time DESC LIMIT 1;"
[2023-09-19 13:45:02, info] "MySQL Query Params: 1,2023-09-19"
[2023-09-19 13:45:04, info] "MySQL Query: SELECT key_string FROM encryption_key_info WHERE activate_yn = 'Y';"
[2023-09-19 13:45:04, info] "MySQL Query Params: "
[2023-09-19 13:45:04, info] "MySQL Query: SELECT * FROM predict_data WHERE user_code = ? and DATE(created_time) = ? ORDER BY created_time DESC LIMIT 1;"
[2023-09-19 13:45:04, info] "MySQL Query Params: 1,2023-09-06"
