[2023-07-27 17:56:10, error] "[Router Error]: /favicon.ico"
[2023-07-27 17:56:23, info] "MySQL Query: SELECT key_string FROM encryption_key_info WHERE activate_yn = 'Y';"
[2023-07-27 17:56:23, info] "MySQL Query Params: "
[2023-07-27 17:56:23, info] "MySQL Query:    SELECT h_user_code, h_user_name, h_user_login_check,h_name    FROM user_hospital    WHERE h_user_account_id=? AND h_user_account_pw = SHA2(?, 256);"
[2023-07-27 17:56:23, info] "MySQL Query Params: hostest11,hostest11!"
[2023-07-27 17:56:23, info] "MySQL Query:    UPDATE user_hospital SET h_user_login_check = 'Y' WHERE h_user_code = ?;"
[2023-07-27 17:56:23, info] "MySQL Query Params: h_1"
[2023-07-27 17:56:23, info] "MySQL Query:    UPDATE user_hospital SET h_user_access_token = ?, h_user_refresh_token = ?    WHERE h_user_code = ?;"
[2023-07-27 17:56:23, info] "MySQL Query Params: eyJhbGciOiJIUzI1NiIsInR5cCI6IkpXVCJ9.eyJhY2NvdW50SWQiOiJob3N0ZXN0MTEiLCJpYXQiOjE2OTA0NDgxODMsImV4cCI6MTY5ODIyNDE4M30.6Nxkgg8WFCuMdYvm_p2tRaaQaDETCRxy0HXVuzyZnqs,eyJhbGciOiJIUzI1NiIsInR5cCI6IkpXVCJ9.eyJhY2NvdW50SWQiOiJob3N0ZXN0MTEiLCJpYXQiOjE2OTA0NDgxODMsImV4cCI6MTY5ODIyNDE4M30.doWvqcr5ZZ1MVHlzY6nxTJ9tfMrw4lBQbJ6jqFANfQc,h_1"
[2023-07-27 17:56:23, info] "MySQL Query:    SELECT h_user_refresh_token FROM user_hospital WHERE h_user_code = ? and h_user_access_token = ?;"
[2023-07-27 17:56:23, info] "MySQL Query Params: h_1,eyJhbGciOiJIUzI1NiIsInR5cCI6IkpXVCJ9.eyJhY2NvdW50SWQiOiJob3N0ZXN0MTEiLCJpYXQiOjE2OTA0NDgxODMsImV4cCI6MTY5ODIyNDE4M30.6Nxkgg8WFCuMdYvm_p2tRaaQaDETCRxy0HXVuzyZnqs"
[2023-07-27 17:56:23, error] "[Router Error]: /favicon.ico"
[2023-07-27 17:56:26, info] "MySQL Query:    SELECT h_user_refresh_token FROM user_hospital WHERE h_user_code = ? and h_user_access_token = ?;"
[2023-07-27 17:56:26, info] "MySQL Query Params: h_1,eyJhbGciOiJIUzI1NiIsInR5cCI6IkpXVCJ9.eyJhY2NvdW50SWQiOiJob3N0ZXN0MTEiLCJpYXQiOjE2OTA0NDgxODMsImV4cCI6MTY5ODIyNDE4M30.6Nxkgg8WFCuMdYvm_p2tRaaQaDETCRxy0HXVuzyZnqs"
[2023-07-27 17:56:26, error] "[Router Error]: /app/notice/notice.js"
[2023-07-27 17:56:26, error] "[Router Error]: /favicon.ico"
[2023-07-27 17:57:18, info] "MySQL Query: UPDATE user_protector SET p_app_token=? WHERE p_user_code=?;"
[2023-07-27 17:57:18, info] "MySQL Query Params: ,p_2"
[2023-07-27 17:57:18, info] "MySQL Query: SELECT p_user_refresh_token FROM user_protector WHERE p_user_code = ? and p_user_access_token = ?;"
[2023-07-27 17:57:18, info] "MySQL Query Params: p_2,eyJhbGciOiJIUzI1NiIsInR5cCI6IkpXVCJ9.eyJhY2NvdW50SWQiOiJ0ZXN0MTExMTEiLCJpYXQiOjE2OTAzNDU0NzksImV4cCI6MTY5ODEyMTQ3OX0.uUaCULluqwguSO-QmC7ZehwDi57BJ_au_kSPCpxYj1U"
[2023-07-27 17:57:18, info] "MySQL Query: SELECT p_user_refresh_token FROM user_protector WHERE p_user_code = ? and p_user_access_token = ?;"
[2023-07-27 17:57:18, info] "MySQL Query Params: p_2,eyJhbGciOiJIUzI1NiIsInR5cCI6IkpXVCJ9.eyJhY2NvdW50SWQiOiJ0ZXN0MTExMTEiLCJpYXQiOjE2OTAzNDU0NzksImV4cCI6MTY5ODEyMTQ3OX0.uUaCULluqwguSO-QmC7ZehwDi57BJ_au_kSPCpxYj1U"
[2023-07-27 17:57:19, info] "MySQL Query:     select *    from pet_info    where pet_first_yn = 'Y' and p_user_code = ?;"
[2023-07-27 17:57:19, info] "MySQL Query Params: p_2"
[2023-07-27 17:57:19, info] "MySQL Query:     select pet_id    from pet_info    where pet_first_yn = 'Y' and p_user_code = ?;"
[2023-07-27 17:57:19, info] "MySQL Query Params: p_2"
[2023-07-27 17:57:19, info] "MySQL Query:     select hr_avg, predict_glucose, created_time    from predict_data    where pet_id =?;"
[2023-07-27 17:57:19, info] "MySQL Query Params: 21"
[2023-07-27 17:57:21, info] "MySQL Query: SELECT p_user_refresh_token FROM user_protector WHERE p_user_code = ? and p_user_access_token = ?;"
[2023-07-27 17:57:21, info] "MySQL Query Params: p_2,eyJhbGciOiJIUzI1NiIsInR5cCI6IkpXVCJ9.eyJhY2NvdW50SWQiOiJ0ZXN0MTExMTEiLCJpYXQiOjE2OTAzNDU0NzksImV4cCI6MTY5ODEyMTQ3OX0.uUaCULluqwguSO-QmC7ZehwDi57BJ_au_kSPCpxYj1U"
[2023-07-27 17:57:23, info] "MySQL Query:     select push_date, p_user_provide_yn    from user_protector    where p_user_code=?;"
[2023-07-27 17:57:23, info] "MySQL Query Params: p_2"
[2023-07-27 17:57:23, info] "MySQL Query:     select *    from alert_list    where p_user_code=?;"
[2023-07-27 17:57:23, info] "MySQL Query Params: p_2"
[2023-07-27 17:57:25, info] "MySQL Query: SELECT p_user_refresh_token FROM user_protector WHERE p_user_code = ? and p_user_access_token = ?;"
[2023-07-27 17:57:25, info] "MySQL Query Params: p_2,eyJhbGciOiJIUzI1NiIsInR5cCI6IkpXVCJ9.eyJhY2NvdW50SWQiOiJ0ZXN0MTExMTEiLCJpYXQiOjE2OTAzNDU0NzksImV4cCI6MTY5ODEyMTQ3OX0.uUaCULluqwguSO-QmC7ZehwDi57BJ_au_kSPCpxYj1U"
[2023-07-27 17:57:25, info] "MySQL Query:     select *    from pet_info    where pet_first_yn = 'Y' and p_user_code = ?;"
[2023-07-27 17:57:25, info] "MySQL Query Params: p_2"
[2023-07-27 17:57:25, info] "MySQL Query:     select pet_id    from pet_info    where pet_first_yn = 'Y' and p_user_code = ?;"
[2023-07-27 17:57:25, info] "MySQL Query Params: p_2"
[2023-07-27 17:57:25, info] "MySQL Query:     select hr_avg, predict_glucose, created_time    from predict_data    where pet_id =?;"
[2023-07-27 17:57:25, info] "MySQL Query Params: 21"
[2023-07-27 17:57:26, info] "MySQL Query: SELECT p_user_refresh_token FROM user_protector WHERE p_user_code = ? and p_user_access_token = ?;"
[2023-07-27 17:57:26, info] "MySQL Query Params: p_2,eyJhbGciOiJIUzI1NiIsInR5cCI6IkpXVCJ9.eyJhY2NvdW50SWQiOiJ0ZXN0MTExMTEiLCJpYXQiOjE2OTAzNDU0NzksImV4cCI6MTY5ODEyMTQ3OX0.uUaCULluqwguSO-QmC7ZehwDi57BJ_au_kSPCpxYj1U"
[2023-07-27 17:57:26, info] "MySQL Query:     select push_date, p_user_provide_yn    from user_protector    where p_user_code=?;"
[2023-07-27 17:57:26, info] "MySQL Query Params: p_2"
[2023-07-27 17:57:26, info] "MySQL Query:     select *    from alert_list    where p_user_code=?;"
[2023-07-27 17:57:26, info] "MySQL Query Params: p_2"
[2023-07-27 17:57:26, info] "MySQL Query: SELECT p_user_refresh_token FROM user_protector WHERE p_user_code = ? and p_user_access_token = ?;"
[2023-07-27 17:57:26, info] "MySQL Query Params: p_2,eyJhbGciOiJIUzI1NiIsInR5cCI6IkpXVCJ9.eyJhY2NvdW50SWQiOiJ0ZXN0MTExMTEiLCJpYXQiOjE2OTAzNDU0NzksImV4cCI6MTY5ODEyMTQ3OX0.uUaCULluqwguSO-QmC7ZehwDi57BJ_au_kSPCpxYj1U"
[2023-07-27 17:57:26, info] "MySQL Query:     select push_date, p_user_provide_yn    from user_protector    where p_user_code=?;"
[2023-07-27 17:57:26, info] "MySQL Query Params: p_2"
[2023-07-27 17:57:26, info] "MySQL Query:     select *    from alert_list    where p_user_code=?;"
[2023-07-27 17:57:26, info] "MySQL Query Params: p_2"
[2023-07-27 17:57:27, info] "MySQL Query: SELECT p_user_refresh_token FROM user_protector WHERE p_user_code = ? and p_user_access_token = ?;"
[2023-07-27 17:57:27, info] "MySQL Query Params: p_2,eyJhbGciOiJIUzI1NiIsInR5cCI6IkpXVCJ9.eyJhY2NvdW50SWQiOiJ0ZXN0MTExMTEiLCJpYXQiOjE2OTAzNDU0NzksImV4cCI6MTY5ODEyMTQ3OX0.uUaCULluqwguSO-QmC7ZehwDi57BJ_au_kSPCpxYj1U"
[2023-07-27 17:57:27, info] "MySQL Query:     select push_date, p_user_provide_yn    from user_protector    where p_user_code=?;"
[2023-07-27 17:57:27, info] "MySQL Query Params: p_2"
[2023-07-27 17:57:27, info] "MySQL Query:     select *    from alert_list    where p_user_code=?;"
[2023-07-27 17:57:27, info] "MySQL Query Params: p_2"
[2023-07-27 17:58:00, info] "MySQL Query: SELECT p_user_refresh_token FROM user_protector WHERE p_user_code = ? and p_user_access_token = ?;"
[2023-07-27 17:58:00, info] "MySQL Query Params: p_2,eyJhbGciOiJIUzI1NiIsInR5cCI6IkpXVCJ9.eyJhY2NvdW50SWQiOiJ0ZXN0MTExMTEiLCJpYXQiOjE2OTAzNDU0NzksImV4cCI6MTY5ODEyMTQ3OX0.uUaCULluqwguSO-QmC7ZehwDi57BJ_au_kSPCpxYj1U"
[2023-07-27 17:58:00, info] "MySQL Query: SELECT mr.p_user_code, mr.h_user_code, mr.medi_created_time, uh.h_name    FROM medical_record AS mr     LEFT JOIN user_hospital AS uh    ON mr.h_user_code=uh.h_user_code    WHERE mr.p_user_code=? ORDER BY mr.medi_created_time DESC LIMIT 1"
[2023-07-27 17:58:00, info] "MySQL Query Params: p_2"
[2023-07-27 17:58:03, info] "MySQL Query: select h_user_code from my_hospital where p_user_code=?"
[2023-07-27 17:58:03, info] "MySQL Query Params: p_2"
[2023-07-27 17:58:03, info] "MySQL Query: select h_user_code, h_name, h_address1, h_address2 from user_hospital where h_name like ? or h_address1 like?"
[2023-07-27 17:58:03, info] "MySQL Query Params: %%,%%"
[2023-07-27 17:58:03, info] "MySQL Query: select h_user_code from my_hospital where p_user_code=?"
[2023-07-27 17:58:03, info] "MySQL Query Params: p_2"
[2023-07-27 17:58:05, info] "MySQL Query: SELECT h_user_code, h_name, h_address1, h_address2, h_telnum, h_operating_time, h_answer_time FROM user_hospital where h_user_code=?;"
[2023-07-27 17:58:05, info] "MySQL Query Params: h_1"
[2023-07-27 17:58:05, info] "MySQL Query: select h_user_code from my_hospital where p_user_code=?"
[2023-07-27 17:58:05, info] "MySQL Query Params: p_2"
[2023-07-27 17:58:05, info] "MySQL Query: SELECT pet_id, pet_name FROM pet_info WHERE p_user_code=?;"
[2023-07-27 17:58:05, info] "MySQL Query Params: p_2"
[2023-07-27 17:59:56, info] "MySQL Query: UPDATE user_protector SET p_app_token=? WHERE p_user_code=?;"
[2023-07-27 17:59:56, info] "MySQL Query Params: ,p_2"
[2023-07-27 17:59:56, info] "MySQL Query: SELECT p_user_refresh_token FROM user_protector WHERE p_user_code = ? and p_user_access_token = ?;"
[2023-07-27 17:59:56, info] "MySQL Query Params: p_2,eyJhbGciOiJIUzI1NiIsInR5cCI6IkpXVCJ9.eyJhY2NvdW50SWQiOiJ0ZXN0MTExMTEiLCJpYXQiOjE2OTAzNDU0NzksImV4cCI6MTY5ODEyMTQ3OX0.uUaCULluqwguSO-QmC7ZehwDi57BJ_au_kSPCpxYj1U"
[2023-07-27 17:59:56, info] "MySQL Query:     select *    from pet_info    where pet_first_yn = 'Y' and p_user_code = ?;"
[2023-07-27 17:59:56, info] "MySQL Query Params: p_2"
[2023-07-27 17:59:56, info] "MySQL Query:     select pet_id    from pet_info    where pet_first_yn = 'Y' and p_user_code = ?;"
[2023-07-27 17:59:56, info] "MySQL Query Params: p_2"
[2023-07-27 17:59:56, info] "MySQL Query:     select hr_avg, predict_glucose, created_time    from predict_data    where pet_id =?;"
[2023-07-27 17:59:56, info] "MySQL Query Params: 21"
[2023-07-27 17:59:56, info] "MySQL Query: SELECT p_user_refresh_token FROM user_protector WHERE p_user_code = ? and p_user_access_token = ?;"
[2023-07-27 17:59:56, info] "MySQL Query Params: p_2,eyJhbGciOiJIUzI1NiIsInR5cCI6IkpXVCJ9.eyJhY2NvdW50SWQiOiJ0ZXN0MTExMTEiLCJpYXQiOjE2OTAzNDU0NzksImV4cCI6MTY5ODEyMTQ3OX0.uUaCULluqwguSO-QmC7ZehwDi57BJ_au_kSPCpxYj1U"
[2023-07-27 17:59:57, info] "MySQL Query: SELECT p_user_refresh_token FROM user_protector WHERE p_user_code = ? and p_user_access_token = ?;"
[2023-07-27 17:59:57, info] "MySQL Query Params: p_2,eyJhbGciOiJIUzI1NiIsInR5cCI6IkpXVCJ9.eyJhY2NvdW50SWQiOiJ0ZXN0MTExMTEiLCJpYXQiOjE2OTAzNDU0NzksImV4cCI6MTY5ODEyMTQ3OX0.uUaCULluqwguSO-QmC7ZehwDi57BJ_au_kSPCpxYj1U"
[2023-07-27 17:59:57, info] "MySQL Query: SELECT mr.p_user_code, mr.h_user_code, mr.medi_created_time, uh.h_name    FROM medical_record AS mr     LEFT JOIN user_hospital AS uh    ON mr.h_user_code=uh.h_user_code    WHERE mr.p_user_code=? ORDER BY mr.medi_created_time DESC LIMIT 1"
[2023-07-27 17:59:57, info] "MySQL Query Params: p_2"
[2023-07-27 18:00:00, info] "MySQL Query: select h_user_code from my_hospital where p_user_code=?"
[2023-07-27 18:00:00, info] "MySQL Query Params: p_2"
[2023-07-27 18:00:01, info] "MySQL Query: select h_user_code, h_name, h_address1, h_address2 from user_hospital where h_name like ? or h_address1 like?"
[2023-07-27 18:00:01, info] "MySQL Query Params: %%,%%"
[2023-07-27 18:00:01, info] "MySQL Query: select h_user_code from my_hospital where p_user_code=?"
[2023-07-27 18:00:01, info] "MySQL Query Params: p_2"
[2023-07-27 18:00:02, info] "MySQL Query: SELECT h_user_code, h_name, h_address1, h_address2, h_telnum, h_operating_time, h_answer_time FROM user_hospital where h_user_code=?;"
[2023-07-27 18:00:02, info] "MySQL Query Params: h_1"
[2023-07-27 18:00:02, info] "MySQL Query: select h_user_code from my_hospital where p_user_code=?"
[2023-07-27 18:00:02, info] "MySQL Query Params: p_2"
[2023-07-27 18:00:02, info] "MySQL Query: SELECT pet_id, pet_name FROM pet_info WHERE p_user_code=?;"
[2023-07-27 18:00:02, info] "MySQL Query Params: p_2"
[2023-07-27 18:00:24, info] "MySQL Query: UPDATE user_protector SET p_app_token=? WHERE p_user_code=?;"
[2023-07-27 18:00:24, info] "MySQL Query Params: ,p_2"
[2023-07-27 18:00:24, info] "MySQL Query: SELECT p_user_refresh_token FROM user_protector WHERE p_user_code = ? and p_user_access_token = ?;"
[2023-07-27 18:00:24, info] "MySQL Query Params: p_2,eyJhbGciOiJIUzI1NiIsInR5cCI6IkpXVCJ9.eyJhY2NvdW50SWQiOiJ0ZXN0MTExMTEiLCJpYXQiOjE2OTAzNDU0NzksImV4cCI6MTY5ODEyMTQ3OX0.uUaCULluqwguSO-QmC7ZehwDi57BJ_au_kSPCpxYj1U"
[2023-07-27 18:00:24, info] "MySQL Query: SELECT p_user_refresh_token FROM user_protector WHERE p_user_code = ? and p_user_access_token = ?;"
[2023-07-27 18:00:24, info] "MySQL Query Params: p_2,eyJhbGciOiJIUzI1NiIsInR5cCI6IkpXVCJ9.eyJhY2NvdW50SWQiOiJ0ZXN0MTExMTEiLCJpYXQiOjE2OTAzNDU0NzksImV4cCI6MTY5ODEyMTQ3OX0.uUaCULluqwguSO-QmC7ZehwDi57BJ_au_kSPCpxYj1U"
[2023-07-27 18:00:25, info] "MySQL Query:     select *    from pet_info    where pet_first_yn = 'Y' and p_user_code = ?;"
[2023-07-27 18:00:25, info] "MySQL Query Params: p_2"
[2023-07-27 18:00:25, info] "MySQL Query:     select pet_id    from pet_info    where pet_first_yn = 'Y' and p_user_code = ?;"
[2023-07-27 18:00:25, info] "MySQL Query Params: p_2"
[2023-07-27 18:00:25, info] "MySQL Query:     select hr_avg, predict_glucose, created_time    from predict_data    where pet_id =?;"
[2023-07-27 18:00:25, info] "MySQL Query Params: 21"
[2023-07-27 18:00:25, info] "MySQL Query: SELECT p_user_refresh_token FROM user_protector WHERE p_user_code = ? and p_user_access_token = ?;"
[2023-07-27 18:00:25, info] "MySQL Query Params: p_2,eyJhbGciOiJIUzI1NiIsInR5cCI6IkpXVCJ9.eyJhY2NvdW50SWQiOiJ0ZXN0MTExMTEiLCJpYXQiOjE2OTAzNDU0NzksImV4cCI6MTY5ODEyMTQ3OX0.uUaCULluqwguSO-QmC7ZehwDi57BJ_au_kSPCpxYj1U"
[2023-07-27 18:00:25, info] "MySQL Query: SELECT mr.p_user_code, mr.h_user_code, mr.medi_created_time, uh.h_name    FROM medical_record AS mr     LEFT JOIN user_hospital AS uh    ON mr.h_user_code=uh.h_user_code    WHERE mr.p_user_code=? ORDER BY mr.medi_created_time DESC LIMIT 1"
[2023-07-27 18:00:25, info] "MySQL Query Params: p_2"
[2023-07-27 18:00:27, info] "MySQL Query: select h_user_code from my_hospital where p_user_code=?"
[2023-07-27 18:00:27, info] "MySQL Query Params: p_2"
[2023-07-27 18:00:27, info] "MySQL Query: select h_user_code, h_name, h_address1, h_address2 from user_hospital where h_name like ? or h_address1 like?"
[2023-07-27 18:00:27, info] "MySQL Query Params: %%,%%"
[2023-07-27 18:00:27, info] "MySQL Query: select h_user_code from my_hospital where p_user_code=?"
[2023-07-27 18:00:27, info] "MySQL Query Params: p_2"
[2023-07-27 18:00:28, info] "MySQL Query: SELECT h_user_code, h_name, h_address1, h_address2, h_telnum, h_operating_time, h_answer_time FROM user_hospital where h_user_code=?;"
[2023-07-27 18:00:28, info] "MySQL Query Params: h_1"
[2023-07-27 18:00:28, info] "MySQL Query: select h_user_code from my_hospital where p_user_code=?"
[2023-07-27 18:00:28, info] "MySQL Query Params: p_2"
[2023-07-27 18:00:28, info] "MySQL Query: SELECT pet_id, pet_name FROM pet_info WHERE p_user_code=?;"
[2023-07-27 18:00:28, info] "MySQL Query Params: p_2"
[2023-07-27 18:01:21, info] "MySQL Query: UPDATE user_protector SET p_app_token=? WHERE p_user_code=?;"
[2023-07-27 18:01:21, info] "MySQL Query Params: ,p_2"
[2023-07-27 18:01:21, info] "MySQL Query: SELECT p_user_refresh_token FROM user_protector WHERE p_user_code = ? and p_user_access_token = ?;"
[2023-07-27 18:01:21, info] "MySQL Query Params: p_2,eyJhbGciOiJIUzI1NiIsInR5cCI6IkpXVCJ9.eyJhY2NvdW50SWQiOiJ0ZXN0MTExMTEiLCJpYXQiOjE2OTAzNDU0NzksImV4cCI6MTY5ODEyMTQ3OX0.uUaCULluqwguSO-QmC7ZehwDi57BJ_au_kSPCpxYj1U"
[2023-07-27 18:01:21, info] "MySQL Query: SELECT p_user_refresh_token FROM user_protector WHERE p_user_code = ? and p_user_access_token = ?;"
[2023-07-27 18:01:21, info] "MySQL Query Params: p_2,eyJhbGciOiJIUzI1NiIsInR5cCI6IkpXVCJ9.eyJhY2NvdW50SWQiOiJ0ZXN0MTExMTEiLCJpYXQiOjE2OTAzNDU0NzksImV4cCI6MTY5ODEyMTQ3OX0.uUaCULluqwguSO-QmC7ZehwDi57BJ_au_kSPCpxYj1U"
[2023-07-27 18:01:22, info] "MySQL Query:     select *    from pet_info    where pet_first_yn = 'Y' and p_user_code = ?;"
[2023-07-27 18:01:22, info] "MySQL Query Params: p_2"
[2023-07-27 18:01:22, info] "MySQL Query:     select pet_id    from pet_info    where pet_first_yn = 'Y' and p_user_code = ?;"
[2023-07-27 18:01:22, info] "MySQL Query Params: p_2"
[2023-07-27 18:01:22, info] "MySQL Query:     select hr_avg, predict_glucose, created_time    from predict_data    where pet_id =?;"
[2023-07-27 18:01:22, info] "MySQL Query Params: 21"
[2023-07-27 18:01:22, info] "MySQL Query: SELECT p_user_refresh_token FROM user_protector WHERE p_user_code = ? and p_user_access_token = ?;"
[2023-07-27 18:01:22, info] "MySQL Query Params: p_2,eyJhbGciOiJIUzI1NiIsInR5cCI6IkpXVCJ9.eyJhY2NvdW50SWQiOiJ0ZXN0MTExMTEiLCJpYXQiOjE2OTAzNDU0NzksImV4cCI6MTY5ODEyMTQ3OX0.uUaCULluqwguSO-QmC7ZehwDi57BJ_au_kSPCpxYj1U"
[2023-07-27 18:01:22, info] "MySQL Query: SELECT mr.p_user_code, mr.h_user_code, mr.medi_created_time, uh.h_name    FROM medical_record AS mr     LEFT JOIN user_hospital AS uh    ON mr.h_user_code=uh.h_user_code    WHERE mr.p_user_code=? ORDER BY mr.medi_created_time DESC LIMIT 1"
[2023-07-27 18:01:22, info] "MySQL Query Params: p_2"
[2023-07-27 18:01:24, info] "MySQL Query: select h_user_code from my_hospital where p_user_code=?"
[2023-07-27 18:01:24, info] "MySQL Query Params: p_2"
[2023-07-27 18:01:24, info] "MySQL Query: select h_user_code, h_name, h_address1, h_address2 from user_hospital where h_name like ? or h_address1 like?"
[2023-07-27 18:01:24, info] "MySQL Query Params: %%,%%"
[2023-07-27 18:01:24, info] "MySQL Query: select h_user_code from my_hospital where p_user_code=?"
[2023-07-27 18:01:24, info] "MySQL Query Params: p_2"
[2023-07-27 18:01:25, info] "MySQL Query: SELECT h_user_code, h_name, h_address1, h_address2, h_telnum, h_operating_time, h_answer_time FROM user_hospital where h_user_code=?;"
[2023-07-27 18:01:25, info] "MySQL Query Params: h_1"
[2023-07-27 18:01:25, info] "MySQL Query: select h_user_code from my_hospital where p_user_code=?"
[2023-07-27 18:01:25, info] "MySQL Query Params: p_2"
[2023-07-27 18:01:25, info] "MySQL Query: SELECT pet_id, pet_name FROM pet_info WHERE p_user_code=?;"
[2023-07-27 18:01:25, info] "MySQL Query Params: p_2"
