[2023-09-18 11:51:28, info] "MySQL Query: SELECT refresh_token FROM user_account WHERE user_code = ? and access_token = ?;"
[2023-09-18 11:51:28, info] "MySQL Query Params: 1,eyJhbGciOiJIUzI1NiIsInR5cCI6IkpXVCJ9.eyJhY2NvdW50SWQiOiJ0ZXN0MTIzIiwiaWF0IjoxNjk0Njc1MjM3LCJleHAiOjE3MDI0NTEyMzd9.eARpAoExbfI9iFPlNfYAugVyl2qAT14vS1zVKvU-cqU"
[2023-09-18 11:51:28, info] "MySQL Query: SELECT refresh_token FROM user_account WHERE user_code = ? and access_token = ?;"
[2023-09-18 11:51:28, info] "MySQL Query Params: 1,eyJhbGciOiJIUzI1NiIsInR5cCI6IkpXVCJ9.eyJhY2NvdW50SWQiOiJ0ZXN0MTIzIiwiaWF0IjoxNjk0Njc1MjM3LCJleHAiOjE3MDI0NTEyMzd9.eARpAoExbfI9iFPlNfYAugVyl2qAT14vS1zVKvU-cqU"
[2023-09-18 11:51:28, error] "[Router Error]: /app/home/compass/css3"
[2023-09-18 11:51:29, info] "MySQL Query: SELECT key_string FROM encryption_key_info WHERE activate_yn = 'Y';"
[2023-09-18 11:51:29, info] "MySQL Query Params: "
[2023-09-18 11:51:29, info] "MySQL Query: SELECT * FROM predict_data WHERE user_code = ? and DATE(created_time) = ? ORDER BY created_time DESC LIMIT 1;"
[2023-09-18 11:51:29, info] "MySQL Query Params: 1,2023-09-18"
[2023-09-18 11:51:30, error] "[Router Error]: /app/home/compass/css3"
[2023-09-18 11:52:05, error] "[Router Error]: /"
[2023-09-18 11:55:37, info] "MySQL Query: SELECT refresh_token FROM user_account WHERE user_code = ? and access_token = ?;"
[2023-09-18 11:55:37, info] "MySQL Query Params: 1,eyJhbGciOiJIUzI1NiIsInR5cCI6IkpXVCJ9.eyJhY2NvdW50SWQiOiJ0ZXN0MTIzIiwiaWF0IjoxNjk0Njc1MjM3LCJleHAiOjE3MDI0NTEyMzd9.eARpAoExbfI9iFPlNfYAugVyl2qAT14vS1zVKvU-cqU"
[2023-09-18 11:55:37, info] "MySQL Query: SELECT refresh_token FROM user_account WHERE user_code = ? and access_token = ?;"
[2023-09-18 11:55:37, info] "MySQL Query Params: 1,eyJhbGciOiJIUzI1NiIsInR5cCI6IkpXVCJ9.eyJhY2NvdW50SWQiOiJ0ZXN0MTIzIiwiaWF0IjoxNjk0Njc1MjM3LCJleHAiOjE3MDI0NTEyMzd9.eARpAoExbfI9iFPlNfYAugVyl2qAT14vS1zVKvU-cqU"
[2023-09-18 11:55:37, error] "[Router Error]: /app/home/compass/css3"
[2023-09-18 11:55:37, info] "MySQL Query: SELECT key_string FROM encryption_key_info WHERE activate_yn = 'Y';"
[2023-09-18 11:55:37, info] "MySQL Query Params: "
[2023-09-18 11:55:37, info] "MySQL Query: SELECT * FROM predict_data WHERE user_code = ? and DATE(created_time) = ? ORDER BY created_time DESC LIMIT 1;"
[2023-09-18 11:55:37, info] "MySQL Query Params: 1,2023-09-18"
[2023-09-18 11:55:39, info] "MySQL Query: SELECT key_string FROM encryption_key_info WHERE activate_yn = 'Y';"
[2023-09-18 11:55:39, info] "MySQL Query Params: "
[2023-09-18 11:55:39, info] "MySQL Query: SELECT * FROM predict_data WHERE user_code = ? and DATE(created_time) = ? ORDER BY created_time DESC LIMIT 1;"
[2023-09-18 11:55:39, info] "MySQL Query Params: 1,2023-09-05"
[2023-09-18 11:55:50, info] "MySQL Query: SELECT key_string FROM encryption_key_info WHERE activate_yn = 'Y';"
[2023-09-18 11:55:50, info] "MySQL Query Params: "
[2023-09-18 11:55:50, info] "MySQL Query: SELECT * FROM predict_data WHERE user_code = ? and DATE(created_time) = ? ORDER BY created_time DESC LIMIT 1;"
[2023-09-18 11:55:50, info] "MySQL Query Params: 1,2023-09-07"
[2023-09-18 11:55:53, info] "MySQL Query: SELECT key_string FROM encryption_key_info WHERE activate_yn = 'Y';"
[2023-09-18 11:55:53, info] "MySQL Query Params: "
[2023-09-18 11:55:53, info] "MySQL Query: SELECT * FROM predict_data WHERE user_code = ? and DATE(created_time) = ? ORDER BY created_time DESC LIMIT 1;"
[2023-09-18 11:55:53, info] "MySQL Query Params: 1,2023-09-08"
[2023-09-18 11:55:56, info] "MySQL Query: SELECT key_string FROM encryption_key_info WHERE activate_yn = 'Y';"
[2023-09-18 11:55:56, info] "MySQL Query Params: "
[2023-09-18 11:55:56, info] "MySQL Query: SELECT * FROM predict_data WHERE user_code = ? and DATE(created_time) = ? ORDER BY created_time DESC LIMIT 1;"
[2023-09-18 11:55:56, info] "MySQL Query Params: 1,2023-09-11"
[2023-09-18 11:57:26, info] "MySQL Query: SELECT refresh_token FROM user_account WHERE user_code = ? and access_token = ?;"
[2023-09-18 11:57:26, info] "MySQL Query Params: 1,eyJhbGciOiJIUzI1NiIsInR5cCI6IkpXVCJ9.eyJhY2NvdW50SWQiOiJ0ZXN0MTIzIiwiaWF0IjoxNjk0Njc1MjM3LCJleHAiOjE3MDI0NTEyMzd9.eARpAoExbfI9iFPlNfYAugVyl2qAT14vS1zVKvU-cqU"
[2023-09-18 11:57:26, info] "MySQL Query: SELECT refresh_token FROM user_account WHERE user_code = ? and access_token = ?;"
[2023-09-18 11:57:26, info] "MySQL Query Params: 1,eyJhbGciOiJIUzI1NiIsInR5cCI6IkpXVCJ9.eyJhY2NvdW50SWQiOiJ0ZXN0MTIzIiwiaWF0IjoxNjk0Njc1MjM3LCJleHAiOjE3MDI0NTEyMzd9.eARpAoExbfI9iFPlNfYAugVyl2qAT14vS1zVKvU-cqU"
[2023-09-18 11:57:26, error] "[Router Error]: /app/home/compass/css3"
[2023-09-18 11:57:26, info] "MySQL Query: SELECT key_string FROM encryption_key_info WHERE activate_yn = 'Y';"
[2023-09-18 11:57:26, info] "MySQL Query Params: "
[2023-09-18 11:57:26, info] "MySQL Query: SELECT * FROM predict_data WHERE user_code = ? and DATE(created_time) = ? ORDER BY created_time DESC LIMIT 1;"
[2023-09-18 11:57:26, info] "MySQL Query Params: 1,2023-09-18"
[2023-09-18 11:57:28, info] "MySQL Query: SELECT key_string FROM encryption_key_info WHERE activate_yn = 'Y';"
[2023-09-18 11:57:28, info] "MySQL Query Params: "
[2023-09-18 11:57:28, info] "MySQL Query: SELECT * FROM predict_data WHERE user_code = ? and DATE(created_time) = ? ORDER BY created_time DESC LIMIT 1;"
[2023-09-18 11:57:28, info] "MySQL Query Params: 1,2023-09-01"
[2023-09-18 11:57:30, info] "MySQL Query: SELECT key_string FROM encryption_key_info WHERE activate_yn = 'Y';"
[2023-09-18 11:57:30, info] "MySQL Query Params: "
[2023-09-18 11:57:30, info] "MySQL Query: SELECT * FROM predict_data WHERE user_code = ? and DATE(created_time) = ? ORDER BY created_time DESC LIMIT 1;"
[2023-09-18 11:57:30, info] "MySQL Query Params: 1,2023-09-02"
[2023-09-18 11:58:38, info] "MySQL Query: SELECT refresh_token FROM user_account WHERE user_code = ? and access_token = ?;"
[2023-09-18 11:58:38, info] "MySQL Query Params: 1,eyJhbGciOiJIUzI1NiIsInR5cCI6IkpXVCJ9.eyJhY2NvdW50SWQiOiJ0ZXN0MTIzIiwiaWF0IjoxNjk0Njc1MjM3LCJleHAiOjE3MDI0NTEyMzd9.eARpAoExbfI9iFPlNfYAugVyl2qAT14vS1zVKvU-cqU"
[2023-09-18 11:58:38, info] "MySQL Query: SELECT refresh_token FROM user_account WHERE user_code = ? and access_token = ?;"
[2023-09-18 11:58:38, info] "MySQL Query Params: 1,eyJhbGciOiJIUzI1NiIsInR5cCI6IkpXVCJ9.eyJhY2NvdW50SWQiOiJ0ZXN0MTIzIiwiaWF0IjoxNjk0Njc1MjM3LCJleHAiOjE3MDI0NTEyMzd9.eARpAoExbfI9iFPlNfYAugVyl2qAT14vS1zVKvU-cqU"
[2023-09-18 11:58:38, error] "[Router Error]: /app/home/compass/css3"
[2023-09-18 11:58:38, info] "MySQL Query: SELECT key_string FROM encryption_key_info WHERE activate_yn = 'Y';"
[2023-09-18 11:58:38, info] "MySQL Query Params: "
[2023-09-18 11:58:38, info] "MySQL Query: SELECT * FROM predict_data WHERE user_code = ? and DATE(created_time) = ? ORDER BY created_time DESC LIMIT 1;"
[2023-09-18 11:58:38, info] "MySQL Query Params: 1,2023-09-18"
[2023-09-18 11:58:41, info] "MySQL Query: SELECT key_string FROM encryption_key_info WHERE activate_yn = 'Y';"
[2023-09-18 11:58:41, info] "MySQL Query Params: "
[2023-09-18 11:58:41, info] "MySQL Query: SELECT * FROM predict_data WHERE user_code = ? and DATE(created_time) = ? ORDER BY created_time DESC LIMIT 1;"
[2023-09-18 11:58:41, info] "MySQL Query Params: 1,2023-09-06"
[2023-09-18 11:58:45, info] "MySQL Query: SELECT key_string FROM encryption_key_info WHERE activate_yn = 'Y';"
[2023-09-18 11:58:45, info] "MySQL Query Params: "
[2023-09-18 11:58:45, info] "MySQL Query: SELECT * FROM predict_data WHERE user_code = ? and DATE(created_time) = ? ORDER BY created_time DESC LIMIT 1;"
[2023-09-18 11:58:45, info] "MySQL Query Params: 1,2023-08-09"
[2023-09-18 11:59:50, info] "MySQL Query: SELECT key_string FROM encryption_key_info WHERE activate_yn = 'Y';"
[2023-09-18 11:59:50, info] "MySQL Query Params: "
[2023-09-18 11:59:50, info] "MySQL Query: SELECT * FROM predict_data WHERE user_code = ? and DATE(created_time) = ? ORDER BY created_time DESC LIMIT 1;"
[2023-09-18 11:59:50, info] "MySQL Query Params: 1,2023-08-24"
[2023-09-18 11:59:53, info] "MySQL Query: SELECT key_string FROM encryption_key_info WHERE activate_yn = 'Y';"
[2023-09-18 11:59:53, info] "MySQL Query Params: "
[2023-09-18 11:59:53, info] "MySQL Query: SELECT * FROM predict_data WHERE user_code = ? and DATE(created_time) = ? ORDER BY created_time DESC LIMIT 1;"
[2023-09-18 11:59:53, info] "MySQL Query Params: 1,2023-08-25"
[2023-09-18 11:59:59, info] "MySQL Query: SELECT key_string FROM encryption_key_info WHERE activate_yn = 'Y';"
[2023-09-18 11:59:59, info] "MySQL Query Params: "
[2023-09-18 11:59:59, info] "MySQL Query: SELECT * FROM predict_data WHERE user_code = ? and DATE(created_time) = ? ORDER BY created_time DESC LIMIT 1;"
[2023-09-18 11:59:59, info] "MySQL Query Params: 1,2023-09-01"
[2023-09-18 12:01:03, info] "MySQL Query: SELECT refresh_token FROM user_account WHERE user_code = ? and access_token = ?;"
[2023-09-18 12:01:03, info] "MySQL Query Params: 1,eyJhbGciOiJIUzI1NiIsInR5cCI6IkpXVCJ9.eyJhY2NvdW50SWQiOiJ0ZXN0MTIzIiwiaWF0IjoxNjk0Njc1MjM3LCJleHAiOjE3MDI0NTEyMzd9.eARpAoExbfI9iFPlNfYAugVyl2qAT14vS1zVKvU-cqU"
[2023-09-18 12:01:03, info] "MySQL Query: SELECT refresh_token FROM user_account WHERE user_code = ? and access_token = ?;"
[2023-09-18 12:01:03, info] "MySQL Query Params: 1,eyJhbGciOiJIUzI1NiIsInR5cCI6IkpXVCJ9.eyJhY2NvdW50SWQiOiJ0ZXN0MTIzIiwiaWF0IjoxNjk0Njc1MjM3LCJleHAiOjE3MDI0NTEyMzd9.eARpAoExbfI9iFPlNfYAugVyl2qAT14vS1zVKvU-cqU"
[2023-09-18 12:01:03, error] "[Router Error]: /app/home/compass/css3"
[2023-09-18 12:01:03, info] "MySQL Query: SELECT key_string FROM encryption_key_info WHERE activate_yn = 'Y';"
[2023-09-18 12:01:03, info] "MySQL Query Params: "
[2023-09-18 12:01:03, info] "MySQL Query: SELECT * FROM predict_data WHERE user_code = ? and DATE(created_time) = ? ORDER BY created_time DESC LIMIT 1;"
[2023-09-18 12:01:03, info] "MySQL Query Params: 1,2023-09-18"
[2023-09-18 12:01:06, info] "MySQL Query: SELECT key_string FROM encryption_key_info WHERE activate_yn = 'Y';"
[2023-09-18 12:01:06, info] "MySQL Query Params: "
[2023-09-18 12:01:06, info] "MySQL Query: SELECT * FROM predict_data WHERE user_code = ? and DATE(created_time) = ? ORDER BY created_time DESC LIMIT 1;"
[2023-09-18 12:01:06, info] "MySQL Query Params: 1,2023-09-09"
[2023-09-18 12:01:08, info] "MySQL Query: SELECT key_string FROM encryption_key_info WHERE activate_yn = 'Y';"
[2023-09-18 12:01:08, info] "MySQL Query Params: "
[2023-09-18 12:01:08, info] "MySQL Query: SELECT * FROM predict_data WHERE user_code = ? and DATE(created_time) = ? ORDER BY created_time DESC LIMIT 1;"
[2023-09-18 12:01:08, info] "MySQL Query Params: 1,2023-09-08"
[2023-09-18 12:02:01, info] "MySQL Query: SELECT refresh_token FROM user_account WHERE user_code = ? and access_token = ?;"
[2023-09-18 12:02:01, info] "MySQL Query Params: 1,eyJhbGciOiJIUzI1NiIsInR5cCI6IkpXVCJ9.eyJhY2NvdW50SWQiOiJ0ZXN0MTIzIiwiaWF0IjoxNjk0Njc1MjM3LCJleHAiOjE3MDI0NTEyMzd9.eARpAoExbfI9iFPlNfYAugVyl2qAT14vS1zVKvU-cqU"
[2023-09-18 12:02:01, info] "MySQL Query: SELECT refresh_token FROM user_account WHERE user_code = ? and access_token = ?;"
[2023-09-18 12:02:01, info] "MySQL Query Params: 1,eyJhbGciOiJIUzI1NiIsInR5cCI6IkpXVCJ9.eyJhY2NvdW50SWQiOiJ0ZXN0MTIzIiwiaWF0IjoxNjk0Njc1MjM3LCJleHAiOjE3MDI0NTEyMzd9.eARpAoExbfI9iFPlNfYAugVyl2qAT14vS1zVKvU-cqU"
[2023-09-18 12:02:01, error] "[Router Error]: /app/home/compass/css3"
[2023-09-18 12:02:02, info] "MySQL Query: SELECT key_string FROM encryption_key_info WHERE activate_yn = 'Y';"
[2023-09-18 12:02:02, info] "MySQL Query Params: "
[2023-09-18 12:02:02, info] "MySQL Query: SELECT * FROM predict_data WHERE user_code = ? and DATE(created_time) = ? ORDER BY created_time DESC LIMIT 1;"
[2023-09-18 12:02:02, info] "MySQL Query Params: 1,2023-09-18"
[2023-09-18 12:02:06, info] "MySQL Query: SELECT key_string FROM encryption_key_info WHERE activate_yn = 'Y';"
[2023-09-18 12:02:06, info] "MySQL Query Params: "
[2023-09-18 12:02:06, info] "MySQL Query: SELECT * FROM predict_data WHERE user_code = ? and DATE(created_time) = ? ORDER BY created_time DESC LIMIT 1;"
[2023-09-18 12:02:06, info] "MySQL Query Params: 1,2023-09-01"
[2023-09-18 12:03:07, info] "MySQL Query: SELECT refresh_token FROM user_account WHERE user_code = ? and access_token = ?;"
[2023-09-18 12:03:07, info] "MySQL Query Params: 1,eyJhbGciOiJIUzI1NiIsInR5cCI6IkpXVCJ9.eyJhY2NvdW50SWQiOiJ0ZXN0MTIzIiwiaWF0IjoxNjk0Njc1MjM3LCJleHAiOjE3MDI0NTEyMzd9.eARpAoExbfI9iFPlNfYAugVyl2qAT14vS1zVKvU-cqU"
[2023-09-18 12:03:07, info] "MySQL Query: SELECT refresh_token FROM user_account WHERE user_code = ? and access_token = ?;"
[2023-09-18 12:03:07, info] "MySQL Query Params: 1,eyJhbGciOiJIUzI1NiIsInR5cCI6IkpXVCJ9.eyJhY2NvdW50SWQiOiJ0ZXN0MTIzIiwiaWF0IjoxNjk0Njc1MjM3LCJleHAiOjE3MDI0NTEyMzd9.eARpAoExbfI9iFPlNfYAugVyl2qAT14vS1zVKvU-cqU"
[2023-09-18 12:03:07, error] "[Router Error]: /app/home/compass/css3"
[2023-09-18 12:03:08, info] "MySQL Query: SELECT key_string FROM encryption_key_info WHERE activate_yn = 'Y';"
[2023-09-18 12:03:08, info] "MySQL Query Params: "
[2023-09-18 12:03:08, info] "MySQL Query: SELECT * FROM predict_data WHERE user_code = ? and DATE(created_time) = ? ORDER BY created_time DESC LIMIT 1;"
[2023-09-18 12:03:08, info] "MySQL Query Params: 1,2023-09-18"
[2023-09-18 12:03:10, info] "MySQL Query: SELECT key_string FROM encryption_key_info WHERE activate_yn = 'Y';"
[2023-09-18 12:03:10, info] "MySQL Query Params: "
[2023-09-18 12:03:10, info] "MySQL Query: SELECT * FROM predict_data WHERE user_code = ? and DATE(created_time) = ? ORDER BY created_time DESC LIMIT 1;"
[2023-09-18 12:03:10, info] "MySQL Query Params: 1,2023-09-07"
[2023-09-18 12:03:13, info] "MySQL Query: SELECT key_string FROM encryption_key_info WHERE activate_yn = 'Y';"
[2023-09-18 12:03:13, info] "MySQL Query Params: "
[2023-09-18 12:03:13, info] "MySQL Query: SELECT * FROM predict_data WHERE user_code = ? and DATE(created_time) = ? ORDER BY created_time DESC LIMIT 1;"
[2023-09-18 12:03:13, info] "MySQL Query Params: 1,2023-09-02"
[2023-09-18 12:03:16, info] "MySQL Query: SELECT key_string FROM encryption_key_info WHERE activate_yn = 'Y';"
[2023-09-18 12:03:16, info] "MySQL Query Params: "
[2023-09-18 12:03:16, info] "MySQL Query: SELECT * FROM predict_data WHERE user_code = ? and DATE(created_time) = ? ORDER BY created_time DESC LIMIT 1;"
[2023-09-18 12:03:16, info] "MySQL Query Params: 1,2023-09-04"
[2023-09-18 12:03:18, info] "MySQL Query: SELECT key_string FROM encryption_key_info WHERE activate_yn = 'Y';"
[2023-09-18 12:03:18, info] "MySQL Query Params: "
[2023-09-18 12:03:18, info] "MySQL Query: SELECT * FROM predict_data WHERE user_code = ? and DATE(created_time) = ? ORDER BY created_time DESC LIMIT 1;"
[2023-09-18 12:03:18, info] "MySQL Query Params: 1,2023-09-11"
[2023-09-18 12:04:40, error] "[Router Error]: /"
[2023-09-18 12:59:52, info] "MySQL Query: SELECT key_string FROM encryption_key_info WHERE activate_yn = 'Y';"
[2023-09-18 12:59:52, info] "MySQL Query Params: "
[2023-09-18 12:59:52, info] "MySQL Query: SELECT * FROM predict_data WHERE user_code = ? and DATE(created_time) = ? ORDER BY created_time DESC LIMIT 1;"
[2023-09-18 12:59:52, info] "MySQL Query Params: 1,2023-09-01"
[2023-09-18 12:59:55, info] "MySQL Query: SELECT key_string FROM encryption_key_info WHERE activate_yn = 'Y';"
[2023-09-18 12:59:55, info] "MySQL Query Params: "
[2023-09-18 12:59:55, info] "MySQL Query: SELECT * FROM predict_data WHERE user_code = ? and DATE(created_time) = ? ORDER BY created_time DESC LIMIT 1;"
[2023-09-18 12:59:55, info] "MySQL Query Params: 1,2023-09-02"
[2023-09-18 12:59:57, info] "MySQL Query: SELECT key_string FROM encryption_key_info WHERE activate_yn = 'Y';"
[2023-09-18 12:59:57, info] "MySQL Query Params: "
[2023-09-18 12:59:57, info] "MySQL Query: SELECT * FROM predict_data WHERE user_code = ? and DATE(created_time) = ? ORDER BY created_time DESC LIMIT 1;"
[2023-09-18 12:59:57, info] "MySQL Query Params: 1,2023-09-05"
[2023-09-18 13:00:00, info] "MySQL Query: SELECT key_string FROM encryption_key_info WHERE activate_yn = 'Y';"
[2023-09-18 13:00:00, info] "MySQL Query Params: "
[2023-09-18 13:00:00, info] "MySQL Query: SELECT * FROM predict_data WHERE user_code = ? and DATE(created_time) = ? ORDER BY created_time DESC LIMIT 1;"
[2023-09-18 13:00:00, info] "MySQL Query Params: 1,2023-09-06"
[2023-09-18 13:00:02, info] "MySQL Query: SELECT key_string FROM encryption_key_info WHERE activate_yn = 'Y';"
[2023-09-18 13:00:02, info] "MySQL Query Params: "
[2023-09-18 13:00:02, info] "MySQL Query: SELECT * FROM predict_data WHERE user_code = ? and DATE(created_time) = ? ORDER BY created_time DESC LIMIT 1;"
[2023-09-18 13:00:02, info] "MySQL Query Params: 1,2023-09-07"
[2023-09-18 14:42:54, info] "MySQL Query: SELECT refresh_token FROM user_account WHERE user_code = ? and access_token = ?;"
[2023-09-18 14:42:54, info] "MySQL Query Params: 1,eyJhbGciOiJIUzI1NiIsInR5cCI6IkpXVCJ9.eyJhY2NvdW50SWQiOiJ0ZXN0MTIzIiwiaWF0IjoxNjk0Njc1MjM3LCJleHAiOjE3MDI0NTEyMzd9.eARpAoExbfI9iFPlNfYAugVyl2qAT14vS1zVKvU-cqU"
[2023-09-18 14:42:54, error] "[Router Error]: /javascripts/config.js"
[2023-09-18 14:45:40, info] "MySQL Query: SELECT refresh_token FROM user_account WHERE user_code = ? and access_token = ?;"
[2023-09-18 14:45:40, info] "MySQL Query Params: 1,eyJhbGciOiJIUzI1NiIsInR5cCI6IkpXVCJ9.eyJhY2NvdW50SWQiOiJ0ZXN0MTIzIiwiaWF0IjoxNjk0Njc1MjM3LCJleHAiOjE3MDI0NTEyMzd9.eARpAoExbfI9iFPlNfYAugVyl2qAT14vS1zVKvU-cqU"
[2023-09-18 14:45:40, info] "MySQL Query: SELECT key_string FROM encryption_key_info WHERE activate_yn = 'Y';"
[2023-09-18 14:45:40, info] "MySQL Query Params: "
[2023-09-18 14:45:40, info] "MySQL Query: SELECT t1.*, DATE_FORMAT(t1.created_time, '%m-%d') AS c_time    FROM predict_data t1    WHERE user_code = ? AND created_time BETWEEN ? AND ?      AND created_time = (        SELECT MAX(t2.created_time)        FROM predict_data t2        WHERE t2.user_code = t1.user_code AND DATE(t2.created_time) = DATE(t1.created_time)      )      ORDER BY created_time;      "
[2023-09-18 14:45:40, info] "MySQL Query Params: 1,2023-08-19,2023-09-18"
[2023-09-18 14:45:41, info] "MySQL Query: SELECT refresh_token FROM user_account WHERE user_code = ? and access_token = ?;"
[2023-09-18 14:45:41, info] "MySQL Query Params: 1,eyJhbGciOiJIUzI1NiIsInR5cCI6IkpXVCJ9.eyJhY2NvdW50SWQiOiJ0ZXN0MTIzIiwiaWF0IjoxNjk0Njc1MjM3LCJleHAiOjE3MDI0NTEyMzd9.eARpAoExbfI9iFPlNfYAugVyl2qAT14vS1zVKvU-cqU"
[2023-09-18 14:45:41, error] "[Router Error]: /app/home/compass/css3"
[2023-09-18 14:45:41, info] "MySQL Query: SELECT key_string FROM encryption_key_info WHERE activate_yn = 'Y';"
[2023-09-18 14:45:41, info] "MySQL Query Params: "
[2023-09-18 14:45:41, info] "MySQL Query: SELECT * FROM predict_data WHERE user_code = ? and DATE(created_time) = ? ORDER BY created_time DESC LIMIT 1;"
[2023-09-18 14:45:41, info] "MySQL Query Params: 1,2023-09-18"
[2023-09-18 15:49:55, info] "MySQL Query: SELECT refresh_token FROM user_account WHERE user_code = ? and access_token = ?;"
[2023-09-18 15:49:55, info] "MySQL Query Params: 1,eyJhbGciOiJIUzI1NiIsInR5cCI6IkpXVCJ9.eyJhY2NvdW50SWQiOiJ0ZXN0MTIzIiwiaWF0IjoxNjk0Njc1MjM3LCJleHAiOjE3MDI0NTEyMzd9.eARpAoExbfI9iFPlNfYAugVyl2qAT14vS1zVKvU-cqU"
[2023-09-18 15:49:55, info] "MySQL Query: SELECT refresh_token FROM user_account WHERE user_code = ? and access_token = ?;"
[2023-09-18 15:49:55, info] "MySQL Query Params: 1,eyJhbGciOiJIUzI1NiIsInR5cCI6IkpXVCJ9.eyJhY2NvdW50SWQiOiJ0ZXN0MTIzIiwiaWF0IjoxNjk0Njc1MjM3LCJleHAiOjE3MDI0NTEyMzd9.eARpAoExbfI9iFPlNfYAugVyl2qAT14vS1zVKvU-cqU"
[2023-09-18 15:49:55, error] "[Router Error]: /app/home/compass/css3"
[2023-09-18 15:49:56, info] "MySQL Query: SELECT key_string FROM encryption_key_info WHERE activate_yn = 'Y';"
[2023-09-18 15:49:56, info] "MySQL Query Params: "
[2023-09-18 15:49:56, info] "MySQL Query: SELECT * FROM predict_data WHERE user_code = ? and DATE(created_time) = ? ORDER BY created_time DESC LIMIT 1;"
[2023-09-18 15:49:56, info] "MySQL Query Params: 1,2023-09-18"
[2023-09-18 15:49:58, info] "MySQL Query: SELECT key_string FROM encryption_key_info WHERE activate_yn = 'Y';"
[2023-09-18 15:49:58, info] "MySQL Query Params: "
[2023-09-18 15:49:58, info] "MySQL Query: SELECT * FROM predict_data WHERE user_code = ? and DATE(created_time) = ? ORDER BY created_time DESC LIMIT 1;"
[2023-09-18 15:49:58, info] "MySQL Query Params: 1,2023-09-05"
[2023-09-18 15:50:01, info] "MySQL Query: SELECT key_string FROM encryption_key_info WHERE activate_yn = 'Y';"
[2023-09-18 15:50:01, info] "MySQL Query Params: "
[2023-09-18 15:50:01, info] "MySQL Query: SELECT * FROM predict_data WHERE user_code = ? and DATE(created_time) = ? ORDER BY created_time DESC LIMIT 1;"
[2023-09-18 15:50:01, info] "MySQL Query Params: 1,2023-09-07"
[2023-09-18 15:50:04, info] "MySQL Query: SELECT key_string FROM encryption_key_info WHERE activate_yn = 'Y';"
[2023-09-18 15:50:04, info] "MySQL Query Params: "
[2023-09-18 15:50:04, info] "MySQL Query: SELECT * FROM predict_data WHERE user_code = ? and DATE(created_time) = ? ORDER BY created_time DESC LIMIT 1;"
[2023-09-18 15:50:04, info] "MySQL Query Params: 1,2023-09-11"
[2023-09-18 15:50:07, info] "MySQL Query: SELECT key_string FROM encryption_key_info WHERE activate_yn = 'Y';"
[2023-09-18 15:50:07, info] "MySQL Query Params: "
[2023-09-18 15:50:07, info] "MySQL Query: SELECT * FROM predict_data WHERE user_code = ? and DATE(created_time) = ? ORDER BY created_time DESC LIMIT 1;"
[2023-09-18 15:50:07, info] "MySQL Query Params: 1,2023-09-08"
[2023-09-18 15:50:09, info] "MySQL Query: SELECT key_string FROM encryption_key_info WHERE activate_yn = 'Y';"
[2023-09-18 15:50:09, info] "MySQL Query Params: "
[2023-09-18 15:50:09, info] "MySQL Query: SELECT * FROM predict_data WHERE user_code = ? and DATE(created_time) = ? ORDER BY created_time DESC LIMIT 1;"
[2023-09-18 15:50:09, info] "MySQL Query Params: 1,2023-09-02"
[2023-09-18 15:50:12, info] "MySQL Query: SELECT key_string FROM encryption_key_info WHERE activate_yn = 'Y';"
[2023-09-18 15:50:12, info] "MySQL Query Params: "
[2023-09-18 15:50:12, info] "MySQL Query: SELECT * FROM predict_data WHERE user_code = ? and DATE(created_time) = ? ORDER BY created_time DESC LIMIT 1;"
[2023-09-18 15:50:12, info] "MySQL Query Params: 1,2023-09-01"
[2023-09-18 15:50:21, info] "MySQL Query: SELECT key_string FROM encryption_key_info WHERE activate_yn = 'Y';"
[2023-09-18 15:50:21, info] "MySQL Query Params: "
[2023-09-18 15:50:21, info] "MySQL Query: SELECT * FROM predict_data WHERE user_code = ? and DATE(created_time) = ? ORDER BY created_time DESC LIMIT 1;"
[2023-09-18 15:50:21, info] "MySQL Query Params: 1,2023-09-01"
[2023-09-18 15:50:24, info] "MySQL Query: SELECT key_string FROM encryption_key_info WHERE activate_yn = 'Y';"
[2023-09-18 15:50:24, info] "MySQL Query Params: "
[2023-09-18 15:50:24, info] "MySQL Query: SELECT * FROM predict_data WHERE user_code = ? and DATE(created_time) = ? ORDER BY created_time DESC LIMIT 1;"
[2023-09-18 15:50:24, info] "MySQL Query Params: 1,2023-09-02"
[2023-09-18 16:47:18, info] "MySQL Query: SELECT refresh_token FROM user_account WHERE user_code = ? and access_token = ?;"
[2023-09-18 16:47:18, info] "MySQL Query Params: 1,eyJhbGciOiJIUzI1NiIsInR5cCI6IkpXVCJ9.eyJhY2NvdW50SWQiOiJ0ZXN0MTIzIiwiaWF0IjoxNjk0Njc1MjM3LCJleHAiOjE3MDI0NTEyMzd9.eARpAoExbfI9iFPlNfYAugVyl2qAT14vS1zVKvU-cqU"
[2023-09-18 16:47:18, info] "MySQL Query: SELECT refresh_token FROM user_account WHERE user_code = ? and access_token = ?;"
[2023-09-18 16:47:18, info] "MySQL Query Params: 1,eyJhbGciOiJIUzI1NiIsInR5cCI6IkpXVCJ9.eyJhY2NvdW50SWQiOiJ0ZXN0MTIzIiwiaWF0IjoxNjk0Njc1MjM3LCJleHAiOjE3MDI0NTEyMzd9.eARpAoExbfI9iFPlNfYAugVyl2qAT14vS1zVKvU-cqU"
[2023-09-18 16:47:18, error] "[Router Error]: /app/home/compass/css3"
[2023-09-18 16:47:18, info] "MySQL Query: SELECT key_string FROM encryption_key_info WHERE activate_yn = 'Y';"
[2023-09-18 16:47:18, info] "MySQL Query Params: "
[2023-09-18 16:47:18, info] "MySQL Query: SELECT * FROM predict_data WHERE user_code = ? and DATE(created_time) = ? ORDER BY created_time DESC LIMIT 1;"
[2023-09-18 16:47:18, info] "MySQL Query Params: 1,2023-09-18"
[2023-09-18 16:47:41, info] "MySQL Query: SELECT key_string FROM encryption_key_info WHERE activate_yn = 'Y';"
[2023-09-18 16:47:41, info] "MySQL Query Params: "
[2023-09-18 16:47:41, info] "MySQL Query: SELECT * FROM predict_data WHERE user_code = ? and DATE(created_time) = ? ORDER BY created_time DESC LIMIT 1;"
[2023-09-18 16:47:41, info] "MySQL Query Params: 1,2023-09-06"
[2023-09-18 16:47:58, info] "MySQL Query: SELECT key_string FROM encryption_key_info WHERE activate_yn = 'Y';"
[2023-09-18 16:47:58, info] "MySQL Query Params: "
[2023-09-18 16:47:58, info] "MySQL Query: SELECT * FROM predict_data WHERE user_code = ? and DATE(created_time) = ? ORDER BY created_time DESC LIMIT 1;"
[2023-09-18 16:47:58, info] "MySQL Query Params: 1,2023-09-11"
[2023-09-18 16:49:12, info] "MySQL Query: SELECT refresh_token FROM user_account WHERE user_code = ? and access_token = ?;"
[2023-09-18 16:49:12, info] "MySQL Query Params: 1,eyJhbGciOiJIUzI1NiIsInR5cCI6IkpXVCJ9.eyJhY2NvdW50SWQiOiJ0ZXN0MTIzIiwiaWF0IjoxNjk0Njc1MjM3LCJleHAiOjE3MDI0NTEyMzd9.eARpAoExbfI9iFPlNfYAugVyl2qAT14vS1zVKvU-cqU"
[2023-09-18 16:49:12, info] "MySQL Query: SELECT refresh_token FROM user_account WHERE user_code = ? and access_token = ?;"
[2023-09-18 16:49:12, info] "MySQL Query Params: 1,eyJhbGciOiJIUzI1NiIsInR5cCI6IkpXVCJ9.eyJhY2NvdW50SWQiOiJ0ZXN0MTIzIiwiaWF0IjoxNjk0Njc1MjM3LCJleHAiOjE3MDI0NTEyMzd9.eARpAoExbfI9iFPlNfYAugVyl2qAT14vS1zVKvU-cqU"
[2023-09-18 16:49:12, error] "[Router Error]: /app/home/compass/css3"
[2023-09-18 16:49:13, info] "MySQL Query: SELECT key_string FROM encryption_key_info WHERE activate_yn = 'Y';"
[2023-09-18 16:49:13, info] "MySQL Query Params: "
[2023-09-18 16:49:13, info] "MySQL Query: SELECT * FROM predict_data WHERE user_code = ? and DATE(created_time) = ? ORDER BY created_time DESC LIMIT 1;"
[2023-09-18 16:49:13, info] "MySQL Query Params: 1,2023-09-18"
[2023-09-18 16:49:14, info] "MySQL Query: SELECT key_string FROM encryption_key_info WHERE activate_yn = 'Y';"
[2023-09-18 16:49:14, info] "MySQL Query Params: "
[2023-09-18 16:49:14, info] "MySQL Query: SELECT * FROM predict_data WHERE user_code = ? and DATE(created_time) = ? ORDER BY created_time DESC LIMIT 1;"
[2023-09-18 16:49:14, info] "MySQL Query Params: 1,2023-09-06"
[2023-09-18 16:49:33, info] "MySQL Query: SELECT refresh_token FROM user_account WHERE user_code = ? and access_token = ?;"
[2023-09-18 16:49:33, info] "MySQL Query Params: 1,eyJhbGciOiJIUzI1NiIsInR5cCI6IkpXVCJ9.eyJhY2NvdW50SWQiOiJ0ZXN0MTIzIiwiaWF0IjoxNjk0Njc1MjM3LCJleHAiOjE3MDI0NTEyMzd9.eARpAoExbfI9iFPlNfYAugVyl2qAT14vS1zVKvU-cqU"
[2023-09-18 16:49:33, info] "MySQL Query: SELECT refresh_token FROM user_account WHERE user_code = ? and access_token = ?;"
[2023-09-18 16:49:33, info] "MySQL Query Params: 1,eyJhbGciOiJIUzI1NiIsInR5cCI6IkpXVCJ9.eyJhY2NvdW50SWQiOiJ0ZXN0MTIzIiwiaWF0IjoxNjk0Njc1MjM3LCJleHAiOjE3MDI0NTEyMzd9.eARpAoExbfI9iFPlNfYAugVyl2qAT14vS1zVKvU-cqU"
[2023-09-18 16:49:33, error] "[Router Error]: /app/home/compass/css3"
[2023-09-18 16:49:33, info] "MySQL Query: SELECT key_string FROM encryption_key_info WHERE activate_yn = 'Y';"
[2023-09-18 16:49:33, info] "MySQL Query Params: "
[2023-09-18 16:49:33, info] "MySQL Query: SELECT * FROM predict_data WHERE user_code = ? and DATE(created_time) = ? ORDER BY created_time DESC LIMIT 1;"
[2023-09-18 16:49:33, info] "MySQL Query Params: 1,2023-09-18"
[2023-09-18 16:49:35, info] "MySQL Query: SELECT key_string FROM encryption_key_info WHERE activate_yn = 'Y';"
[2023-09-18 16:49:35, info] "MySQL Query Params: "
[2023-09-18 16:49:35, info] "MySQL Query: SELECT * FROM predict_data WHERE user_code = ? and DATE(created_time) = ? ORDER BY created_time DESC LIMIT 1;"
[2023-09-18 16:49:35, info] "MySQL Query Params: 1,2023-09-06"
[2023-09-18 16:50:11, info] "MySQL Query: SELECT refresh_token FROM user_account WHERE user_code = ? and access_token = ?;"
[2023-09-18 16:50:11, info] "MySQL Query Params: 1,eyJhbGciOiJIUzI1NiIsInR5cCI6IkpXVCJ9.eyJhY2NvdW50SWQiOiJ0ZXN0MTIzIiwiaWF0IjoxNjk0Njc1MjM3LCJleHAiOjE3MDI0NTEyMzd9.eARpAoExbfI9iFPlNfYAugVyl2qAT14vS1zVKvU-cqU"
[2023-09-18 16:50:11, info] "MySQL Query: SELECT refresh_token FROM user_account WHERE user_code = ? and access_token = ?;"
[2023-09-18 16:50:11, info] "MySQL Query Params: 1,eyJhbGciOiJIUzI1NiIsInR5cCI6IkpXVCJ9.eyJhY2NvdW50SWQiOiJ0ZXN0MTIzIiwiaWF0IjoxNjk0Njc1MjM3LCJleHAiOjE3MDI0NTEyMzd9.eARpAoExbfI9iFPlNfYAugVyl2qAT14vS1zVKvU-cqU"
[2023-09-18 16:50:11, error] "[Router Error]: /app/home/compass/css3"
[2023-09-18 16:50:11, info] "MySQL Query: SELECT key_string FROM encryption_key_info WHERE activate_yn = 'Y';"
[2023-09-18 16:50:11, info] "MySQL Query Params: "
[2023-09-18 16:50:11, info] "MySQL Query: SELECT * FROM predict_data WHERE user_code = ? and DATE(created_time) = ? ORDER BY created_time DESC LIMIT 1;"
[2023-09-18 16:50:11, info] "MySQL Query Params: 1,2023-09-18"
[2023-09-18 16:50:13, info] "MySQL Query: SELECT key_string FROM encryption_key_info WHERE activate_yn = 'Y';"
[2023-09-18 16:50:13, info] "MySQL Query Params: "
[2023-09-18 16:50:13, info] "MySQL Query: SELECT * FROM predict_data WHERE user_code = ? and DATE(created_time) = ? ORDER BY created_time DESC LIMIT 1;"
[2023-09-18 16:50:13, info] "MySQL Query Params: 1,2023-09-05"
[2023-09-18 16:51:38, info] "MySQL Query: SELECT refresh_token FROM user_account WHERE user_code = ? and access_token = ?;"
[2023-09-18 16:51:38, info] "MySQL Query Params: 1,eyJhbGciOiJIUzI1NiIsInR5cCI6IkpXVCJ9.eyJhY2NvdW50SWQiOiJ0ZXN0MTIzIiwiaWF0IjoxNjk0Njc1MjM3LCJleHAiOjE3MDI0NTEyMzd9.eARpAoExbfI9iFPlNfYAugVyl2qAT14vS1zVKvU-cqU"
[2023-09-18 16:51:38, info] "MySQL Query: SELECT refresh_token FROM user_account WHERE user_code = ? and access_token = ?;"
[2023-09-18 16:51:38, info] "MySQL Query Params: 1,eyJhbGciOiJIUzI1NiIsInR5cCI6IkpXVCJ9.eyJhY2NvdW50SWQiOiJ0ZXN0MTIzIiwiaWF0IjoxNjk0Njc1MjM3LCJleHAiOjE3MDI0NTEyMzd9.eARpAoExbfI9iFPlNfYAugVyl2qAT14vS1zVKvU-cqU"
[2023-09-18 16:51:38, error] "[Router Error]: /app/home/compass/css3"
[2023-09-18 16:51:38, info] "MySQL Query: SELECT key_string FROM encryption_key_info WHERE activate_yn = 'Y';"
[2023-09-18 16:51:38, info] "MySQL Query Params: "
[2023-09-18 16:51:38, info] "MySQL Query: SELECT * FROM predict_data WHERE user_code = ? and DATE(created_time) = ? ORDER BY created_time DESC LIMIT 1;"
[2023-09-18 16:51:38, info] "MySQL Query Params: 1,2023-09-18"
[2023-09-18 16:51:40, info] "MySQL Query: SELECT key_string FROM encryption_key_info WHERE activate_yn = 'Y';"
[2023-09-18 16:51:40, info] "MySQL Query Params: "
[2023-09-18 16:51:40, info] "MySQL Query: SELECT * FROM predict_data WHERE user_code = ? and DATE(created_time) = ? ORDER BY created_time DESC LIMIT 1;"
[2023-09-18 16:51:40, info] "MySQL Query Params: 1,2023-09-05"
[2023-09-18 17:00:06, info] "MySQL Query: SELECT refresh_token FROM user_account WHERE user_code = ? and access_token = ?;"
[2023-09-18 17:00:06, info] "MySQL Query Params: 1,eyJhbGciOiJIUzI1NiIsInR5cCI6IkpXVCJ9.eyJhY2NvdW50SWQiOiJ0ZXN0MTIzIiwiaWF0IjoxNjk0Njc1MjM3LCJleHAiOjE3MDI0NTEyMzd9.eARpAoExbfI9iFPlNfYAugVyl2qAT14vS1zVKvU-cqU"
[2023-09-18 17:00:06, info] "MySQL Query: SELECT refresh_token FROM user_account WHERE user_code = ? and access_token = ?;"
[2023-09-18 17:00:06, info] "MySQL Query Params: 1,eyJhbGciOiJIUzI1NiIsInR5cCI6IkpXVCJ9.eyJhY2NvdW50SWQiOiJ0ZXN0MTIzIiwiaWF0IjoxNjk0Njc1MjM3LCJleHAiOjE3MDI0NTEyMzd9.eARpAoExbfI9iFPlNfYAugVyl2qAT14vS1zVKvU-cqU"
[2023-09-18 17:00:06, error] "[Router Error]: /app/home/compass/css3"
[2023-09-18 17:00:06, info] "MySQL Query: SELECT key_string FROM encryption_key_info WHERE activate_yn = 'Y';"
[2023-09-18 17:00:06, info] "MySQL Query Params: "
[2023-09-18 17:00:06, info] "MySQL Query: SELECT * FROM predict_data WHERE user_code = ? and DATE(created_time) = ? ORDER BY created_time DESC LIMIT 1;"
[2023-09-18 17:00:06, info] "MySQL Query Params: 1,2023-09-18"
[2023-09-18 17:00:08, info] "MySQL Query: SELECT key_string FROM encryption_key_info WHERE activate_yn = 'Y';"
[2023-09-18 17:00:08, info] "MySQL Query Params: "
[2023-09-18 17:00:08, info] "MySQL Query: SELECT * FROM predict_data WHERE user_code = ? and DATE(created_time) = ? ORDER BY created_time DESC LIMIT 1;"
[2023-09-18 17:00:08, info] "MySQL Query Params: 1,2023-09-06"
