[2023-09-15 10:09:27, info] "MySQL Query: SELECT refresh_token FROM user_account WHERE user_code = ? and access_token = ?;"
[2023-09-15 10:09:27, info] "MySQL Query Params: 1,eyJhbGciOiJIUzI1NiIsInR5cCI6IkpXVCJ9.eyJhY2NvdW50SWQiOiJ0ZXN0MTIzIiwiaWF0IjoxNjk0Njc1MjM3LCJleHAiOjE3MDI0NTEyMzd9.eARpAoExbfI9iFPlNfYAugVyl2qAT14vS1zVKvU-cqU"
[2023-09-15 10:09:27, error] "[Router Error]: /app/home/compass/css3"
[2023-09-15 10:09:27, info] "MySQL Query: SELECT key_string FROM encryption_key_info WHERE activate_yn = 'Y';"
[2023-09-15 10:09:27, info] "MySQL Query Params: "
[2023-09-15 10:09:27, info] "MySQL Query: SELECT * FROM predict_data WHERE user_code = ? and DATE(created_time) = ? ORDER BY created_time DESC LIMIT 1;"
[2023-09-15 10:09:27, info] "MySQL Query Params: 1,2023-09-15"
[2023-09-15 10:09:30, info] "MySQL Query: SELECT key_string FROM encryption_key_info WHERE activate_yn = 'Y';"
[2023-09-15 10:09:30, info] "MySQL Query Params: "
[2023-09-15 10:09:30, info] "MySQL Query: SELECT * FROM predict_data WHERE user_code = ? and DATE(created_time) = ? ORDER BY created_time DESC LIMIT 1;"
[2023-09-15 10:09:30, info] "MySQL Query Params: 1,2023-09-04"
[2023-09-15 10:15:22, info] "MySQL Query: SELECT key_string FROM encryption_key_info WHERE activate_yn = 'Y';"
[2023-09-15 10:15:23, info] "MySQL Query Params: "
[2023-09-15 10:15:23, info] "MySQL Query: SELECT * FROM predict_data WHERE user_code = ? and DATE(created_time) = ? ORDER BY created_time DESC LIMIT 1;"
[2023-09-15 10:15:23, info] "MySQL Query Params: 1,2023-09-01"
[2023-09-15 10:15:24, info] "MySQL Query: SELECT key_string FROM encryption_key_info WHERE activate_yn = 'Y';"
[2023-09-15 10:15:24, info] "MySQL Query Params: "
[2023-09-15 10:15:24, info] "MySQL Query: SELECT * FROM predict_data WHERE user_code = ? and DATE(created_time) = ? ORDER BY created_time DESC LIMIT 1;"
[2023-09-15 10:15:24, info] "MySQL Query Params: 1,2023-09-06"
[2023-09-15 10:15:26, info] "MySQL Query: SELECT key_string FROM encryption_key_info WHERE activate_yn = 'Y';"
[2023-09-15 10:15:26, info] "MySQL Query Params: "
[2023-09-15 10:15:26, info] "MySQL Query: SELECT * FROM predict_data WHERE user_code = ? and DATE(created_time) = ? ORDER BY created_time DESC LIMIT 1;"
[2023-09-15 10:15:26, info] "MySQL Query Params: 1,2023-09-08"
[2023-09-15 10:15:31, info] "MySQL Query: SELECT key_string FROM encryption_key_info WHERE activate_yn = 'Y';"
[2023-09-15 10:15:31, info] "MySQL Query Params: "
[2023-09-15 10:15:31, info] "MySQL Query: SELECT * FROM predict_data WHERE user_code = ? and DATE(created_time) = ? ORDER BY created_time DESC LIMIT 1;"
[2023-09-15 10:15:31, info] "MySQL Query Params: 1,2023-09-07"
[2023-09-15 10:15:32, info] "MySQL Query: SELECT refresh_token FROM user_account WHERE user_code = ? and access_token = ?;"
[2023-09-15 10:15:32, info] "MySQL Query Params: 1,eyJhbGciOiJIUzI1NiIsInR5cCI6IkpXVCJ9.eyJhY2NvdW50SWQiOiJ0ZXN0MTIzIiwiaWF0IjoxNjk0Njc1MjM3LCJleHAiOjE3MDI0NTEyMzd9.eARpAoExbfI9iFPlNfYAugVyl2qAT14vS1zVKvU-cqU"
[2023-09-15 10:15:32, error] "[Router Error]: /javascripts/config.js"
[2023-09-15 10:15:33, info] "MySQL Query: SELECT refresh_token FROM user_account WHERE user_code = ? and access_token = ?;"
[2023-09-15 10:15:33, info] "MySQL Query Params: 1,eyJhbGciOiJIUzI1NiIsInR5cCI6IkpXVCJ9.eyJhY2NvdW50SWQiOiJ0ZXN0MTIzIiwiaWF0IjoxNjk0Njc1MjM3LCJleHAiOjE3MDI0NTEyMzd9.eARpAoExbfI9iFPlNfYAugVyl2qAT14vS1zVKvU-cqU"
[2023-09-15 10:15:33, error] "[Router Error]: /app/home/compass/css3"
[2023-09-15 10:15:33, info] "MySQL Query: SELECT key_string FROM encryption_key_info WHERE activate_yn = 'Y';"
[2023-09-15 10:15:33, info] "MySQL Query Params: "
[2023-09-15 10:15:33, info] "MySQL Query: SELECT * FROM predict_data WHERE user_code = ? and DATE(created_time) = ? ORDER BY created_time DESC LIMIT 1;"
[2023-09-15 10:15:33, info] "MySQL Query Params: 1,2023-09-15"
[2023-09-15 10:38:07, info] "MySQL Query: SELECT refresh_token FROM user_account WHERE user_code = ? and access_token = ?;"
[2023-09-15 10:38:07, info] "MySQL Query Params: 1,eyJhbGciOiJIUzI1NiIsInR5cCI6IkpXVCJ9.eyJhY2NvdW50SWQiOiJ0ZXN0MTIzIiwiaWF0IjoxNjk0Njc1MjM3LCJleHAiOjE3MDI0NTEyMzd9.eARpAoExbfI9iFPlNfYAugVyl2qAT14vS1zVKvU-cqU"
[2023-09-15 10:38:07, error] "[Router Error]: /javascripts/config.js"
[2023-09-15 10:38:08, info] "MySQL Query: SELECT refresh_token FROM user_account WHERE user_code = ? and access_token = ?;"
[2023-09-15 10:38:08, info] "MySQL Query Params: 1,eyJhbGciOiJIUzI1NiIsInR5cCI6IkpXVCJ9.eyJhY2NvdW50SWQiOiJ0ZXN0MTIzIiwiaWF0IjoxNjk0Njc1MjM3LCJleHAiOjE3MDI0NTEyMzd9.eARpAoExbfI9iFPlNfYAugVyl2qAT14vS1zVKvU-cqU"
[2023-09-15 10:38:09, info] "MySQL Query: SELECT key_string FROM encryption_key_info WHERE activate_yn = 'Y';"
[2023-09-15 10:38:09, info] "MySQL Query Params: "
[2023-09-15 10:38:09, info] "MySQL Query: SELECT t1.*, DATE_FORMAT(t1.created_time, '%m-%d') AS c_time    FROM predict_data t1    WHERE user_code = ? AND created_time BETWEEN ? AND ?      AND created_time = (        SELECT MAX(t2.created_time)        FROM predict_data t2        WHERE t2.user_code = t1.user_code AND DATE(t2.created_time) = DATE(t1.created_time)      )      ORDER BY created_time;      "
[2023-09-15 10:38:09, info] "MySQL Query Params: 1,2023-08-16,2023-09-15"
[2023-09-15 10:38:33, info] "MySQL Query: SELECT key_string FROM encryption_key_info WHERE activate_yn = 'Y';"
[2023-09-15 10:38:33, info] "MySQL Query Params: "
[2023-09-15 10:38:33, info] "MySQL Query: SELECT t1.* , DATE_FORMAT(t1.created_time, '%m-%d') AS c_time    FROM predict_data t1     WHERE user_code=? AND created_time LIKE ?     AND created_time = (        SELECT MAX(t2.created_time)        FROM predict_data t2        WHERE t2.user_code = t1.user_code AND DATE(t2.created_time) = DATE(t1.created_time)      )      ORDER BY created_time;      "
[2023-09-15 10:38:33, info] "MySQL Query Params: 1,2023-09%"
[2023-09-15 10:39:19, info] "MySQL Query: SELECT key_string FROM encryption_key_info WHERE activate_yn = 'Y';"
[2023-09-15 10:39:19, info] "MySQL Query Params: "
[2023-09-15 10:39:19, info] "MySQL Query: SELECT t1.* , DATE_FORMAT(t1.created_time, '%m-%d') AS c_time    FROM predict_data t1     WHERE user_code=? AND created_time LIKE ?     AND created_time = (        SELECT MAX(t2.created_time)        FROM predict_data t2        WHERE t2.user_code = t1.user_code AND DATE(t2.created_time) = DATE(t1.created_time)      )      ORDER BY created_time;      "
[2023-09-15 10:39:19, info] "MySQL Query Params: 1,2023-05%"
[2023-09-15 10:39:21, info] "MySQL Query: SELECT key_string FROM encryption_key_info WHERE activate_yn = 'Y';"
[2023-09-15 10:39:21, info] "MySQL Query Params: "
[2023-09-15 10:39:21, info] "MySQL Query: SELECT t1.* , DATE_FORMAT(t1.created_time, '%m-%d') AS c_time    FROM predict_data t1     WHERE user_code=? AND created_time LIKE ?     AND created_time = (        SELECT MAX(t2.created_time)        FROM predict_data t2        WHERE t2.user_code = t1.user_code AND DATE(t2.created_time) = DATE(t1.created_time)      )      ORDER BY created_time;      "
[2023-09-15 10:39:21, info] "MySQL Query Params: 1,2023-09%"
[2023-09-15 10:39:23, info] "MySQL Query: SELECT key_string FROM encryption_key_info WHERE activate_yn = 'Y';"
[2023-09-15 10:39:23, info] "MySQL Query Params: "
[2023-09-15 10:39:23, info] "MySQL Query: SELECT t1.* , DATE_FORMAT(t1.created_time, '%m-%d') AS c_time    FROM predict_data t1     WHERE user_code=? AND created_time LIKE ?     AND created_time = (        SELECT MAX(t2.created_time)        FROM predict_data t2        WHERE t2.user_code = t1.user_code AND DATE(t2.created_time) = DATE(t1.created_time)      )      ORDER BY created_time;      "
[2023-09-15 10:39:23, info] "MySQL Query Params: 1,2023-08%"
[2023-09-15 10:43:13, info] "MySQL Query: SELECT key_string FROM encryption_key_info WHERE activate_yn = 'Y';"
[2023-09-15 10:43:13, info] "MySQL Query Params: "
[2023-09-15 10:43:13, info] "MySQL Query: SELECT t1.*, DATE_FORMAT(t1.created_time, '%m-%d') AS c_time    FROM predict_data t1    WHERE user_code = ? AND created_time BETWEEN ? AND ?      AND created_time = (        SELECT MAX(t2.created_time)        FROM predict_data t2        WHERE t2.user_code = t1.user_code AND DATE(t2.created_time) = DATE(t1.created_time)      )      ORDER BY created_time;      "
[2023-09-15 10:43:13, info] "MySQL Query Params: 1,2023-08-16,2023-09-15"
[2023-09-15 10:43:13, info] "MySQL Query: SELECT key_string FROM encryption_key_info WHERE activate_yn = 'Y';"
[2023-09-15 10:43:13, info] "MySQL Query Params: "
[2023-09-15 10:43:13, info] "MySQL Query: SELECT t1.*, DATE_FORMAT(t1.created_time, '%m-%d') AS c_time    FROM predict_data t1    WHERE user_code = ? AND created_time BETWEEN ? AND ?      AND created_time = (        SELECT MAX(t2.created_time)        FROM predict_data t2        WHERE t2.user_code = t1.user_code AND DATE(t2.created_time) = DATE(t1.created_time)      )      ORDER BY created_time;      "
[2023-09-15 10:43:13, info] "MySQL Query Params: 1,2023-08-16,2023-09-15"
[2023-09-15 10:43:18, info] "MySQL Query: SELECT key_string FROM encryption_key_info WHERE activate_yn = 'Y';"
[2023-09-15 10:43:18, info] "MySQL Query Params: "
[2023-09-15 10:43:18, info] "MySQL Query: SELECT t1.* , DATE_FORMAT(t1.created_time, '%m-%d') AS c_time    FROM predict_data t1     WHERE user_code=? AND created_time LIKE ?     AND created_time = (        SELECT MAX(t2.created_time)        FROM predict_data t2        WHERE t2.user_code = t1.user_code AND DATE(t2.created_time) = DATE(t1.created_time)      )      ORDER BY created_time;      "
[2023-09-15 10:43:18, info] "MySQL Query Params: 1,2023-09%"
[2023-09-15 10:43:18, info] "MySQL Query: SELECT key_string FROM encryption_key_info WHERE activate_yn = 'Y';"
[2023-09-15 10:43:18, info] "MySQL Query Params: "
[2023-09-15 10:43:18, info] "MySQL Query: SELECT t1.*, DATE_FORMAT(t1.created_time, '%m-%d') AS c_time    FROM predict_data t1    WHERE user_code = ? AND created_time BETWEEN ? AND ?      AND created_time = (        SELECT MAX(t2.created_time)        FROM predict_data t2        WHERE t2.user_code = t1.user_code AND DATE(t2.created_time) = DATE(t1.created_time)      )      ORDER BY created_time;      "
[2023-09-15 10:43:18, info] "MySQL Query Params: 1,2023-08-16,2023-09-15"
[2023-09-15 10:43:32, info] "MySQL Query: SELECT key_string FROM encryption_key_info WHERE activate_yn = 'Y';"
[2023-09-15 10:43:32, info] "MySQL Query Params: "
[2023-09-15 10:43:32, info] "MySQL Query: SELECT t1.* , DATE_FORMAT(t1.created_time, '%m-%d') AS c_time    FROM predict_data t1     WHERE user_code=? AND created_time LIKE ?     AND created_time = (        SELECT MAX(t2.created_time)        FROM predict_data t2        WHERE t2.user_code = t1.user_code AND DATE(t2.created_time) = DATE(t1.created_time)      )      ORDER BY created_time;      "
[2023-09-15 10:43:32, info] "MySQL Query Params: 1,2023-09%"
[2023-09-15 10:43:34, info] "MySQL Query: SELECT refresh_token FROM user_account WHERE user_code = ? and access_token = ?;"
[2023-09-15 10:43:34, info] "MySQL Query Params: 1,eyJhbGciOiJIUzI1NiIsInR5cCI6IkpXVCJ9.eyJhY2NvdW50SWQiOiJ0ZXN0MTIzIiwiaWF0IjoxNjk0Njc1MjM3LCJleHAiOjE3MDI0NTEyMzd9.eARpAoExbfI9iFPlNfYAugVyl2qAT14vS1zVKvU-cqU"
[2023-09-15 10:43:34, error] "[Router Error]: /app/home/compass/css3"
[2023-09-15 10:43:34, info] "MySQL Query: SELECT key_string FROM encryption_key_info WHERE activate_yn = 'Y';"
[2023-09-15 10:43:34, info] "MySQL Query Params: "
[2023-09-15 10:43:34, info] "MySQL Query: SELECT * FROM predict_data WHERE user_code = ? and DATE(created_time) = ? ORDER BY created_time DESC LIMIT 1;"
[2023-09-15 10:43:34, info] "MySQL Query Params: 1,2023-09-15"
[2023-09-15 10:43:37, info] "MySQL Query: SELECT key_string FROM encryption_key_info WHERE activate_yn = 'Y';"
[2023-09-15 10:43:37, info] "MySQL Query Params: "
[2023-09-15 10:43:37, info] "MySQL Query: SELECT * FROM predict_data WHERE user_code = ? and DATE(created_time) = ? ORDER BY created_time DESC LIMIT 1;"
[2023-09-15 10:43:37, info] "MySQL Query Params: 1,2023-09-11"
[2023-09-15 10:44:55, info] "MySQL Query: SELECT refresh_token FROM user_account WHERE user_code = ? and access_token = ?;"
[2023-09-15 10:44:55, info] "MySQL Query Params: 1,eyJhbGciOiJIUzI1NiIsInR5cCI6IkpXVCJ9.eyJhY2NvdW50SWQiOiJ0ZXN0MTIzIiwiaWF0IjoxNjk0Njc1MjM3LCJleHAiOjE3MDI0NTEyMzd9.eARpAoExbfI9iFPlNfYAugVyl2qAT14vS1zVKvU-cqU"
[2023-09-15 10:44:55, info] "MySQL Query: SELECT key_string FROM encryption_key_info WHERE activate_yn = 'Y';"
[2023-09-15 10:44:55, info] "MySQL Query Params: "
[2023-09-15 10:44:55, info] "MySQL Query: SELECT t1.*, DATE_FORMAT(t1.created_time, '%m-%d') AS c_time    FROM predict_data t1    WHERE user_code = ? AND created_time BETWEEN ? AND ?      AND created_time = (        SELECT MAX(t2.created_time)        FROM predict_data t2        WHERE t2.user_code = t1.user_code AND DATE(t2.created_time) = DATE(t1.created_time)      )      ORDER BY created_time;      "
[2023-09-15 10:44:55, info] "MySQL Query Params: 1,2023-08-16,2023-09-15"
[2023-09-15 10:44:56, info] "MySQL Query: SELECT refresh_token FROM user_account WHERE user_code = ? and access_token = ?;"
[2023-09-15 10:44:56, info] "MySQL Query Params: 1,eyJhbGciOiJIUzI1NiIsInR5cCI6IkpXVCJ9.eyJhY2NvdW50SWQiOiJ0ZXN0MTIzIiwiaWF0IjoxNjk0Njc1MjM3LCJleHAiOjE3MDI0NTEyMzd9.eARpAoExbfI9iFPlNfYAugVyl2qAT14vS1zVKvU-cqU"
[2023-09-15 10:44:57, error] "[Router Error]: /javascripts/config.js"
[2023-09-15 10:45:01, info] "MySQL Query: SELECT refresh_token FROM user_account WHERE user_code = ? and access_token = ?;"
[2023-09-15 10:45:01, info] "MySQL Query Params: 1,eyJhbGciOiJIUzI1NiIsInR5cCI6IkpXVCJ9.eyJhY2NvdW50SWQiOiJ0ZXN0MTIzIiwiaWF0IjoxNjk0Njc1MjM3LCJleHAiOjE3MDI0NTEyMzd9.eARpAoExbfI9iFPlNfYAugVyl2qAT14vS1zVKvU-cqU"
[2023-09-15 10:45:01, error] "[Router Error]: /app/home/compass/css3"
[2023-09-15 10:45:01, info] "MySQL Query: SELECT key_string FROM encryption_key_info WHERE activate_yn = 'Y';"
[2023-09-15 10:45:01, info] "MySQL Query Params: "
[2023-09-15 10:45:01, info] "MySQL Query: SELECT * FROM predict_data WHERE user_code = ? and DATE(created_time) = ? ORDER BY created_time DESC LIMIT 1;"
[2023-09-15 10:45:01, info] "MySQL Query Params: 1,2023-09-15"
[2023-09-15 10:45:21, info] "MySQL Query: SELECT refresh_token FROM user_account WHERE user_code = ? and access_token = ?;"
[2023-09-15 10:45:21, info] "MySQL Query Params: 1,eyJhbGciOiJIUzI1NiIsInR5cCI6IkpXVCJ9.eyJhY2NvdW50SWQiOiJ0ZXN0MTIzIiwiaWF0IjoxNjk0Njc1MjM3LCJleHAiOjE3MDI0NTEyMzd9.eARpAoExbfI9iFPlNfYAugVyl2qAT14vS1zVKvU-cqU"
[2023-09-15 10:45:21, error] "[Router Error]: /javascripts/config.js"
[2023-09-15 10:46:35, info] "MySQL Query: SELECT refresh_token FROM user_account WHERE user_code = ? and access_token = ?;"
[2023-09-15 10:46:35, info] "MySQL Query Params: 1,eyJhbGciOiJIUzI1NiIsInR5cCI6IkpXVCJ9.eyJhY2NvdW50SWQiOiJ0ZXN0MTIzIiwiaWF0IjoxNjk0Njc1MjM3LCJleHAiOjE3MDI0NTEyMzd9.eARpAoExbfI9iFPlNfYAugVyl2qAT14vS1zVKvU-cqU"
[2023-09-15 10:46:35, info] "MySQL Query: SELECT key_string FROM encryption_key_info WHERE activate_yn = 'Y';"
[2023-09-15 10:46:35, info] "MySQL Query Params: "
[2023-09-15 10:46:35, info] "MySQL Query: SELECT t1.*, DATE_FORMAT(t1.created_time, '%m-%d') AS c_time    FROM predict_data t1    WHERE user_code = ? AND created_time BETWEEN ? AND ?      AND created_time = (        SELECT MAX(t2.created_time)        FROM predict_data t2        WHERE t2.user_code = t1.user_code AND DATE(t2.created_time) = DATE(t1.created_time)      )      ORDER BY created_time;      "
[2023-09-15 10:46:35, info] "MySQL Query Params: 1,2023-08-16,2023-09-15"
[2023-09-15 10:53:37, info] "MySQL Query: SELECT refresh_token FROM user_account WHERE user_code = ? and access_token = ?;"
[2023-09-15 10:53:37, info] "MySQL Query Params: 1,eyJhbGciOiJIUzI1NiIsInR5cCI6IkpXVCJ9.eyJhY2NvdW50SWQiOiJ0ZXN0MTIzIiwiaWF0IjoxNjk0Njc1MjM3LCJleHAiOjE3MDI0NTEyMzd9.eARpAoExbfI9iFPlNfYAugVyl2qAT14vS1zVKvU-cqU"
[2023-09-15 10:53:38, error] "[Router Error]: /app/home/compass/css3"
[2023-09-15 10:53:38, info] "MySQL Query: SELECT key_string FROM encryption_key_info WHERE activate_yn = 'Y';"
[2023-09-15 10:53:38, info] "MySQL Query Params: "
[2023-09-15 10:53:38, info] "MySQL Query: SELECT * FROM predict_data WHERE user_code = ? and DATE(created_time) = ? ORDER BY created_time DESC LIMIT 1;"
[2023-09-15 10:53:38, info] "MySQL Query Params: 1,2023-09-15"
[2023-09-15 10:53:40, info] "MySQL Query: SELECT key_string FROM encryption_key_info WHERE activate_yn = 'Y';"
[2023-09-15 10:53:40, info] "MySQL Query Params: "
[2023-09-15 10:53:40, info] "MySQL Query: SELECT * FROM predict_data WHERE user_code = ? and DATE(created_time) = ? ORDER BY created_time DESC LIMIT 1;"
[2023-09-15 10:53:40, info] "MySQL Query Params: 1,2023-09-02"
[2023-09-15 10:53:45, info] "MySQL Query: SELECT key_string FROM encryption_key_info WHERE activate_yn = 'Y';"
[2023-09-15 10:53:45, info] "MySQL Query Params: "
[2023-09-15 10:53:45, info] "MySQL Query: SELECT * FROM predict_data WHERE user_code = ? and DATE(created_time) = ? ORDER BY created_time DESC LIMIT 1;"
[2023-09-15 10:53:45, info] "MySQL Query Params: 1,2023-09-04"
[2023-09-15 10:53:46, info] "MySQL Query: SELECT key_string FROM encryption_key_info WHERE activate_yn = 'Y';"
[2023-09-15 10:53:46, info] "MySQL Query Params: "
[2023-09-15 10:53:46, info] "MySQL Query: SELECT * FROM predict_data WHERE user_code = ? and DATE(created_time) = ? ORDER BY created_time DESC LIMIT 1;"
[2023-09-15 10:53:46, info] "MySQL Query Params: 1,2023-09-07"
[2023-09-15 10:53:48, info] "MySQL Query: SELECT key_string FROM encryption_key_info WHERE activate_yn = 'Y';"
[2023-09-15 10:53:48, info] "MySQL Query Params: "
[2023-09-15 10:53:48, info] "MySQL Query: SELECT * FROM predict_data WHERE user_code = ? and DATE(created_time) = ? ORDER BY created_time DESC LIMIT 1;"
[2023-09-15 10:53:48, info] "MySQL Query Params: 1,2023-09-06"
[2023-09-15 10:53:50, info] "MySQL Query: SELECT key_string FROM encryption_key_info WHERE activate_yn = 'Y';"
[2023-09-15 10:53:50, info] "MySQL Query Params: "
[2023-09-15 10:53:50, info] "MySQL Query: SELECT * FROM predict_data WHERE user_code = ? and DATE(created_time) = ? ORDER BY created_time DESC LIMIT 1;"
[2023-09-15 10:53:50, info] "MySQL Query Params: 1,2023-09-09"
[2023-09-15 10:53:51, info] "MySQL Query: SELECT key_string FROM encryption_key_info WHERE activate_yn = 'Y';"
[2023-09-15 10:53:51, info] "MySQL Query Params: "
[2023-09-15 10:53:51, info] "MySQL Query: SELECT * FROM predict_data WHERE user_code = ? and DATE(created_time) = ? ORDER BY created_time DESC LIMIT 1;"
[2023-09-15 10:53:51, info] "MySQL Query Params: 1,2023-09-10"
[2023-09-15 11:01:31, info] "MySQL Query: SELECT refresh_token FROM user_account WHERE user_code = ? and access_token = ?;"
[2023-09-15 11:01:31, info] "MySQL Query Params: 1,eyJhbGciOiJIUzI1NiIsInR5cCI6IkpXVCJ9.eyJhY2NvdW50SWQiOiJ0ZXN0MTIzIiwiaWF0IjoxNjk0Njc1MjM3LCJleHAiOjE3MDI0NTEyMzd9.eARpAoExbfI9iFPlNfYAugVyl2qAT14vS1zVKvU-cqU"
[2023-09-15 11:01:31, error] "[Router Error]: /javascripts/config.js"
[2023-09-15 11:01:32, info] "MySQL Query: SELECT refresh_token FROM user_account WHERE user_code = ? and access_token = ?;"
[2023-09-15 11:01:32, info] "MySQL Query Params: 1,eyJhbGciOiJIUzI1NiIsInR5cCI6IkpXVCJ9.eyJhY2NvdW50SWQiOiJ0ZXN0MTIzIiwiaWF0IjoxNjk0Njc1MjM3LCJleHAiOjE3MDI0NTEyMzd9.eARpAoExbfI9iFPlNfYAugVyl2qAT14vS1zVKvU-cqU"
[2023-09-15 11:01:33, info] "MySQL Query: SELECT key_string FROM encryption_key_info WHERE activate_yn = 'Y';"
[2023-09-15 11:01:33, info] "MySQL Query Params: "
[2023-09-15 11:01:33, info] "MySQL Query: SELECT t1.*, DATE_FORMAT(t1.created_time, '%m-%d') AS c_time    FROM predict_data t1    WHERE user_code = ? AND created_time BETWEEN ? AND ?      AND created_time = (        SELECT MAX(t2.created_time)        FROM predict_data t2        WHERE t2.user_code = t1.user_code AND DATE(t2.created_time) = DATE(t1.created_time)      )      ORDER BY created_time;      "
[2023-09-15 11:01:33, info] "MySQL Query Params: 1,2023-08-16,2023-09-15"
[2023-09-15 11:01:39, info] "MySQL Query: SELECT refresh_token FROM user_account WHERE user_code = ? and access_token = ?;"
[2023-09-15 11:01:39, info] "MySQL Query Params: 1,eyJhbGciOiJIUzI1NiIsInR5cCI6IkpXVCJ9.eyJhY2NvdW50SWQiOiJ0ZXN0MTIzIiwiaWF0IjoxNjk0Njc1MjM3LCJleHAiOjE3MDI0NTEyMzd9.eARpAoExbfI9iFPlNfYAugVyl2qAT14vS1zVKvU-cqU"
[2023-09-15 11:01:39, error] "[Router Error]: /app/home/compass/css3"
[2023-09-15 11:01:39, info] "MySQL Query: SELECT key_string FROM encryption_key_info WHERE activate_yn = 'Y';"
[2023-09-15 11:01:39, info] "MySQL Query Params: "
[2023-09-15 11:01:39, info] "MySQL Query: SELECT * FROM predict_data WHERE user_code = ? and DATE(created_time) = ? ORDER BY created_time DESC LIMIT 1;"
[2023-09-15 11:01:39, info] "MySQL Query Params: 1,2023-09-15"
[2023-09-15 11:02:20, info] "MySQL Query: SELECT refresh_token FROM user_account WHERE user_code = ? and access_token = ?;"
[2023-09-15 11:02:20, info] "MySQL Query Params: 1,eyJhbGciOiJIUzI1NiIsInR5cCI6IkpXVCJ9.eyJhY2NvdW50SWQiOiJ0ZXN0MTIzIiwiaWF0IjoxNjk0Njc1MjM3LCJleHAiOjE3MDI0NTEyMzd9.eARpAoExbfI9iFPlNfYAugVyl2qAT14vS1zVKvU-cqU"
[2023-09-15 11:02:20, info] "MySQL Query: SELECT refresh_token FROM user_account WHERE user_code = ? and access_token = ?;"
[2023-09-15 11:02:20, info] "MySQL Query Params: 1,eyJhbGciOiJIUzI1NiIsInR5cCI6IkpXVCJ9.eyJhY2NvdW50SWQiOiJ0ZXN0MTIzIiwiaWF0IjoxNjk0Njc1MjM3LCJleHAiOjE3MDI0NTEyMzd9.eARpAoExbfI9iFPlNfYAugVyl2qAT14vS1zVKvU-cqU"
[2023-09-15 11:02:21, error] "[Router Error]: /app/home/compass/css3"
[2023-09-15 11:02:21, info] "MySQL Query: SELECT key_string FROM encryption_key_info WHERE activate_yn = 'Y';"
[2023-09-15 11:02:21, info] "MySQL Query Params: "
[2023-09-15 11:02:21, info] "MySQL Query: SELECT * FROM predict_data WHERE user_code = ? and DATE(created_time) = ? ORDER BY created_time DESC LIMIT 1;"
[2023-09-15 11:02:21, info] "MySQL Query Params: 1,2023-09-15"
[2023-09-15 11:02:33, info] "MySQL Query: SELECT key_string FROM encryption_key_info WHERE activate_yn = 'Y';"
[2023-09-15 11:02:33, info] "MySQL Query Params: "
[2023-09-15 11:02:33, info] "MySQL Query: SELECT * FROM predict_data WHERE user_code = ? and DATE(created_time) = ? ORDER BY created_time DESC LIMIT 1;"
[2023-09-15 11:02:33, info] "MySQL Query Params: 1,2023-09-06"
[2023-09-15 11:03:08, info] "MySQL Query: SELECT refresh_token FROM user_account WHERE user_code = ? and access_token = ?;"
[2023-09-15 11:03:08, info] "MySQL Query Params: 1,eyJhbGciOiJIUzI1NiIsInR5cCI6IkpXVCJ9.eyJhY2NvdW50SWQiOiJ0ZXN0MTIzIiwiaWF0IjoxNjk0Njc1MjM3LCJleHAiOjE3MDI0NTEyMzd9.eARpAoExbfI9iFPlNfYAugVyl2qAT14vS1zVKvU-cqU"
[2023-09-15 11:03:08, error] "[Router Error]: /javascripts/config.js"
[2023-09-15 11:03:09, info] "MySQL Query: SELECT refresh_token FROM user_account WHERE user_code = ? and access_token = ?;"
[2023-09-15 11:03:09, info] "MySQL Query Params: 1,eyJhbGciOiJIUzI1NiIsInR5cCI6IkpXVCJ9.eyJhY2NvdW50SWQiOiJ0ZXN0MTIzIiwiaWF0IjoxNjk0Njc1MjM3LCJleHAiOjE3MDI0NTEyMzd9.eARpAoExbfI9iFPlNfYAugVyl2qAT14vS1zVKvU-cqU"
[2023-09-15 11:03:09, info] "MySQL Query: SELECT key_string FROM encryption_key_info WHERE activate_yn = 'Y';"
[2023-09-15 11:03:09, info] "MySQL Query Params: "
[2023-09-15 11:03:09, info] "MySQL Query: SELECT t1.*, DATE_FORMAT(t1.created_time, '%m-%d') AS c_time    FROM predict_data t1    WHERE user_code = ? AND created_time BETWEEN ? AND ?      AND created_time = (        SELECT MAX(t2.created_time)        FROM predict_data t2        WHERE t2.user_code = t1.user_code AND DATE(t2.created_time) = DATE(t1.created_time)      )      ORDER BY created_time;      "
[2023-09-15 11:03:09, info] "MySQL Query Params: 1,2023-08-16,2023-09-15"
[2023-09-15 11:03:29, info] "MySQL Query: SELECT refresh_token FROM user_account WHERE user_code = ? and access_token = ?;"
[2023-09-15 11:03:29, info] "MySQL Query Params: 1,eyJhbGciOiJIUzI1NiIsInR5cCI6IkpXVCJ9.eyJhY2NvdW50SWQiOiJ0ZXN0MTIzIiwiaWF0IjoxNjk0Njc1MjM3LCJleHAiOjE3MDI0NTEyMzd9.eARpAoExbfI9iFPlNfYAugVyl2qAT14vS1zVKvU-cqU"
[2023-09-15 11:03:29, error] "[Router Error]: /javascripts/config.js"
[2023-09-15 11:03:30, info] "MySQL Query: SELECT refresh_token FROM user_account WHERE user_code = ? and access_token = ?;"
[2023-09-15 11:03:30, info] "MySQL Query Params: 1,eyJhbGciOiJIUzI1NiIsInR5cCI6IkpXVCJ9.eyJhY2NvdW50SWQiOiJ0ZXN0MTIzIiwiaWF0IjoxNjk0Njc1MjM3LCJleHAiOjE3MDI0NTEyMzd9.eARpAoExbfI9iFPlNfYAugVyl2qAT14vS1zVKvU-cqU"
[2023-09-15 11:03:30, error] "[Router Error]: /app/home/compass/css3"
[2023-09-15 11:03:30, info] "MySQL Query: SELECT key_string FROM encryption_key_info WHERE activate_yn = 'Y';"
[2023-09-15 11:03:30, info] "MySQL Query Params: "
[2023-09-15 11:03:30, info] "MySQL Query: SELECT * FROM predict_data WHERE user_code = ? and DATE(created_time) = ? ORDER BY created_time DESC LIMIT 1;"
[2023-09-15 11:03:30, info] "MySQL Query Params: 1,2023-09-15"
[2023-09-15 11:03:31, info] "MySQL Query: SELECT refresh_token FROM user_account WHERE user_code = ? and access_token = ?;"
[2023-09-15 11:03:31, info] "MySQL Query Params: 1,eyJhbGciOiJIUzI1NiIsInR5cCI6IkpXVCJ9.eyJhY2NvdW50SWQiOiJ0ZXN0MTIzIiwiaWF0IjoxNjk0Njc1MjM3LCJleHAiOjE3MDI0NTEyMzd9.eARpAoExbfI9iFPlNfYAugVyl2qAT14vS1zVKvU-cqU"
[2023-09-15 11:03:31, info] "MySQL Query: SELECT key_string FROM encryption_key_info WHERE activate_yn = 'Y';"
[2023-09-15 11:03:31, info] "MySQL Query Params: "
[2023-09-15 11:03:31, info] "MySQL Query: SELECT t1.*, DATE_FORMAT(t1.created_time, '%m-%d') AS c_time    FROM predict_data t1    WHERE user_code = ? AND created_time BETWEEN ? AND ?      AND created_time = (        SELECT MAX(t2.created_time)        FROM predict_data t2        WHERE t2.user_code = t1.user_code AND DATE(t2.created_time) = DATE(t1.created_time)      )      ORDER BY created_time;      "
[2023-09-15 11:03:31, info] "MySQL Query Params: 1,2023-08-16,2023-09-15"
[2023-09-15 11:03:46, info] "MySQL Query: SELECT refresh_token FROM user_account WHERE user_code = ? and access_token = ?;"
[2023-09-15 11:03:46, info] "MySQL Query Params: 1,eyJhbGciOiJIUzI1NiIsInR5cCI6IkpXVCJ9.eyJhY2NvdW50SWQiOiJ0ZXN0MTIzIiwiaWF0IjoxNjk0Njc1MjM3LCJleHAiOjE3MDI0NTEyMzd9.eARpAoExbfI9iFPlNfYAugVyl2qAT14vS1zVKvU-cqU"
[2023-09-15 11:03:46, error] "[Router Error]: /app/home/compass/css3"
[2023-09-15 11:03:46, info] "MySQL Query: SELECT key_string FROM encryption_key_info WHERE activate_yn = 'Y';"
[2023-09-15 11:03:46, info] "MySQL Query Params: "
[2023-09-15 11:03:46, info] "MySQL Query: SELECT * FROM predict_data WHERE user_code = ? and DATE(created_time) = ? ORDER BY created_time DESC LIMIT 1;"
[2023-09-15 11:03:46, info] "MySQL Query Params: 1,2023-09-15"
[2023-09-15 11:03:47, info] "MySQL Query: SELECT refresh_token FROM user_account WHERE user_code = ? and access_token = ?;"
[2023-09-15 11:03:47, info] "MySQL Query Params: 1,eyJhbGciOiJIUzI1NiIsInR5cCI6IkpXVCJ9.eyJhY2NvdW50SWQiOiJ0ZXN0MTIzIiwiaWF0IjoxNjk0Njc1MjM3LCJleHAiOjE3MDI0NTEyMzd9.eARpAoExbfI9iFPlNfYAugVyl2qAT14vS1zVKvU-cqU"
[2023-09-15 11:03:47, info] "MySQL Query: SELECT key_string FROM encryption_key_info WHERE activate_yn = 'Y';"
[2023-09-15 11:03:47, info] "MySQL Query Params: "
[2023-09-15 11:03:47, info] "MySQL Query: SELECT t1.*, DATE_FORMAT(t1.created_time, '%m-%d') AS c_time    FROM predict_data t1    WHERE user_code = ? AND created_time BETWEEN ? AND ?      AND created_time = (        SELECT MAX(t2.created_time)        FROM predict_data t2        WHERE t2.user_code = t1.user_code AND DATE(t2.created_time) = DATE(t1.created_time)      )      ORDER BY created_time;      "
[2023-09-15 11:03:47, info] "MySQL Query Params: 1,2023-08-16,2023-09-15"
[2023-09-15 11:03:48, info] "MySQL Query: SELECT refresh_token FROM user_account WHERE user_code = ? and access_token = ?;"
[2023-09-15 11:03:48, info] "MySQL Query Params: 1,eyJhbGciOiJIUzI1NiIsInR5cCI6IkpXVCJ9.eyJhY2NvdW50SWQiOiJ0ZXN0MTIzIiwiaWF0IjoxNjk0Njc1MjM3LCJleHAiOjE3MDI0NTEyMzd9.eARpAoExbfI9iFPlNfYAugVyl2qAT14vS1zVKvU-cqU"
[2023-09-15 11:03:48, error] "[Router Error]: /app/home/compass/css3"
[2023-09-15 11:03:48, info] "MySQL Query: SELECT key_string FROM encryption_key_info WHERE activate_yn = 'Y';"
[2023-09-15 11:03:48, info] "MySQL Query Params: "
[2023-09-15 11:03:48, info] "MySQL Query: SELECT * FROM predict_data WHERE user_code = ? and DATE(created_time) = ? ORDER BY created_time DESC LIMIT 1;"
[2023-09-15 11:03:48, info] "MySQL Query Params: 1,2023-09-15"
[2023-09-15 11:04:09, info] "MySQL Query: SELECT refresh_token FROM user_account WHERE user_code = ? and access_token = ?;"
[2023-09-15 11:04:09, info] "MySQL Query Params: 1,eyJhbGciOiJIUzI1NiIsInR5cCI6IkpXVCJ9.eyJhY2NvdW50SWQiOiJ0ZXN0MTIzIiwiaWF0IjoxNjk0Njc1MjM3LCJleHAiOjE3MDI0NTEyMzd9.eARpAoExbfI9iFPlNfYAugVyl2qAT14vS1zVKvU-cqU"
[2023-09-15 11:04:09, info] "MySQL Query: SELECT key_string FROM encryption_key_info WHERE activate_yn = 'Y';"
[2023-09-15 11:04:09, info] "MySQL Query Params: "
[2023-09-15 11:04:09, info] "MySQL Query: SELECT t1.*, DATE_FORMAT(t1.created_time, '%m-%d') AS c_time    FROM predict_data t1    WHERE user_code = ? AND created_time BETWEEN ? AND ?      AND created_time = (        SELECT MAX(t2.created_time)        FROM predict_data t2        WHERE t2.user_code = t1.user_code AND DATE(t2.created_time) = DATE(t1.created_time)      )      ORDER BY created_time;      "
[2023-09-15 11:04:09, info] "MySQL Query Params: 1,2023-08-16,2023-09-15"
[2023-09-15 11:06:19, info] "MySQL Query: SELECT refresh_token FROM user_account WHERE user_code = ? and access_token = ?;"
[2023-09-15 11:06:19, info] "MySQL Query Params: 1,eyJhbGciOiJIUzI1NiIsInR5cCI6IkpXVCJ9.eyJhY2NvdW50SWQiOiJ0ZXN0MTIzIiwiaWF0IjoxNjk0Njc1MjM3LCJleHAiOjE3MDI0NTEyMzd9.eARpAoExbfI9iFPlNfYAugVyl2qAT14vS1zVKvU-cqU"
[2023-09-15 11:06:20, error] "[Router Error]: /app/home/compass/css3"
[2023-09-15 11:06:20, info] "MySQL Query: SELECT key_string FROM encryption_key_info WHERE activate_yn = 'Y';"
[2023-09-15 11:06:20, info] "MySQL Query Params: "
[2023-09-15 11:06:20, info] "MySQL Query: SELECT * FROM predict_data WHERE user_code = ? and DATE(created_time) = ? ORDER BY created_time DESC LIMIT 1;"
[2023-09-15 11:06:20, info] "MySQL Query Params: 1,2023-09-15"
[2023-09-15 13:09:05, info] "MySQL Query: SELECT refresh_token FROM user_account WHERE user_code = ? and access_token = ?;"
[2023-09-15 13:09:05, info] "MySQL Query Params: 1,eyJhbGciOiJIUzI1NiIsInR5cCI6IkpXVCJ9.eyJhY2NvdW50SWQiOiJ0ZXN0MTIzIiwiaWF0IjoxNjk0Njc1MjM3LCJleHAiOjE3MDI0NTEyMzd9.eARpAoExbfI9iFPlNfYAugVyl2qAT14vS1zVKvU-cqU"
[2023-09-15 13:09:05, info] "MySQL Query: SELECT refresh_token FROM user_account WHERE user_code = ? and access_token = ?;"
[2023-09-15 13:09:05, info] "MySQL Query Params: 1,eyJhbGciOiJIUzI1NiIsInR5cCI6IkpXVCJ9.eyJhY2NvdW50SWQiOiJ0ZXN0MTIzIiwiaWF0IjoxNjk0Njc1MjM3LCJleHAiOjE3MDI0NTEyMzd9.eARpAoExbfI9iFPlNfYAugVyl2qAT14vS1zVKvU-cqU"
[2023-09-15 13:09:06, error] "[Router Error]: /app/home/compass/css3"
[2023-09-15 13:09:06, info] "MySQL Query: SELECT key_string FROM encryption_key_info WHERE activate_yn = 'Y';"
[2023-09-15 13:09:06, info] "MySQL Query Params: "
[2023-09-15 13:09:06, info] "MySQL Query: SELECT * FROM predict_data WHERE user_code = ? and DATE(created_time) = ? ORDER BY created_time DESC LIMIT 1;"
[2023-09-15 13:09:06, info] "MySQL Query Params: 1,2023-09-15"
[2023-09-15 13:09:08, info] "MySQL Query: SELECT key_string FROM encryption_key_info WHERE activate_yn = 'Y';"
[2023-09-15 13:09:08, info] "MySQL Query Params: "
[2023-09-15 13:09:08, info] "MySQL Query: SELECT * FROM predict_data WHERE user_code = ? and DATE(created_time) = ? ORDER BY created_time DESC LIMIT 1;"
[2023-09-15 13:09:08, info] "MySQL Query Params: 1,2023-09-07"
[2023-09-15 13:09:10, info] "MySQL Query: SELECT key_string FROM encryption_key_info WHERE activate_yn = 'Y';"
[2023-09-15 13:09:10, info] "MySQL Query Params: "
[2023-09-15 13:09:10, info] "MySQL Query: SELECT * FROM predict_data WHERE user_code = ? and DATE(created_time) = ? ORDER BY created_time DESC LIMIT 1;"
[2023-09-15 13:09:10, info] "MySQL Query Params: 1,2023-09-01"
[2023-09-15 13:09:12, info] "MySQL Query: SELECT key_string FROM encryption_key_info WHERE activate_yn = 'Y';"
[2023-09-15 13:09:12, info] "MySQL Query Params: "
[2023-09-15 13:09:12, info] "MySQL Query: SELECT * FROM predict_data WHERE user_code = ? and DATE(created_time) = ? ORDER BY created_time DESC LIMIT 1;"
[2023-09-15 13:09:12, info] "MySQL Query Params: 1,2023-09-05"
