[2023-07-12 09:50:21, error] "[Router Error]: /api/a_mypage?p_userCode=p_2"
[2023-07-12 09:50:21, error] "[Router Error]: /dist/js/perfect-scrollbar.jquery.min"
[2023-07-12 09:50:34, error] "[Router Error]: /api/a_mypage?p_userCode=p_1"
[2023-07-12 09:50:34, error] "[Router Error]: /dist/js/perfect-scrollbar.jquery.min"
[2023-07-12 10:28:02, error] "[Router Error]: /api/a_mypage2/myPetPage2?p_userCode="
[2023-07-12 10:28:02, error] "[Router Error]: /dist/js/perfect-scrollbar.jquery.min"
[2023-07-12 10:30:18, error] "[Router Error]: /api/a_mypage2/myPetPage2"
[2023-07-12 10:30:18, error] "[Router Error]: /dist/js/perfect-scrollbar.jquery.min"
[2023-07-12 10:32:08, error] "[Router Error]: /api/a_mypage2/myPetPage2?p_userCode="
[2023-07-12 10:32:08, error] "[Router Error]: /dist/js/perfect-scrollbar.jquery.min"
[2023-07-12 10:32:50, error] "[Router Error]: /api/a_mypage2/myPetPage2?p_userCode="
[2023-07-12 10:32:50, error] "[Router Error]: /dist/js/perfect-scrollbar.jquery.min"
[2023-07-12 10:33:08, error] "[Router Error]: /assets/node_modules/popper/popper.min.js.map"
[2023-07-12 10:33:22, error] "[Router Error]: /assets/node_modules/popper/popper.min.js.map"
[2023-07-12 10:35:44, error] "[Router Error]: /assets/node_modules/popper/popper.min.js.map"
[2023-07-12 10:38:28, error] "[Router Error]: /assets/node_modules/popper/popper.min.js.map"
[2023-07-12 10:39:06, error] "[Router Error]: /assets/node_modules/popper/popper.min.js.map"
[2023-07-12 10:39:17, error] "[Router Error]: /assets/node_modules/popper/popper.min.js.map"
[2023-07-12 10:39:32, error] "[Router Error]: /assets/node_modules/popper/popper.min.js.map"
[2023-07-12 10:45:57, error] "[Router Error]: /assets/node_modules/popper/popper.min.js.map"
[2023-07-12 10:46:19, error] "[Router Error]: /assets/node_modules/popper/popper.min.js.map"
[2023-07-12 11:04:18, error] "[Router Error]: /assets/node_modules/popper/popper.min.js.map"
[2023-07-12 11:04:29, error] "[Router Error]: /assets/node_modules/popper/popper.min.js.map"
[2023-07-12 11:04:41, error] "[Router Error]: /assets/node_modules/popper/popper.min.js.map"
[2023-07-12 11:05:30, error] "[Router Error]: /assets/node_modules/popper/popper.min.js.map"
[2023-07-12 11:05:34, error] "[Router Error]: /assets/node_modules/popper/popper.min.js.map"
[2023-07-12 11:05:36, error] "[Router Error]: /assets/node_modules/popper/popper.min.js.map"
[2023-07-12 11:05:38, error] "[Router Error]: /assets/node_modules/popper/popper.min.js.map"
[2023-07-12 11:05:43, error] "[Router Error]: /assets/node_modules/popper/popper.min.js.map"
[2023-07-12 11:05:46, error] "[Router Error]: /assets/node_modules/popper/popper.min.js.map"
[2023-07-12 11:05:48, error] "[Router Error]: /assets/node_modules/popper/popper.min.js.map"
[2023-07-12 11:05:49, error] "[Router Error]: /assets/node_modules/popper/popper.min.js.map"
[2023-07-12 11:05:53, error] "[Router Error]: /assets/node_modules/popper/popper.min.js.map"
[2023-07-12 11:05:54, error] "[Router Error]: /assets/node_modules/popper/popper.min.js.map"
[2023-07-12 11:05:55, error] "[Router Error]: /assets/node_modules/popper/popper.min.js.map"
[2023-07-12 11:06:06, error] "[Router Error]: /assets/node_modules/popper/popper.min.js.map"
[2023-07-12 11:06:08, error] "[Router Error]: /assets/node_modules/popper/popper.min.js.map"
[2023-07-12 11:06:12, error] "[Router Error]: /assets/node_modules/popper/popper.min.js.map"
[2023-07-12 11:06:44, error] "[Router Error]: /assets/node_modules/popper/popper.min.js.map"
[2023-07-12 11:06:46, error] "[Router Error]: /assets/node_modules/popper/popper.min.js.map"
[2023-07-12 11:06:51, error] "[Router Error]: /assets/node_modules/popper/popper.min.js.map"
[2023-07-12 11:07:52, error] "[Router Error]: /assets/node_modules/popper/popper.min.js.map"
[2023-07-12 11:07:53, error] "[Router Error]: /assets/node_modules/popper/popper.min.js.map"
[2023-07-12 11:07:56, error] "[Router Error]: /assets/node_modules/popper/popper.min.js.map"
[2023-07-12 11:07:57, error] "[Router Error]: /assets/node_modules/popper/popper.min.js.map"
[2023-07-12 11:07:58, error] "[Router Error]: /assets/node_modules/popper/popper.min.js.map"
[2023-07-12 11:07:59, error] "[Router Error]: /assets/node_modules/popper/popper.min.js.map"
[2023-07-12 11:08:00, error] "[Router Error]: /assets/node_modules/popper/popper.min.js.map"
[2023-07-12 11:08:01, error] "[Router Error]: /assets/node_modules/popper/popper.min.js.map"
[2023-07-12 11:08:02, error] "[Router Error]: /assets/node_modules/popper/popper.min.js.map"
[2023-07-12 11:08:03, error] "[Router Error]: /assets/node_modules/popper/popper.min.js.map"
[2023-07-12 11:08:03, error] "[Router Error]: /assets/node_modules/popper/popper.min.js.map"
[2023-07-12 11:08:21, error] "[Router Error]: /assets/node_modules/popper/popper.min.js.map"
[2023-07-12 11:08:37, error] "[Router Error]: /assets/node_modules/popper/popper.min.js.map"
[2023-07-12 11:08:47, error] "[Router Error]: /assets/node_modules/popper/popper.min.js.map"
[2023-07-12 11:10:43, error] "[Router Error]: /assets/node_modules/popper/popper.min.js.map"
[2023-07-12 11:10:48, error] "[Router Error]: /assets/node_modules/popper/popper.min.js.map"
[2023-07-12 11:11:48, error] "[Router Error]: /assets/node_modules/popper/popper.min.js.map"
[2023-07-12 11:20:59, error] "[Router Error]: /api/a_mypage?p_userCode=p_2"
[2023-07-12 11:20:59, error] "[Router Error]: /dist/js/perfect-scrollbar.jquery.min"
[2023-07-12 13:06:15, error] "[Router Error]: /assets/node_modules/popper/popper.min.js.map"
[2023-07-12 15:26:25, error] "[Router Error]: /assets/node_modules/popper/popper.min.js.map"
[2023-07-12 15:26:47, error] "[Router Error]: /assets/node_modules/popper/popper.min.js.map"
[2023-07-12 15:30:15, error] "[Router Error]: /assets/node_modules/popper/popper.min.js.map"
[2023-07-12 15:33:50, error] "[Router Error]: /assets/node_modules/popper/popper.min.js.map"
[2023-07-12 15:34:55, error] "[Router Error]: /assets/node_modules/popper/popper.min.js.map"
[2023-07-12 15:36:09, error] "[Router Error]: /assets/node_modules/popper/popper.min.js.map"
[2023-07-12 15:36:38, error] "[Router Error]: /assets/node_modules/popper/popper.min.js.map"
[2023-07-12 15:36:54, error] "[Router Error]: /assets/node_modules/popper/popper.min.js.map"
[2023-07-12 15:37:35, error] "[Router Error]: /assets/node_modules/popper/popper.min.js.map"
[2023-07-12 15:39:26, error] "[Router Error]: /assets/node_modules/popper/popper.min.js.map"
[2023-07-12 15:39:39, error] "[Router Error]: /assets/node_modules/popper/popper.min.js.map"
[2023-07-12 15:48:26, error] "[Router Error]: /assets/node_modules/popper/popper.min.js.map"
[2023-07-12 15:49:08, error] "[Router Error]: /assets/node_modules/popper/popper.min.js.map"
[2023-07-12 16:13:11, error] "[Router Error]: /assets/node_modules/popper/popper.min.js.map"
[2023-07-12 16:14:10, error] "[Router Error]: /assets/node_modules/popper/popper.min.js.map"
[2023-07-12 16:14:56, error] "[Router Error]: /assets/node_modules/popper/popper.min.js.map"
[2023-07-12 16:15:37, error] "[Router Error]: /assets/node_modules/popper/popper.min.js.map"
[2023-07-12 16:16:04, error] "[Router Error]: /assets/node_modules/popper/popper.min.js.map"
[2023-07-12 16:16:13, error] "[Router Error]: /assets/node_modules/popper/popper.min.js.map"
[2023-07-12 16:17:05, error] "[Router Error]: /assets/node_modules/popper/popper.min.js.map"
[2023-07-12 16:17:40, error] "[Router Error]: /assets/node_modules/popper/popper.min.js.map"
[2023-07-12 16:18:22, error] "[Router Error]: /assets/node_modules/popper/popper.min.js.map"
[2023-07-12 16:18:37, error] "[Router Error]: /assets/node_modules/popper/popper.min.js.map"
[2023-07-12 16:19:16, error] "[Router Error]: /assets/node_modules/popper/popper.min.js.map"
[2023-07-12 16:20:06, error] "[Router Error]: /assets/node_modules/popper/popper.min.js.map"
[2023-07-12 16:20:45, error] "[Router Error]: /assets/node_modules/popper/popper.min.js.map"
[2023-07-12 16:21:37, error] "[Router Error]: /assets/node_modules/popper/popper.min.js.map"
[2023-07-12 16:21:58, error] "[Router Error]: /assets/node_modules/popper/popper.min.js.map"
[2023-07-12 16:22:38, error] "[Router Error]: /assets/node_modules/popper/popper.min.js.map"
[2023-07-12 16:23:01, error] "[Router Error]: /assets/node_modules/popper/popper.min.js.map"
[2023-07-12 16:23:10, error] "[Router Error]: /assets/node_modules/popper/popper.min.js.map"
[2023-07-12 16:23:37, error] "[Router Error]: /assets/node_modules/popper/popper.min.js.map"
[2023-07-12 16:24:08, error] "[Router Error]: /assets/node_modules/popper/popper.min.js.map"
[2023-07-12 16:24:51, error] "[Router Error]: /assets/node_modules/popper/popper.min.js.map"
[2023-07-12 16:25:18, error] "[Router Error]: /assets/node_modules/popper/popper.min.js.map"
[2023-07-12 16:25:41, error] "[Router Error]: /assets/node_modules/popper/popper.min.js.map"
[2023-07-12 16:25:54, error] "[Router Error]: /assets/node_modules/popper/popper.min.js.map"
[2023-07-12 16:26:12, error] "[Router Error]: /assets/node_modules/popper/popper.min.js.map"
[2023-07-12 16:26:40, error] "[Router Error]: /assets/node_modules/popper/popper.min.js.map"
[2023-07-12 16:27:11, error] "[Router Error]: /assets/node_modules/popper/popper.min.js.map"
[2023-07-12 16:28:07, error] "[Router Error]: /assets/node_modules/popper/popper.min.js.map"
[2023-07-12 16:28:47, error] "[Router Error]: /assets/node_modules/popper/popper.min.js.map"
[2023-07-12 16:29:10, error] "[Router Error]: /assets/node_modules/popper/popper.min.js.map"
[2023-07-12 16:37:02, error] "[Router Error]: /assets/node_modules/popper/popper.min.js.map"
[2023-07-12 16:37:19, error] "[Query Error!]Error: Incorrect integer value: '\\xEC\\xBF\\xA0\\xEC\\xBF\\xA0' for column 'pet_byear' at row 1"
[2023-07-12 16:39:16, error] "[Query Error!]Error: Incorrect integer value: '\\xEC\\xBF\\xA0\\xEC\\xBF\\xA02023' for column 'pet_byear' at row 1"
[2023-07-12 16:39:20, error] "[Router Error]: /assets/node_modules/popper/popper.min.js.map"
[2023-07-12 16:39:49, error] "[Router Error]: /assets/node_modules/popper/popper.min.js.map"
[2023-07-12 16:39:59, error] "[Query Error!]Error: Out of range value for column 'pet_byear' at row 1"
[2023-07-12 16:42:19, error] "[Query Error!]Error: Out of range value for column 'pet_byear' at row 1"
[2023-07-12 16:42:27, error] "[Router Error]: /assets/node_modules/popper/popper.min.js.map"
[2023-07-12 16:42:35, error] "[Query Error!]Error: Data too long for column 'pet_gender' at row 1"
[2023-07-12 16:44:00, error] "[Query Error!]Error: Data too long for column 'pet_gender' at row 1"
[2023-07-12 16:50:22, error] "[Query Error!]Error: Data too long for column 'pet_gender' at row 1"
[2023-07-12 16:51:04, error] "[Router Error]: /assets/node_modules/popper/popper.min.js.map"
