[2023-07-24 13:57:22, error] "[Router Error]: /favicon.ico"
[2023-07-24 13:57:34, error] "[System Error]: Cannot read property 'h_user_name' of undefined"
[2023-07-24 13:57:34, error] "Cannot read property 'h_user_name' of undefined"
TypeError: Cannot read property 'h_user_name' of undefined
    at hospitalService.hospitalInfoLoad (C:\Users\LCG\Desktop\0706 반려견\반려견 0710\server\api\hospital\hospital.service.js:25:87)
    at processTicksAndRejections (internal/process/task_queues.js:93:5)
    at async hospitalInfoLoad (C:\Users\LCG\Desktop\0706 반려견\반려견 0710\server\api\hospital\hospital.controller.js:19:32)
[2023-07-24 13:57:34, error] "[Router Error]: /favicon.ico"
[2023-07-24 13:58:59, error] "[Router Error]: /favicon.ico"
[2023-07-24 13:59:02, error] "[Router Error]: /favicon.ico"
[2023-07-24 13:59:02, error] "[Router Error]: /favicon.ico"
[2023-07-24 13:59:02, error] "[Router Error]: /favicon.ico"
[2023-07-24 13:59:03, error] "[Router Error]: /favicon.ico"
[2023-07-24 13:59:03, error] "[Router Error]: /favicon.ico"
[2023-07-24 13:59:14, error] "[Router Error]: /favicon.ico"
[2023-07-24 13:59:18, error] "[Router Error]: /favicon.ico"
[2023-07-24 13:59:19, error] "[Router Error]: /favicon.ico"
[2023-07-24 13:59:27, error] "[Router Error]: /favicon.ico"
[2023-07-24 14:00:25, error] "[Router Error]: /favicon.ico"
[2023-07-24 14:00:26, error] "[Router Error]: /favicon.ico"
[2023-07-24 14:01:10, error] "[Router Error]: /favicon.ico"
[2023-07-24 14:01:12, error] "[Router Error]: /favicon.ico"
[2023-07-24 14:01:16, error] "[Router Error]: /favicon.ico"
[2023-07-24 14:01:16, error] "[Router Error]: /favicon.ico"
[2023-07-24 14:01:17, error] "[Router Error]: /favicon.ico"
[2023-07-24 14:01:21, error] "[Router Error]: /favicon.ico"
[2023-07-24 14:01:44, error] "[Router Error]: /favicon.ico"
[2023-07-24 14:01:47, error] "[Router Error]: /favicon.ico"
[2023-07-24 14:01:55, error] "[Router Error]: /favicon.ico"
[2023-07-24 14:01:56, error] "[Router Error]: /favicon.ico"
[2023-07-24 14:01:57, error] "[Router Error]: /favicon.ico"
[2023-07-24 14:02:03, error] "[Router Error]: /favicon.ico"
[2023-07-24 14:02:34, error] "[Router Error]: /favicon.ico"
[2023-07-24 14:02:35, error] "[Router Error]: /favicon.ico"
[2023-07-24 14:03:11, error] "[Router Error]: /favicon.ico"
[2023-07-24 14:03:12, error] "[Router Error]: /favicon.ico"
[2023-07-24 14:03:53, error] "[Router Error]: /favicon.ico"
[2023-07-24 14:03:54, error] "[Router Error]: /favicon.ico"
[2023-07-24 14:03:55, error] "[Router Error]: /favicon.ico"
[2023-07-24 14:03:57, error] "[Router Error]: /favicon.ico"
[2023-07-24 14:04:25, error] "[System Error]: Cannot read property 'h_user_name' of undefined"
[2023-07-24 14:04:25, error] "Cannot read property 'h_user_name' of undefined"
TypeError: Cannot read property 'h_user_name' of undefined
    at hospitalService.hospitalInfoLoad (C:\Users\LCG\Desktop\0706 반려견\반려견 0710\server\api\hospital\hospital.service.js:25:87)
    at processTicksAndRejections (internal/process/task_queues.js:93:5)
    at async hospitalInfoLoad (C:\Users\LCG\Desktop\0706 반려견\반려견 0710\server\api\hospital\hospital.controller.js:19:32)
[2023-07-24 14:04:25, error] "[Router Error]: /favicon.ico"
[2023-07-24 14:04:30, error] "[System Error]: Cannot read property 'h_user_name' of undefined"
[2023-07-24 14:04:30, error] "Cannot read property 'h_user_name' of undefined"
TypeError: Cannot read property 'h_user_name' of undefined
    at hospitalService.hospitalInfoLoad (C:\Users\LCG\Desktop\0706 반려견\반려견 0710\server\api\hospital\hospital.service.js:25:87)
    at processTicksAndRejections (internal/process/task_queues.js:93:5)
    at async hospitalInfoLoad (C:\Users\LCG\Desktop\0706 반려견\반려견 0710\server\api\hospital\hospital.controller.js:19:32)
[2023-07-24 14:04:30, error] "[Router Error]: /favicon.ico"
[2023-07-24 14:05:11, error] "[System Error]: Cannot read property 'h_user_name' of undefined"
[2023-07-24 14:05:11, error] "Cannot read property 'h_user_name' of undefined"
TypeError: Cannot read property 'h_user_name' of undefined
    at hospitalService.hospitalInfoLoad (C:\Users\LCG\Desktop\0706 반려견\반려견 0710\server\api\hospital\hospital.service.js:25:87)
    at processTicksAndRejections (internal/process/task_queues.js:93:5)
    at async hospitalInfoLoad (C:\Users\LCG\Desktop\0706 반려견\반려견 0710\server\api\hospital\hospital.controller.js:19:32)
[2023-07-24 14:05:11, error] "[Router Error]: /favicon.ico"
[2023-07-24 14:05:40, error] "[Router Error]: /favicon.ico"
[2023-07-24 14:07:33, error] "[System Error]: Cannot read property 'h_user_name' of undefined"
[2023-07-24 14:07:33, error] "Cannot read property 'h_user_name' of undefined"
TypeError: Cannot read property 'h_user_name' of undefined
    at hospitalService.hospitalInfoLoad (C:\Users\LCG\Desktop\0706 반려견\반려견 0710\server\api\hospital\hospital.service.js:25:87)
    at processTicksAndRejections (internal/process/task_queues.js:93:5)
    at async hospitalInfoLoad (C:\Users\LCG\Desktop\0706 반려견\반려견 0710\server\api\hospital\hospital.controller.js:19:32)
[2023-07-24 14:07:33, error] "[Router Error]: /favicon.ico"
[2023-07-24 14:07:56, error] "[System Error]: Cannot read property 'h_user_name' of undefined"
[2023-07-24 14:07:56, error] "Cannot read property 'h_user_name' of undefined"
TypeError: Cannot read property 'h_user_name' of undefined
    at hospitalService.hospitalInfoLoad (C:\Users\LCG\Desktop\0706 반려견\반려견 0710\server\api\hospital\hospital.service.js:25:87)
    at processTicksAndRejections (internal/process/task_queues.js:93:5)
    at async hospitalInfoLoad (C:\Users\LCG\Desktop\0706 반려견\반려견 0710\server\api\hospital\hospital.controller.js:19:32)
[2023-07-24 14:07:56, error] "[Router Error]: /favicon.ico"
[2023-07-24 14:12:53, error] "[System Error]: Cannot read property 'h_user_name' of undefined"
[2023-07-24 14:12:53, error] "Cannot read property 'h_user_name' of undefined"
TypeError: Cannot read property 'h_user_name' of undefined
    at hospitalService.hospitalInfoLoad (C:\Users\LCG\Desktop\0706 반려견\반려견 0710\server\api\hospital\hospital.service.js:25:87)
    at processTicksAndRejections (internal/process/task_queues.js:93:5)
    at async hospitalInfoLoad (C:\Users\LCG\Desktop\0706 반려견\반려견 0710\server\api\hospital\hospital.controller.js:19:32)
[2023-07-24 14:12:53, error] "[Router Error]: /favicon.ico"
[2023-07-24 14:13:02, error] "[System Error]: Cannot read property 'h_user_name' of undefined"
[2023-07-24 14:13:02, error] "Cannot read property 'h_user_name' of undefined"
TypeError: Cannot read property 'h_user_name' of undefined
    at hospitalService.hospitalInfoLoad (C:\Users\LCG\Desktop\0706 반려견\반려견 0710\server\api\hospital\hospital.service.js:25:87)
    at processTicksAndRejections (internal/process/task_queues.js:93:5)
    at async hospitalInfoLoad (C:\Users\LCG\Desktop\0706 반려견\반려견 0710\server\api\hospital\hospital.controller.js:19:32)
[2023-07-24 14:13:02, error] "[Router Error]: /favicon.ico"
[2023-07-24 15:30:34, error] "[Router Error]: /favicon.ico"
[2023-07-24 15:30:40, error] "[Router Error]: /favicon.ico"
[2023-07-24 15:35:35, error] "[Router Error]: /favicon.ico"
[2023-07-24 15:35:44, error] "[Router Error]: /favicon.ico"
[2023-07-24 15:36:38, error] "[Router Error]: /favicon.ico"
[2023-07-24 15:36:47, error] "[Router Error]: /favicon.ico"
[2023-07-24 15:39:25, error] "[Router Error]: /favicon.ico"
[2023-07-24 15:39:39, error] "[Router Error]: /favicon.ico"
[2023-07-24 15:43:04, error] "[Router Error]: /favicon.ico"
[2023-07-24 15:44:19, error] "[Router Error]: /favicon.ico"
[2023-07-24 15:44:21, error] "[Router Error]: /favicon.ico"
[2023-07-24 15:45:00, error] "[Router Error]: /favicon.ico"
[2023-07-24 15:45:08, error] "[Router Error]: /favicon.ico"
[2023-07-24 15:45:10, error] "[Router Error]: /favicon.ico"
[2023-07-24 15:45:57, error] "[Router Error]: /favicon.ico"
[2023-07-24 15:47:31, error] "[Router Error]: /favicon.ico"
[2023-07-24 15:49:24, error] "[Router Error]: /favicon.ico"
[2023-07-24 15:49:59, error] "[Router Error]: /favicon.ico"
[2023-07-24 15:50:39, error] "[Router Error]: /favicon.ico"
[2023-07-24 15:51:16, error] "[Router Error]: /favicon.ico"
[2023-07-24 15:51:30, error] "[Router Error]: /favicon.ico"
[2023-07-24 15:52:59, error] "[Router Error]: /favicon.ico"
[2023-07-24 15:54:05, error] "[Router Error]: /favicon.ico"
[2023-07-24 15:55:18, error] "[Router Error]: /favicon.ico"
[2023-07-24 15:55:46, error] "[Router Error]: /favicon.ico"
[2023-07-24 15:56:01, error] "[Router Error]: /favicon.ico"
[2023-07-24 15:59:43, error] "[Router Error]: /favicon.ico"
[2023-07-24 16:00:17, error] "[Router Error]: /favicon.ico"
[2023-07-24 16:11:30, error] "[Router Error]: /favicon.ico"
[2023-07-24 16:11:33, error] "[Router Error]: /assets/node_modules/popper/popper.min.js.map"
[2023-07-24 16:13:38, error] "[Router Error]: /favicon.ico"
[2023-07-24 16:13:46, error] "[Router Error]: /assets/node_modules/popper/popper.min.js.map"
[2023-07-24 16:13:59, error] "[Router Error]: /favicon.ico"
[2023-07-24 16:14:05, error] "[Router Error]: /assets/node_modules/popper/popper.min.js.map"
[2023-07-24 16:17:33, error] "[Router Error]: /assets/node_modules/popper/popper.min.js.map"
[2023-07-24 16:17:37, error] "[Router Error]: /assets/node_modules/popper/popper.min.js.map"
[2023-07-24 16:17:55, error] "[Router Error]: /assets/node_modules/popper/popper.min.js.map"
[2023-07-24 16:18:12, error] "[Router Error]: /favicon.ico"
[2023-07-24 16:18:32, error] "[Router Error]: /favicon.ico"
[2023-07-24 16:18:35, error] "[Router Error]: /favicon.ico"
[2023-07-24 16:18:42, error] "[System Error]: Cannot read property 'h_user_code' of undefined"
[2023-07-24 16:18:42, error] "Cannot read property 'h_user_code' of undefined"
TypeError: Cannot read property 'h_user_code' of undefined
    at hospitalService.pwCheck (C:\Users\LCG\Desktop\0706 반려견\반려견 0710\server\api\hospital\hospital.service.js:24:23)
    at processTicksAndRejections (internal/process/task_queues.js:93:5)
    at async pwCheck (C:\Users\LCG\Desktop\0706 반려견\반려견 0710\server\api\hospital\hospital.controller.js:20:23)
[2023-07-24 16:19:04, error] "[Router Error]: /assets/node_modules/popper/popper.min.js.map"
[2023-07-24 16:19:19, error] "[Router Error]: /favicon.ico"
[2023-07-24 16:19:23, error] "[Router Error]: /favicon.ico"
[2023-07-24 16:19:27, error] "[Router Error]: /favicon.ico"
[2023-07-24 16:19:32, error] "[System Error]: Cannot read property 'h_user_code' of undefined"
[2023-07-24 16:19:32, error] "Cannot read property 'h_user_code' of undefined"
TypeError: Cannot read property 'h_user_code' of undefined
    at hospitalService.pwCheck (C:\Users\LCG\Desktop\0706 반려견\반려견 0710\server\api\hospital\hospital.service.js:24:23)
    at processTicksAndRejections (internal/process/task_queues.js:93:5)
    at async pwCheck (C:\Users\LCG\Desktop\0706 반려견\반려견 0710\server\api\hospital\hospital.controller.js:20:23)
[2023-07-24 16:19:37, error] "[System Error]: Cannot read property 'h_user_code' of undefined"
[2023-07-24 16:19:37, error] "Cannot read property 'h_user_code' of undefined"
TypeError: Cannot read property 'h_user_code' of undefined
    at hospitalService.pwCheck (C:\Users\LCG\Desktop\0706 반려견\반려견 0710\server\api\hospital\hospital.service.js:24:23)
    at processTicksAndRejections (internal/process/task_queues.js:93:5)
    at async pwCheck (C:\Users\LCG\Desktop\0706 반려견\반려견 0710\server\api\hospital\hospital.controller.js:20:23)
[2023-07-24 16:19:46, error] "[System Error]: Cannot read property 'h_user_code' of undefined"
[2023-07-24 16:19:46, error] "Cannot read property 'h_user_code' of undefined"
TypeError: Cannot read property 'h_user_code' of undefined
    at hospitalService.pwCheck (C:\Users\LCG\Desktop\0706 반려견\반려견 0710\server\api\hospital\hospital.service.js:24:23)
    at processTicksAndRejections (internal/process/task_queues.js:93:5)
    at async pwCheck (C:\Users\LCG\Desktop\0706 반려견\반려견 0710\server\api\hospital\hospital.controller.js:20:23)
[2023-07-24 16:19:51, error] "[Router Error]: /favicon.ico"
[2023-07-24 16:20:04, error] "[Router Error]: /favicon.ico"
[2023-07-24 16:20:16, error] "[Router Error]: /assets/node_modules/popper/popper.min.js.map"
[2023-07-24 16:20:20, error] "[Router Error]: /favicon.ico"
[2023-07-24 16:20:25, error] "[System Error]: Cannot read property 'h_user_code' of undefined"
[2023-07-24 16:20:25, error] "Cannot read property 'h_user_code' of undefined"
TypeError: Cannot read property 'h_user_code' of undefined
    at hospitalService.pwCheck (C:\Users\LCG\Desktop\0706 반려견\반려견 0710\server\api\hospital\hospital.service.js:24:23)
    at processTicksAndRejections (internal/process/task_queues.js:93:5)
    at async pwCheck (C:\Users\LCG\Desktop\0706 반려견\반려견 0710\server\api\hospital\hospital.controller.js:20:23)
[2023-07-24 16:20:32, error] "[System Error]: Cannot read property 'h_user_code' of undefined"
[2023-07-24 16:20:32, error] "Cannot read property 'h_user_code' of undefined"
TypeError: Cannot read property 'h_user_code' of undefined
    at hospitalService.pwCheck (C:\Users\LCG\Desktop\0706 반려견\반려견 0710\server\api\hospital\hospital.service.js:24:23)
    at processTicksAndRejections (internal/process/task_queues.js:93:5)
    at async pwCheck (C:\Users\LCG\Desktop\0706 반려견\반려견 0710\server\api\hospital\hospital.controller.js:20:23)
[2023-07-24 16:20:41, error] "[Router Error]: /assets/node_modules/popper/popper.min.js.map"
