[2023-07-11 09:18:16, error] "[Router Error]: /app/p_apphome/p_apphome.js"
[2023-07-11 09:39:53, error] "[Router Error]: /app/p_apphome/p_apphome.js"
[2023-07-11 09:43:34, error] "[Router Error]: /api/a_mypage?p_userCode=p_1"
[2023-07-11 09:43:34, error] "[Router Error]: /dist/js/perfect-scrollbar.jquery.min"
[2023-07-11 09:43:36, error] "[Router Error]: /api/a_mypage?p_userCode=p_1"
[2023-07-11 09:43:36, error] "[Router Error]: /dist/js/perfect-scrollbar.jquery.min"
[2023-07-11 09:44:03, error] "[Router Error]: /api/a_mypage?p_userCode=p_1"
[2023-07-11 09:44:03, error] "[Router Error]: /dist/js/perfect-scrollbar.jquery.min"
[2023-07-11 09:44:10, error] "[Router Error]: /api/a_mypage?p_userCode=p_1"
[2023-07-11 09:44:10, error] "[Router Error]: /dist/js/perfect-scrollbar.jquery.min"
[2023-07-11 09:47:07, error] "[Router Error]: /api/a_mypage?p_userCode=p_1"
[2023-07-11 09:47:07, error] "[Router Error]: /dist/js/perfect-scrollbar.jquery.min"
[2023-07-11 09:47:28, error] "[Router Error]: /api/a_mypage?p_userCode=p_1"
[2023-07-11 09:47:28, error] "[Router Error]: /dist/js/perfect-scrollbar.jquery.min"
[2023-07-11 09:47:35, error] "[Router Error]: /api/a_mypage"
[2023-07-11 09:47:35, error] "[Router Error]: /dist/js/perfect-scrollbar.jquery.min"
[2023-07-11 09:49:41, error] "[Router Error]: /api/a_mypage?p_userCode=p_1"
[2023-07-11 09:49:41, error] "[Router Error]: /dist/js/perfect-scrollbar.jquery.min"
[2023-07-11 09:52:24, error] "[Router Error]: /app/p_apphome/p_apphome.js"
[2023-07-11 09:52:28, error] "[Router Error]: /app/p_apphome/p_apphome.js"
[2023-07-11 09:53:06, error] "[Router Error]: /app/p_apphome/p_apphome.js"
[2023-07-11 09:57:11, error] "[System Error]: Cannot read property 'pet_byear' of undefined"
[2023-07-11 09:57:11, error] "Cannot read property 'pet_byear' of undefined"
TypeError: Cannot read property 'pet_byear' of undefined
    at aHomeService.selectPetInfo (C:\Users\LCG\Desktop\0706 반려견\반려견 0710\server\api\a_home\a_home.service.js:27:65)
    at processTicksAndRejections (internal/process/task_queues.js:93:5)
    at async selectPetInfo (C:\Users\LCG\Desktop\0706 반려견\반려견 0710\server\api\a_home\a_home.controller.js:20:29)
[2023-07-11 09:57:11, error] "[System Error]: Cannot read property 'pet_id' of undefined"
[2023-07-11 09:57:11, error] "Cannot read property 'pet_id' of undefined"
TypeError: Cannot read property 'pet_id' of undefined
    at aHomeService.selectTodayList (C:\Users\LCG\Desktop\0706 반려견\반려견 0710\server\api\a_home\a_home.service.js:50:92)
    at processTicksAndRejections (internal/process/task_queues.js:93:5)
    at async selectTodayList (C:\Users\LCG\Desktop\0706 반려견\반려견 0710\server\api\a_home\a_home.controller.js:27:31)
[2023-07-11 09:57:34, error] "[System Error]: Cannot read property 'pet_byear' of undefined"
[2023-07-11 09:57:34, error] "Cannot read property 'pet_byear' of undefined"
TypeError: Cannot read property 'pet_byear' of undefined
    at aHomeService.selectPetInfo (C:\Users\LCG\Desktop\0706 반려견\반려견 0710\server\api\a_home\a_home.service.js:27:65)
    at runMicrotasks (<anonymous>)
    at processTicksAndRejections (internal/process/task_queues.js:93:5)
    at async selectPetInfo (C:\Users\LCG\Desktop\0706 반려견\반려견 0710\server\api\a_home\a_home.controller.js:20:29)
[2023-07-11 09:57:34, error] "[System Error]: Cannot read property 'pet_id' of undefined"
[2023-07-11 09:57:34, error] "Cannot read property 'pet_id' of undefined"
TypeError: Cannot read property 'pet_id' of undefined
    at aHomeService.selectTodayList (C:\Users\LCG\Desktop\0706 반려견\반려견 0710\server\api\a_home\a_home.service.js:50:92)
    at runMicrotasks (<anonymous>)
    at processTicksAndRejections (internal/process/task_queues.js:93:5)
    at async selectTodayList (C:\Users\LCG\Desktop\0706 반려견\반려견 0710\server\api\a_home\a_home.controller.js:27:31)
[2023-07-11 09:59:03, error] "[System Error]: Cannot read property 'pet_byear' of undefined"
[2023-07-11 09:59:03, error] "Cannot read property 'pet_byear' of undefined"
TypeError: Cannot read property 'pet_byear' of undefined
    at aHomeService.selectPetInfo (C:\Users\LCG\Desktop\0706 반려견\반려견 0710\server\api\a_home\a_home.service.js:27:65)
    at runMicrotasks (<anonymous>)
    at processTicksAndRejections (internal/process/task_queues.js:93:5)
    at async selectPetInfo (C:\Users\LCG\Desktop\0706 반려견\반려견 0710\server\api\a_home\a_home.controller.js:20:29)
[2023-07-11 09:59:03, error] "[System Error]: Cannot read property 'pet_id' of undefined"
[2023-07-11 09:59:03, error] "Cannot read property 'pet_id' of undefined"
TypeError: Cannot read property 'pet_id' of undefined
    at aHomeService.selectTodayList (C:\Users\LCG\Desktop\0706 반려견\반려견 0710\server\api\a_home\a_home.service.js:50:92)
    at runMicrotasks (<anonymous>)
    at processTicksAndRejections (internal/process/task_queues.js:93:5)
    at async selectTodayList (C:\Users\LCG\Desktop\0706 반려견\반려견 0710\server\api\a_home\a_home.controller.js:27:31)
[2023-07-11 09:59:12, error] "[Router Error]: /api/a_mypage?p_userCode=p_1"
[2023-07-11 09:59:12, error] "[Router Error]: /dist/js/perfect-scrollbar.jquery.min"
[2023-07-11 09:59:18, error] "[System Error]: Cannot read property 'pet_byear' of undefined"
[2023-07-11 09:59:18, error] "Cannot read property 'pet_byear' of undefined"
TypeError: Cannot read property 'pet_byear' of undefined
    at aHomeService.selectPetInfo (C:\Users\LCG\Desktop\0706 반려견\반려견 0710\server\api\a_home\a_home.service.js:27:65)
    at runMicrotasks (<anonymous>)
    at processTicksAndRejections (internal/process/task_queues.js:93:5)
    at async selectPetInfo (C:\Users\LCG\Desktop\0706 반려견\반려견 0710\server\api\a_home\a_home.controller.js:20:29)
[2023-07-11 09:59:18, error] "[System Error]: Cannot read property 'pet_id' of undefined"
[2023-07-11 09:59:18, error] "Cannot read property 'pet_id' of undefined"
TypeError: Cannot read property 'pet_id' of undefined
    at aHomeService.selectTodayList (C:\Users\LCG\Desktop\0706 반려견\반려견 0710\server\api\a_home\a_home.service.js:50:92)
    at runMicrotasks (<anonymous>)
    at processTicksAndRejections (internal/process/task_queues.js:93:5)
    at async selectTodayList (C:\Users\LCG\Desktop\0706 반려견\반려견 0710\server\api\a_home\a_home.controller.js:27:31)
[2023-07-11 10:00:44, error] "[System Error]: Cannot read property 'pet_byear' of undefined"
[2023-07-11 10:00:44, error] "Cannot read property 'pet_byear' of undefined"
TypeError: Cannot read property 'pet_byear' of undefined
    at aHomeService.selectPetInfo (C:\Users\LCG\Desktop\0706 반려견\반려견 0710\server\api\a_home\a_home.service.js:27:65)
    at runMicrotasks (<anonymous>)
    at processTicksAndRejections (internal/process/task_queues.js:93:5)
    at async selectPetInfo (C:\Users\LCG\Desktop\0706 반려견\반려견 0710\server\api\a_home\a_home.controller.js:20:29)
[2023-07-11 10:00:44, error] "[System Error]: Cannot read property 'pet_id' of undefined"
[2023-07-11 10:00:44, error] "Cannot read property 'pet_id' of undefined"
TypeError: Cannot read property 'pet_id' of undefined
    at aHomeService.selectTodayList (C:\Users\LCG\Desktop\0706 반려견\반려견 0710\server\api\a_home\a_home.service.js:50:92)
    at runMicrotasks (<anonymous>)
    at processTicksAndRejections (internal/process/task_queues.js:93:5)
    at async selectTodayList (C:\Users\LCG\Desktop\0706 반려견\반려견 0710\server\api\a_home\a_home.controller.js:27:31)
[2023-07-11 10:01:12, error] "[System Error]: Cannot read property 'pet_byear' of undefined"
[2023-07-11 10:01:12, error] "Cannot read property 'pet_byear' of undefined"
TypeError: Cannot read property 'pet_byear' of undefined
    at aHomeService.selectPetInfo (C:\Users\LCG\Desktop\0706 반려견\반려견 0710\server\api\a_home\a_home.service.js:27:65)
    at runMicrotasks (<anonymous>)
    at processTicksAndRejections (internal/process/task_queues.js:93:5)
    at async selectPetInfo (C:\Users\LCG\Desktop\0706 반려견\반려견 0710\server\api\a_home\a_home.controller.js:20:29)
[2023-07-11 10:01:12, error] "[System Error]: Cannot read property 'pet_id' of undefined"
[2023-07-11 10:01:12, error] "Cannot read property 'pet_id' of undefined"
TypeError: Cannot read property 'pet_id' of undefined
    at aHomeService.selectTodayList (C:\Users\LCG\Desktop\0706 반려견\반려견 0710\server\api\a_home\a_home.service.js:50:92)
    at runMicrotasks (<anonymous>)
    at processTicksAndRejections (internal/process/task_queues.js:93:5)
    at async selectTodayList (C:\Users\LCG\Desktop\0706 반려견\반려견 0710\server\api\a_home\a_home.controller.js:27:31)
[2023-07-11 10:02:22, error] "[System Error]: Cannot read property 'pet_byear' of undefined"
[2023-07-11 10:02:22, error] "Cannot read property 'pet_byear' of undefined"
TypeError: Cannot read property 'pet_byear' of undefined
    at aHomeService.selectPetInfo (C:\Users\LCG\Desktop\0706 반려견\반려견 0710\server\api\a_home\a_home.service.js:27:65)
    at runMicrotasks (<anonymous>)
    at processTicksAndRejections (internal/process/task_queues.js:93:5)
    at async selectPetInfo (C:\Users\LCG\Desktop\0706 반려견\반려견 0710\server\api\a_home\a_home.controller.js:20:29)
[2023-07-11 10:02:22, error] "[System Error]: Cannot read property 'pet_id' of undefined"
[2023-07-11 10:02:22, error] "Cannot read property 'pet_id' of undefined"
TypeError: Cannot read property 'pet_id' of undefined
    at aHomeService.selectTodayList (C:\Users\LCG\Desktop\0706 반려견\반려견 0710\server\api\a_home\a_home.service.js:50:92)
    at runMicrotasks (<anonymous>)
    at processTicksAndRejections (internal/process/task_queues.js:93:5)
    at async selectTodayList (C:\Users\LCG\Desktop\0706 반려견\반려견 0710\server\api\a_home\a_home.controller.js:27:31)
[2023-07-11 10:02:48, error] "[System Error]: Cannot read property 'pet_byear' of undefined"
[2023-07-11 10:02:48, error] "Cannot read property 'pet_byear' of undefined"
TypeError: Cannot read property 'pet_byear' of undefined
    at aHomeService.selectPetInfo (C:\Users\LCG\Desktop\0706 반려견\반려견 0710\server\api\a_home\a_home.service.js:27:65)
    at runMicrotasks (<anonymous>)
    at processTicksAndRejections (internal/process/task_queues.js:93:5)
    at async selectPetInfo (C:\Users\LCG\Desktop\0706 반려견\반려견 0710\server\api\a_home\a_home.controller.js:20:29)
[2023-07-11 10:02:48, error] "[System Error]: Cannot read property 'pet_id' of undefined"
[2023-07-11 10:02:48, error] "Cannot read property 'pet_id' of undefined"
TypeError: Cannot read property 'pet_id' of undefined
    at aHomeService.selectTodayList (C:\Users\LCG\Desktop\0706 반려견\반려견 0710\server\api\a_home\a_home.service.js:50:92)
    at runMicrotasks (<anonymous>)
    at processTicksAndRejections (internal/process/task_queues.js:93:5)
    at async selectTodayList (C:\Users\LCG\Desktop\0706 반려견\반려견 0710\server\api\a_home\a_home.controller.js:27:31)
[2023-07-11 10:02:51, error] "[System Error]: Cannot read property 'pet_byear' of undefined"
[2023-07-11 10:02:51, error] "Cannot read property 'pet_byear' of undefined"
TypeError: Cannot read property 'pet_byear' of undefined
    at aHomeService.selectPetInfo (C:\Users\LCG\Desktop\0706 반려견\반려견 0710\server\api\a_home\a_home.service.js:27:65)
    at runMicrotasks (<anonymous>)
    at processTicksAndRejections (internal/process/task_queues.js:93:5)
    at async selectPetInfo (C:\Users\LCG\Desktop\0706 반려견\반려견 0710\server\api\a_home\a_home.controller.js:20:29)
[2023-07-11 10:02:51, error] "[System Error]: Cannot read property 'pet_id' of undefined"
[2023-07-11 10:02:51, error] "Cannot read property 'pet_id' of undefined"
TypeError: Cannot read property 'pet_id' of undefined
    at aHomeService.selectTodayList (C:\Users\LCG\Desktop\0706 반려견\반려견 0710\server\api\a_home\a_home.service.js:50:92)
    at runMicrotasks (<anonymous>)
    at processTicksAndRejections (internal/process/task_queues.js:93:5)
    at async selectTodayList (C:\Users\LCG\Desktop\0706 반려견\반려견 0710\server\api\a_home\a_home.controller.js:27:31)
[2023-07-11 10:02:54, error] "[System Error]: Cannot read property 'pet_byear' of undefined"
[2023-07-11 10:02:54, error] "Cannot read property 'pet_byear' of undefined"
TypeError: Cannot read property 'pet_byear' of undefined
    at aHomeService.selectPetInfo (C:\Users\LCG\Desktop\0706 반려견\반려견 0710\server\api\a_home\a_home.service.js:27:65)
    at runMicrotasks (<anonymous>)
    at processTicksAndRejections (internal/process/task_queues.js:93:5)
    at async selectPetInfo (C:\Users\LCG\Desktop\0706 반려견\반려견 0710\server\api\a_home\a_home.controller.js:20:29)
[2023-07-11 10:02:54, error] "[System Error]: Cannot read property 'pet_id' of undefined"
[2023-07-11 10:02:54, error] "Cannot read property 'pet_id' of undefined"
TypeError: Cannot read property 'pet_id' of undefined
    at aHomeService.selectTodayList (C:\Users\LCG\Desktop\0706 반려견\반려견 0710\server\api\a_home\a_home.service.js:50:92)
    at runMicrotasks (<anonymous>)
    at processTicksAndRejections (internal/process/task_queues.js:93:5)
    at async selectTodayList (C:\Users\LCG\Desktop\0706 반려견\반려견 0710\server\api\a_home\a_home.controller.js:27:31)
[2023-07-11 10:03:27, error] "[System Error]: Cannot read property 'pet_byear' of undefined"
[2023-07-11 10:03:27, error] "Cannot read property 'pet_byear' of undefined"
TypeError: Cannot read property 'pet_byear' of undefined
    at aHomeService.selectPetInfo (C:\Users\LCG\Desktop\0706 반려견\반려견 0710\server\api\a_home\a_home.service.js:27:65)
    at runMicrotasks (<anonymous>)
    at processTicksAndRejections (internal/process/task_queues.js:93:5)
    at async selectPetInfo (C:\Users\LCG\Desktop\0706 반려견\반려견 0710\server\api\a_home\a_home.controller.js:20:29)
[2023-07-11 10:03:27, error] "[System Error]: Cannot read property 'pet_id' of undefined"
[2023-07-11 10:03:27, error] "Cannot read property 'pet_id' of undefined"
TypeError: Cannot read property 'pet_id' of undefined
    at aHomeService.selectTodayList (C:\Users\LCG\Desktop\0706 반려견\반려견 0710\server\api\a_home\a_home.service.js:50:92)
    at runMicrotasks (<anonymous>)
    at processTicksAndRejections (internal/process/task_queues.js:93:5)
    at async selectTodayList (C:\Users\LCG\Desktop\0706 반려견\반려견 0710\server\api\a_home\a_home.controller.js:27:31)
[2023-07-11 10:13:08, error] "[System Error]: Cannot read property 'pet_byear' of undefined"
[2023-07-11 10:13:08, error] "Cannot read property 'pet_byear' of undefined"
TypeError: Cannot read property 'pet_byear' of undefined
    at aHomeService.selectPetInfo (C:\Users\LCG\Desktop\0706 반려견\반려견 0710\server\api\a_home\a_home.service.js:27:65)
    at runMicrotasks (<anonymous>)
    at processTicksAndRejections (internal/process/task_queues.js:93:5)
    at async selectPetInfo (C:\Users\LCG\Desktop\0706 반려견\반려견 0710\server\api\a_home\a_home.controller.js:20:29)
[2023-07-11 10:13:08, error] "[System Error]: Cannot read property 'pet_id' of undefined"
[2023-07-11 10:13:08, error] "Cannot read property 'pet_id' of undefined"
TypeError: Cannot read property 'pet_id' of undefined
    at aHomeService.selectTodayList (C:\Users\LCG\Desktop\0706 반려견\반려견 0710\server\api\a_home\a_home.service.js:50:92)
    at runMicrotasks (<anonymous>)
    at processTicksAndRejections (internal/process/task_queues.js:93:5)
    at async selectTodayList (C:\Users\LCG\Desktop\0706 반려견\반려견 0710\server\api\a_home\a_home.controller.js:27:31)
[2023-07-11 10:30:31, error] "[System Error]: Cannot read property 'pet_byear' of undefined"
[2023-07-11 10:30:31, error] "Cannot read property 'pet_byear' of undefined"
TypeError: Cannot read property 'pet_byear' of undefined
    at aHomeService.selectPetInfo (C:\Users\LCG\Desktop\0706 반려견\반려견 0710\server\api\a_home\a_home.service.js:27:65)
    at processTicksAndRejections (internal/process/task_queues.js:93:5)
    at async selectPetInfo (C:\Users\LCG\Desktop\0706 반려견\반려견 0710\server\api\a_home\a_home.controller.js:20:29)
[2023-07-11 10:30:31, error] "[System Error]: Cannot read property 'pet_id' of undefined"
[2023-07-11 10:30:31, error] "Cannot read property 'pet_id' of undefined"
TypeError: Cannot read property 'pet_id' of undefined
    at aHomeService.selectTodayList (C:\Users\LCG\Desktop\0706 반려견\반려견 0710\server\api\a_home\a_home.service.js:50:95)
    at processTicksAndRejections (internal/process/task_queues.js:93:5)
    at async selectTodayList (C:\Users\LCG\Desktop\0706 반려견\반려견 0710\server\api\a_home\a_home.controller.js:27:31)
[2023-07-11 10:30:55, error] "[System Error]: Cannot read property 'pet_byear' of undefined"
[2023-07-11 10:30:55, error] "Cannot read property 'pet_byear' of undefined"
TypeError: Cannot read property 'pet_byear' of undefined
    at aHomeService.selectPetInfo (C:\Users\LCG\Desktop\0706 반려견\반려견 0710\server\api\a_home\a_home.service.js:27:65)
    at processTicksAndRejections (internal/process/task_queues.js:93:5)
    at async selectPetInfo (C:\Users\LCG\Desktop\0706 반려견\반려견 0710\server\api\a_home\a_home.controller.js:20:29)
[2023-07-11 10:30:55, error] "[System Error]: Cannot read property 'pet_id' of undefined"
[2023-07-11 10:30:55, error] "Cannot read property 'pet_id' of undefined"
TypeError: Cannot read property 'pet_id' of undefined
    at aHomeService.selectTodayList (C:\Users\LCG\Desktop\0706 반려견\반려견 0710\server\api\a_home\a_home.service.js:50:95)
    at processTicksAndRejections (internal/process/task_queues.js:93:5)
    at async selectTodayList (C:\Users\LCG\Desktop\0706 반려견\반려견 0710\server\api\a_home\a_home.controller.js:27:31)
[2023-07-11 10:30:57, error] "[System Error]: Cannot read property 'pet_byear' of undefined"
[2023-07-11 10:30:57, error] "Cannot read property 'pet_byear' of undefined"
TypeError: Cannot read property 'pet_byear' of undefined
    at aHomeService.selectPetInfo (C:\Users\LCG\Desktop\0706 반려견\반려견 0710\server\api\a_home\a_home.service.js:27:65)
    at processTicksAndRejections (internal/process/task_queues.js:93:5)
    at async selectPetInfo (C:\Users\LCG\Desktop\0706 반려견\반려견 0710\server\api\a_home\a_home.controller.js:20:29)
[2023-07-11 10:30:57, error] "[System Error]: Cannot read property 'pet_id' of undefined"
[2023-07-11 10:30:57, error] "Cannot read property 'pet_id' of undefined"
TypeError: Cannot read property 'pet_id' of undefined
    at aHomeService.selectTodayList (C:\Users\LCG\Desktop\0706 반려견\반려견 0710\server\api\a_home\a_home.service.js:50:95)
    at processTicksAndRejections (internal/process/task_queues.js:93:5)
    at async selectTodayList (C:\Users\LCG\Desktop\0706 반려견\반려견 0710\server\api\a_home\a_home.controller.js:27:31)
[2023-07-11 10:31:27, error] "[System Error]: Cannot read property 'pet_byear' of undefined"
[2023-07-11 10:31:27, error] "Cannot read property 'pet_byear' of undefined"
TypeError: Cannot read property 'pet_byear' of undefined
    at aHomeService.selectPetInfo (C:\Users\LCG\Desktop\0706 반려견\반려견 0710\server\api\a_home\a_home.service.js:27:65)
    at processTicksAndRejections (internal/process/task_queues.js:93:5)
    at async selectPetInfo (C:\Users\LCG\Desktop\0706 반려견\반려견 0710\server\api\a_home\a_home.controller.js:20:29)
[2023-07-11 10:31:27, error] "[System Error]: Cannot read property 'pet_id' of undefined"
[2023-07-11 10:31:27, error] "Cannot read property 'pet_id' of undefined"
TypeError: Cannot read property 'pet_id' of undefined
    at aHomeService.selectTodayList (C:\Users\LCG\Desktop\0706 반려견\반려견 0710\server\api\a_home\a_home.service.js:51:95)
    at processTicksAndRejections (internal/process/task_queues.js:93:5)
    at async selectTodayList (C:\Users\LCG\Desktop\0706 반려견\반려견 0710\server\api\a_home\a_home.controller.js:27:31)
[2023-07-11 11:15:38, error] "[Router Error]: /api/a_health?p_userCode=p_2"
[2023-07-11 11:15:38, error] "[Router Error]: /dist/js/perfect-scrollbar.jquery.min"
[2023-07-11 11:16:22, error] "[Router Error]: /api/a_health/a_health?p_userCode=p_2"
[2023-07-11 11:16:22, error] "[Router Error]: /dist/js/perfect-scrollbar.jquery.min"
[2023-07-11 11:18:08, error] "[Router Error]: /api/a_health/a_health_main?p_userCode=p_2"
[2023-07-11 11:18:08, error] "[Router Error]: /dist/js/perfect-scrollbar.jquery.min"
[2023-07-11 11:18:45, error] "[Router Error]: /api/a_health/a_health/?p_userCode=p_2"
[2023-07-11 11:18:45, error] "[Router Error]: /dist/js/perfect-scrollbar.jquery.min"
[2023-07-11 11:18:52, error] "[Router Error]: /api/a_health/a_health?p_userCode=p_2"
[2023-07-11 11:18:52, error] "[Router Error]: /dist/js/perfect-scrollbar.jquery.min"
[2023-07-11 11:19:02, error] "[Router Error]: /app/p_apphome/p_apphome.js"
[2023-07-11 11:19:05, error] "[Router Error]: /api/a_health/a_health?p_userCode=p_2"
[2023-07-11 11:19:05, error] "[Router Error]: /dist/js/perfect-scrollbar.jquery.min"
[2023-07-11 11:21:03, error] "[Router Error]: /app/p_apphome/p_apphome.js"
[2023-07-11 11:21:16, error] "[Router Error]: /app/p_apphome/p_apphome.js"
[2023-07-11 11:21:17, error] "[Router Error]: /favicon.ico"
[2023-07-11 11:22:22, error] "[Router Error]: /api/a_health/a_health?p_userCode=p_2"
[2023-07-11 11:22:22, error] "[Router Error]: /dist/js/perfect-scrollbar.jquery.min"
[2023-07-11 11:24:23, error] "[Router Error]: /app/p_apphome/p_apphome.js"
[2023-07-11 11:25:29, error] "[Router Error]: /app/p_apphome/p_apphome.js"
[2023-07-11 11:25:45, error] "[Router Error]: /app/p_apphome/p_apphome.js"
[2023-07-11 11:26:51, error] "[Router Error]: /app/p_apphome/p_apphome.js"
[2023-07-11 11:30:10, error] "[Router Error]: /app/p_apphome/p_apphome.js"
[2023-07-11 11:31:24, error] "[Router Error]: /app/p_apphome/p_apphome.js"
[2023-07-11 13:19:17, error] "[Router Error]: /app/p_apphome/p_apphome.js"
[2023-07-11 13:19:31, error] "[Router Error]: /app/p_apphome/p_apphome.js"
[2023-07-11 13:20:16, error] "[Router Error]: /app/p_apphome/p_apphome.js"
[2023-07-11 13:20:23, error] "[Router Error]: /app/p_apphome/p_apphome.js"
