[2023-09-13 09:16:49, error] "[Router Error]: /api/result/data"
[2023-09-13 10:16:21, error] "[Router Error]: /api/result/data"
[2023-09-13 10:16:22, error] "[Router Error]: /api/result/data"
[2023-09-13 10:16:23, error] "[Router Error]: /api/result/data"
[2023-09-13 10:16:24, error] "[Router Error]: /api/result/data"
[2023-09-13 10:16:25, error] "[Router Error]: /api/result/data"
[2023-09-13 10:16:26, error] "[Router Error]: /api/result/data"
[2023-09-13 11:42:57, error] "[Router Error]: /javascripts/config.js"
[2023-09-13 11:42:59, error] "[System Error]: svInstance is not defined"
[2023-09-13 11:42:59, error] "svInstance is not defined"
ReferenceError: svInstance is not defined
    at getHealthIndex (C:\Users\User\Desktop\SM0911\server\api\result\result.controller.js:26:13)
    at C:\Users\User\Desktop\SM0911\server\helper\asyncErrHelper.js:13:9
    at Layer.handle [as handle_request] (C:\Users\User\Desktop\SM0911\server\node_modules\express\lib\router\layer.js:95:5)
    at next (C:\Users\User\Desktop\SM0911\server\node_modules\express\lib\router\route.js:137:13)
    at Route.dispatch (C:\Users\User\Desktop\SM0911\server\node_modules\express\lib\router\route.js:112:3)
    at Layer.handle [as handle_request] (C:\Users\User\Desktop\SM0911\server\node_modules\express\lib\router\layer.js:95:5)
    at C:\Users\User\Desktop\SM0911\server\node_modules\express\lib\router\index.js:281:22
    at Function.process_params (C:\Users\User\Desktop\SM0911\server\node_modules\express\lib\router\index.js:335:12)
    at next (C:\Users\User\Desktop\SM0911\server\node_modules\express\lib\router\index.js:275:10)
    at Function.handle (C:\Users\User\Desktop\SM0911\server\node_modules\express\lib\router\index.js:174:3)
[2023-09-13 11:43:00, error] "[System Error]: svInstance is not defined"
[2023-09-13 11:43:00, error] "svInstance is not defined"
ReferenceError: svInstance is not defined
    at getHealthIndex (C:\Users\User\Desktop\SM0911\server\api\result\result.controller.js:28:13)
    at C:\Users\User\Desktop\SM0911\server\helper\asyncErrHelper.js:13:9
    at Layer.handle [as handle_request] (C:\Users\User\Desktop\SM0911\server\node_modules\express\lib\router\layer.js:95:5)
    at next (C:\Users\User\Desktop\SM0911\server\node_modules\express\lib\router\route.js:137:13)
    at Route.dispatch (C:\Users\User\Desktop\SM0911\server\node_modules\express\lib\router\route.js:112:3)
    at Layer.handle [as handle_request] (C:\Users\User\Desktop\SM0911\server\node_modules\express\lib\router\layer.js:95:5)
    at C:\Users\User\Desktop\SM0911\server\node_modules\express\lib\router\index.js:281:22
    at Function.process_params (C:\Users\User\Desktop\SM0911\server\node_modules\express\lib\router\index.js:335:12)
    at next (C:\Users\User\Desktop\SM0911\server\node_modules\express\lib\router\index.js:275:10)
    at Function.handle (C:\Users\User\Desktop\SM0911\server\node_modules\express\lib\router\index.js:174:3)
[2023-09-13 11:43:01, error] "[System Error]: svInstance is not defined"
[2023-09-13 11:43:01, error] "svInstance is not defined"
ReferenceError: svInstance is not defined
    at getHealthIndex (C:\Users\User\Desktop\SM0911\server\api\result\result.controller.js:26:13)
    at C:\Users\User\Desktop\SM0911\server\helper\asyncErrHelper.js:13:9
    at Layer.handle [as handle_request] (C:\Users\User\Desktop\SM0911\server\node_modules\express\lib\router\layer.js:95:5)
    at next (C:\Users\User\Desktop\SM0911\server\node_modules\express\lib\router\route.js:137:13)
    at Route.dispatch (C:\Users\User\Desktop\SM0911\server\node_modules\express\lib\router\route.js:112:3)
    at Layer.handle [as handle_request] (C:\Users\User\Desktop\SM0911\server\node_modules\express\lib\router\layer.js:95:5)
    at C:\Users\User\Desktop\SM0911\server\node_modules\express\lib\router\index.js:281:22
    at Function.process_params (C:\Users\User\Desktop\SM0911\server\node_modules\express\lib\router\index.js:335:12)
    at next (C:\Users\User\Desktop\SM0911\server\node_modules\express\lib\router\index.js:275:10)
    at Function.handle (C:\Users\User\Desktop\SM0911\server\node_modules\express\lib\router\index.js:174:3)
[2023-09-13 11:43:08, error] "[Router Error]: /app/home/compass/css3"
[2023-09-13 11:43:09, error] "[System Error]: svInstance is not defined"
[2023-09-13 11:43:09, error] "svInstance is not defined"
ReferenceError: svInstance is not defined
    at getHealthIndex (C:\Users\User\Desktop\SM0911\server\api\result\result.controller.js:26:13)
    at C:\Users\User\Desktop\SM0911\server\helper\asyncErrHelper.js:13:9
    at Layer.handle [as handle_request] (C:\Users\User\Desktop\SM0911\server\node_modules\express\lib\router\layer.js:95:5)
    at next (C:\Users\User\Desktop\SM0911\server\node_modules\express\lib\router\route.js:137:13)
    at Route.dispatch (C:\Users\User\Desktop\SM0911\server\node_modules\express\lib\router\route.js:112:3)
    at Layer.handle [as handle_request] (C:\Users\User\Desktop\SM0911\server\node_modules\express\lib\router\layer.js:95:5)
    at C:\Users\User\Desktop\SM0911\server\node_modules\express\lib\router\index.js:281:22
    at Function.process_params (C:\Users\User\Desktop\SM0911\server\node_modules\express\lib\router\index.js:335:12)
    at next (C:\Users\User\Desktop\SM0911\server\node_modules\express\lib\router\index.js:275:10)
    at Function.handle (C:\Users\User\Desktop\SM0911\server\node_modules\express\lib\router\index.js:174:3)
[2023-09-13 12:06:29, error] "[System Error]: svInstance is not defined"
[2023-09-13 12:06:29, error] "svInstance is not defined"
ReferenceError: svInstance is not defined
    at getHealthIndex (C:\Users\User\Desktop\SM0911\server\api\result\result.controller.js:26:13)
    at C:\Users\User\Desktop\SM0911\server\helper\asyncErrHelper.js:13:9
    at Layer.handle [as handle_request] (C:\Users\User\Desktop\SM0911\server\node_modules\express\lib\router\layer.js:95:5)
    at next (C:\Users\User\Desktop\SM0911\server\node_modules\express\lib\router\route.js:137:13)
    at Route.dispatch (C:\Users\User\Desktop\SM0911\server\node_modules\express\lib\router\route.js:112:3)
    at Layer.handle [as handle_request] (C:\Users\User\Desktop\SM0911\server\node_modules\express\lib\router\layer.js:95:5)
    at C:\Users\User\Desktop\SM0911\server\node_modules\express\lib\router\index.js:281:22
    at Function.process_params (C:\Users\User\Desktop\SM0911\server\node_modules\express\lib\router\index.js:335:12)
    at next (C:\Users\User\Desktop\SM0911\server\node_modules\express\lib\router\index.js:275:10)
    at Function.handle (C:\Users\User\Desktop\SM0911\server\node_modules\express\lib\router\index.js:174:3)
[2023-09-13 12:07:29, error] "[Router Error]: /app/home/compass/css3"
[2023-09-13 12:07:30, error] "[Router Error]: /javascripts/config.js"
[2023-09-13 12:07:32, error] "[System Error]: The first argument must be of type string or an instance of Buffer, ArrayBuffer, or Array or an Array-like Object. Received undefined"
[2023-09-13 12:07:32, error] "The first argument must be of type string or an instance of Buffer, ArrayBuffer, or Array or an Array-like Object. Received undefined"
TypeError [ERR_INVALID_ARG_TYPE]: The first argument must be of type string or an instance of Buffer, ArrayBuffer, or Array or an Array-like Object. Received undefined
    at Function.from (buffer.js:333:9)
    at Function.decrypt_aes (C:\Users\User\Desktop\SM0911\server\public\javascripts\cryptoUtil.js:50:37)
    at ResultService.getHealthIndex (C:\Users\User\Desktop\SM0911\server\api\result\result.service.js:32:63)
    at processTicksAndRejections (internal/process/task_queues.js:93:5)
    at async getHealthIndex (C:\Users\User\Desktop\SM0911\server\api\result\result.controller.js:26:22)
[2023-09-13 12:11:19, error] "[Router Error]: /app/home/compass/css3"
[2023-09-13 13:07:55, error] "[Router Error]: /app/home/compass/css3"
[2023-09-13 13:18:13, error] "[Router Error]: /app/home/compass/css3"
[2023-09-13 13:20:14, error] "[Router Error]: /app/home/compass/css3"
[2023-09-13 13:20:51, error] "[Router Error]: /app/home/compass/css3"
[2023-09-13 13:22:04, error] "[Router Error]: /app/home/compass/css3"
[2023-09-13 13:22:21, error] "[Router Error]: /app/home/compass/css3"
[2023-09-13 13:24:25, error] "[Router Error]: /app/home/compass/css3"
[2023-09-13 13:25:19, error] "[Router Error]: /app/home/compass/css3"
[2023-09-13 13:27:26, error] "[Router Error]: /app/home/compass/css3"
[2023-09-13 13:28:14, error] "[Router Error]: /app/home/compass/css3"
[2023-09-13 13:34:15, error] "[Router Error]: /app/home/compass/css3"
[2023-09-13 13:34:55, error] "[Router Error]: /app/home/compass/css3"
[2023-09-13 13:35:28, error] "[Router Error]: /app/home/compass/css3"
[2023-09-13 13:36:05, error] "[Router Error]: /app/home/compass/css3"
[2023-09-13 13:36:06, error] "[System Error]: The first argument must be of type string or an instance of Buffer, ArrayBuffer, or Array or an Array-like Object. Received undefined"
[2023-09-13 13:36:06, error] "The first argument must be of type string or an instance of Buffer, ArrayBuffer, or Array or an Array-like Object. Received undefined"
TypeError [ERR_INVALID_ARG_TYPE]: The first argument must be of type string or an instance of Buffer, ArrayBuffer, or Array or an Array-like Object. Received undefined
    at Function.from (buffer.js:333:9)
    at Function.decrypt_aes (C:\Users\User\Desktop\SM0911\server\public\javascripts\cryptoUtil.js:50:37)
    at HomeService.getData (C:\Users\User\Desktop\SM0911\server\api\home\home.service.js:30:52)
    at processTicksAndRejections (internal/process/task_queues.js:93:5)
    at async getData (C:\Users\User\Desktop\SM0911\server\api\home\home.controller.js:22:22)
[2023-09-13 13:36:08, error] "[System Error]: The first argument must be of type string or an instance of Buffer, ArrayBuffer, or Array or an Array-like Object. Received undefined"
[2023-09-13 13:36:08, error] "The first argument must be of type string or an instance of Buffer, ArrayBuffer, or Array or an Array-like Object. Received undefined"
TypeError [ERR_INVALID_ARG_TYPE]: The first argument must be of type string or an instance of Buffer, ArrayBuffer, or Array or an Array-like Object. Received undefined
    at Function.from (buffer.js:333:9)
    at Function.decrypt_aes (C:\Users\User\Desktop\SM0911\server\public\javascripts\cryptoUtil.js:50:37)
    at HomeService.getData (C:\Users\User\Desktop\SM0911\server\api\home\home.service.js:30:52)
    at processTicksAndRejections (internal/process/task_queues.js:93:5)
    at async getData (C:\Users\User\Desktop\SM0911\server\api\home\home.controller.js:22:22)
[2023-09-13 13:36:31, error] "[Router Error]: /app/home/compass/css3"
[2023-09-13 13:39:15, error] "[Router Error]: /app/home/compass/css3"
[2023-09-13 13:39:42, error] "[Router Error]: /app/home/compass/css3"
[2023-09-13 13:40:53, error] "[Router Error]: /app/home/compass/css3"
[2023-09-13 13:46:02, error] "[Router Error]: /app/home/compass/css3"
[2023-09-13 14:06:26, error] "[Router Error]: /app/home/compass/css3"
[2023-09-13 14:08:16, error] "[Router Error]: /app/home/compass/css3"
[2023-09-13 14:25:32, error] "[Router Error]: /app/home/compass/css3"
[2023-09-13 14:27:09, error] "[Router Error]: /app/home/compass/css3"
[2023-09-13 14:28:00, error] "[Router Error]: /app/home/compass/css3"
[2023-09-13 14:28:00, error] "[Query Error!]Error: You have an error in your SQL syntax; check the manual that corresponds to your MySQL server version for the right syntax to use near 'DSC      )' at line 1"
[2023-09-13 14:28:29, error] "[Router Error]: /app/home/compass/css3"
[2023-09-13 14:28:30, error] "[Query Error!]Error: You have an error in your SQL syntax; check the manual that corresponds to your MySQL server version for the right syntax to use near 'ORDER BY created_time DSC' at line 1"
[2023-09-13 14:29:50, error] "[Router Error]: /app/home/compass/css3"
[2023-09-13 14:33:07, error] "[Router Error]: /app/home/compass/css3"
[2023-09-13 14:33:27, error] "[Router Error]: /app/home/compass/css3"
[2023-09-13 14:33:32, error] "[Router Error]: /app/home/compass/css3"
[2023-09-13 14:33:41, error] "[Router Error]: /app/home/compass/css3"
[2023-09-13 14:33:50, error] "[Router Error]: /app/home/compass/css3"
[2023-09-13 14:35:17, error] "[Router Error]: /app/home/compass/css3"
[2023-09-13 14:35:44, error] "[Router Error]: /app/home/compass/css3"
[2023-09-13 14:38:46, error] "[Router Error]: /app/home/compass/css3"
[2023-09-13 14:38:48, error] "[Query Error!]Error: FUNCTION t1.DATE_FORMAT does not exist"
[2023-09-13 14:54:46, error] "[Router Error]: /app/home/compass/css3"
[2023-09-13 14:55:41, error] "[Router Error]: /app/home/compass/css3"
[2023-09-13 14:57:40, error] "[Router Error]: /app/home/compass/css3"
[2023-09-13 15:04:21, error] "[Router Error]: /app/home/compass/css3"
[2023-09-13 15:19:27, error] "[Router Error]: /app/home/compass/css3"
[2023-09-13 15:19:54, error] "[Router Error]: /app/home/compass/css3"
[2023-09-13 15:21:20, error] "[Router Error]: /app/home/compass/css3"
[2023-09-13 15:22:53, error] "[Router Error]: /app/home/compass/css3"
[2023-09-13 16:15:32, error] "[Router Error]: /javascripts/config.js"
[2023-09-13 16:15:35, error] "[Router Error]: /javascripts/config.js"
[2023-09-13 16:15:40, error] "[Router Error]: /javascripts/config.js"
[2023-09-13 16:15:40, error] "[Router Error]: /app/home/compass/css3"
[2023-09-13 16:15:47, error] "[Router Error]: /api/mypage/duplicatePhone"
[2023-09-13 16:15:47, error] "[Router Error]: /api/mypage/updateUserInfo"
[2023-09-13 16:16:00, error] "[Router Error]: /api/mypage/deleteUser"
[2023-09-13 16:16:05, error] "[Router Error]: /api/mypage/deleteUser"
[2023-09-13 16:16:28, error] "[Router Error]: /api/sensor/1?lang=ko&accessToken=Bearer_eyJhbGciOiJIUzI1NiIsInR5cCI6IkpXVCJ9.eyJhY2NvdW50SWQiOiJ0ZXN0MTIzIiwiaWF0IjoxNjk0NDgyNDc0LCJleHAiOjE3MDIyNTg0NzR9.6xlvMk7ECa0DNG4ewJZwgDgs8vVsPd7WqmuR8vhnu5w"
[2023-09-13 16:16:53, error] "[Router Error]: /api/mypage/duplicatePhone"
[2023-09-13 16:16:53, error] "[Router Error]: /api/mypage/updateUserInfo"
[2023-09-13 16:44:39, error] "[Router Error]: /app/home/compass/css3"
[2023-09-13 16:44:45, error] "[Router Error]: /javascripts/config.js"
[2023-09-13 16:44:46, error] "[Router Error]: /app/home/compass/css3"
