[2023-09-08 09:13:14, error] "[Router Error]: /web/home/compass/css3"
[2023-09-08 09:13:16, error] "[Router Error]: /web/home/compass/css3"
[2023-09-08 09:14:56, error] "[Router Error]: /web/home/compass/css3"
[2023-09-08 09:16:20, error] "[Router Error]: /web/home/compass/css3"
[2023-09-08 09:16:25, error] "[Router Error]: /web/home/compass/css3"
[2023-09-08 09:17:03, error] "[Router Error]: /api/resutl/result"
[2023-09-08 09:17:06, error] "[Router Error]: /web/home/compass/css3"
[2023-09-08 09:17:09, error] "[Router Error]: /web/home/compass/css3"
[2023-09-08 09:19:46, error] "[Router Error]: /web/home/compass/css3"
[2023-09-08 09:25:57, error] "[Router Error]: /api/result/img/tip_icon.png"
[2023-09-08 09:26:46, error] "[Router Error]: /api/result/img/tip_icon.png"
[2023-09-08 09:27:33, error] "[Router Error]: /api/result/img/tip_icon.png"
[2023-09-08 09:43:49, error] "[Router Error]: /web/home/compass/css3"
[2023-09-08 10:47:40, error] "[Router Error]: /web/home/compass/css3"
[2023-09-08 10:47:44, error] "[Router Error]: /web/home/compass/css3"
[2023-09-08 10:49:38, error] "[Router Error]: /web/home/compass/css3"
[2023-09-08 10:49:46, error] "[Router Error]: /web/home/compass/css3"
[2023-09-08 10:50:00, error] "[Router Error]: /web/home/compass/css3"
[2023-09-08 10:50:11, error] "[Router Error]: /web/home/compass/css3"
[2023-09-08 10:58:26, error] "[Router Error]: /web/home/compass/css3"
[2023-09-08 10:58:29, error] "[Router Error]: /web/home/compass/css3"
[2023-09-08 11:01:24, error] "[Router Error]: /web/home/compass/css3"
[2023-09-08 11:03:28, error] "[Router Error]: /web/home/compass/css3"
[2023-09-08 11:03:32, error] "[Router Error]: /web/home/compass/css3"
[2023-09-08 11:03:36, error] "[Router Error]: /web/home/compass/css3"
[2023-09-08 11:06:44, error] "[Router Error]: /web/home/compass/css3"
[2023-09-08 11:06:59, error] "[Router Error]: /web/home/compass/css3"
[2023-09-08 11:07:07, error] "[Router Error]: /web/home/compass/css3"
[2023-09-08 11:08:21, error] "[Router Error]: /web/home/compass/css3"
[2023-09-08 11:08:46, error] "[Router Error]: /web/home/compass/css3"
[2023-09-08 11:09:47, error] "[Router Error]: /web/home/compass/css3"
[2023-09-08 11:10:02, error] "[Router Error]: /web/home/compass/css3"
[2023-09-08 11:10:17, error] "[Router Error]: /web/home/compass/css3"
[2023-09-08 11:16:17, error] "[Router Error]: /web/home/compass/css3"
[2023-09-08 11:19:35, error] "[Router Error]: /web/home/compass/css3"
[2023-09-08 11:19:52, error] "[Router Error]: /web/home/compass/css3"
[2023-09-08 11:20:17, error] "[Router Error]: /web/home/compass/css3"
[2023-09-08 11:21:06, error] "[Router Error]: /web/home/compass/css3"
[2023-09-08 11:22:08, error] "[Router Error]: /web/home/compass/css3"
[2023-09-08 11:22:13, error] "[Router Error]: /web/home/compass/css3"
[2023-09-08 11:22:21, error] "[Router Error]: /web/home/compass/css3"
[2023-09-08 11:25:44, error] "[Router Error]: /web/home/compass/css3"
[2023-09-08 11:25:47, error] "[Router Error]: /web/home/compass/css3"
[2023-09-08 11:25:52, error] "[Router Error]: /web/home/compass/css3"
[2023-09-08 11:25:54, error] "[Router Error]: /web/home/compass/css3"
[2023-09-08 11:25:58, error] "[Router Error]: /web/home/compass/css3"
[2023-09-08 11:28:00, error] "[Router Error]: /web/home/compass/css3"
[2023-09-08 11:28:02, error] "[Router Error]: /web/home/compass/css3"
[2023-09-08 11:28:35, error] "[Router Error]: /web/home/compass/css3"
[2023-09-08 11:28:37, error] "[Router Error]: /web/home/compass/css3"
[2023-09-08 11:28:40, error] "[Router Error]: /web/home/compass/css3"
[2023-09-08 13:27:58, error] "[Router Error]: /web/home/compass/css3"
[2023-09-08 14:12:58, error] "[Router Error]: /web/home/compass/css3"
[2023-09-08 14:13:33, error] "[Router Error]: /web/home/compass/css3"
[2023-09-08 14:15:26, error] "[Router Error]: /web/home/compass/css3"
[2023-09-08 14:15:35, error] "[Router Error]: /web/home/compass/css3"
[2023-09-08 14:15:54, error] "[Router Error]: /web/home/compass/css3"
[2023-09-08 14:16:11, error] "[Router Error]: /web/home/compass/css3"
[2023-09-08 14:18:05, error] "[Router Error]: /web/home/compass/css3"
[2023-09-08 14:19:59, error] "[Router Error]: /web/home/compass/css3"
[2023-09-08 14:27:47, error] "[Router Error]: /web/home/compass/css3"
[2023-09-08 14:32:36, error] "[Router Error]: /web/home/compass/css3"
[2023-09-08 14:34:45, error] "[Router Error]: /web/home/compass/css3"
[2023-09-08 14:36:30, error] "[Router Error]: /web/home/compass/css3"
[2023-09-08 14:38:50, error] "[Router Error]: /web/home/compass/css3"
[2023-09-08 14:38:57, error] "[Router Error]: /web/home/compass/css3"
[2023-09-08 14:53:25, error] "[Router Error]: /web/home/compass/css3"
[2023-09-08 14:54:34, error] "[Router Error]: /web/home/compass/css3"
[2023-09-08 14:55:00, error] "[Router Error]: /web/home/compass/css3"
[2023-09-08 14:55:03, error] "[Router Error]: /web/home/compass/css3"
[2023-09-08 14:55:53, error] "[Router Error]: /web/home/compass/css3"
[2023-09-08 14:56:06, error] "[Router Error]: /web/home/compass/css3"
[2023-09-08 14:56:13, error] "[Router Error]: /web/home/compass/css3"
[2023-09-08 14:56:33, error] "[Router Error]: /web/home/compass/css3"
[2023-09-08 14:57:13, error] "[Router Error]: /web/home/compass/css3"
[2023-09-08 15:02:11, error] "[Router Error]: /web/home/compass/css3"
[2023-09-08 15:22:41, error] "[Router Error]: /web/home/compass/css3"
[2023-09-08 15:23:32, error] "[Router Error]: /web/home/compass/css3"
[2023-09-08 15:23:44, error] "[Router Error]: /web/home/compass/css3"
[2023-09-08 15:24:59, error] "[Router Error]: /web/home/compass/css3"
[2023-09-08 15:26:24, error] "[Router Error]: /web/home/compass/css3"
[2023-09-08 15:28:08, error] "[Router Error]: /web/home/compass/css3"
[2023-09-08 15:29:18, error] "[Router Error]: /web/home/compass/css3"
[2023-09-08 15:29:45, error] "[Router Error]: /web/home/compass/css3"
[2023-09-08 15:30:18, error] "[Router Error]: /web/home/compass/css3"
[2023-09-08 15:31:08, error] "[Router Error]: /web/home/compass/css3"
[2023-09-08 15:32:54, error] "[Router Error]: /web/home/compass/css3"
[2023-09-08 15:33:08, error] "[Router Error]: /web/home/compass/css3"
[2023-09-08 15:33:27, error] "[Router Error]: /web/home/compass/css3"
[2023-09-08 15:34:56, error] "[Router Error]: /web/home/compass/css3"
[2023-09-08 15:35:25, error] "[Router Error]: /web/home/compass/css3"
[2023-09-08 15:36:02, error] "[Router Error]: /web/home/compass/css3"
[2023-09-08 15:36:38, error] "[Router Error]: /web/home/compass/css3"
[2023-09-08 15:37:14, error] "[Router Error]: /web/home/compass/css3"
[2023-09-08 15:37:28, error] "[Router Error]: /web/home/compass/css3"
[2023-09-08 15:37:59, error] "[Router Error]: /web/home/compass/css3"
[2023-09-08 15:38:30, error] "[Router Error]: /web/home/compass/css3"
[2023-09-08 15:41:03, error] "[Router Error]: /web/home/compass/css3"
[2023-09-08 15:43:18, error] "[Router Error]: /web/home/compass/css3"
[2023-09-08 15:43:28, error] "[Router Error]: /web/home/compass/css3"
[2023-09-08 15:44:10, error] "[Router Error]: /web/home/compass/css3"
[2023-09-08 15:49:17, error] "[Router Error]: /web/home/compass/css3"
[2023-09-08 15:49:55, error] "[Router Error]: /web/home/compass/css3"
[2023-09-08 15:53:22, error] "[Router Error]: /web/home/compass/css3"
[2023-09-08 15:55:08, error] "[Router Error]: /web/home/compass/css3"
[2023-09-08 16:00:46, error] "[Router Error]: /api/home/home%20copy/12"
[2023-09-08 16:00:57, error] "[Router Error]: /api/home/home20copy/12"
[2023-09-08 16:01:02, error] "[Router Error]: /api/home/homecopy/12"
[2023-09-08 16:01:16, error] "[Router Error]: /api/home/home1/12"
[2023-09-08 16:16:13, error] "[Router Error]: /web/home/compass/css3"
[2023-09-08 16:23:13, error] "[Router Error]: /web/home/compass/css3"
[2023-09-08 16:27:20, error] "[Router Error]: /web/home/compass/css3"
[2023-09-08 16:29:10, error] "[Router Error]: /web/home/compass/css3"
[2023-09-08 16:29:41, error] "[Router Error]: /web/home/compass/css3"
[2023-09-08 16:30:00, error] "[Router Error]: /web/home/compass/css3"
[2023-09-08 16:37:02, error] "[Router Error]: /web/home/compass/css3"
[2023-09-08 16:38:23, error] "[Router Error]: /web/home/compass/css3"
[2023-09-08 16:38:42, error] "[Router Error]: /web/home/compass/css3"
[2023-09-08 16:38:52, error] "[Router Error]: /web/home/compass/css3"
[2023-09-08 16:39:13, error] "[Router Error]: /web/home/compass/css3"
[2023-09-08 16:39:25, error] "[Router Error]: /web/home/compass/css3"
[2023-09-08 16:40:21, error] "[Router Error]: /web/home/compass/css3"
[2023-09-08 17:05:33, error] "[Router Error]: /web/home/compass/css3"
[2023-09-08 17:07:12, error] "[Router Error]: /web/home/compass/css3"
[2023-09-08 17:07:40, error] "[Router Error]: /web/home/compass/css3"
[2023-09-08 17:08:25, error] "[Router Error]: /web/home/compass/css3"
[2023-09-08 17:08:36, error] "[Router Error]: /web/home/compass/css3"
[2023-09-08 17:08:53, error] "[Router Error]: /web/home/compass/css3"
[2023-09-08 17:09:39, error] "[Router Error]: /web/home/compass/css3"
[2023-09-08 17:09:45, error] "[Router Error]: /web/home/compass/css3"
[2023-09-08 17:12:44, error] "[Router Error]: /web/home/compass/css3"
[2023-09-08 17:12:48, error] "[Router Error]: /web/home/compass/css3"
[2023-09-08 17:16:51, error] "[Router Error]: /web/home/compass/css3"
[2023-09-08 17:17:05, error] "[Router Error]: /web/home/compass/css3"
[2023-09-08 17:18:57, error] "[Router Error]: /web/home/compass/css3"
[2023-09-08 17:22:25, error] "[Router Error]: /web/home/compass/css3"
[2023-09-08 17:22:35, error] "[Router Error]: /web/home/compass/css3"
[2023-09-08 17:22:52, error] "[Router Error]: /web/home/compass/css3"
