[2023-07-26 10:41:04, error] "[Router Error]: /api//a_mypage/noticePage?p_userCode={{p_userCode}}"
[2023-07-26 10:41:04, error] "[Router Error]: /dist/js/perfect-scrollbar.jquery.min"
[2023-07-26 10:42:06, error] "[Router Error]: /api//a_mypage/noticePage?p_userCode={{p_userCode}}"
[2023-07-26 10:42:06, error] "[Router Error]: /dist/js/perfect-scrollbar.jquery.min"
[2023-07-26 10:42:12, error] "[Router Error]: /api//a_mypage/noticePage?p_userCode={{p_userCode}}"
[2023-07-26 10:42:12, error] "[Router Error]: /dist/js/perfect-scrollbar.jquery.min"
[2023-07-26 10:49:01, error] "[Router Error]: /api//a_mypage/noticePage?p_userCode={{p_userCode}}"
[2023-07-26 10:49:01, error] "[Router Error]: /dist/js/perfect-scrollbar.jquery.min"
[2023-07-26 10:49:07, error] "[Router Error]: /api//a_mypage/noticePage?p_userCode={{p_userCode}}"
[2023-07-26 10:49:07, error] "[Router Error]: /dist/js/perfect-scrollbar.jquery.min"
[2023-07-26 10:49:57, error] "[Router Error]: /api//a_mypage/noticePage?p_userCode={{p_userCode}}"
[2023-07-26 10:49:57, error] "[Router Error]: /dist/js/perfect-scrollbar.jquery.min"
[2023-07-26 10:50:01, error] "[Router Error]: /api//a_mypage/noticePage?p_userCode={{p_userCode}}"
[2023-07-26 10:50:01, error] "[Router Error]: /dist/js/perfect-scrollbar.jquery.min"
[2023-07-26 10:50:08, error] "[Router Error]: /api//a_mypage/noticePage?p_userCode={{p_userCode}}"
[2023-07-26 10:50:08, error] "[Router Error]: /dist/js/perfect-scrollbar.jquery.min"
[2023-07-26 10:50:18, error] "[Router Error]: /api//a_mypage/noticePage?p_userCode={{p_userCode}}"
[2023-07-26 10:50:18, error] "[Router Error]: /dist/js/perfect-scrollbar.jquery.min"
[2023-07-26 10:50:38, error] "[Router Error]: /api//a_mypage/noticePage?p_userCode={{p_userCode}}"
[2023-07-26 10:50:38, error] "[Router Error]: /dist/js/perfect-scrollbar.jquery.min"
[2023-07-26 11:29:20, error] "[Router Error]: /api//a_mypage/noticePage?p_userCode={{p_userCode}}"
[2023-07-26 11:29:20, error] "[Router Error]: /dist/js/perfect-scrollbar.jquery.min"
[2023-07-26 11:29:36, error] "[Router Error]: /api//a_mypage/noticePage?p_userCode={{p_userCode}}"
[2023-07-26 11:29:36, error] "[Router Error]: /dist/js/perfect-scrollbar.jquery.min"
[2023-07-26 11:31:49, error] "[Router Error]: /api//a_mypage/myPetPage?p_userCode={{p_userCode}}"
[2023-07-26 11:31:49, error] "[Router Error]: /dist/js/perfect-scrollbar.jquery.min"
[2023-07-26 11:31:59, error] "[Router Error]: /api//a_mypage/myPetPage?p_userCode={{p_userCode}}"
[2023-07-26 11:31:59, error] "[Router Error]: /dist/js/perfect-scrollbar.jquery.min"
[2023-07-26 11:33:49, error] "[Router Error]: /api//a_mypage/myPetPage?p_userCode={{p_userCode}}"
[2023-07-26 11:33:50, error] "[Router Error]: /dist/js/perfect-scrollbar.jquery.min"
[2023-07-26 11:34:07, error] "[Router Error]: /api//a_mypage/myPetPage?p_userCode={{p_userCode}}"
[2023-07-26 11:34:08, error] "[Router Error]: /dist/js/perfect-scrollbar.jquery.min"
[2023-07-26 11:35:27, error] "[Router Error]: /api//a_mypage/myPetPage?p_userCode={{p_userCode}}"
[2023-07-26 11:35:27, error] "[Router Error]: /dist/js/perfect-scrollbar.jquery.min"
[2023-07-26 11:35:31, error] "[Router Error]: /api//a_mypage/myPetPage?p_userCode={{p_userCode}}"
[2023-07-26 11:35:31, error] "[Router Error]: /dist/js/perfect-scrollbar.jquery.min"
[2023-07-26 13:19:11, error] "[Router Error]: /api//a_mypage/myPetPage?p_userCode={{p_userCode}}"
[2023-07-26 13:19:11, error] "[Router Error]: /dist/js/perfect-scrollbar.jquery.min"
[2023-07-26 13:19:41, error] "[Router Error]: /api//a_mypage/myPetPage?p_userCode={{p_user_code}}"
[2023-07-26 13:19:41, error] "[Router Error]: /dist/js/perfect-scrollbar.jquery.min"
[2023-07-26 13:20:43, error] "[Router Error]: /api//a_mypage/myPetPage?p_userCode={{p_user_code}}"
[2023-07-26 13:20:43, error] "[Router Error]: /dist/js/perfect-scrollbar.jquery.min"
[2023-07-26 13:22:07, error] "[Router Error]: /api//a_mypage/myPetPage?p_userCode=p_2"
[2023-07-26 13:22:07, error] "[Router Error]: /dist/js/perfect-scrollbar.jquery.min"
[2023-07-26 13:22:15, error] "[Router Error]: /api//a_mypage/myPetPage?p_userCode=p_2"
[2023-07-26 13:22:15, error] "[Router Error]: /dist/js/perfect-scrollbar.jquery.min"
[2023-07-26 13:22:17, error] "[Router Error]: /api//a_mypage/myPetPage?p_userCode=p_2"
[2023-07-26 13:22:17, error] "[Router Error]: /dist/js/perfect-scrollbar.jquery.min"
[2023-07-26 13:22:22, error] "[Router Error]: /favicon.ico"
[2023-07-26 13:23:31, error] "[Router Error]: /favicon.ico"
[2023-07-26 13:24:16, error] "[Router Error]: /api/a_mypage?p_userCode=p_2"
[2023-07-26 13:24:16, error] "[Router Error]: /dist/js/perfect-scrollbar.jquery.min"
[2023-07-26 13:24:30, error] "[Router Error]: /api/a_mypage?p_userCode=p_1"
[2023-07-26 13:24:30, error] "[Router Error]: /dist/js/perfect-scrollbar.jquery.min"
[2023-07-26 13:27:01, error] "[Router Error]: /favicon.ico"
[2023-07-26 13:30:47, error] "[Router Error]: /favicon.ico"
[2023-07-26 13:31:06, error] "[Router Error]: /favicon.ico"
[2023-07-26 13:32:06, error] "[Router Error]: /favicon.ico"
[2023-07-26 14:04:33, error] "[Router Error]: /api/a_mypage/noticePage/p_2?p_userCode=p_2"
[2023-07-26 14:04:33, error] "[Router Error]: /dist/js/perfect-scrollbar.jquery.min"
[2023-07-26 14:05:04, error] "[Router Error]: /api/a_mypage/noticePage?p_userCode=p_2?lang=en&accessToken=Bearer_eyJhbGciOiJIUzI1NiIsInR5cCI6IkpXVCJ9.eyJhY2NvdW50SWQiOiJ0ZXN0MTExMTEiLCJpYXQiOjE2OTAzNDU0NzksImV4cCI6MTY5ODEyMTQ3OX0.uUaCULluqwguSO-QmC7ZehwDi57BJ_au_kSPCpxYj1U"
[2023-07-26 14:05:04, error] "[Router Error]: /dist/js/perfect-scrollbar.jquery.min"
[2023-07-26 14:07:19, error] "[Router Error]: /api/a_mypage/noticePage?p_userCode=p_2?lang=en&accessToken=Bearer_eyJhbGciOiJIUzI1NiIsInR5cCI6IkpXVCJ9.eyJhY2NvdW50SWQiOiJ0ZXN0MTExMTEiLCJpYXQiOjE2OTAzNDU0NzksImV4cCI6MTY5ODEyMTQ3OX0.uUaCULluqwguSO-QmC7ZehwDi57BJ_au_kSPCpxYj1U"
[2023-07-26 14:07:19, error] "[Router Error]: /dist/js/perfect-scrollbar.jquery.min"
[2023-07-26 14:09:05, error] "[Router Error]: /api/a_mypage/noticePage?p_userCode=p_2?lang=en&accessToken=Bearer_eyJhbGciOiJIUzI1NiIsInR5cCI6IkpXVCJ9.eyJhY2NvdW50SWQiOiJ0ZXN0MTExMTEiLCJpYXQiOjE2OTAzNDU0NzksImV4cCI6MTY5ODEyMTQ3OX0.uUaCULluqwguSO-QmC7ZehwDi57BJ_au_kSPCpxYj1U"
[2023-07-26 14:09:05, error] "[Router Error]: /dist/js/perfect-scrollbar.jquery.min"
[2023-07-26 14:09:12, error] "[Router Error]: /api/a_mypage/noticePage/?lang=en&accessToken=Bearer_eyJhbGciOiJIUzI1NiIsInR5cCI6IkpXVCJ9.eyJhY2NvdW50SWQiOiJ0ZXN0MTExMTEiLCJpYXQiOjE2OTAzNDU0NzksImV4cCI6MTY5ODEyMTQ3OX0.uUaCULluqwguSO-QmC7ZehwDi57BJ_au_kSPCpxYj1U"
[2023-07-26 14:09:12, error] "[Router Error]: /dist/js/perfect-scrollbar.jquery.min"
[2023-07-26 14:09:49, error] "[Router Error]: /api/a_mypage/noticePage/?lang=en&accessToken=Bearer_eyJhbGciOiJIUzI1NiIsInR5cCI6IkpXVCJ9.eyJhY2NvdW50SWQiOiJ0ZXN0MTExMTEiLCJpYXQiOjE2OTAzNDU0NzksImV4cCI6MTY5ODEyMTQ3OX0.uUaCULluqwguSO-QmC7ZehwDi57BJ_au_kSPCpxYj1U"
[2023-07-26 14:09:49, error] "[Router Error]: /dist/js/perfect-scrollbar.jquery.min"
[2023-07-26 14:09:52, error] "[Router Error]: /api/a_mypage/noticePage/?lang=ko&accessToken=Bearer_eyJhbGciOiJIUzI1NiIsInR5cCI6IkpXVCJ9.eyJhY2NvdW50SWQiOiJ0ZXN0MTExMTEiLCJpYXQiOjE2OTAzNDU0NzksImV4cCI6MTY5ODEyMTQ3OX0.uUaCULluqwguSO-QmC7ZehwDi57BJ_au_kSPCpxYj1U"
[2023-07-26 14:10:24, error] "[Router Error]: /api/a_mypage/noticePage/?lang=en&accessToken=Bearer_eyJhbGciOiJIUzI1NiIsInR5cCI6IkpXVCJ9.eyJhY2NvdW50SWQiOiJ0ZXN0MTExMTEiLCJpYXQiOjE2OTAzNDU0NzksImV4cCI6MTY5ODEyMTQ3OX0.uUaCULluqwguSO-QmC7ZehwDi57BJ_au_kSPCpxYj1U"
[2023-07-26 14:10:24, error] "[Router Error]: /dist/js/perfect-scrollbar.jquery.min"
[2023-07-26 14:10:28, error] "[Router Error]: /api/a_mypage/noticePage/?lang=ko&accessToken=Bearer_eyJhbGciOiJIUzI1NiIsInR5cCI6IkpXVCJ9.eyJhY2NvdW50SWQiOiJ0ZXN0MTExMTEiLCJpYXQiOjE2OTAzNDU0NzksImV4cCI6MTY5ODEyMTQ3OX0.uUaCULluqwguSO-QmC7ZehwDi57BJ_au_kSPCpxYj1U"
[2023-07-26 14:10:29, error] "[Router Error]: /dist/js/perfect-scrollbar.jquery.min"
[2023-07-26 14:11:35, error] "[Router Error]: /api/a_mypage/noticePage/?lang=en&accessToken=Bearer_eyJhbGciOiJIUzI1NiIsInR5cCI6IkpXVCJ9.eyJhY2NvdW50SWQiOiJ0ZXN0MTExMTEiLCJpYXQiOjE2OTAzNDU0NzksImV4cCI6MTY5ODEyMTQ3OX0.uUaCULluqwguSO-QmC7ZehwDi57BJ_au_kSPCpxYj1U"
[2023-07-26 14:11:35, error] "[Router Error]: /dist/js/perfect-scrollbar.jquery.min"
[2023-07-26 14:11:45, error] "[Router Error]: /api/a_mypage/noticePage/?lang=ko&accessToken=Bearer_eyJhbGciOiJIUzI1NiIsInR5cCI6IkpXVCJ9.eyJhY2NvdW50SWQiOiJ0ZXN0MTExMTEiLCJpYXQiOjE2OTAzNDU0NzksImV4cCI6MTY5ODEyMTQ3OX0.uUaCULluqwguSO-QmC7ZehwDi57BJ_au_kSPCpxYj1U"
[2023-07-26 14:11:46, error] "[Router Error]: /dist/js/perfect-scrollbar.jquery.min"
[2023-07-26 14:55:47, error] "[Router Error]: /app/p_apphome/p_apphome.js"
[2023-07-26 15:05:38, error] "[Router Error]: /favicon.ico"
[2023-07-26 15:05:46, error] "[System Error]: Cannot read properties of undefined (reading 'h_user_code')"
[2023-07-26 15:05:46, error] "Cannot read properties of undefined (reading 'h_user_code')"
TypeError: Cannot read properties of undefined (reading 'h_user_code')
    at hospitalService.pwCheck (C:\Users\LCG\Desktop\0706 반려견\반려견 0710\server\api\hospital\hospital.service.js:24:23)
    at process.processTicksAndRejections (node:internal/process/task_queues:95:5)
    at async pwCheck (C:\Users\LCG\Desktop\0706 반려견\반려견 0710\server\api\hospital\hospital.controller.js:20:23)
[2023-07-26 15:05:54, error] "[System Error]: Cannot read properties of undefined (reading 'h_user_code')"
[2023-07-26 15:05:54, error] "Cannot read properties of undefined (reading 'h_user_code')"
TypeError: Cannot read properties of undefined (reading 'h_user_code')
    at hospitalService.pwCheck (C:\Users\LCG\Desktop\0706 반려견\반려견 0710\server\api\hospital\hospital.service.js:24:23)
    at process.processTicksAndRejections (node:internal/process/task_queues:95:5)
    at async pwCheck (C:\Users\LCG\Desktop\0706 반려견\반려견 0710\server\api\hospital\hospital.controller.js:20:23)
[2023-07-26 15:05:56, error] "[Router Error]: /favicon.ico"
[2023-07-26 15:06:03, error] "[System Error]: Cannot read properties of undefined (reading 'h_user_code')"
[2023-07-26 15:06:03, error] "Cannot read properties of undefined (reading 'h_user_code')"
TypeError: Cannot read properties of undefined (reading 'h_user_code')
    at hospitalService.pwCheck (C:\Users\LCG\Desktop\0706 반려견\반려견 0710\server\api\hospital\hospital.service.js:24:23)
    at process.processTicksAndRejections (node:internal/process/task_queues:95:5)
    at async pwCheck (C:\Users\LCG\Desktop\0706 반려견\반려견 0710\server\api\hospital\hospital.controller.js:20:23)
[2023-07-26 15:06:04, error] "[Router Error]: /favicon.ico"
[2023-07-26 15:06:14, error] "[Router Error]: /favicon.ico"
[2023-07-26 15:16:18, error] "[Router Error]: /favicon.ico"
[2023-07-26 15:17:26, error] "[Router Error]: /favicon.ico"
[2023-07-26 15:17:32, error] "[Router Error]: /favicon.ico"
[2023-07-26 15:17:33, error] "[Router Error]: /favicon.ico"
[2023-07-26 15:17:45, error] "[Router Error]: /api/dist/css/pages/login-register-lock.css"
[2023-07-26 15:17:45, error] "[Router Error]: /api/dist/css/style.min.css"
[2023-07-26 15:17:45, error] "[Router Error]: /assets/node_modules/popper/popper.min.js.map"
[2023-07-26 15:18:18, error] "[Router Error]: /favicon.ico"
[2023-07-26 15:18:21, error] "[Router Error]: /app/notice/notice.js"
[2023-07-26 15:18:22, error] "[Router Error]: /favicon.ico"
[2023-07-26 15:19:06, error] "[Router Error]: /favicon.ico"
[2023-07-26 15:19:09, error] "[Router Error]: /app/notice/notice.js"
[2023-07-26 15:19:09, error] "[Router Error]: /favicon.ico"
[2023-07-26 15:19:11, error] "[Router Error]: /app/notice/notice.js"
[2023-07-26 15:19:11, error] "[Router Error]: /favicon.ico"
[2023-07-26 15:19:12, error] "[Router Error]: /favicon.ico"
[2023-07-26 15:19:14, error] "[Router Error]: /app/notice/notice.js"
[2023-07-26 15:19:14, error] "[Router Error]: /favicon.ico"
[2023-07-26 15:19:16, error] "[Router Error]: /app/notice/notice.js"
[2023-07-26 15:19:16, error] "[Router Error]: /favicon.ico"
[2023-07-26 15:42:49, error] "[Router Error]: /app/notice/notice.js"
[2023-07-26 15:42:49, error] "[Router Error]: /favicon.ico"
[2023-07-26 15:48:08, error] "[Router Error]: /app/notice/notice.js"
[2023-07-26 15:48:08, error] "[Router Error]: /favicon.ico"
[2023-07-26 15:48:50, error] "[Router Error]: /app/notice/notice.js"
[2023-07-26 15:48:50, error] "[Router Error]: /favicon.ico"
[2023-07-26 15:48:54, error] "[Router Error]: /app/notice/notice.js"
[2023-07-26 15:48:54, error] "[Router Error]: /favicon.ico"
[2023-07-26 15:49:24, error] "[Router Error]: /app/notice/notice.js"
[2023-07-26 15:49:24, error] "[Router Error]: /favicon.ico"
[2023-07-26 15:50:56, error] "[Router Error]: /app/notice/notice.js"
[2023-07-26 15:50:56, error] "[Router Error]: /favicon.ico"
[2023-07-26 15:55:59, error] "[Router Error]: /app/notice/notice.js"
[2023-07-26 15:55:59, error] "[Router Error]: /favicon.ico"
[2023-07-26 15:57:50, error] "[Router Error]: /app/notice/notice.js"
[2023-07-26 15:57:50, error] "[Router Error]: /favicon.ico"
[2023-07-26 16:04:53, error] "[Router Error]: /app/notice/notice.js"
[2023-07-26 16:04:53, error] "[Router Error]: /favicon.ico"
[2023-07-26 16:05:44, error] "[Router Error]: /app/notice/notice.js"
[2023-07-26 16:05:44, error] "[Router Error]: /favicon.ico"
