[2023-08-03 10:05:54, error] "[Router Error]: /favicon.ico"
[2023-08-03 10:05:56, error] "[Router Error]: /favicon.ico"
[2023-08-03 10:06:05, error] "[Router Error]: /favicon.ico"
[2023-08-03 10:50:15, error] "[Router Error]: /assets/node_modules/popper/popper.min.js.map"
[2023-08-03 10:50:18, error] "[Router Error]: /assets/node_modules/popper/popper.min.js.map"
[2023-08-03 10:52:25, error] "[Router Error]: /assets/node_modules/popper/popper.min.js.map"
[2023-08-03 10:54:22, error] "[Router Error]: /assets/node_modules/popper/popper.min.js.map"
[2023-08-03 11:00:23, error] "[Query Error!]Error: Unknown column 'activate_yn' in 'where clause'"
[2023-08-03 11:00:41, error] "[Query Error!]Error: Unknown column 'activate_yn' in 'where clause'"
[2023-08-03 11:02:56, error] "[Query Error!]Error: Unknown column 'activate_yn' in 'where clause'"
[2023-08-03 11:03:02, error] "[Query Error!]Error: Unknown column 'activate_yn' in 'where clause'"
[2023-08-03 11:04:12, error] "[Router Error]: /favicon.ico"
[2023-08-03 11:04:14, error] "[Router Error]: /favicon.ico"
[2023-08-03 11:04:33, error] "[Router Error]: /assets/node_modules/popper/popper.min.js.map"
[2023-08-03 11:05:52, error] "[Router Error]: /favicon.ico"
[2023-08-03 11:05:54, error] "[Router Error]: /favicon.ico"
[2023-08-03 11:06:03, error] "[Router Error]: /assets/node_modules/popper/popper.min.js.map"
[2023-08-03 11:06:17, error] "[Router Error]: /favicon.ico"
[2023-08-03 11:06:20, error] "[Router Error]: /favicon.ico"
[2023-08-03 11:06:27, error] "[Router Error]: /assets/node_modules/popper/popper.min.js.map"
[2023-08-03 11:06:27, error] "[Router Error]: /assets/node_modules/popper/popper.min.js.map"
[2023-08-03 11:06:27, error] "[Router Error]: /assets/node_modules/popper/popper.min.js.map"
[2023-08-03 11:37:46, error] "[Router Error]: /assets/node_modules/popper/popper.min.js.map"
[2023-08-03 11:37:47, error] "[Router Error]: /favicon.ico"
[2023-08-03 11:37:48, error] "[Router Error]: /assets/node_modules/popper/popper.min.js.map"
[2023-08-03 11:37:48, error] "[Router Error]: /assets/node_modules/popper/popper.min.js.map"
[2023-08-03 11:37:48, error] "[Router Error]: /assets/node_modules/popper/popper.min.js.map"
[2023-08-03 11:39:32, error] "[Router Error]: /favicon.ico"
[2023-08-03 11:39:34, error] "[Router Error]: /favicon.ico"
[2023-08-03 11:39:47, error] "[Router Error]: /assets/node_modules/popper/popper.min.js.map"
[2023-08-03 11:40:10, error] "[Router Error]: /assets/node_modules/popper/popper.min.js.map"
[2023-08-03 11:40:12, error] "[Router Error]: /favicon.ico"
[2023-08-03 11:40:12, error] "[Router Error]: /favicon.ico"
[2023-08-03 11:40:23, error] "[Router Error]: /favicon.ico"
[2023-08-03 11:40:24, error] "[Router Error]: /favicon.ico"
[2023-08-03 11:40:24, error] "[Router Error]: /favicon.ico"
[2023-08-03 11:40:24, error] "[Router Error]: /favicon.ico"
[2023-08-03 11:40:29, error] "[Router Error]: /api/dist/css/pages/login-register-lock.css"
[2023-08-03 11:40:29, error] "[Router Error]: /api/dist/css/style.min.css"
[2023-08-03 11:40:29, error] "[Router Error]: /assets/node_modules/popper/popper.min.js.map"
[2023-08-03 11:40:36, error] "[Router Error]: /favicon.ico"
[2023-08-03 11:40:38, error] "[Router Error]: /favicon.ico"
[2023-08-03 11:40:46, error] "[Router Error]: /assets/node_modules/popper/popper.min.js.map"
[2023-08-03 11:40:47, error] "[Router Error]: /favicon.ico"
[2023-08-03 11:40:49, error] "[Router Error]: /assets/node_modules/popper/popper.min.js.map"
[2023-08-03 11:40:49, error] "[Router Error]: /assets/node_modules/popper/popper.min.js.map"
[2023-08-03 11:40:49, error] "[Router Error]: /assets/node_modules/popper/popper.min.js.map"
[2023-08-03 11:42:25, error] "[Router Error]: /favicon.ico"
[2023-08-03 11:42:31, error] "[Router Error]: /assets/node_modules/popper/popper.min.js.map"
[2023-08-03 11:42:33, error] "[Router Error]: /assets/node_modules/popper/popper.min.js.map"
[2023-08-03 11:42:33, error] "[Router Error]: /assets/node_modules/popper/popper.min.js.map"
[2023-08-03 11:42:33, error] "[Router Error]: /assets/node_modules/popper/popper.min.js.map"
[2023-08-03 11:42:43, error] "[Router Error]: /favicon.ico"
[2023-08-03 11:42:45, error] "[Router Error]: /favicon.ico"
[2023-08-03 11:42:53, error] "[Router Error]: /assets/node_modules/popper/popper.min.js.map"
[2023-08-03 11:43:11, error] "[Router Error]: /assets/node_modules/popper/popper.min.js.map"
[2023-08-03 11:43:17, error] "[Router Error]: /favicon.ico"
[2023-08-03 11:43:20, error] "[Router Error]: /favicon.ico"
[2023-08-03 11:43:26, error] "[Router Error]: /assets/node_modules/popper/popper.min.js.map"
[2023-08-03 11:45:24, error] "[Router Error]: /assets/node_modules/popper/popper.min.js.map"
[2023-08-03 11:45:31, error] "[Router Error]: /assets/node_modules/popper/popper.min.js.map"
[2023-08-03 11:45:33, error] "[Router Error]: /assets/node_modules/popper/popper.min.js.map"
[2023-08-03 11:45:36, error] "[Router Error]: /assets/node_modules/popper/popper.min.js.map"
[2023-08-03 11:45:38, error] "[Router Error]: /assets/node_modules/popper/popper.min.js.map"
[2023-08-03 13:10:58, error] "[Router Error]: /favicon.ico"
[2023-08-03 13:11:00, error] "[Router Error]: /favicon.ico"
[2023-08-03 13:11:26, error] "[Router Error]: /assets/node_modules/popper/popper.min.js.map"
[2023-08-03 13:11:28, error] "[Router Error]: /favicon.ico"
[2023-08-03 13:11:29, error] "[Router Error]: /favicon.ico"
[2023-08-03 13:11:29, error] "[Router Error]: /assets/node_modules/popper/popper.min.js.map"
[2023-08-03 13:11:29, error] "[Router Error]: /assets/node_modules/popper/popper.min.js.map"
[2023-08-03 13:11:29, error] "[Router Error]: /assets/node_modules/popper/popper.min.js.map"
[2023-08-03 13:11:43, error] "[Router Error]: /assets/node_modules/popper/popper.min.js.map"
[2023-08-03 13:11:43, error] "[Router Error]: /assets/node_modules/popper/popper.min.js.map"
[2023-08-03 13:11:48, error] "[Router Error]: /favicon.ico"
[2023-08-03 13:11:51, error] "[Router Error]: /favicon.ico"
[2023-08-03 13:11:56, error] "[Router Error]: /assets/node_modules/popper/popper.min.js.map"
[2023-08-03 13:14:43, error] "[Router Error]: /assets/node_modules/popper/popper.min.js.map"
[2023-08-03 13:14:48, error] "[Router Error]: /assets/node_modules/popper/popper.min.js.map"
