[2023-07-17 09:25:37, error] "[Router Error]: /assets/node_modules/popper/popper.min.js.map"
[2023-07-17 09:26:15, error] "[Router Error]: /assets/node_modules/popper/popper.min.js.map"
[2023-07-17 09:26:50, error] "[Router Error]: /api/a_mypage/loadModifyPage"
[2023-07-17 09:26:51, error] "[Router Error]: /assets/node_modules/popper/popper.min.js.map"
[2023-07-17 09:26:58, error] "[Router Error]: /api/a_mypage/loadModifyPage"
[2023-07-17 09:26:59, error] "[Router Error]: /assets/node_modules/popper/popper.min.js.map"
[2023-07-17 09:27:18, error] "[Router Error]: /api/a_mypage/loadModifyPage"
[2023-07-17 09:27:19, error] "[Router Error]: /assets/node_modules/popper/popper.min.js.map"
[2023-07-17 09:27:49, error] "[Router Error]: /api/a_mypage/loadModifyPage"
[2023-07-17 09:27:50, error] "[Router Error]: /assets/node_modules/popper/popper.min.js.map"
[2023-07-17 09:31:38, error] "[Router Error]: /api/a_mypage/loadModifyPage"
[2023-07-17 09:31:39, error] "[Router Error]: /assets/node_modules/popper/popper.min.js.map"
[2023-07-17 09:33:37, error] "[Router Error]: /api/a_mypage/loadModifyPage"
[2023-07-17 09:33:37, error] "[Router Error]: /assets/node_modules/popper/popper.min.js.map"
[2023-07-17 09:34:01, error] "[System Error]: fn is not a function"
[2023-07-17 09:34:01, error] "fn is not a function"
TypeError: fn is not a function
    at C:\Users\LCG\Desktop\0706 반려견\반려견 0710\server\helper\asyncErrHelper.js:13:9
    at Layer.handle [as handle_request] (C:\Users\LCG\Desktop\0706 반려견\반려견 0710\server\node_modules\express\lib\router\layer.js:95:5)
    at next (C:\Users\LCG\Desktop\0706 반려견\반려견 0710\server\node_modules\express\lib\router\route.js:144:13)
    at Route.dispatch (C:\Users\LCG\Desktop\0706 반려견\반려견 0710\server\node_modules\express\lib\router\route.js:114:3)
    at Layer.handle [as handle_request] (C:\Users\LCG\Desktop\0706 반려견\반려견 0710\server\node_modules\express\lib\router\layer.js:95:5)
    at C:\Users\LCG\Desktop\0706 반려견\반려견 0710\server\node_modules\express\lib\router\index.js:284:15
    at Function.process_params (C:\Users\LCG\Desktop\0706 반려견\반려견 0710\server\node_modules\express\lib\router\index.js:346:12)
    at next (C:\Users\LCG\Desktop\0706 반려견\반려견 0710\server\node_modules\express\lib\router\index.js:280:10)
    at Function.handle (C:\Users\LCG\Desktop\0706 반려견\반려견 0710\server\node_modules\express\lib\router\index.js:175:3)
    at router (C:\Users\LCG\Desktop\0706 반려견\반려견 0710\server\node_modules\express\lib\router\index.js:47:12)
[2023-07-17 09:34:01, error] "[Router Error]: /dist/js/perfect-scrollbar.jquery.min"
[2023-07-17 09:58:35, error] "[Router Error]: /api/a_mypage/loadModifyPage"
[2023-07-17 09:58:36, error] "[Router Error]: /assets/node_modules/popper/popper.min.js.map"
[2023-07-17 09:58:50, error] "[Router Error]: /api/a_mypage/loadModifyPage"
[2023-07-17 09:58:50, error] "[Router Error]: /assets/node_modules/popper/popper.min.js.map"
[2023-07-17 09:59:26, error] "[Router Error]: /api/a_mypage/loadModifyPageData"
[2023-07-17 09:59:26, error] "[Router Error]: /assets/node_modules/popper/popper.min.js.map"
[2023-07-17 09:59:37, error] "[Router Error]: /api/a_mypage/loadModifyPageData"
[2023-07-17 09:59:38, error] "[Router Error]: /assets/node_modules/popper/popper.min.js.map"
[2023-07-17 10:00:16, error] "[Router Error]: /api/a_mypage/loadModifyPageData"
[2023-07-17 10:00:17, error] "[Router Error]: /assets/node_modules/popper/popper.min.js.map"
[2023-07-17 10:00:36, error] "[Router Error]: /api/a_mypage/loadModifyPageData"
[2023-07-17 10:00:37, error] "[Router Error]: /assets/node_modules/popper/popper.min.js.map"
[2023-07-17 10:01:19, error] "[Router Error]: /api/a_mypage/loadModifyPageData"
[2023-07-17 10:01:20, error] "[Router Error]: /assets/node_modules/popper/popper.min.js.map"
[2023-07-17 10:01:40, error] "[Router Error]: /assets/node_modules/popper/popper.min.js.map"
[2023-07-17 10:02:32, error] "[Router Error]: /assets/node_modules/popper/popper.min.js.map"
[2023-07-17 10:02:39, error] "[Router Error]: /assets/node_modules/popper/popper.min.js.map"
[2023-07-17 10:03:01, error] "[Router Error]: /assets/node_modules/popper/popper.min.js.map"
[2023-07-17 10:03:45, error] "[Router Error]: /assets/node_modules/popper/popper.min.js.map"
[2023-07-17 10:04:12, error] "[Router Error]: /assets/node_modules/popper/popper.min.js.map"
[2023-07-17 10:04:17, error] "[Router Error]: /assets/node_modules/popper/popper.min.js.map"
[2023-07-17 10:04:44, error] "[Router Error]: /assets/node_modules/popper/popper.min.js.map"
[2023-07-17 10:06:22, error] "[Router Error]: /assets/node_modules/popper/popper.min.js.map"
[2023-07-17 10:06:27, error] "[Router Error]: /assets/node_modules/popper/popper.min.js.map"
[2023-07-17 10:06:51, error] "[Router Error]: /assets/node_modules/popper/popper.min.js.map"
[2023-07-17 10:08:02, error] "[Router Error]: /assets/node_modules/popper/popper.min.js.map"
[2023-07-17 10:08:40, error] "[Router Error]: /assets/node_modules/popper/popper.min.js.map"
[2023-07-17 10:09:22, error] "[Router Error]: /assets/node_modules/popper/popper.min.js.map"
[2023-07-17 10:11:18, error] "[Router Error]: /assets/node_modules/popper/popper.min.js.map"
[2023-07-17 10:12:01, error] "[Router Error]: /assets/node_modules/popper/popper.min.js.map"
[2023-07-17 10:14:01, error] "[Router Error]: /assets/node_modules/popper/popper.min.js.map"
[2023-07-17 10:14:20, error] "[Router Error]: /assets/node_modules/popper/popper.min.js.map"
[2023-07-17 10:15:13, error] "[Router Error]: /assets/node_modules/popper/popper.min.js.map"
[2023-07-17 10:16:01, error] "[Router Error]: /assets/node_modules/popper/popper.min.js.map"
[2023-07-17 10:16:19, error] "[Router Error]: /assets/node_modules/popper/popper.min.js.map"
[2023-07-17 10:16:51, error] "[Router Error]: /assets/node_modules/popper/popper.min.js.map"
[2023-07-17 10:18:46, error] "[Router Error]: /assets/node_modules/popper/popper.min.js.map"
[2023-07-17 10:19:11, error] "[Router Error]: /assets/node_modules/popper/popper.min.js.map"
[2023-07-17 10:19:54, error] "[Router Error]: /assets/node_modules/popper/popper.min.js.map"
[2023-07-17 10:21:20, error] "[Router Error]: /assets/node_modules/popper/popper.min.js.map"
[2023-07-17 10:21:30, error] "[Router Error]: /assets/node_modules/popper/popper.min.js.map"
[2023-07-17 10:21:50, error] "[Router Error]: /assets/node_modules/popper/popper.min.js.map"
[2023-07-17 10:22:05, error] "[Router Error]: /assets/node_modules/popper/popper.min.js.map"
[2023-07-17 10:22:35, error] "[Router Error]: /assets/node_modules/popper/popper.min.js.map"
[2023-07-17 10:22:42, error] "[Router Error]: /assets/node_modules/popper/popper.min.js.map"
[2023-07-17 10:23:33, error] "[Router Error]: /assets/node_modules/popper/popper.min.js.map"
[2023-07-17 10:23:39, error] "[Router Error]: /assets/node_modules/popper/popper.min.js.map"
[2023-07-17 10:23:42, error] "[Router Error]: /assets/node_modules/popper/popper.min.js.map"
[2023-07-17 10:24:34, error] "[Router Error]: /assets/node_modules/popper/popper.min.js.map"
[2023-07-17 10:25:16, error] "[Router Error]: /assets/node_modules/popper/popper.min.js.map"
[2023-07-17 10:25:22, error] "[Router Error]: /assets/node_modules/popper/popper.min.js.map"
[2023-07-17 10:25:34, error] "[Router Error]: /assets/node_modules/popper/popper.min.js.map"
[2023-07-17 10:25:42, error] "[System Error]: fn is not a function"
[2023-07-17 10:25:42, error] "fn is not a function"
TypeError: fn is not a function
    at C:\Users\LCG\Desktop\0706 반려견\반려견 0710\server\helper\asyncErrHelper.js:13:9
    at Layer.handle [as handle_request] (C:\Users\LCG\Desktop\0706 반려견\반려견 0710\server\node_modules\express\lib\router\layer.js:95:5)
    at next (C:\Users\LCG\Desktop\0706 반려견\반려견 0710\server\node_modules\express\lib\router\route.js:144:13)
    at Route.dispatch (C:\Users\LCG\Desktop\0706 반려견\반려견 0710\server\node_modules\express\lib\router\route.js:114:3)
    at Layer.handle [as handle_request] (C:\Users\LCG\Desktop\0706 반려견\반려견 0710\server\node_modules\express\lib\router\layer.js:95:5)
    at C:\Users\LCG\Desktop\0706 반려견\반려견 0710\server\node_modules\express\lib\router\index.js:284:15
    at Function.process_params (C:\Users\LCG\Desktop\0706 반려견\반려견 0710\server\node_modules\express\lib\router\index.js:346:12)
    at next (C:\Users\LCG\Desktop\0706 반려견\반려견 0710\server\node_modules\express\lib\router\index.js:280:10)
    at Function.handle (C:\Users\LCG\Desktop\0706 반려견\반려견 0710\server\node_modules\express\lib\router\index.js:175:3)
    at router (C:\Users\LCG\Desktop\0706 반려견\반려견 0710\server\node_modules\express\lib\router\index.js:47:12)
[2023-07-17 10:25:42, error] "[Router Error]: /dist/js/perfect-scrollbar.jquery.min"
[2023-07-17 10:25:46, error] "[Router Error]: /assets/node_modules/popper/popper.min.js.map"
[2023-07-17 10:26:54, error] "[Router Error]: /assets/node_modules/popper/popper.min.js.map"
[2023-07-17 10:37:34, error] "[Router Error]: /assets/node_modules/popper/popper.min.js.map"
[2023-07-17 10:38:00, error] "[Router Error]: /assets/node_modules/popper/popper.min.js.map"
[2023-07-17 10:38:31, error] "[Router Error]: /assets/node_modules/popper/popper.min.js.map"
[2023-07-17 10:38:46, error] "[Router Error]: /assets/node_modules/popper/popper.min.js.map"
[2023-07-17 10:39:42, error] "[Router Error]: /assets/node_modules/popper/popper.min.js.map"
[2023-07-17 10:41:15, error] "[Router Error]: /assets/node_modules/popper/popper.min.js.map"
[2023-07-17 10:42:01, error] "[Router Error]: /assets/node_modules/popper/popper.min.js.map"
[2023-07-17 10:42:22, error] "[Router Error]: /assets/node_modules/popper/popper.min.js.map"
[2023-07-17 10:42:46, error] "[Router Error]: /assets/node_modules/popper/popper.min.js.map"
[2023-07-17 10:43:47, error] "[Router Error]: /assets/node_modules/popper/popper.min.js.map"
[2023-07-17 11:17:02, error] "[Router Error]: /assets/node_modules/popper/popper.min.js.map"
[2023-07-17 11:17:35, error] "[Router Error]: /assets/node_modules/popper/popper.min.js.map"
[2023-07-17 11:17:50, error] "[Router Error]: /assets/node_modules/popper/popper.min.js.map"
[2023-07-17 11:18:13, error] "[Router Error]: /assets/node_modules/popper/popper.min.js.map"
[2023-07-17 11:18:26, error] "[Router Error]: /assets/node_modules/popper/popper.min.js.map"
[2023-07-17 11:19:12, error] "[Router Error]: /assets/node_modules/popper/popper.min.js.map"
[2023-07-17 11:19:29, error] "[Router Error]: /assets/node_modules/popper/popper.min.js.map"
[2023-07-17 11:20:15, error] "[Router Error]: /assets/node_modules/popper/popper.min.js.map"
[2023-07-17 11:20:27, error] "[Router Error]: /assets/node_modules/popper/popper.min.js.map"
[2023-07-17 11:20:59, error] "[Router Error]: /assets/node_modules/popper/popper.min.js.map"
[2023-07-17 11:23:25, error] "[Router Error]: /assets/node_modules/popper/popper.min.js.map"
[2023-07-17 14:11:03, error] "[Router Error]: /"
[2023-07-17 14:11:03, error] "[Router Error]: /dist/js/perfect-scrollbar.jquery.min"
[2023-07-17 14:11:16, error] "[Router Error]: /assets/icons/weather-icons/css/weather-icons.min.css"
[2023-07-17 14:11:16, error] "[Router Error]: /assets/icons/flag-icon-css/flag-icon.min.css"
[2023-07-17 14:15:48, error] "[Router Error]: /assets/node_modules/popper/popper.min.js.map"
[2023-07-17 14:18:18, error] "[Router Error]: /assets/node_modules/popper/popper.min.js.map"
[2023-07-17 14:21:00, error] "[Router Error]: /assets/node_modules/popper/popper.min.js.map"
[2023-07-17 14:21:19, error] "[Router Error]: /assets/node_modules/popper/popper.min.js.map"
[2023-07-17 14:22:25, error] "[Router Error]: /assets/node_modules/popper/popper.min.js.map"
[2023-07-17 14:22:47, error] "[Router Error]: /assets/node_modules/popper/popper.min.js.map"
[2023-07-17 14:23:04, error] "[Router Error]: /assets/node_modules/popper/popper.min.js.map"
[2023-07-17 14:26:20, error] "[Router Error]: /assets/node_modules/popper/popper.min.js.map"
[2023-07-17 14:34:30, error] "[Router Error]: /assets/node_modules/popper/popper.min.js.map"
[2023-07-17 14:34:34, error] "[Router Error]: /assets/node_modules/popper/popper.min.js.map"
[2023-07-17 14:34:35, error] "[Router Error]: /assets/node_modules/popper/popper.min.js.map"
[2023-07-17 14:34:38, error] "[Router Error]: /assets/node_modules/popper/popper.min.js.map"
[2023-07-17 14:34:44, error] "[Router Error]: /assets/node_modules/popper/popper.min.js.map"
[2023-07-17 14:52:06, error] "[Router Error]: /assets/node_modules/popper/popper.min.js.map"
[2023-07-17 14:52:09, error] "[Router Error]: /assets/node_modules/popper/popper.min.js.map"
[2023-07-17 14:52:10, error] "[Router Error]: /assets/node_modules/popper/popper.min.js.map"
[2023-07-17 14:52:12, error] "[Router Error]: /assets/node_modules/popper/popper.min.js.map"
[2023-07-17 14:52:24, error] "[Router Error]: /assets/node_modules/popper/popper.min.js.map"
[2023-07-17 14:52:44, error] "[Router Error]: /assets/node_modules/popper/popper.min.js.map"
[2023-07-17 14:52:45, error] "[Router Error]: /assets/node_modules/popper/popper.min.js.map"
[2023-07-17 14:53:20, error] "[Router Error]: /assets/node_modules/popper/popper.min.js.map"
[2023-07-17 14:53:24, error] "[Router Error]: /assets/node_modules/popper/popper.min.js.map"
[2023-07-17 14:55:19, error] "[Router Error]: /assets/node_modules/popper/popper.min.js.map"
[2023-07-17 14:57:27, error] "[Router Error]: /assets/node_modules/popper/popper.min.js.map"
[2023-07-17 14:57:34, error] "[Router Error]: /assets/node_modules/popper/popper.min.js.map"
[2023-07-17 14:58:15, error] "[Router Error]: /assets/node_modules/popper/popper.min.js.map"
[2023-07-17 14:58:18, error] "[Router Error]: /assets/node_modules/popper/popper.min.js.map"
[2023-07-17 14:58:40, error] "[Router Error]: /assets/node_modules/popper/popper.min.js.map"
[2023-07-17 14:58:52, error] "[Router Error]: /assets/node_modules/popper/popper.min.js.map"
[2023-07-17 15:04:05, error] "[Router Error]: /assets/node_modules/popper/popper.min.js.map"
[2023-07-17 15:05:22, error] "[Router Error]: /assets/node_modules/popper/popper.min.js.map"
[2023-07-17 15:05:35, error] "[Router Error]: /assets/node_modules/popper/popper.min.js.map"
[2023-07-17 15:06:30, error] "[Router Error]: /assets/node_modules/popper/popper.min.js.map"
[2023-07-17 15:40:12, error] "[Router Error]: /assets/node_modules/popper/popper.min.js.map"
[2023-07-17 15:47:16, error] "[Router Error]: /assets/node_modules/popper/popper.min.js.map"
[2023-07-17 15:47:23, error] "[Router Error]: /assets/node_modules/popper/popper.min.js.map"
[2023-07-17 15:47:51, error] "[Router Error]: /assets/node_modules/popper/popper.min.js.map"
[2023-07-17 15:48:16, error] "[Router Error]: /assets/node_modules/popper/popper.min.js.map"
[2023-07-17 15:48:26, error] "[Router Error]: /assets/node_modules/popper/popper.min.js.map"
[2023-07-17 16:35:45, error] "[Router Error]: /assets/node_modules/popper/popper.min.js.map"
[2023-07-17 16:45:10, error] "[Router Error]: /assets/node_modules/popper/popper.min.js.map"
[2023-07-17 16:45:25, error] "[Router Error]: /assets/node_modules/popper/popper.min.js.map"
[2023-07-17 16:45:26, error] "[System Error]: petId is not defined"
[2023-07-17 16:45:26, error] "petId is not defined"
ReferenceError: petId is not defined
    at modifyMyPet (C:\Users\LCG\Desktop\0706 반려견\반려견 0710\server\api\a_mypage\a_mypage.controller.js:66:56)
    at C:\Users\LCG\Desktop\0706 반려견\반려견 0710\server\helper\asyncErrHelper.js:13:9
    at Layer.handle [as handle_request] (C:\Users\LCG\Desktop\0706 반려견\반려견 0710\server\node_modules\express\lib\router\layer.js:95:5)
    at next (C:\Users\LCG\Desktop\0706 반려견\반려견 0710\server\node_modules\express\lib\router\route.js:144:13)
    at Route.dispatch (C:\Users\LCG\Desktop\0706 반려견\반려견 0710\server\node_modules\express\lib\router\route.js:114:3)
    at Layer.handle [as handle_request] (C:\Users\LCG\Desktop\0706 반려견\반려견 0710\server\node_modules\express\lib\router\layer.js:95:5)
    at C:\Users\LCG\Desktop\0706 반려견\반려견 0710\server\node_modules\express\lib\router\index.js:284:15
    at Function.process_params (C:\Users\LCG\Desktop\0706 반려견\반려견 0710\server\node_modules\express\lib\router\index.js:346:12)
    at next (C:\Users\LCG\Desktop\0706 반려견\반려견 0710\server\node_modules\express\lib\router\index.js:280:10)
    at Function.handle (C:\Users\LCG\Desktop\0706 반려견\반려견 0710\server\node_modules\express\lib\router\index.js:175:3)
[2023-07-17 16:45:58, error] "[Router Error]: /assets/node_modules/popper/popper.min.js.map"
[2023-07-17 16:59:19, error] "[Router Error]: /assets/node_modules/popper/popper.min.js.map"
[2023-07-17 16:59:22, error] "[Query Error!]Error: Data too long for column 'pet_isNeutering' at row 1"
[2023-07-17 16:59:27, error] "[Query Error!]Error: Data too long for column 'pet_isNeutering' at row 1"
[2023-07-17 17:00:32, error] "[Router Error]: /assets/node_modules/popper/popper.min.js.map"
[2023-07-17 17:00:33, error] "[Query Error!]Error: Data too long for column 'pet_gender' at row 1"
[2023-07-17 17:01:20, error] "[Router Error]: /assets/node_modules/popper/popper.min.js.map"
[2023-07-17 17:01:25, error] "[Router Error]: /assets/node_modules/popper/popper.min.js.map"
[2023-07-17 17:01:38, error] "[Router Error]: /assets/node_modules/popper/popper.min.js.map"
[2023-07-17 17:01:54, error] "[Router Error]: /assets/node_modules/popper/popper.min.js.map"
[2023-07-17 17:02:09, error] "[Router Error]: /assets/node_modules/popper/popper.min.js.map"
[2023-07-17 17:02:13, error] "[Router Error]: /assets/node_modules/popper/popper.min.js.map"
[2023-07-17 17:02:22, error] "[Router Error]: /assets/node_modules/popper/popper.min.js.map"
[2023-07-17 17:02:25, error] "[Router Error]: /assets/node_modules/popper/popper.min.js.map"
[2023-07-17 17:06:03, error] "[Router Error]: /assets/node_modules/popper/popper.min.js.map"
[2023-07-17 17:06:16, error] "[Router Error]: /assets/node_modules/popper/popper.min.js.map"
[2023-07-17 17:08:02, error] "[Router Error]: /assets/node_modules/popper/popper.min.js.map"
[2023-07-17 17:08:06, error] "[Router Error]: /assets/node_modules/popper/popper.min.js.map"
[2023-07-17 17:08:24, error] "[Router Error]: /assets/node_modules/popper/popper.min.js.map"
[2023-07-17 17:08:44, error] "[Router Error]: /assets/node_modules/popper/popper.min.js.map"
[2023-07-17 17:10:19, error] "[Router Error]: /assets/node_modules/popper/popper.min.js.map"
[2023-07-17 17:11:22, error] "[Router Error]: /assets/node_modules/popper/popper.min.js.map"
[2023-07-17 17:11:35, error] "[Router Error]: /assets/node_modules/popper/popper.min.js.map"
[2023-07-17 17:12:35, error] "[Router Error]: /assets/node_modules/popper/popper.min.js.map"
[2023-07-17 17:12:47, error] "[Router Error]: /assets/node_modules/popper/popper.min.js.map"
[2023-07-17 17:12:55, error] "[Router Error]: /assets/node_modules/popper/popper.min.js.map"
[2023-07-17 17:13:11, error] "[Router Error]: /assets/node_modules/popper/popper.min.js.map"
[2023-07-17 17:13:25, error] "[Router Error]: /assets/node_modules/popper/popper.min.js.map"
[2023-07-17 17:13:41, error] "[Router Error]: /assets/node_modules/popper/popper.min.js.map"
[2023-07-17 17:33:27, error] "[Router Error]: /assets/node_modules/popper/popper.min.js.map"
[2023-07-17 17:36:12, error] "[Router Error]: /assets/node_modules/popper/popper.min.js.map"
[2023-07-17 17:42:35, error] "[Router Error]: /assets/node_modules/popper/popper.min.js.map"
[2023-07-17 17:42:42, error] "[Router Error]: /assets/node_modules/popper/popper.min.js.map"
[2023-07-17 17:42:46, error] "[Router Error]: /assets/node_modules/popper/popper.min.js.map"
[2023-07-17 17:43:02, error] "[Router Error]: /assets/node_modules/popper/popper.min.js.map"
[2023-07-17 17:43:18, error] "[Query Error!]Error: Truncated incorrect INTEGER value: ''"
[2023-07-17 17:43:53, error] "[Router Error]: /assets/node_modules/popper/popper.min.js.map"
[2023-07-17 17:43:57, error] "[Router Error]: /assets/node_modules/popper/popper.min.js.map"
[2023-07-17 17:44:06, error] "[Query Error!]Error: Truncated incorrect INTEGER value: ''"
[2023-07-17 17:46:09, error] "[Router Error]: /assets/node_modules/popper/popper.min.js.map"
[2023-07-17 17:46:12, error] "[Router Error]: /assets/node_modules/popper/popper.min.js.map"
[2023-07-17 17:46:16, error] "[Router Error]: /assets/node_modules/popper/popper.min.js.map"
