[2023-07-13 15:31:48, error] "[Router Error]: /assets/node_modules/popper/popper.min.js.map"
[2023-07-13 15:37:33, error] "[Router Error]: /assets/node_modules/popper/popper.min.js.map"
[2023-07-13 15:37:59, error] "[Router Error]: /assets/node_modules/popper/popper.min.js.map"
[2023-07-13 15:38:45, error] "[Router Error]: /assets/node_modules/popper/popper.min.js.map"
[2023-07-13 16:20:55, error] "[Router Error]: /assets/node_modules/popper/popper.min.js.map"
[2023-07-13 16:21:03, error] "[System Error]: Cannot read property 'replace' of undefined"
[2023-07-13 16:21:03, error] "Cannot read property 'replace' of undefined"
TypeError: Cannot read property 'replace' of undefined
    at mysqlDB (C:\Users\LCG\Desktop\0706 반려견\반려견 0710\server\config\db\database_mysql.js:35:15)
    at aMyPageService.loadPetList (C:\Users\LCG\Desktop\0706 반려견\반려견 0710\server\api\a_mypage\a_mypage.service.js:51:28)
    at loadPetList (C:\Users\LCG\Desktop\0706 반려견\반려견 0710\server\api\a_mypage\a_mypage.controller.js:58:39)
    at C:\Users\LCG\Desktop\0706 반려견\반려견 0710\server\helper\asyncErrHelper.js:13:9
    at Layer.handle [as handle_request] (C:\Users\LCG\Desktop\0706 반려견\반려견 0710\server\node_modules\express\lib\router\layer.js:95:5)
    at next (C:\Users\LCG\Desktop\0706 반려견\반려견 0710\server\node_modules\express\lib\router\route.js:144:13)
    at Route.dispatch (C:\Users\LCG\Desktop\0706 반려견\반려견 0710\server\node_modules\express\lib\router\route.js:114:3)
    at Layer.handle [as handle_request] (C:\Users\LCG\Desktop\0706 반려견\반려견 0710\server\node_modules\express\lib\router\layer.js:95:5)
    at C:\Users\LCG\Desktop\0706 반려견\반려견 0710\server\node_modules\express\lib\router\index.js:284:15
    at Function.process_params (C:\Users\LCG\Desktop\0706 반려견\반려견 0710\server\node_modules\express\lib\router\index.js:346:12)
[2023-07-13 16:21:04, error] "[Router Error]: /assets/node_modules/popper/popper.min.js.map"
[2023-07-13 16:21:30, error] "[System Error]: Cannot read property 'replace' of undefined"
[2023-07-13 16:21:30, error] "Cannot read property 'replace' of undefined"
TypeError: Cannot read property 'replace' of undefined
    at mysqlDB (C:\Users\LCG\Desktop\0706 반려견\반려견 0710\server\config\db\database_mysql.js:35:15)
    at aMyPageService.loadPetList (C:\Users\LCG\Desktop\0706 반려견\반려견 0710\server\api\a_mypage\a_mypage.service.js:51:28)
    at loadPetList (C:\Users\LCG\Desktop\0706 반려견\반려견 0710\server\api\a_mypage\a_mypage.controller.js:58:39)
    at C:\Users\LCG\Desktop\0706 반려견\반려견 0710\server\helper\asyncErrHelper.js:13:9
    at Layer.handle [as handle_request] (C:\Users\LCG\Desktop\0706 반려견\반려견 0710\server\node_modules\express\lib\router\layer.js:95:5)
    at next (C:\Users\LCG\Desktop\0706 반려견\반려견 0710\server\node_modules\express\lib\router\route.js:144:13)
    at Route.dispatch (C:\Users\LCG\Desktop\0706 반려견\반려견 0710\server\node_modules\express\lib\router\route.js:114:3)
    at Layer.handle [as handle_request] (C:\Users\LCG\Desktop\0706 반려견\반려견 0710\server\node_modules\express\lib\router\layer.js:95:5)
    at C:\Users\LCG\Desktop\0706 반려견\반려견 0710\server\node_modules\express\lib\router\index.js:284:15
    at Function.process_params (C:\Users\LCG\Desktop\0706 반려견\반려견 0710\server\node_modules\express\lib\router\index.js:346:12)
[2023-07-13 16:21:30, error] "[Router Error]: /assets/node_modules/popper/popper.min.js.map"
[2023-07-13 16:21:36, error] "[Router Error]: /assets/node_modules/popper/popper.min.js.map"
[2023-07-13 16:21:42, error] "[System Error]: Cannot read property 'replace' of undefined"
[2023-07-13 16:21:42, error] "Cannot read property 'replace' of undefined"
TypeError: Cannot read property 'replace' of undefined
    at mysqlDB (C:\Users\LCG\Desktop\0706 반려견\반려견 0710\server\config\db\database_mysql.js:35:15)
    at aMyPageService.loadPetList (C:\Users\LCG\Desktop\0706 반려견\반려견 0710\server\api\a_mypage\a_mypage.service.js:51:28)
    at loadPetList (C:\Users\LCG\Desktop\0706 반려견\반려견 0710\server\api\a_mypage\a_mypage.controller.js:58:39)
    at C:\Users\LCG\Desktop\0706 반려견\반려견 0710\server\helper\asyncErrHelper.js:13:9
    at Layer.handle [as handle_request] (C:\Users\LCG\Desktop\0706 반려견\반려견 0710\server\node_modules\express\lib\router\layer.js:95:5)
    at next (C:\Users\LCG\Desktop\0706 반려견\반려견 0710\server\node_modules\express\lib\router\route.js:144:13)
    at Route.dispatch (C:\Users\LCG\Desktop\0706 반려견\반려견 0710\server\node_modules\express\lib\router\route.js:114:3)
    at Layer.handle [as handle_request] (C:\Users\LCG\Desktop\0706 반려견\반려견 0710\server\node_modules\express\lib\router\layer.js:95:5)
    at C:\Users\LCG\Desktop\0706 반려견\반려견 0710\server\node_modules\express\lib\router\index.js:284:15
    at Function.process_params (C:\Users\LCG\Desktop\0706 반려견\반려견 0710\server\node_modules\express\lib\router\index.js:346:12)
[2023-07-13 16:22:26, error] "[Router Error]: /assets/node_modules/popper/popper.min.js.map"
[2023-07-13 16:22:37, error] "[System Error]: Cannot read property 'replace' of undefined"
[2023-07-13 16:22:37, error] "Cannot read property 'replace' of undefined"
TypeError: Cannot read property 'replace' of undefined
    at mysqlDB (C:\Users\LCG\Desktop\0706 반려견\반려견 0710\server\config\db\database_mysql.js:35:15)
    at aMyPageService.loadPetList (C:\Users\LCG\Desktop\0706 반려견\반려견 0710\server\api\a_mypage\a_mypage.service.js:51:28)
    at loadPetList (C:\Users\LCG\Desktop\0706 반려견\반려견 0710\server\api\a_mypage\a_mypage.controller.js:58:39)
    at C:\Users\LCG\Desktop\0706 반려견\반려견 0710\server\helper\asyncErrHelper.js:13:9
    at Layer.handle [as handle_request] (C:\Users\LCG\Desktop\0706 반려견\반려견 0710\server\node_modules\express\lib\router\layer.js:95:5)
    at next (C:\Users\LCG\Desktop\0706 반려견\반려견 0710\server\node_modules\express\lib\router\route.js:144:13)
    at Route.dispatch (C:\Users\LCG\Desktop\0706 반려견\반려견 0710\server\node_modules\express\lib\router\route.js:114:3)
    at Layer.handle [as handle_request] (C:\Users\LCG\Desktop\0706 반려견\반려견 0710\server\node_modules\express\lib\router\layer.js:95:5)
    at C:\Users\LCG\Desktop\0706 반려견\반려견 0710\server\node_modules\express\lib\router\index.js:284:15
    at Function.process_params (C:\Users\LCG\Desktop\0706 반려견\반려견 0710\server\node_modules\express\lib\router\index.js:346:12)
[2023-07-13 16:23:01, error] "[Router Error]: /assets/node_modules/popper/popper.min.js.map"
[2023-07-13 16:24:03, error] "[Router Error]: /assets/node_modules/popper/popper.min.js.map"
[2023-07-13 16:24:25, error] "[Router Error]: /assets/node_modules/popper/popper.min.js.map"
[2023-07-13 16:24:43, error] "[Router Error]: /assets/node_modules/popper/popper.min.js.map"
[2023-07-13 16:24:48, error] "[System Error]: Cannot read property 'replace' of undefined"
[2023-07-13 16:24:48, error] "Cannot read property 'replace' of undefined"
TypeError: Cannot read property 'replace' of undefined
    at mysqlDB (C:\Users\LCG\Desktop\0706 반려견\반려견 0710\server\config\db\database_mysql.js:35:15)
    at aMyPageService.loadPetList (C:\Users\LCG\Desktop\0706 반려견\반려견 0710\server\api\a_mypage\a_mypage.service.js:51:28)
    at loadPetList (C:\Users\LCG\Desktop\0706 반려견\반려견 0710\server\api\a_mypage\a_mypage.controller.js:58:39)
    at C:\Users\LCG\Desktop\0706 반려견\반려견 0710\server\helper\asyncErrHelper.js:13:9
    at Layer.handle [as handle_request] (C:\Users\LCG\Desktop\0706 반려견\반려견 0710\server\node_modules\express\lib\router\layer.js:95:5)
    at next (C:\Users\LCG\Desktop\0706 반려견\반려견 0710\server\node_modules\express\lib\router\route.js:144:13)
    at Route.dispatch (C:\Users\LCG\Desktop\0706 반려견\반려견 0710\server\node_modules\express\lib\router\route.js:114:3)
    at Layer.handle [as handle_request] (C:\Users\LCG\Desktop\0706 반려견\반려견 0710\server\node_modules\express\lib\router\layer.js:95:5)
    at C:\Users\LCG\Desktop\0706 반려견\반려견 0710\server\node_modules\express\lib\router\index.js:284:15
    at Function.process_params (C:\Users\LCG\Desktop\0706 반려견\반려견 0710\server\node_modules\express\lib\router\index.js:346:12)
[2023-07-13 16:25:22, error] "[Router Error]: /assets/node_modules/popper/popper.min.js.map"
[2023-07-13 16:25:26, error] "[Router Error]: /assets/node_modules/popper/popper.min.js.map"
[2023-07-13 16:25:33, error] "[Router Error]: /assets/node_modules/popper/popper.min.js.map"
[2023-07-13 16:25:39, error] "[Router Error]: /assets/node_modules/popper/popper.min.js.map"
[2023-07-13 16:26:00, error] "[Router Error]: /assets/node_modules/popper/popper.min.js.map"
[2023-07-13 16:27:28, error] "[Router Error]: /assets/node_modules/popper/popper.min.js.map"
[2023-07-13 16:27:36, error] "[Router Error]: /assets/node_modules/popper/popper.min.js.map"
[2023-07-13 16:27:43, error] "[Router Error]: /assets/node_modules/popper/popper.min.js.map"
[2023-07-13 16:27:46, error] "[Router Error]: /assets/node_modules/popper/popper.min.js.map"
[2023-07-13 16:27:48, error] "[Router Error]: /assets/node_modules/popper/popper.min.js.map"
[2023-07-13 16:29:17, error] "[Router Error]: /assets/node_modules/popper/popper.min.js.map"
[2023-07-13 16:31:13, error] "[Router Error]: /assets/node_modules/popper/popper.min.js.map"
[2023-07-13 16:31:44, error] "[Router Error]: /assets/node_modules/popper/popper.min.js.map"
[2023-07-13 16:31:46, error] "[Router Error]: /assets/node_modules/popper/popper.min.js.map"
[2023-07-13 16:31:47, error] "[Router Error]: /assets/node_modules/popper/popper.min.js.map"
[2023-07-13 16:31:58, error] "[Router Error]: /assets/node_modules/popper/popper.min.js.map"
[2023-07-13 16:39:06, error] "[System Error]: Cannot read property 'replace' of undefined"
[2023-07-13 16:39:06, error] "Cannot read property 'replace' of undefined"
TypeError: Cannot read property 'replace' of undefined
    at mysqlDB (C:\Users\LCG\Desktop\0706 반려견\반려견 0710\server\config\db\database_mysql.js:35:15)
    at aMyPageService.loadPetList (C:\Users\LCG\Desktop\0706 반려견\반려견 0710\server\api\a_mypage\a_mypage.service.js:51:28)
    at loadPetList (C:\Users\LCG\Desktop\0706 반려견\반려견 0710\server\api\a_mypage\a_mypage.controller.js:58:39)
    at C:\Users\LCG\Desktop\0706 반려견\반려견 0710\server\helper\asyncErrHelper.js:13:9
    at Layer.handle [as handle_request] (C:\Users\LCG\Desktop\0706 반려견\반려견 0710\server\node_modules\express\lib\router\layer.js:95:5)
    at next (C:\Users\LCG\Desktop\0706 반려견\반려견 0710\server\node_modules\express\lib\router\route.js:144:13)
    at Route.dispatch (C:\Users\LCG\Desktop\0706 반려견\반려견 0710\server\node_modules\express\lib\router\route.js:114:3)
    at Layer.handle [as handle_request] (C:\Users\LCG\Desktop\0706 반려견\반려견 0710\server\node_modules\express\lib\router\layer.js:95:5)
    at C:\Users\LCG\Desktop\0706 반려견\반려견 0710\server\node_modules\express\lib\router\index.js:284:15
    at Function.process_params (C:\Users\LCG\Desktop\0706 반려견\반려견 0710\server\node_modules\express\lib\router\index.js:346:12)
